INFO - [♥] Lovely 0.7.1
INFO - [♥] Game directory is at "C:\\Users\\easto\\Downloads\\Balatro.v1.0.1o\\Balatro.v1.0.1o\\game"
INFO - [♥] Writing logs to "C:\\Users\\easto\\AppData\\Roaming\\Balatro\\Mods\\lovely\\log"
INFO - [♥] Using mod directory at "C:\\Users\\easto\\AppData\\Roaming\\Balatro\\Mods"
INFO - [♥] Found .lovelyignore in 'ExtraCredit', skipping it.
WARN - [♥] Unknown key `patches.2.?.match_indent` found in patch file at "C:\\Users\\easto\\AppData\\Roaming\\Balatro\\Mods\\Cartomancer\\lovely\\stackable-deck-steamodded.toml", ignoring it
WARN - [♥] Unknown key `patches.21.?.match_indent` found in patch file at "C:\\Users\\easto\\AppData\\Roaming\\Balatro\\Mods\\Cryptid\\lovely\\code.toml", ignoring it
WARN - [♥] Unknown key `patches.47.?.match_indent` found in patch file at "C:\\Users\\easto\\AppData\\Roaming\\Balatro\\Mods\\smods-old-calc\\lovely\\fixes.toml", ignoring it
WARN - [♥] Unknown key `patches.49.?.match_indent` found in patch file at "C:\\Users\\easto\\AppData\\Roaming\\Balatro\\Mods\\Talisman\\lovely.toml", ignoring it
WARN - [♥] Unknown key `patches.52.?.match_indent` found in patch file at "C:\\Users\\easto\\AppData\\Roaming\\Balatro\\Mods\\Talisman\\lovely.toml", ignoring it
INFO - [♥] Cleaning up dumps directory at "C:\\Users\\easto\\AppData\\Roaming\\Balatro\\Mods\\lovely\\dump"
INFO - [♥] Initialization complete in 183ms
WARN - [♥] Pattern 'G.ARGS.score_intensity.organ = G.video_organ or G.ARGS.score_intensity.required_score > 0 and math.max(math.min(0.4, 0.1*math.log(G.ARGS.score_intensity.earned_score/(G.ARGS.score_intensity.required_score+1), 5)),0.) or 0' on target 'main.lua' for pattern patch from Talisman\lovely.toml resulted in no matches
WARN - [♥] Pattern 'if type(G.GAME.current_round.current_hand.chips) ~= \'number\' or type(G.GAME.current_round.current_hand.mult) ~= \'number\' then' on target 'main.lua' for pattern patch from Talisman\lovely.toml resulted in no matches
WARN - [♥] Pattern 'assert(load(nfs.read(Saturn.PATH .. \"/core/logic/hide_played.lua\")))()' on target 'main.lua' for pattern patch from Cartomancer\lovely\saturn-compat.toml resulted in no matches
WARN - [♥] Pattern 'modded and {' on target 'main.lua' for pattern patch from Cartomancer\lovely\stackable-deck-steamodded-0.9.8.toml resulted in no matches
INFO - [♥] Applied 21 patches to 'main.lua'
INFO - [♥] Applied 2 patches to 'engine/string_packer.lua'
INFO - [♥] Applied 8 patches to 'engine/controller.lua'
INFO - [♥] Applied 11 patches to 'back.lua'
INFO - [♥] Applied 16 patches to 'tag.lua'
INFO - [♥] Applied 1 patch to 'engine/node.lua'
INFO - [♥] Applied 2 patches to 'engine/moveable.lua'
INFO - [♥] Applied 2 patches to 'engine/sprite.lua'
INFO - [♥] Applied 2 patches to 'engine/animatedsprite.lua'
WARN - [♥] Pattern 'assembled_string = assembled_string..(type(subpart) == \'string\' and subpart or args.vars[tonumber(subpart[1])] or \'ERROR\')' on target 'functions/misc_functions.lua' for pattern patch from Talisman\lovely.toml resulted in no matches
INFO - [♥] Applied 52 patches to 'functions/misc_functions.lua'
WARN - [♥] Pattern 'self.GAME.current_round.voucher = G.SETTINGS.tutorial_progress and G.SETTINGS.tutorial_progress.forced_voucher or SMODS.get_next_vouchers()' on target 'game.lua' for pattern patch from Cryptid\lovely\very_fair.toml resulted in no matches
INFO - [♥] Applied 84 patches to 'game.lua'
INFO - [♥] Applied 1 patch to 'globals.lua'
WARN - [♥] Pattern 'self.config.chosen = true' on target 'engine/ui.lua' for pattern patch from Cartomancer\lovely\vanilla-ui.toml resulted in no matches
INFO - [♥] Applied 7 patches to 'engine/ui.lua'
WARN - [♥] Pattern '{n=G.UIT.T, config={text = G.GAME.hands[handname].chips, scale = 0.45, colour = G.C.UI.TEXT_LIGHT}},' on target 'functions/UI_definitions.lua' for pattern patch from Talisman\lovely.toml resulted in no matches
WARN - [♥] Pattern '{n=G.UIT.T, config={text = G.GAME.hands[handname].mult, scale = 0.45, colour = G.C.UI.TEXT_LIGHT}}' on target 'functions/UI_definitions.lua' for pattern patch from Talisman\lovely.toml resulted in no matches
INFO - [♥] Applied 120 patches to 'functions/UI_definitions.lua'
WARN - [♥] Pattern 'end\n    end\n\n    }) end\n' on target 'functions/state_events.lua' for pattern patch from smods-old-calc\lovely\back.toml resulted in no matches
WARN - [♥] Pattern 'ease_to = G.GAME.chips + math.floor(hand_chips * mult) * (e and e.antiscore and -1 or 1),' on target 'functions/state_events.lua' for pattern patch from Cryptid\lovely\blind.toml resulted in no matches
WARN - [♥] Pattern '-- TARGET: effects after hand evaluation' on target 'functions/state_events.lua' for pattern patch from Cryptid\lovely\code.toml resulted in no matches
WARN - [♥] Pattern 'local effects = {[1] = {playing_card = G.hand.cards[i]:get_end_of_round_effect()}}' on target 'functions/state_events.lua' for pattern patch from Cryptid\lovely\stake.toml resulted in no matches
WARN - [♥] Pattern 'G.GAME.current_round.voucher = SMODS.get_next_vouchers()' on target 'functions/state_events.lua' for pattern patch from Cryptid\lovely\very_fair.toml resulted in no matches
INFO - [♥] Applied 101 patches to 'functions/state_events.lua'
WARN - [♥] Regex '(?<indent>[\\t ]*)if G\\.F_NO_ACHIEVEMENTS then return end\\n\\n[\\s\\S]{4}--\\|FROM LOCAL SETTINGS FILE' on target 'functions/common_events.lua' for regex patch from smods-old-calc\lovely\achievements.toml resulted in no matches
WARN - [♥] Regex '(?<indent>[\\t ]*)if G\\.F_NO_ACHIEVEMENTS then return end\\n[\\s\\S][\\s\\S]{16}--\\|LOCAL SETTINGS FILE' on target 'functions/common_events.lua' for regex patch from smods-old-calc\lovely\achievements.toml resulted in no matches
WARN - [♥] Pattern '{n=G.UIT.T, config={text = localize(\'$\')..config.dollars, scale = 1.2*scale, colour = G.C.WHITE, shadow = true, juice = true}}' on target 'functions/common_events.lua' for pattern patch from Cryptid\lovely\code.toml resulted in no matches
WARN - [♥] Pattern 'function generate_card_ui(_c, full_UI_table, specific_vars, card_type, badges, hide_desc, main_start, main_end)' on target 'functions/common_events.lua' for pattern patch from Cryptid\lovely\lib_misc.toml resulted in no matches
WARN - [♥] Pattern 'if context.cardarea == G.hand and context.main_scoring then' on target 'functions/common_events.lua' for pattern patch from Cryptid\lovely\misc_joker.toml resulted in no matches
WARN - [♥] Pattern 'ret.playing_card = {}' on target 'functions/common_events.lua' for pattern patch from Cryptid\lovely\misc_joker.toml resulted in no matches
WARN - [♥] Pattern 'elseif v.boss.showdown and (G.GAME.round_resets.ante)%G.GAME.win_ante == 0 and G.GAME.round_resets.ante >= 2 then' on target 'functions/common_events.lua' for pattern patch from Cryptid\lovely\stake.toml resulted in no matches
WARN - [♥] Pattern 'if num_dollars > 60 then' on target 'functions/common_events.lua' for pattern patch from Talisman\lovely.toml resulted in no matches
WARN - [♥] Pattern 'func = (function() if eval_func(card) then if not first or first then card:juice_up(0.1, 0.1) end;juice_card_until(card, eval_func, nil, 0.8) end return true end)' on target 'functions/common_events.lua' for pattern patch from Talisman\lovely.toml resulted in no matches
WARN - [♥] Pattern 'text = localize{type=\'variable\',key=\'a_chips\'..(amt<0 and \'_minus\' or \'\'),vars={math.abs(amt)}}' on target 'functions/common_events.lua' for pattern patch from Talisman\lovely.toml resulted in no matches
WARN - [♥] Pattern 'text = localize{type=\'variable\',key=\'a_mult\'..(amt<0 and \'_minus\' or \'\'),vars={math.abs(amt)}}' on target 'functions/common_events.lua' for pattern patch from Talisman\lovely.toml resulted in no matches
WARN - [♥] Pattern 'text = localize{type=\'variable\',key=\'a_xmult\'..(amt<0 and \'_minus\' or \'\'),vars={math.abs(amt)}}' on target 'functions/common_events.lua' for pattern patch from Talisman\lovely.toml resulted in no matches
WARN - [♥] Pattern 'if not card then' on target 'functions/common_events.lua' for pattern patch from Cryptid\lovely\spooky.toml resulted in no matches
INFO - [♥] Applied 139 patches to 'functions/common_events.lua'
WARN - [♥] Pattern 'G.pack_cards:emplace(v)' on target 'functions/button_callbacks.lua' for pattern patch from smods-old-calc\lovely\booster.toml resulted in no matches
WARN - [♥] Pattern 'if card.area and (not nc or card.area == G.pack_cards) then card.area:remove_card(card) end' on target 'functions/button_callbacks.lua' for pattern patch from Cryptid\lovely\code.toml resulted in no matches
WARN - [♥] Pattern 'if ((G.GAME.dollars-G.GAME.bankrupt_at) - 10 >= 0) and' on target 'functions/button_callbacks.lua' for pattern patch from Talisman\lovely.toml resulted in no matches
INFO - [♥] Applied 61 patches to 'functions/button_callbacks.lua'
WARN - [♥] Pattern 'G.vouchers:emplace(card_to_save)' on target 'card.lua' for pattern patch from Cryptid\lovely\lib_modifiers.toml resulted in no matches
WARN - [♥] Pattern 'if self.ability.name == \'Campfire\' and G.GAME.blind.boss and not (G.GAME.blind.config and G.GAME.blind.config.bonus) and self.ability.x_mult > 1 then' on target 'card.lua' for pattern patch from Cryptid\lovely\misc.toml resulted in no matches
WARN - [♥] Pattern 'G.GAME.pack_choices = self.ability.choose or self.config.center.config.choose or 1' on target 'card.lua' for pattern patch from Cryptid\lovely\misprint.toml resulted in no matches
WARN - [♥] Pattern 'if self.ability.name:find(\'Arcana\') then' on target 'card.lua' for pattern patch from Cryptid\lovely\misprint.toml resulted in no matches
WARN - [♥] Pattern 'if self.ability.name == \'The Hermit\' or self.ability.consumeable.hand_type or self.ability.name == \'Temperance\' or self.ability.name == \'Black Hole\' then' on target 'card.lua' for pattern patch from Cryptid\lovely\stake.toml resulted in no matches
WARN - [♥] Pattern 'if self.ability.queue_negative_removal then' on target 'card.lua' for pattern patch from Cryptid\lovely\sticker.toml resulted in no matches
WARN - [♥] Pattern 'if G.GAME.blind then G.E_MANAGER:add_event(Event({ func = function() G.GAME.blind:set_blind(nil, true, nil); return true end })) end' on target 'card.lua' for pattern patch from Talisman\lovely.toml resulted in no matches
WARN - [♥] Pattern 'elseif self.ability.name == \'Business Card\' then loc_vars = {\'\'..(G.GAME and G.GAME.probabilities.normal or 1), self.ability.extra}' on target 'card.lua' for pattern patch from Cryptid\lovely\Probability.toml resulted in no matches
WARN - [♥] Pattern 'pseudorandom(\'business\') < G.GAME.probabilities.normal/self.ability.extra then' on target 'card.lua' for pattern patch from Cryptid\lovely\Probability.toml resulted in no matches
INFO - [♥] Applied 224 patches to 'card.lua'
INFO - [♥] Applied 23 patches to 'cardarea.lua'
INFO - [♥] Applied 34 patches to 'blind.lua'
INFO - [♥] Applied 2 patches to 'card_character.lua'
INFO - [♥] Applied 5 patches to 'engine/text.lua'
WARN - [♥] Pattern '-- TARGET: effects after end of round evaluation' on target '=[SMODS _ "src/utils.lua"]' for pattern patch from Cryptid\lovely\lib_modifiers.toml resulted in no matches
WARN - [♥] Pattern 'create_shop_card_ui(card, \'Voucher\', G.shop_vouchers)' on target '=[SMODS _ "src/utils.lua"]' for pattern patch from Cryptid\lovely\misprint.toml resulted in no matches
INFO - [♥] Applied 0 patches to '=[SMODS _ "src/utils.lua"]'
INFO - [♥] Applied 8 patches to '=[SMODS _ "src/overrides.lua"]'
INFO - [♥] Applied 1 patch to '=[SMODS _ "src/game_object.lua"]'
INFO - [G] Failed to connect to the debug server
INFO - [G] 2025-04-03 00:32:36 :: DEBUG :: DebugConsole :: Steamodded Debug Socket started !
INFO - [G] [Blueprint] Starting to load config
INFO - [G] [Blueprint] Reading config file: 
INFO - [G] [Blueprint] return {
	["INTERNAL_debug"] = false,
	["hello"] = true,
}
INFO - [♥] Applied 3 patches to 'engine/save_manager.lua'
INFO - [♥] Applied 9 patches to 'engine/sound_manager.lua'
INFO - [♥] Applied 2 patches to 'engine/string_packer.lua'
INFO - [G] Loaded all Blueprint mod shaders successfully
INFO - [G] 2025-04-03 00:32:42 :: TRACE :: Loader :: Processing Mod file (Legacy header): BetterMouseAndGamepad_v1.0.6c.lua
INFO - [G] 2025-04-03 00:32:42 :: TRACE :: Loader :: Saving Mod Info: BetterMouseAndGamepad
INFO - [G] 2025-04-03 00:32:42 :: TRACE :: Loader :: Processing Mod file (Legacy header): BetterMouseAndGamepad_v1.0.5d.lua
INFO - [G] 2025-04-03 00:32:42 :: WARN  :: Loader :: Duplicate Mod ID: BetterMouseAndGamepad
INFO - [G] 2025-04-03 00:32:42 :: WARN  :: Loader :: Duplicate Mod prefix bmag_k used by BetterMouseAndGamepad, BetterMouseAndGamepad
INFO - [G] 2025-04-03 00:32:42 :: TRACE :: Loader :: Processing Mod file (Legacy header): mod.lua
INFO - [G] 2025-04-03 00:32:42 :: TRACE :: Loader :: Saving Mod Info: blueprint
INFO - [G] 2025-04-03 00:32:42 :: TRACE :: Loader :: Processing Mod file (Legacy header): mod.lua
INFO - [G] 2025-04-03 00:32:42 :: TRACE :: Loader :: Saving Mod Info: cartomancer
INFO - [G] 2025-04-03 00:32:42 :: INFO  :: DefaultLogger :: Valid JSON file found
INFO - [G] 2025-04-03 00:32:42 :: INFO  :: DefaultLogger :: Valid JSON file found
INFO - [G] 2025-04-03 00:32:42 :: TRACE :: Loader :: Processing Mod file (Legacy header): PreorderCards.lua
INFO - [G] 2025-04-03 00:32:42 :: TRACE :: Loader :: Saving Mod Info: preorder_cards
INFO - [G] 2025-04-03 00:32:42 :: TRACE :: Loader :: Processing Mod file (Legacy header): steamodded_metadata.lua
INFO - [G] 2025-04-03 00:32:42 :: TRACE :: Loader :: Saving Mod Info: Talisman
INFO - [G] 2025-04-03 00:32:42 :: TRACE :: Loader :: Mod extracredit was unable to load: Missing Dependencies: 1: Steamodded (>=1.0.0~ALPHA-1423g) (<=1.0.0~BETA-0312b)


INFO - [G] 2025-04-03 00:32:42 :: TRACE :: Loader :: Mod Cryptid was unable to load: Missing Dependencies: 1: Steamodded (>=1.0.0~BETA-0314c)


INFO - [G] 2025-04-03 00:32:42 :: INFO  :: TIMER :: [0000] Injected Language in 0.002 ms
INFO - [G] 2025-04-03 00:32:42 :: INFO  :: TIMER :: [0000] Injected [INTERNAL] in 1.828 ms
INFO - [G] 2025-04-03 00:32:43 :: INFO  :: TIMER :: [0003] Injected Atlas in 1043.936 ms
INFO - [G] 2025-04-03 00:32:43 :: INFO  :: TIMER :: [0007] Injected Sound in 10.252 ms
INFO - [G] 2025-04-03 00:32:43 :: INFO  :: TIMER :: [0008] Injected Stake in 0.425 ms
INFO - [G] 2025-04-03 00:32:43 :: INFO  :: TIMER :: [0004] Injected Rarity in 0.045 ms
INFO - [G] 2025-04-03 00:32:43 :: INFO  :: TIMER :: [0004] Injected ObjectType in 0.054 ms
INFO - [G] 2025-04-03 00:32:43 :: INFO  :: TIMER :: [0047] Injected Center in 1.119 ms
INFO - [G] 2025-04-03 00:32:43 :: INFO  :: TIMER :: [0007] Injected Undiscovered Sprite in 0.076 ms
INFO - [G] 2025-04-03 00:32:43 :: INFO  :: TIMER :: [0002] Injected Blind in 0.041 ms
INFO - [G] 2025-04-03 00:32:43 :: INFO  :: TIMER :: [0000] Injected Seal in 0.078 ms
INFO - [G] 2025-04-03 00:32:43 :: INFO  :: TIMER :: [0004] Injected Suit in 0.999 ms
INFO - [G] 2025-04-03 00:32:43 :: INFO  :: TIMER :: [0013] Injected Rank in 1.411 ms
INFO - [G] 2025-04-03 00:32:43 :: INFO  :: TIMER :: [0024] Injected DeckSkin in 0.433 ms
INFO - [G] 2025-04-03 00:32:43 :: INFO  :: TIMER :: [0012] Injected PokerHand in 0.686 ms
INFO - [G] 2025-04-03 00:32:43 :: INFO  :: TIMER :: [0020] Injected Challenge in 0.909 ms
INFO - [G] 2025-04-03 00:32:43 :: INFO  :: TIMER :: [0000] Injected Tag in 0.008 ms
INFO - [G] 2025-04-03 00:32:43 :: INFO  :: TIMER :: [0004] Injected Sticker in 0.592 ms
INFO - [G] 2025-04-03 00:32:43 :: INFO  :: TIMER :: [0000] Injected Shader in 0.047 ms
INFO - [G] 2025-04-03 00:32:43 :: INFO  :: TIMER :: [0001] Injected Keybind in 0.057 ms
INFO - [G] 2025-04-03 00:32:43 :: INFO  :: TIMER :: [0000] Injected Achievement in 0.115 ms
INFO - [G] 2025-04-03 00:32:43 :: INFO  :: TIMER :: [0000] Injected [INTERNAL] in 17.906 ms
INFO - [G] line not found
INFO - [G] file not found: main.lua: No such file or directory
INFO - [G] file not found: main.lua: No such file or directory
INFO - [G] file not found: main.lua: No such file or directory
INFO - [G] file not found: main.lua: No such file or directory
INFO - [G] 2025-04-03 00:32:44 :: ERROR :: StackTrace :: Oops! The game crashed
game.lua:1478: attempt to index global 'Cryptid_config' (a nil value)
Stack Traceback
===============
(1) Lua local 'handler' at file 'main.lua:612'
	Local variables:
	 msg = string: "game.lua:1478: attempt to index global 'Cryptid_config' (a nil value)"
	 (*temporary) = Lua function '?' (defined at line 31 of chunk [SMODS _ "src/logging.lua"])
	 (*temporary) = string: "Oops! The game crashed\
"
(2) LÖVE metamethod at file 'boot.lua:352'
	Local variables:
	 errhand = Lua function '?' (defined at line 598 of chunk main.lua)
	 handler = Lua function '?' (defined at line 598 of chunk main.lua)
(3) Lua field 'func' at file 'game.lua:1478'
	Local variables:
	 SC_scale = number: 1.2
	 (*temporary) = nil
	 (*temporary) = nil
	 (*temporary) = number: 8.77073
	 (*temporary) = number: 14.0993
	 (*temporary) = number: 2.45854
	 (*temporary) = number: 3.30146
	 (*temporary) = nil
	 (*temporary) = table: 0x2a905ce0  {alerted:true, _saved_d_u:true, unlocked:true, _u:true, effect:Mult, cost:2 (more...)}
	 (*temporary) = string: "attempt to index global 'Cryptid_config' (a nil value)"
(4) Lua method 'handle' at file 'engine/event.lua:55'
	Local variables:
	 self = table: 0x2b2fb508  {start_timer:true, timer:TOTAL, blockable:true, trigger:after, func:function: 0x2ab6b390 (more...)}
	 _results = table: 0x2b209058  {blocking:true, pause_skip:false, time_done:true, completed:false}
(5) Lua method 'update' at file 'engine/event.lua:182'
	Local variables:
	 self = table: 0x2acda6b0  {queue_last_processed:0.26666666666667, queues:table: 0x2acda6d8, queue_dt:0.016666666666667 (more...)}
	 dt = number: 0.0164247
	 forced = nil
	 (for generator) = C function: next
	 (for state) = table: 0x2acda6d8  {unlock:table: 0x2acda7c8, other:table: 0x2acda868, tutorial:table: 0x2acda818 (more...)}
	 (for control) = number: nan
	 k = string: "base"
	 v = table: 0x2acda7f0  {1:table: 0x2b2fb508, 2:table: 0x2b2fb558, 3:table: 0x2b2b43d0, 4:table: 0x2b278800 (more...)}
	 blocked = boolean: false
	 i = number: 1
	 results = table: 0x2b209058  {blocking:true, pause_skip:false, time_done:true, completed:false}
(6) Lua upvalue 'gameUpdateRef' at file 'game.lua:2660'
	Local variables:
	 self = table: 0x2a77e000  {F_GUIDE:false, F_CRASH_REPORTS:false, F_QUIT_BUTTON:true, F_ENGLISH_ONLY:false (more...)}
	 dt = number: 0.0164247
	 http_resp = nil
(7) Lua upvalue 'upd' at Steamodded file 'src/ui.lua:81' 
	Local variables:
	 self = table: 0x2a77e000  {F_GUIDE:false, F_CRASH_REPORTS:false, F_QUIT_BUTTON:true, F_ENGLISH_ONLY:false (more...)}
	 dt = number: 0.0164247
(8) Lua method 'update' at file 'main.lua:1786'
	Local variables:
	 self = table: 0x2a77e000  {F_GUIDE:false, F_CRASH_REPORTS:false, F_QUIT_BUTTON:true, F_ENGLISH_ONLY:false (more...)}
	 dt = number: 0.0164247
(9) Lua upvalue 'oldupd' at file 'main.lua:1003'
	Local variables:
	 dt = number: 0.0164247
(10) Lua field 'update' at file 'main.lua:1815'
	Local variables:
	 dt = number: 0.0164247
(11) Lua function '?' at file 'main.lua:931' (best guess)
(12) global C function 'xpcall'
(13) LÖVE function at file 'boot.lua:377' (best guess)
	Local variables:
	 func = Lua function '?' (defined at line 902 of chunk main.lua)
	 inerror = boolean: true
	 deferErrhand = Lua function '(LÖVE Function)' (defined at line 348 of chunk [love "boot.lua"])
	 earlyinit = Lua function '(LÖVE Function)' (defined at line 355 of chunk [love "boot.lua"])

INFO - [G] file not found: main.lua: No such file or directory
INFO - [G] file not found: main.lua: No such file or directory
INFO - [G] 2025-04-03 00:32:44 :: INFO  :: StackTrace :: Additional Context:
Balatro Version: 1.0.1o-FULL
Modded Version: 1.0.0~ALPHA-1304a-STEAMODDED
LÖVE Version: 11.5.0
Lovely Version: 0.7.1
Steamodded Mods:
    1: Preorder Cards by asd123cqp [ID: preorder_cards]
    2: Talisman by MathIsFun_, Mathguy24, jenwalter666, cg-223 [ID: Talisman, Version: 2.1.0~dev, Uses Lovely]
        Break Infinity: omeganum
    3: Better Mouse And Gamepad by Kooluve [ID: BetterMouseAndGamepad, Priority: -10000, Version: 1.0.6c]
    4: Cartomancer by stupxd aka stupid [ID: cartomancer, Priority: 69, Version: 4.13, Uses Lovely]
    5: Blueprint by stupxd aka stupid, Jonathan [ID: blueprint, Priority: 69, Version: 3.2, Uses Lovely]
Lovely Mods:
    1: Cryptid
        Has Steamodded mod that failed to load.
        Missing Dependencies:
            1. Steamodded (>=1.0.0~BETA-0314c)
