INFO - [♥] Lovely 0.7.1
INFO - [♥] Game directory is at "C:\\Users\\easto\\Downloads\\Balatro.v1.0.1o\\Balatro.v1.0.1o\\game"
INFO - [♥] Writing logs to "C:\\Users\\easto\\AppData\\Roaming\\Balatro\\Mods\\lovely\\log"
INFO - [♥] Using mod directory at "C:\\Users\\easto\\AppData\\Roaming\\Balatro\\Mods"
INFO - [♥] Found .lovelyignore in 'ExtraCredit', skipping it.
WARN - [♥] Unknown key `patches.2.?.match_indent` found in patch file at "C:\\Users\\easto\\AppData\\Roaming\\Balatro\\Mods\\Cartomancer\\lovely\\stackable-deck-steamodded.toml", ignoring it
WARN - [♥] Unknown key `patches.21.?.match_indent` found in patch file at "C:\\Users\\easto\\AppData\\Roaming\\Balatro\\Mods\\Cryptid\\lovely\\code.toml", ignoring it
WARN - [♥] Unknown key `patches.17.?.match_indent` found in patch file at "C:\\Users\\easto\\AppData\\Roaming\\Balatro\\Mods\\HandyBalatro\\lovely.toml", ignoring it
WARN - [♥] Unknown key `patches.17.?.overwrite` found in patch file at "C:\\Users\\easto\\AppData\\Roaming\\Balatro\\Mods\\HandyBalatro\\lovely.toml", ignoring it
WARN - [♥] Unknown key `patches.9.?.match_indent` found in patch file at "C:\\Users\\easto\\AppData\\Roaming\\Balatro\\Mods\\Jen\\lovely.toml", ignoring it
WARN - [♥] Unknown key `patches.10.?.match_indent` found in patch file at "C:\\Users\\easto\\AppData\\Roaming\\Balatro\\Mods\\Jen\\lovely.toml", ignoring it
WARN - [♥] Unknown key `patches.49.?.match_indent` found in patch file at "C:\\Users\\easto\\AppData\\Roaming\\Balatro\\Mods\\Talisman\\lovely.toml", ignoring it
WARN - [♥] Unknown key `patches.52.?.match_indent` found in patch file at "C:\\Users\\easto\\AppData\\Roaming\\Balatro\\Mods\\Talisman\\lovely.toml", ignoring it
INFO - [♥] Cleaning up dumps directory at "C:\\Users\\easto\\AppData\\Roaming\\Balatro\\Mods\\lovely\\dump"
INFO - [♥] Initialization complete in 826ms
INFO - [♥] Applied 1 patch to 'conf.lua'
WARN - [♥] Pattern 'G.ARGS.score_intensity.organ = G.video_organ or G.ARGS.score_intensity.required_score > 0 and math.max(math.min(0.4, 0.1*math.log(G.ARGS.score_intensity.earned_score/(G.ARGS.score_intensity.required_score+1), 5)),0.) or 0' on target 'main.lua' for pattern patch from Talisman\lovely.toml resulted in no matches
WARN - [♥] Pattern 'if type(G.GAME.current_round.current_hand.chips) ~= \'number\' or type(G.GAME.current_round.current_hand.mult) ~= \'number\' then' on target 'main.lua' for pattern patch from Talisman\lovely.toml resulted in no matches
WARN - [♥] Pattern 'assert(load(nfs.read(Saturn.PATH .. \"/core/logic/hide_played.lua\")))()' on target 'main.lua' for pattern patch from Cartomancer\lovely\saturn-compat.toml resulted in no matches
WARN - [♥] Pattern 'modded and {' on target 'main.lua' for pattern patch from Cartomancer\lovely\stackable-deck-steamodded-0.9.8.toml resulted in no matches
INFO - [♥] Applied 43 patches to 'main.lua'
INFO - [♥] Applied 3 patches to 'engine/string_packer.lua'
INFO - [♥] Applied 20 patches to 'engine/controller.lua'
INFO - [♥] Applied 21 patches to 'back.lua'
INFO - [♥] Applied 18 patches to 'tag.lua'
INFO - [♥] Applied 1 patch to 'engine/node.lua'
INFO - [♥] Applied 2 patches to 'engine/moveable.lua'
INFO - [♥] Applied 2 patches to 'engine/sprite.lua'
INFO - [♥] Applied 2 patches to 'engine/animatedsprite.lua'
WARN - [♥] Pattern 'assembled_string = assembled_string..(type(subpart) == \'string\' and subpart or args.vars[tonumber(subpart[1])] or \'ERROR\')' on target 'functions/misc_functions.lua' for pattern patch from Talisman\lovely.toml resulted in no matches
WARN - [♥] Pattern 'G.ARGS.score_intensity.organ = G.video_organ or G.ARGS.score_intensity.required_score > 0 and math.max(math.min(0.4, 0.1*math.log(G.ARGS.score_intensity.earned_score/(G.ARGS.score_intensity.required_score+1), 5)),0.) or 0' on target 'functions/misc_functions.lua' for pattern patch from Jen\lovely.toml resulted in no matches
INFO - [♥] Applied 62 patches to 'functions/misc_functions.lua'
WARN - [♥] Pattern 'for i = 1, 2 do' on target 'game.lua' for pattern patch from Cryptid\lovely\stake.toml resulted in no matches
WARN - [♥] Pattern 'create_shop_card_ui(card, \'Voucher\', G.shop_vouchers)' on target 'game.lua' for pattern patch from Cryptid\lovely\stake.toml resulted in no matches
WARN - [♥] Pattern 'self.GAME.current_round.voucher = G.SETTINGS.tutorial_progress and G.SETTINGS.tutorial_progress.forced_voucher or SMODS.get_next_vouchers()' on target 'game.lua' for pattern patch from Cryptid\lovely\very_fair.toml resulted in no matches
WARN - [♥] Pattern 'self.GAME.current_round.voucher = G.SETTINGS.tutorial_progress and G.SETTINGS.tutorial_progress.forced_voucher or get_next_voucher_key()' on target 'game.lua' for pattern patch from Cryptid\lovely\Voucher.toml resulted in no matches
WARN - [♥] Pattern 'if Big:new(G.GAME.chips) >= Big:new(G.GAME.blind.chips) or G.GAME.current_round.hands_left < 1 then' on target 'game.lua' for pattern patch from NotJustYet\lovely.toml resulted in no matches
WARN - [♥] Pattern 'if to_big(G.GAME.chips) >= to_big(G.GAME.blind.chips) or G.GAME.current_round.hands_left <= 0 then' on target 'game.lua' for pattern patch from NotJustYet\lovely.toml resulted in no matches
WARN - [♥] Pattern 'if G.GAME.chips - G.GAME.blind.chips >= 0 or G.GAME.current_round.hands_left < 1 then' on target 'game.lua' for pattern patch from Talisman\lovely.toml resulted in no matches
WARN - [♥] Regex 'card\\:start_materialize\\(\\)\\n\\s+G\\.shop_vouchers\\:emplace\\(card\\)\\n\\s+end' on target 'game.lua' for regex patch from Cryptid\lovely\Voucher.toml resulted in no matches
INFO - [♥] Applied 122 patches to 'game.lua'
INFO - [♥] Applied 4 patches to 'globals.lua'
WARN - [♥] Pattern 'self.config.chosen = true' on target 'engine/ui.lua' for pattern patch from Cartomancer\lovely\vanilla-ui.toml resulted in no matches
INFO - [♥] Applied 7 patches to 'engine/ui.lua'
WARN - [♥] Pattern 'G.GAME.shop.joker_max*1.02*G.CARD_W,' on target 'functions/UI_definitions.lua' for pattern patch from Cryptid\lovely\equilibrium.toml resulted in no matches
WARN - [♥] Pattern '{n=G.UIT.T, config={text = G.GAME.hands[handname].chips, scale = 0.45, colour = G.C.UI.TEXT_LIGHT}},' on target 'functions/UI_definitions.lua' for pattern patch from Talisman\lovely.toml resulted in no matches
WARN - [♥] Pattern '{n=G.UIT.T, config={text = G.GAME.hands[handname].mult, scale = 0.45, colour = G.C.UI.TEXT_LIGHT}}' on target 'functions/UI_definitions.lua' for pattern patch from Talisman\lovely.toml resulted in no matches
WARN - [♥] Pattern 'create_option_cycle({label = localize(\'b_set_gamespeed\'),scale = 0.8, options = {0.5, 1, 2, 4}, opt_callback = \'change_gamespeed\', current_option = (G.SETTINGS.GAMESPEED == 0.5 and 1 or G.SETTINGS.GAMESPEED == 4 and 4 or G.SETTINGS.GAMESPEED + 1)}),' on target 'functions/UI_definitions.lua' for pattern patch from Nopeus\lovely.toml resulted in no matches
WARN - [♥] Pattern 'button = not G.SETTINGS.tutorial_complete and \"start_run\" or \"setup_run\"' on target 'functions/UI_definitions.lua' for pattern patch from Jen\lovely.toml resulted in no matches
WARN - [♥] Pattern 'label = {localize(\'b_play_cap\')}' on target 'functions/UI_definitions.lua' for pattern patch from Jen\lovely.toml resulted in no matches
INFO - [♥] Applied 142 patches to 'functions/UI_definitions.lua'
WARN - [♥] Pattern 'ease_to = G.GAME.chips + math.floor(hand_chips * mult) * (e and e.antiscore and -1 or 1),' on target 'functions/state_events.lua' for pattern patch from Cryptid\lovely\blind.toml resulted in no matches
WARN - [♥] Pattern 'if reps[j] ~= 1 then' on target 'functions/state_events.lua' for pattern patch from Cryptid\lovely\misc.toml resulted in no matches
WARN - [♥] Pattern 'for i=1, #G.jokers.cards + #G.consumeables.cards do' on target 'functions/state_events.lua' for pattern patch from Cryptid\lovely\misc.toml resulted in no matches
WARN - [♥] Pattern 'local effects = {[1] = {playing_card = G.hand.cards[i]:get_end_of_round_effect()}}' on target 'functions/state_events.lua' for pattern patch from Cryptid\lovely\stake.toml resulted in no matches
WARN - [♥] Pattern 'G.GAME.current_round.voucher = get_next_voucher_key()' on target 'functions/state_events.lua' for pattern patch from Cryptid\lovely\sticker.toml resulted in no matches
WARN - [♥] Pattern 'G.GAME.current_round.voucher = get_next_voucher_key()' on target 'functions/state_events.lua' for pattern patch from Cryptid\lovely\Voucher.toml resulted in no matches
WARN - [♥] Pattern 'if effects[ii].card then' on target 'functions/state_events.lua' for pattern patch from Talisman\lovely.toml resulted in no matches
WARN - [♥] Pattern 'if effects.jokers.Xmult_mod then mult = mod_mult(mult*effects.jokers.Xmult_mod);extras.mult = true  end' on target 'functions/state_events.lua' for pattern patch from Talisman\lovely.toml resulted in no matches
WARN - [♥] Pattern 'if effect.Xmult_mod then mult = mod_mult(mult*effect.Xmult_mod);extras.mult = true  end' on target 'functions/state_events.lua' for pattern patch from Talisman\lovely.toml resulted in no matches
WARN - [♥] Pattern 'if effects[ii].message then' on target 'functions/state_events.lua' for pattern patch from Talisman\lovely.toml resulted in no matches
WARN - [♥] Pattern '--calculate the card edition effects' on target 'functions/state_events.lua' for pattern patch from Talisman\lovely.toml resulted in no matches
WARN - [♥] Pattern 'if effects[ii].edition.p_dollars_mod then' on target 'functions/state_events.lua' for pattern patch from Talisman\lovely.toml resulted in no matches
WARN - [♥] Pattern 'if edition_effects.jokers.x_mult_mod then' on target 'functions/state_events.lua' for pattern patch from Talisman\lovely.toml resulted in no matches
WARN - [♥] Pattern 'if SMODS.has_enhancement(scoring_hand[i], \'m_glass\') and not scoring_hand[i].debuff and pseudorandom(\'glass\') < G.GAME.probabilities.normal/(scoring_hand[i].ability.name == \'Glass Card\' and scoring_hand[i].ability.extra or G.P_CENTERS.m_glass.config.extra) then' on target 'functions/state_events.lua' for pattern patch from Cryptid\lovely\Probability.toml resulted in no matches
WARN - [♥] Regex '(?<indent>[\\t ]*)if destroyed then \\n' on target 'functions/state_events.lua' for regex patch from Cryptid\lovely\seal.toml resulted in no matches
WARN - [♥] Regex 'to_big\\(hand_chips\\)\\*mult' on target 'functions/state_events.lua' for regex patch from Jen\lovely.toml resulted in no matches
INFO - [♥] Applied 89 patches to 'functions/state_events.lua'
WARN - [♥] Pattern '{n=G.UIT.T, config={text = localize(\'$\')..config.dollars, scale = 1.2*scale, colour = G.C.WHITE, shadow = true, juice = true}}' on target 'functions/common_events.lua' for pattern patch from Cryptid\lovely\code.toml resulted in no matches
WARN - [♥] Pattern 'G.shop_jokers.T.w = G.GAME.shop.joker_max*1.01*G.CARD_W' on target 'functions/common_events.lua' for pattern patch from Cryptid\lovely\equilibrium.toml resulted in no matches
WARN - [♥] Pattern 'function generate_card_ui(_c, full_UI_table, specific_vars, card_type, badges, hide_desc, main_start, main_end)' on target 'functions/common_events.lua' for pattern patch from Cryptid\lovely\lib_misc.toml resulted in no matches
WARN - [♥] Pattern 'elseif v.boss.showdown and (G.GAME.round_resets.ante)%G.GAME.win_ante == 0 and G.GAME.round_resets.ante >= 2 then' on target 'functions/common_events.lua' for pattern patch from Cryptid\lovely\stake.toml resulted in no matches
WARN - [♥] Pattern 'if num_dollars > 60 then' on target 'functions/common_events.lua' for pattern patch from Talisman\lovely.toml resulted in no matches
WARN - [♥] Pattern 'func = (function() if eval_func(card) then if not first or first then card:juice_up(0.1, 0.1) end;juice_card_until(card, eval_func, nil, 0.8) end return true end)' on target 'functions/common_events.lua' for pattern patch from Talisman\lovely.toml resulted in no matches
WARN - [♥] Pattern 'if context.cardarea == G.play then' on target 'functions/common_events.lua' for pattern patch from Jen\lovely.toml resulted in no matches
WARN - [♥] Pattern '        local chips = card:get_chip_bonus()\n        if chips > 0 then \n            ret.chips = chips\n        end\n\n        local mult = card:get_chip_mult()\n        if mult > 0 then \n            ret.mult = mult\n        end\n' on target 'functions/common_events.lua' for pattern patch from Jen\lovely.toml resulted in no matches
INFO - [♥] Applied 193 patches to 'functions/common_events.lua'
WARN - [♥] Pattern 'if ((G.GAME.dollars-G.GAME.bankrupt_at) - 10 >= 0) and' on target 'functions/button_callbacks.lua' for pattern patch from Talisman\lovely.toml resulted in no matches
WARN - [♥] Pattern 'if #G.hand.highlighted <= 0 or G.GAME.blind.block_play or #G.hand.highlighted > 5 then' on target 'functions/button_callbacks.lua' for pattern patch from CardSleeves\lovely\expected_to_fail.toml resulted in no matches
INFO - [♥] Applied 81 patches to 'functions/button_callbacks.lua'
WARN - [♥] Pattern 'if G.GAME.blind and G.GAME.blind.in_blind then G.E_MANAGER:add_event(Event({ func = function() G.GAME.blind:set_blind(nil, true, nil); return true end })) end' on target 'card.lua' for pattern patch from Steamodded\lovely\calculate_card_added.toml resulted in 2 matches, wanted 1
WARN - [♥] Ignoring excess matches
WARN - [♥] Pattern 'if self.ability.name == \'Campfire\' and G.GAME.blind.boss and not (G.GAME.blind.config and G.GAME.blind.config.bonus) and self.ability.x_mult > 1 then' on target 'card.lua' for pattern patch from Cryptid\lovely\misc.toml resulted in no matches
WARN - [♥] Pattern 'if self.ability.name:find(\'Arcana\') then' on target 'card.lua' for pattern patch from Cryptid\lovely\misprint.toml resulted in no matches
WARN - [♥] Pattern 'if self.ability.name == \'The Hermit\' or self.ability.consumeable.hand_type or self.ability.name == \'Temperance\' or self.ability.name == \'Black Hole\' then' on target 'card.lua' for pattern patch from Cryptid\lovely\stake.toml resulted in no matches
WARN - [♥] Pattern 'if self.ability.queue_negative_removal then' on target 'card.lua' for pattern patch from Cryptid\lovely\sticker.toml resulted in no matches
WARN - [♥] Pattern 'G.GAME.current_round.voucher = nil' on target 'card.lua' for pattern patch from Cryptid\lovely\Voucher.toml resulted in no matches
WARN - [♥] Pattern 'Xmult_mod = G.P_CENTERS.v_observatory.config.extra' on target 'card.lua' for pattern patch from Incantation\lovely.toml resulted in no matches
WARN - [♥] Pattern 'if G.GAME.blind then G.E_MANAGER:add_event(Event({ func = function() G.GAME.blind:set_blind(nil, true, nil); return true end })) end' on target 'card.lua' for pattern patch from Talisman\lovely.toml resulted in no matches
WARN - [♥] Pattern 'x_mult = center.config.Xmult or 1,' on target 'card.lua' for pattern patch from Talisman\lovely.toml resulted in no matches
WARN - [♥] Pattern 'elseif self.ability.name == \'Business Card\' then loc_vars = {\'\'..(G.GAME and G.GAME.probabilities.normal or 1), self.ability.extra}' on target 'card.lua' for pattern patch from Cryptid\lovely\Probability.toml resulted in no matches
WARN - [♥] Pattern 'pseudorandom(\'business\') < G.GAME.probabilities.normal/self.ability.extra then' on target 'card.lua' for pattern patch from Cryptid\lovely\Probability.toml resulted in no matches
WARN - [♥] Pattern 'local currentBack = self.params.viewed_back and G.GAME.viewed_back or G.GAME.selected_back' on target 'card.lua' for pattern patch from Galdur\lovely.toml resulted in no matches
WARN - [♥] Regex 'self.params.viewed_back and G.GAME.viewed_back or G.GAME.selected_back' on target 'card.lua' for regex patch from CardSleeves\lovely\expected_to_fail.toml resulted in no matches
INFO - [♥] Applied 259 patches to 'card.lua'
WARN - [♥] Pattern 'local stay_flipped = G.GAME and G.GAME.blind and G.GAME.blind:stay_flipped(self, card)' on target 'cardarea.lua' for pattern patch from Cartomancer\lovely\limit-deck-size.toml resulted in no matches
INFO - [♥] Applied 28 patches to 'cardarea.lua'
INFO - [♥] Applied 41 patches to 'blind.lua'
INFO - [♥] Applied 2 patches to 'card_character.lua'
INFO - [♥] Applied 6 patches to 'engine/text.lua'
INFO - [♥] Applied 4 patches to '=[SMODS _ "src/utils.lua"]'
INFO - [♥] Applied 8 patches to '=[SMODS _ "src/overrides.lua"]'
INFO - [♥] Applied 1 patch to '=[SMODS _ "src/game_object.lua"]'
INFO - [G] Failed to connect to the debug server 
INFO - [G] 2025-04-14 14:11:45 :: DEBUG :: DebugConsole :: Steamodded Debug Socket started ! 
INFO - [G] [Blueprint] Starting to load config 
INFO - [G] [Blueprint] Reading config file:  
INFO - [G] [Blueprint] return {
	["INTERNAL_debug"] = false,
	["hello"] = true,
} 
INFO - [G] [Blueprint] Removing setting `hello` because it is not in default config 
INFO - [G] [Blueprint] Adding setting `brainstorm` because it is missing in latest config 
INFO - [G] [Blueprint] Adding setting `blueprint` because it is missing in latest config 
INFO - [♥] Applied 9 patches to 'engine/sound_manager.lua'
INFO - [♥] Applied 3 patches to 'engine/save_manager.lua'
INFO - [♥] Applied 3 patches to 'engine/string_packer.lua'
INFO - [G] Loaded all Blueprint mod shaders successfully 
INFO - [G] {
  [1] = table: 0x329ce330   {
     [1] = 0.99607843137255,
     [2] = 0.37254901960784,
     [3] = 0.33333333333333,
     [4] = 1,
   },
  [2] = table: 0x32a5bf48   {
     [1] = 0,
     [2] = 0.6156862745098,
     [3] = 1,
     [4] = 1,
   },
} 
INFO - [♥] Applied 4 patches to '=[SMODS _ "src/card_draw.lua"]'
INFO - [G] 2025-04-14 14:11:49 :: TRACE :: Loader :: Processing Mod file (Legacy header): Aurinko.lua 
INFO - [G] 2025-04-14 14:11:49 :: TRACE :: Loader :: Saving Mod Info: aurinko 
INFO - [G] 2025-04-14 14:11:49 :: TRACE :: Loader :: Processing Mod file (Legacy header): BetterMouseAndGamepad_v1.0.6c.lua 
INFO - [G] 2025-04-14 14:11:49 :: TRACE :: Loader :: Saving Mod Info: BetterMouseAndGamepad 
INFO - [G] 2025-04-14 14:11:49 :: TRACE :: Loader :: Processing Mod file (Legacy header): BetterMouseAndGamepad_v1.0.5d.lua 
INFO - [G] 2025-04-14 14:11:49 :: WARN  :: Loader :: Duplicate Mod ID: BetterMouseAndGamepad 
INFO - [G] 2025-04-14 14:11:49 :: WARN  :: Loader :: Duplicate Mod prefix bmag_k used by BetterMouseAndGamepad, BetterMouseAndGamepad 
INFO - [G] 2025-04-14 14:11:49 :: TRACE :: Loader :: Processing Mod file (Legacy header): mod.lua 
INFO - [G] 2025-04-14 14:11:49 :: TRACE :: Loader :: Saving Mod Info: blueprint 
INFO - [G] 2025-04-14 14:11:49 :: ERROR :: Loader :: Found invalid metadata JSON file at C:\Users\easto\AppData\Roaming\Balatro\Mods/Brainstorm/manifest.json, ignoring: [SMODS _ "src/loader.lua"]:226: id 
INFO - [G] 2025-04-14 14:11:49 :: INFO  :: DefaultLogger :: Valid JSON file found 
INFO - [G] 2025-04-14 14:11:49 :: TRACE :: Loader :: Processing Mod file (Legacy header): mod.lua 
INFO - [G] 2025-04-14 14:11:49 :: TRACE :: Loader :: Saving Mod Info: cartomancer 
INFO - [G] 2025-04-14 14:11:49 :: INFO  :: DefaultLogger :: Valid JSON file found 
INFO - [G] 2025-04-14 14:11:49 :: INFO  :: DefaultLogger :: Valid JSON file found 
INFO - [G] 2025-04-14 14:11:49 :: INFO  :: DefaultLogger :: Valid JSON file found 
INFO - [G] 2025-04-14 14:11:49 :: INFO  :: DefaultLogger :: Valid JSON file found 
INFO - [G] 2025-04-14 14:11:49 :: INFO  :: DefaultLogger :: Valid JSON file found 
INFO - [G] 2025-04-14 14:11:49 :: TRACE :: Loader :: Processing Mod file (Legacy header): steamodded.lua 
INFO - [G] 2025-04-14 14:11:49 :: WARN  :: Loader :: Duplicate Mod ID: Handy 
INFO - [G] 2025-04-14 14:11:49 :: INFO  :: DefaultLogger :: Valid JSON file found 
INFO - [G] 2025-04-14 14:11:49 :: INFO  :: DefaultLogger :: Valid JSON file found 
INFO - [G] 2025-04-14 14:11:49 :: TRACE :: Loader :: Processing Mod file (Legacy header): JenLib.lua 
INFO - [G] 2025-04-14 14:11:49 :: TRACE :: Loader :: Saving Mod Info: JenLib 
INFO - [G] 2025-04-14 14:11:49 :: INFO  :: DefaultLogger :: Valid JSON file found 
INFO - [G] 2025-04-14 14:11:49 :: TRACE :: Loader :: Processing Mod file (Legacy header): LocalPoolFix.lua 
INFO - [G] 2025-04-14 14:11:49 :: TRACE :: Loader :: Saving Mod Info: jen_localpoolfix 
INFO - [G] 2025-04-14 14:11:49 :: TRACE :: Loader :: Processing Mod file (Legacy header): MoreFluff.lua 
INFO - [G] 2025-04-14 14:11:49 :: TRACE :: Loader :: Saving Mod Info: MoreFluff 
INFO - [G] 2025-04-14 14:11:49 :: TRACE :: Loader :: Processing Mod file (Legacy header): MoreJokerPacks.lua 
INFO - [G] 2025-04-14 14:11:49 :: TRACE :: Loader :: Saving Mod Info: MoreJokerPacks 
INFO - [G] 2025-04-14 14:11:49 :: TRACE :: Loader :: Processing Mod file (Legacy header): Nopeus.lua 
INFO - [G] 2025-04-14 14:11:49 :: TRACE :: Loader :: Saving Mod Info: nopeus 
INFO - [G] 2025-04-14 14:11:49 :: TRACE :: Loader :: Processing Mod file (Legacy header): main.lua 
INFO - [G] 2025-04-14 14:11:49 :: TRACE :: Loader :: Saving Mod Info: NotJustYet 
INFO - [G] 2025-04-14 14:11:49 :: TRACE :: Loader :: Processing Mod file (Legacy header): PreorderCards.lua 
INFO - [G] 2025-04-14 14:11:49 :: TRACE :: Loader :: Saving Mod Info: preorder_cards 
INFO - [G] 2025-04-14 14:11:49 :: TRACE :: Loader :: Processing Mod file (Legacy header): main.lua 
INFO - [G] 2025-04-14 14:11:49 :: TRACE :: Loader :: Saving Mod Info: sdm0sstuff 
INFO - [G] 2025-04-14 14:11:49 :: TRACE :: Loader :: Processing Mod file (Legacy header): steamodded_metadata.lua 
INFO - [G] 2025-04-14 14:11:49 :: TRACE :: Loader :: Saving Mod Info: Talisman 
INFO - [G] 2025-04-14 14:11:49 :: TRACE :: Loader :: Processing Mod file (Legacy header): IOSAdaptation.lua 
INFO - [G] 2025-04-14 14:11:49 :: TRACE :: Loader :: Saving Mod Info: IOSAdaptation 
INFO - [G] 2025-04-14 14:11:49 :: TRACE :: Loader :: Processing Mod file (Legacy header): UltraHand.lua 
INFO - [G] 2025-04-14 14:11:49 :: TRACE :: Loader :: Saving Mod Info: UltraHand 
INFO - [G] 2025-04-14 14:11:49 :: TRACE :: Loader :: Processing Mod file (Legacy header): multipack.lua 
INFO - [G] 2025-04-14 14:11:49 :: TRACE :: Loader :: Saving Mod Info: Multipack 
INFO - [G] 2025-04-14 14:11:50 :: INFO  :: CardSleeves :: CardSleeves v1.7.3 loaded~! 
INFO - [G] 2025-04-14 14:11:50 :: DEBUG :: DefaultLogger :: IOS Adaptation! 
INFO - [G] basepaul_card 
INFO - [G] clownfish 
INFO - [G] expansion_pack 
INFO - [G] hollow 
INFO - [G] jester 
INFO - [G] lollipop 
INFO - [G] luckycharm 
INFO - [G] monochrome 
INFO - [G] mspaint 
INFO - [G] simplified 
INFO - [G] spiral 
INFO - [G] treasuremap 
INFO - [G] philosophical 
INFO - [G] badlegaldefence 
INFO - [G] clipart 
INFO - [G] dropkick 
INFO - [G] bladedance 
INFO - [G] hyperbeam 
INFO - [G] blasphemy 
INFO - [G] dramaticentrance 
INFO - [G] coupon_catalogue 
INFO - [G] css 
INFO - [G] globe 
INFO - [G] goldencarrot 
INFO - [G] hallofmirrors 
INFO - [G] impostor 
INFO - [G] tonersoup 
INFO - [G] loadeddisk 
INFO - [G] stylemeter 
INFO - [G] teacup 
INFO - [G] recycling 
INFO - [G] virtual 
INFO - [G] bloodpact 
INFO - [G] bowlingball 
INFO - [G] cba 
INFO - [G] fleshprison 
INFO - [G] hugejoker 
INFO - [G] jankman 
INFO - [G] mashupalbum 
INFO - [G] pixeljoker 
INFO - [G] rainbowjoker 
INFO - [G] rosetinted 
INFO - [G] the_solo 
INFO - [G] triangle 
INFO - [G] junkmail 
INFO - [G] flintandsteel 
INFO - [G] gemstonejoker 
INFO - [G] missingjoker 
INFO - [G] rot_cartomancer 
INFO - [G] stonejokerjoker 
INFO - [G] talljoker 
INFO - [G] tealjoker 
INFO - [G] yuckyrat 
INFO - [G] allicantdo 
INFO - [G] brass 
INFO - [G] complexitycreep 
INFO - [G] hyperjimbo 
INFO - [G] top10 
INFO - [G] widejoker 
INFO - [G] marigold 
INFO - [G] colorem 
INFO - [G] shattered_prism 
INFO - [G] 2025-04-14 14:11:50 :: WARN  :: Atlas :: Detected duplicate register call on object njy_modicon 
INFO - [G] 2025-04-14 14:11:50 :: TRACE :: Loader :: Mod extracredit was unable to load: Missing Dependencies: 1: Steamodded (>=1.0.0~ALPHA-1423g) (<=1.0.0~BETA-0312b)

 
INFO - [G] [CRYPTID] Loading library file ascended.lua 
INFO - [G] [CRYPTID] Loading library file calculate.lua 
INFO - [G] [CRYPTID] Loading library file content.lua 
INFO - [G] [CRYPTID] Loading library file cross-mod.lua 
INFO - [G] [CRYPTID] Loading library file d20.lua 
INFO - [G] [CRYPTID] Loading library file event.lua 
INFO - [G] [CRYPTID] Loading library file gameset.lua 
INFO - [G] [CRYPTID] Loading library file https.lua 
INFO - [G] 2025-04-14 14:11:50 :: DEBUG :: SMODS.https :: Using https module backend 
INFO - [G] [CRYPTID] Loading library file misc.lua 
INFO - [G] [CRYPTID] Loading library file misprintize.lua 
INFO - [G] [CRYPTID] Loading library file modifiers.lua 
INFO - [G] 2025-04-14 14:11:50 :: WARN  :: Sticker :: Detected duplicate register call on object perishable 
INFO - [G] 2025-04-14 14:11:50 :: WARN  :: Sticker :: Detected duplicate register call on object pinned 
INFO - [G] 2025-04-14 14:11:50 :: WARN  :: Sticker :: Detected duplicate register call on object eternal 
INFO - [G] 2025-04-14 14:11:50 :: WARN  :: Sticker :: Detected duplicate register call on object rental 
INFO - [G] [CRYPTID] Loading library file notifications.lua 
INFO - [G] [CRYPTID] Loading library file overrides.lua 
INFO - [G] [CRYPTID] Loading library file ui.lua 
INFO - [G] [CRYPTID] Loading file achievement.lua 
INFO - [G] [CRYPTID] Loading file blind.lua 
INFO - [G] [CRYPTID] Loading file challenge.lua 
INFO - [G] [CRYPTID] Loading file code.lua 
INFO - [G] [CRYPTID] Loading file deck.lua 
INFO - [G] [CRYPTID] Loading file enhanced.lua 
INFO - [G] [CRYPTID] Loading file epic.lua 
INFO - [G] [CRYPTID] Loading file exotic.lua 
INFO - [G] [CRYPTID] Loading file joker_display.lua 
INFO - [G] [CRYPTID] Loading file m.lua 
INFO - [G] [CRYPTID] Loading file misc.lua 
INFO - [G] [CRYPTID] Loading file misc_joker.lua 
INFO - [G] [CRYPTID] Loading file planet.lua 
INFO - [G] [CRYPTID] Loading file sleeve.lua 
INFO - [G] [CRYPTID] Loading file spectral.lua 
INFO - [G] [CRYPTID] Loading file spooky.lua 
INFO - [G] [CRYPTID] Loading file stake.lua 
INFO - [G] [CRYPTID] Loading file tag.lua 
INFO - [G] [CRYPTID] Loading file test.lua 
INFO - [G] [CRYPTID] Loading file voucher.lua 
INFO - [G] 2025-04-14 14:11:50 :: WARN  :: Atlas :: Object cry_effarcire has the same key as an existing object, not registering. 
INFO - [G] 2025-04-14 14:11:50 :: WARN  :: Atlas :: If you want to modify an existing object, use take_ownership() 
INFO - [G] 2025-04-14 14:11:50 :: TRACE :: Loader :: Mod jen was unable to load: Missing Dependencies: 1: Cryptid (==0.5.5a~dev2)

 
INFO - [G] 2025-04-14 14:11:50 :: INFO  :: TIMER :: [0000] Injected Language in 0.006 ms 
INFO - [G] 2025-04-14 14:11:50 :: INFO  :: TIMER :: [0000] Injected [INTERNAL] in 2.575 ms 
INFO - [G] 2025-04-14 14:11:53 :: INFO  :: TIMER :: [0071] Injected Atlas in 3162.210 ms 
INFO - [G] 2025-04-14 14:11:54 :: INFO  :: TIMER :: [0033] Injected Sound in 484.465 ms 
INFO - [G] 2025-04-14 14:11:54 :: INFO  :: TIMER :: [0032] Injected Stake in 3.798 ms 
INFO - [G] 2025-04-14 14:11:54 :: INFO  :: TIMER :: [0008] Injected Rarity in 0.221 ms 
INFO - [G] 2025-04-14 14:11:54 :: INFO  :: TIMER :: [0012] Injected ObjectType in 0.863 ms 
INFO - [G] 2025-04-14 14:11:54 :: INFO  :: TIMER :: [0626] Injected Center in 6.492 ms 
INFO - [G] 2025-04-14 14:11:54 :: INFO  :: TIMER :: [0011] Injected Undiscovered Sprite in 0.070 ms 
INFO - [G] 2025-04-14 14:11:54 :: INFO  :: TIMER :: [0029] Injected Blind in 0.171 ms 
INFO - [G] 2025-04-14 14:11:54 :: INFO  :: TIMER :: [0006] Injected Seal in 1.059 ms 
INFO - [G] 2025-04-14 14:11:54 :: INFO  :: TIMER :: [0004] Injected Suit in 0.910 ms 
INFO - [G] 2025-04-14 14:11:54 :: INFO  :: TIMER :: [0013] Injected Rank in 1.211 ms 
INFO - [G] 2025-04-14 14:11:54 :: INFO  :: TIMER :: [0028] Injected DeckSkin in 1.676 ms 
INFO - [G] 2025-04-14 14:11:54 :: INFO  :: TIMER :: [0016] Injected PokerHand in 0.592 ms 
INFO - [G] 2025-04-14 14:11:54 :: INFO  :: TIMER :: [0036] Injected Challenge in 0.173 ms 
INFO - [G] 2025-04-14 14:11:54 :: INFO  :: TIMER :: [0031] Injected Tag in 0.149 ms 
INFO - [G] 2025-04-14 14:11:54 :: INFO  :: TIMER :: [0009] Injected Sticker in 5.640 ms 
INFO - [G] 2025-04-14 14:11:54 :: INFO  :: TIMER :: [0009] Injected Shader in 629.955 ms 
INFO - [G] 2025-04-14 14:11:54 :: INFO  :: TIMER :: [0002] Injected Keybind in 0.065 ms 
INFO - [G] 2025-04-14 14:11:54 :: INFO  :: TIMER :: [0027] Injected Achievement in 0.212 ms 
INFO - [G] 2025-04-14 14:11:54 :: INFO  :: TIMER :: [0002] Injected nil in 0.036 ms 
INFO - [G] 2025-04-14 14:11:55 :: INFO  :: TIMER :: [0024] Injected Draw Step in 0.250 ms 
INFO - [G] 2025-04-14 14:11:55 :: INFO  :: TIMER :: [0000] Injected [INTERNAL] in 120.536 ms 
INFO - [G] 2025-04-14 14:11:55 :: INFO  :: TIMER :: [0010] Injected Other in 0.065 ms 
INFO - [G] [DebugPlus] Press [/] to toggle console and press [shift] + [/] to toggle new log previews 
INFO - [♥] Applied 1 patch to '=[SMODS _ "smods-https-thread.lua"]'
INFO - [G] 2025-04-14 14:12:02 :: DEBUG :: SMODS.https(1) :: Using https module backend 
INFO - [G] line not found
INFO - [G] file not found: main.lua: No such file or directory
INFO - [G] file not found: main.lua: No such file or directory
INFO - [G] 2025-04-14 14:12:28 :: ERROR :: StackTrace :: Oops! The game crashed
card.lua:5151: attempt to index local 'obj' (a nil value)
Stack Traceback
===============
(1) Lua upvalue 'orig' at file 'main.lua:612'
	Local variables:
	 msg = string: "card.lua:5151: attempt to index local 'obj' (a nil value)"
	 (*temporary) = Lua function '?' (defined at line 31 of chunk [SMODS _ "src/logging.lua"])
	 (*temporary) = string: "Oops! The game crashed\
"
(2) Lua local 'handler' at file 'debugplus/console.lua:576' (from lovely module debugplus.console)
	Local variables:
	 msg = string: "card.lua:5151: attempt to index local 'obj' (a nil value)"
(3) LÖVE metamethod at file 'boot.lua:352'
	Local variables:
	 errhand = Lua function '(LÖVE Function)' (defined at line 575 of chunk [lovely debugplus.console "debugplus/console.lua"])
	 handler = Lua function '(LÖVE Function)' (defined at line 575 of chunk [lovely debugplus.console "debugplus/console.lua"])
(4) Lua upvalue 'smods_card_load' at file 'card.lua:5151'
	Local variables:
	 self = table: 0x3cf39318  {click_offset:table: 0x3cf396e8, children:table: 0x3cf3a5d8, ambient_tilt:0.2, T:table: 0x3cf39530, offset:table: 0x3cf3a368, role:table: 0x3cf39dc8 (more...)}
	 cardTable = table: 0x340e0c40  {sprite_facing:front, ignore_base_shader:table: 0x340e0f70, rank:1, bypass_lock:true, label:j_jen_faceless, base:table: 0x340e0f98, ignore_shadow:table: 0x340e1268 (more...)}
	 other_card = nil
	 scale = number: 1
	 H = number: 2.75122
	 W = number: 2.04878
	 obj = nil
	 (*temporary) = table: 0x3cf39318  {click_offset:table: 0x3cf396e8, children:table: 0x3cf3a5d8, ambient_tilt:0.2, T:table: 0x3cf39530, offset:table: 0x3cf3a368, role:table: 0x3cf39dc8 (more...)}
	 (*temporary) = number: 0
	 (*temporary) = number: 0
	 (*temporary) = number: 2.04878
	 (*temporary) = number: 2.75122
	 (*temporary) = table: 0x32db8730  {alerted:true, _saved_d_u:true, unlocked:true, _u:true, effect:Mult, cost:2, order:1, _d:true, blueprint_compat:true, key:j_joker, _discovered_unlocked_overwritten:true (more...)}
	 (*temporary) = string: "attempt to index local 'obj' (a nil value)"
(5) Lua upvalue 'Card_load_ref' at Steamodded file 'src/overrides.lua:1416' 
	Local variables:
	 self = table: 0x3cf39318  {click_offset:table: 0x3cf396e8, children:table: 0x3cf3a5d8, ambient_tilt:0.2, T:table: 0x3cf39530, offset:table: 0x3cf3a368, role:table: 0x3cf39dc8 (more...)}
	 cardTable = table: 0x340e0c40  {sprite_facing:front, ignore_base_shader:table: 0x340e0f70, rank:1, bypass_lock:true, label:j_jen_faceless, base:table: 0x340e0f98, ignore_shadow:table: 0x340e1268 (more...)}
	 other_card = nil
(6) Lua upvalue 'card_load_ref' at file 'multipack.lua:113' (from mod with id Multipack)
	Local variables:
	 self = table: 0x3cf39318  {click_offset:table: 0x3cf396e8, children:table: 0x3cf3a5d8, ambient_tilt:0.2, T:table: 0x3cf39530, offset:table: 0x3cf3a368, role:table: 0x3cf39dc8 (more...)}
	 cardTable = table: 0x340e0c40  {sprite_facing:front, ignore_base_shader:table: 0x340e0f70, rank:1, bypass_lock:true, label:j_jen_faceless, base:table: 0x340e0f98, ignore_shadow:table: 0x340e1268 (more...)}
	 other_card = nil
(7) Lua method 'load' at file 'Incantation.lua:822' (from mod with id incantation)
	Local variables:
	 self = table: 0x3cf39318  {click_offset:table: 0x3cf396e8, children:table: 0x3cf3a5d8, ambient_tilt:0.2, T:table: 0x3cf39530, offset:table: 0x3cf3a368, role:table: 0x3cf39dc8 (more...)}
	 cardTable = table: 0x340e0c40  {sprite_facing:front, ignore_base_shader:table: 0x340e0f70, rank:1, bypass_lock:true, label:j_jen_faceless, base:table: 0x340e0f98, ignore_shadow:table: 0x340e1268 (more...)}
	 other_card = nil
(8) Lua method 'load' at file 'cardarea.lua:715'
	Local variables:
	 self = table: 0x3cf30b40  {velocity:table: 0x3cf31350, click_offset:table: 0x3cf30e88, children:table: 0x3cf392f0, shuffle_amt:0, offset:table: 0x3cf319e0, cards:table: 0x3cf392c8 (more...)}
	 cardAreaTable = table: 0x340dbf70  {cards:table: 0x340dbfd0, config:table: 0x340f4cf0}
	 (for index) = number: 1
	 (for limit) = number: 37
	 (for step) = number: 1
	 i = number: 1
	 card = table: 0x3cf39318  {click_offset:table: 0x3cf396e8, children:table: 0x3cf3a5d8, ambient_tilt:0.2, T:table: 0x3cf39530, offset:table: 0x3cf3a368, role:table: 0x3cf39dc8 (more...)}
(9) Lua upvalue 'g_start_run' at file 'game.lua:2473'
	Local variables:
	 self = table: 0x326850f8  {F_GUIDE:false, F_CRASH_REPORTS:false, F_QUIT_BUTTON:true, F_ENGLISH_ONLY:false, viewed_stake:1, X_CHEAT_SETTINGS:table: 0x329a8ae8, F_DISCORD:true (more...)}
	 args = table: 0x3d771480  {savetext:table: 0x35ec0f70}
	 saveTable = table: 0x35ec0f70  {STATE:5, BLIND:table: 0x35ec5790, BACK:table: 0x35ec57e0, tags:table: 0x35eb2ec8, cardAreas:table: 0x340dbdc0, GAME:table: 0x347f8678, VERSION:1.0.1o-FULL (more...)}
	 selected_back = table: 0x32dde910  {order:7, set:Back, key:b_nebula, stake:1, alerted:true, discovered:true, _discovered_unlocked_overwritten:true, pos:table: 0x32ddea00, unlocked:true (more...)}
	 CAI = table: 0x3cf2f6a0  {hand_W:12.292682926829, joker_H:2.6136585365854, joker_W:10.039024390244, consumeable_H:2.6136585365854, deck_W:2.2536585365854, discard_H:2.7512195121951 (more...)}
	 cardAreas = table: 0x340dbdc0  {jokers:table: 0x340dbf70, consumeables:table: 0x340f4de0, deck:table: 0x35eeb800, hand:table: 0x33f6ab90, discard:table: 0x33f6ad08, shop_vouchers:table: 0x33f6ae80 (more...)}
	 (for generator) = C function: next
	 (for state) = table: 0x340dbdc0  {jokers:table: 0x340dbf70, consumeables:table: 0x340f4de0, deck:table: 0x35eeb800, hand:table: 0x33f6ab90, discard:table: 0x33f6ad08, shop_vouchers:table: 0x33f6ae80 (more...)}
	 (for control) = number: nan
	 k = string: "jokers"
	 v = table: 0x340dbf70  {cards:table: 0x340dbfd0, config:table: 0x340f4cf0}
(10) Lua upvalue 'old_Game_start_run' at file 'main.lua:5390'
	Local variables:
	 self = table: 0x326850f8  {F_GUIDE:false, F_CRASH_REPORTS:false, F_QUIT_BUTTON:true, F_ENGLISH_ONLY:false, viewed_stake:1, X_CHEAT_SETTINGS:table: 0x329a8ae8, F_DISCORD:true (more...)}
	 args = table: 0x3d771480  {savetext:table: 0x35ec0f70}
(11) Lua upvalue 'Original_Game_start_run' at file 'CardSleeves.lua:1770' (from mod with id CardSleeves)
	Local variables:
	 self = table: 0x326850f8  {F_GUIDE:false, F_CRASH_REPORTS:false, F_QUIT_BUTTON:true, F_ENGLISH_ONLY:false, viewed_stake:1, X_CHEAT_SETTINGS:table: 0x329a8ae8, F_DISCORD:true (more...)}
	 args = table: 0x3d771480  {savetext:table: 0x35ec0f70}
(12) Lua upvalue 'sr' at file 'PreorderCards.lua:23' (from mod with id preorder_cards)
	Local variables:
	 self = table: 0x326850f8  {F_GUIDE:false, F_CRASH_REPORTS:false, F_QUIT_BUTTON:true, F_ENGLISH_ONLY:false, viewed_stake:1, X_CHEAT_SETTINGS:table: 0x329a8ae8, F_DISCORD:true (more...)}
	 args = table: 0x3d771480  {savetext:table: 0x35ec0f70}
(13) Lua upvalue 'gsr' at file 'lib/overrides.lua:134' (from mod with id Cryptid)
	Local variables:
	 self = table: 0x326850f8  {F_GUIDE:false, F_CRASH_REPORTS:false, F_QUIT_BUTTON:true, F_ENGLISH_ONLY:false, viewed_stake:1, X_CHEAT_SETTINGS:table: 0x329a8ae8, F_DISCORD:true (more...)}
	 args = table: 0x3d771480  {savetext:table: 0x35ec0f70}
(14) Lua method 'start_run' at file 'items/challenge.lua:505' (from mod with id Cryptid)
	Local variables:
	 self = table: 0x326850f8  {F_GUIDE:false, F_CRASH_REPORTS:false, F_QUIT_BUTTON:true, F_ENGLISH_ONLY:false, viewed_stake:1, X_CHEAT_SETTINGS:table: 0x329a8ae8, F_DISCORD:true (more...)}
	 args = table: 0x3d771480  {savetext:table: 0x35ec0f70}
(15) Lua field 'func' at file 'functions/button_callbacks.lua:3090'
(16) Lua method 'handle' at file 'engine/event.lua:99'
	Local variables:
	 self = table: 0x3d7827f8  {start_timer:true, timer:REAL, blocking:true, blockable:true, trigger:immediate, func:function: 0x3d7827b8, delay:0, complete:false, time:39.65874921311 (more...)}
	 _results = table: 0x33011d80  {blocking:true, pause_skip:false, time_done:false, completed:false}
(17) Lua method 'update' at file 'engine/event.lua:182'
	Local variables:
	 self = table: 0x32e917b0  {queue_last_processed:30.033333333333, queues:table: 0x32e917d8, queue_dt:0.016666666666667, queue_timer:30.837851544728}
	 dt = number: 0.016652
	 forced = nil
	 (for generator) = C function: next
	 (for state) = table: 0x32e917d8  {unlock:table: 0x32e91800, galdur:table: 0x32b62880, other:table: 0x32e91c78, tutorial:table: 0x32e91850, base:table: 0x32e91828, achievement:table: 0x32e91c50 (more...)}
	 (for control) = number: nan
	 k = string: "base"
	 v = table: 0x32e91828  {1:table: 0x3d7827f8, 2:table: 0x3d782b90, 3:table: 0x3d782fb8, 4:table: 0x3d7833e0, 5:table: 0x3d783808, 6:table: 0x3cf1cbf0, 7:table: 0x3cf1ceb8 (more...)}
	 blocked = boolean: false
	 i = number: 1
	 results = table: 0x33011d80  {blocking:true, pause_skip:false, time_done:false, completed:false}
(18) Lua upvalue 'gameUpdateRef' at file 'game.lua:2738'
	Local variables:
	 self = table: 0x326850f8  {F_GUIDE:false, F_CRASH_REPORTS:false, F_QUIT_BUTTON:true, F_ENGLISH_ONLY:false, viewed_stake:1, X_CHEAT_SETTINGS:table: 0x329a8ae8, F_DISCORD:true (more...)}
	 dt = number: 0
	 http_resp = nil
	 njy_red = table: 0x326a6bf8  {1:0.99607843137255, 2:0.37254901960784, 3:0.33333333333333, 4:1}
	 njy_green = table: 0x326a6cd0  {1:0.29411764705882, 2:0.76078431372549, 3:0.57254901960784, 4:1}
(19) Lua upvalue 'upd' at Steamodded file 'src/ui.lua:84' 
	Local variables:
	 self = table: 0x326850f8  {F_GUIDE:false, F_CRASH_REPORTS:false, F_QUIT_BUTTON:true, F_ENGLISH_ONLY:false, viewed_stake:1, X_CHEAT_SETTINGS:table: 0x329a8ae8, F_DISCORD:true (more...)}
	 dt = number: 0.016652
(20) Lua upvalue 'game_updateref' at file 'main.lua:5076'
	Local variables:
	 self = table: 0x326850f8  {F_GUIDE:false, F_CRASH_REPORTS:false, F_QUIT_BUTTON:true, F_ENGLISH_ONLY:false, viewed_stake:1, X_CHEAT_SETTINGS:table: 0x329a8ae8, F_DISCORD:true (more...)}
	 dt = number: 0.016652
(21) Lua upvalue 'game_updateref' at file 'other/colours.lua:1196' (from mod with id MoreFluff)
	Local variables:
	 self = table: 0x326850f8  {F_GUIDE:false, F_CRASH_REPORTS:false, F_QUIT_BUTTON:true, F_ENGLISH_ONLY:false, viewed_stake:1, X_CHEAT_SETTINGS:table: 0x329a8ae8, F_DISCORD:true (more...)}
	 dt = number: 0.016652
(22) Lua upvalue 'game_updateref' at file 'MoreFluff.lua:883' (from mod with id MoreFluff)
	Local variables:
	 self = table: 0x326850f8  {F_GUIDE:false, F_CRASH_REPORTS:false, F_QUIT_BUTTON:true, F_ENGLISH_ONLY:false, viewed_stake:1, X_CHEAT_SETTINGS:table: 0x329a8ae8, F_DISCORD:true (more...)}
	 dt = number: 0.016652
(23) Lua upvalue 'gu' at file 'multipack.lua:554' (from mod with id Multipack)
	Local variables:
	 self = table: 0x326850f8  {F_GUIDE:false, F_CRASH_REPORTS:false, F_QUIT_BUTTON:true, F_ENGLISH_ONLY:false, viewed_stake:1, X_CHEAT_SETTINGS:table: 0x329a8ae8, F_DISCORD:true (more...)}
	 dt = number: 0.016652
(24) Lua upvalue 'upd' at file 'lib/gameset.lua:27' (from mod with id Cryptid)
	Local variables:
	 self = table: 0x326850f8  {F_GUIDE:false, F_CRASH_REPORTS:false, F_QUIT_BUTTON:true, F_ENGLISH_ONLY:false, viewed_stake:1, X_CHEAT_SETTINGS:table: 0x329a8ae8, F_DISCORD:true (more...)}
	 dt = number: 0.016652
(25) Lua method 'update' at file 'lib/overrides.lua:259' (from mod with id Cryptid)
	Local variables:
	 self = table: 0x326850f8  {F_GUIDE:false, F_CRASH_REPORTS:false, F_QUIT_BUTTON:true, F_ENGLISH_ONLY:false, viewed_stake:1, X_CHEAT_SETTINGS:table: 0x329a8ae8, F_DISCORD:true (more...)}
	 dt = number: 0.016652
(26) Lua upvalue 'love_update_ref' at file 'main.lua:1012'
	Local variables:
	 dt = number: 0.016652
(27) Lua upvalue 'oldupd' at file 'main.lua:3676'
	Local variables:
	 dt = number: 0.016652
(28) Lua field 'update' at file 'main.lua:5109'
	Local variables:
	 dt = number: 0.016652
(29) Lua function '?' at file 'main.lua:938' (best guess)
(30) global C function 'xpcall'
(31) LÖVE function at file 'boot.lua:377' (best guess)
	Local variables:
	 func = Lua function '?' (defined at line 909 of chunk main.lua)
	 inerror = boolean: true
	 deferErrhand = Lua function '(LÖVE Function)' (defined at line 348 of chunk [love "boot.lua"])
	 earlyinit = Lua function '(LÖVE Function)' (defined at line 355 of chunk [love "boot.lua"])
 
INFO - [G] file not found: main.lua: No such file or directory
INFO - [G] file not found: main.lua: No such file or directory
INFO - [G] 2025-04-14 14:12:28 :: INFO  :: StackTrace :: Additional Context:
Balatro Version: 1.0.1o-FULL
Modded Version: 1.0.0~BETA-0323b-STEAMODDED
LÖVE Version: 11.5.0
Lovely Version: 0.7.1
Platform: Windows
Steamodded Mods:
    1: Aurinko by jenwalter666 [ID: aurinko, Priority: 9.9e+301, Version: 0.4.14]
    2: More Fluff by notmario, CHECK CREDITS IN MOD TAB [ID: MoreFluff, Version: 1.3.3, Uses Lovely]
    3: Card Sleeves by Larswijn [ID: CardSleeves, Priority: -10, Version: 1.7.3, Uses Lovely]
    4: More Joker Packs by Samario [ID: MoreJokerPacks, Priority: 10000, Version: 0.0.2]
    5: Galdur by Eremel_ [ID: galdur, Priority: -10000, Version: 1.2, Uses Lovely]
    6: Talisman by MathIsFun_, Mathguy24, jenwalter666, cg-223 [ID: Talisman, Version: 2.2.0~dev, Uses Lovely]
        Break Infinity: omeganum
    7: iOS adaptation by Xioxin [ID: IOSAdaptation]
    8: Jen's Library by jenwalter666 [ID: JenLib, Version: 0.4.0]
    9: Local Pool Fix by jenwalter666 [ID: jen_localpoolfix]
    10: Multipack by sishui [ID: Multipack, Version: 2.1.0]
    11: UltraHand by Xioxin [ID: UltraHand]
    12: SDM_0's Stuff by SDM_0 [ID: sdm0sstuff, Version: 1.6.4o, Uses Lovely]
    13: Handy by SleepyG11 [ID: Handy, Version: 1.4.1a, Uses Lovely]
    14: Preorder Cards by asd123cqp [ID: preorder_cards]
    15: Nopeus by jenwalter666, stupxd [ID: nopeus, Version: 2.2.5, Uses Lovely]
    16: Better Mouse And Gamepad by Kooluve [ID: BetterMouseAndGamepad, Priority: -10000, Version: 1.0.6c]
    17: JokerDisplay by nh6574 [ID: JokerDisplay, Priority: -100000, Version: 1.8.3]
    18: Cryptid by MathIsFun_, Cryptid and Balatro Discords [ID: Cryptid, Priority: 114, Version: 0.5.5b, Uses Lovely]
    19: NotJustYet by toneblock [ID: NotJustYet, Priority: 1, Version: 0.5.4, Uses Lovely]
    20: DebugPlus by WilsontheWolf [ID: DebugPlus, Version: 1.4.1, Uses Lovely]
    21: Incantation by jenwalter666, MathIsFun_ [ID: incantation, Priority: 9e+301, Version: 0.7.0, Uses Lovely]
    22: Cartomancer by stupxd aka stupid [ID: cartomancer, Priority: 69, Version: 4.13, Uses Lovely]
    23: Blueprint by stupxd aka stupid, Jonathan [ID: blueprint, Priority: 69, Version: 3.3, Uses Lovely]
Lovely Mods:
    1: Brainstorm
    2: Almanac (0.0.8)
        Has Steamodded mod that failed to load.
        Missing Dependencies:
            1. Cryptid (==0.5.5a~dev2)
    3: Trance 
