INFO - [♥] Lovely 0.7.1
INFO - [♥] Game directory is at "C:\\Users\\easto\\Downloads\\Balatro.v1.0.1o\\Balatro.v1.0.1o\\game"
INFO - [♥] Writing logs to "C:\\Users\\easto\\AppData\\Roaming\\Balatro\\Mods\\lovely\\log"
INFO - [♥] Using mod directory at "C:\\Users\\easto\\AppData\\Roaming\\Balatro\\Mods"
INFO - [♥] Found .lovelyignore in 'ExtraCredit', skipping it.
WARN - [♥] Unknown key `patches.21.?.match_indent` found in patch file at "C:\\Users\\easto\\AppData\\Roaming\\Balatro\\Mods\\Cryptid\\lovely\\code.toml", ignoring it
WARN - [♥] Unknown key `patches.49.?.match_indent` found in patch file at "C:\\Users\\easto\\AppData\\Roaming\\Balatro\\Mods\\Talisman\\lovely.toml", ignoring it
WARN - [♥] Unknown key `patches.52.?.match_indent` found in patch file at "C:\\Users\\easto\\AppData\\Roaming\\Balatro\\Mods\\Talisman\\lovely.toml", ignoring it
INFO - [♥] Cleaning up dumps directory at "C:\\Users\\easto\\AppData\\Roaming\\Balatro\\Mods\\lovely\\dump"
INFO - [♥] Initialization complete in 1671ms
WARN - [♥] Pattern 'G.ARGS.score_intensity.organ = G.video_organ or G.ARGS.score_intensity.required_score > 0 and math.max(math.min(0.4, 0.1*math.log(G.ARGS.score_intensity.earned_score/(G.ARGS.score_intensity.required_score+1), 5)),0.) or 0' on target 'main.lua' for pattern patch from Talisman\lovely.toml resulted in no matches
WARN - [♥] Pattern 'if type(G.GAME.current_round.current_hand.chips) ~= \'number\' or type(G.GAME.current_round.current_hand.mult) ~= \'number\' then' on target 'main.lua' for pattern patch from Talisman\lovely.toml resulted in no matches
INFO - [♥] Applied 20 patches to 'main.lua'
INFO - [♥] Applied 2 patches to 'engine/string_packer.lua'
INFO - [♥] Applied 7 patches to 'engine/controller.lua'
INFO - [♥] Applied 15 patches to 'back.lua'
INFO - [♥] Applied 18 patches to 'tag.lua'
INFO - [♥] Applied 1 patch to 'engine/node.lua'
INFO - [♥] Applied 2 patches to 'engine/moveable.lua'
INFO - [♥] Applied 2 patches to 'engine/sprite.lua'
INFO - [♥] Applied 2 patches to 'engine/animatedsprite.lua'
WARN - [♥] Pattern 'assembled_string = assembled_string..(type(subpart) == \'string\' and subpart or args.vars[tonumber(subpart[1])] or \'ERROR\')' on target 'functions/misc_functions.lua' for pattern patch from Talisman\lovely.toml resulted in no matches
INFO - [♥] Applied 57 patches to 'functions/misc_functions.lua'
WARN - [♥] Pattern 'for i = 1, 2 do' on target 'game.lua' for pattern patch from Cryptid\lovely\stake.toml resulted in no matches
WARN - [♥] Pattern 'create_shop_card_ui(card, \'Voucher\', G.shop_vouchers)' on target 'game.lua' for pattern patch from Cryptid\lovely\stake.toml resulted in no matches
WARN - [♥] Pattern 'self.GAME.current_round.voucher = G.SETTINGS.tutorial_progress and G.SETTINGS.tutorial_progress.forced_voucher or SMODS.get_next_vouchers()' on target 'game.lua' for pattern patch from Cryptid\lovely\very_fair.toml resulted in no matches
WARN - [♥] Pattern 'self.GAME.current_round.voucher = G.SETTINGS.tutorial_progress and G.SETTINGS.tutorial_progress.forced_voucher or get_next_voucher_key()' on target 'game.lua' for pattern patch from Cryptid\lovely\Voucher.toml resulted in no matches
WARN - [♥] Regex 'card\\:start_materialize\\(\\)\\n\\s+G\\.shop_vouchers\\:emplace\\(card\\)\\n\\s+end' on target 'game.lua' for regex patch from Cryptid\lovely\Voucher.toml resulted in no matches
INFO - [♥] Applied 87 patches to 'game.lua'
INFO - [♥] Applied 1 patch to 'globals.lua'
INFO - [♥] Applied 6 patches to 'engine/ui.lua'
WARN - [♥] Pattern 'G.GAME.shop.joker_max*1.02*G.CARD_W,' on target 'functions/UI_definitions.lua' for pattern patch from Cryptid\lovely\equilibrium.toml resulted in no matches
WARN - [♥] Pattern '{n=G.UIT.T, config={text = G.GAME.hands[handname].chips, scale = 0.45, colour = G.C.UI.TEXT_LIGHT}},' on target 'functions/UI_definitions.lua' for pattern patch from Talisman\lovely.toml resulted in no matches
WARN - [♥] Pattern '{n=G.UIT.T, config={text = G.GAME.hands[handname].mult, scale = 0.45, colour = G.C.UI.TEXT_LIGHT}}' on target 'functions/UI_definitions.lua' for pattern patch from Talisman\lovely.toml resulted in no matches
INFO - [♥] Applied 104 patches to 'functions/UI_definitions.lua'
WARN - [♥] Pattern 'ease_to = G.GAME.chips + math.floor(hand_chips * mult) * (e and e.antiscore and -1 or 1),' on target 'functions/state_events.lua' for pattern patch from Cryptid\lovely\blind.toml resulted in no matches
WARN - [♥] Pattern 'if reps[j] ~= 1 then' on target 'functions/state_events.lua' for pattern patch from Cryptid\lovely\misc.toml resulted in no matches
WARN - [♥] Pattern 'for i=1, #G.jokers.cards + #G.consumeables.cards do' on target 'functions/state_events.lua' for pattern patch from Cryptid\lovely\misc.toml resulted in no matches
WARN - [♥] Pattern 'local effects = {[1] = {playing_card = G.hand.cards[i]:get_end_of_round_effect()}}' on target 'functions/state_events.lua' for pattern patch from Cryptid\lovely\stake.toml resulted in no matches
WARN - [♥] Pattern 'G.GAME.current_round.voucher = get_next_voucher_key()' on target 'functions/state_events.lua' for pattern patch from Cryptid\lovely\sticker.toml resulted in no matches
WARN - [♥] Pattern 'G.GAME.current_round.voucher = get_next_voucher_key()' on target 'functions/state_events.lua' for pattern patch from Cryptid\lovely\Voucher.toml resulted in no matches
WARN - [♥] Pattern 'if effects[ii].card then' on target 'functions/state_events.lua' for pattern patch from Talisman\lovely.toml resulted in no matches
WARN - [♥] Pattern 'if effects.jokers.Xmult_mod then mult = mod_mult(mult*effects.jokers.Xmult_mod);extras.mult = true  end' on target 'functions/state_events.lua' for pattern patch from Talisman\lovely.toml resulted in no matches
WARN - [♥] Pattern 'if effect.Xmult_mod then mult = mod_mult(mult*effect.Xmult_mod);extras.mult = true  end' on target 'functions/state_events.lua' for pattern patch from Talisman\lovely.toml resulted in no matches
WARN - [♥] Pattern 'if effects[ii].message then' on target 'functions/state_events.lua' for pattern patch from Talisman\lovely.toml resulted in no matches
WARN - [♥] Pattern '--calculate the card edition effects' on target 'functions/state_events.lua' for pattern patch from Talisman\lovely.toml resulted in no matches
WARN - [♥] Pattern 'if effects[ii].edition.p_dollars_mod then' on target 'functions/state_events.lua' for pattern patch from Talisman\lovely.toml resulted in no matches
WARN - [♥] Pattern 'if edition_effects.jokers.x_mult_mod then' on target 'functions/state_events.lua' for pattern patch from Talisman\lovely.toml resulted in no matches
WARN - [♥] Pattern 'if SMODS.has_enhancement(scoring_hand[i], \'m_glass\') and not scoring_hand[i].debuff and pseudorandom(\'glass\') < G.GAME.probabilities.normal/(scoring_hand[i].ability.name == \'Glass Card\' and scoring_hand[i].ability.extra or G.P_CENTERS.m_glass.config.extra) then' on target 'functions/state_events.lua' for pattern patch from Cryptid\lovely\Probability.toml resulted in no matches
WARN - [♥] Regex '(?<indent>[\\t ]*)if destroyed then \\n' on target 'functions/state_events.lua' for regex patch from Cryptid\lovely\seal.toml resulted in no matches
INFO - [♥] Applied 76 patches to 'functions/state_events.lua'
WARN - [♥] Pattern '{n=G.UIT.T, config={text = localize(\'$\')..config.dollars, scale = 1.2*scale, colour = G.C.WHITE, shadow = true, juice = true}}' on target 'functions/common_events.lua' for pattern patch from Cryptid\lovely\code.toml resulted in no matches
WARN - [♥] Pattern 'G.shop_jokers.T.w = G.GAME.shop.joker_max*1.01*G.CARD_W' on target 'functions/common_events.lua' for pattern patch from Cryptid\lovely\equilibrium.toml resulted in no matches
WARN - [♥] Pattern 'function generate_card_ui(_c, full_UI_table, specific_vars, card_type, badges, hide_desc, main_start, main_end)' on target 'functions/common_events.lua' for pattern patch from Cryptid\lovely\lib_misc.toml resulted in no matches
WARN - [♥] Pattern 'elseif v.boss.showdown and (G.GAME.round_resets.ante)%G.GAME.win_ante == 0 and G.GAME.round_resets.ante >= 2 then' on target 'functions/common_events.lua' for pattern patch from Cryptid\lovely\stake.toml resulted in no matches
WARN - [♥] Pattern 'if num_dollars > 60 then' on target 'functions/common_events.lua' for pattern patch from Talisman\lovely.toml resulted in no matches
WARN - [♥] Pattern 'func = (function() if eval_func(card) then if not first or first then card:juice_up(0.1, 0.1) end;juice_card_until(card, eval_func, nil, 0.8) end return true end)' on target 'functions/common_events.lua' for pattern patch from Talisman\lovely.toml resulted in no matches
INFO - [♥] Applied 176 patches to 'functions/common_events.lua'
WARN - [♥] Pattern 'if ((G.GAME.dollars-G.GAME.bankrupt_at) - 10 >= 0) and' on target 'functions/button_callbacks.lua' for pattern patch from Talisman\lovely.toml resulted in no matches
INFO - [♥] Applied 71 patches to 'functions/button_callbacks.lua'
WARN - [♥] Pattern 'if G.GAME.blind and G.GAME.blind.in_blind then G.E_MANAGER:add_event(Event({ func = function() G.GAME.blind:set_blind(nil, true, nil); return true end })) end' on target 'card.lua' for pattern patch from Steamodded\lovely\calculate_card_added.toml resulted in 2 matches, wanted 1
WARN - [♥] Ignoring excess matches
WARN - [♥] Pattern 'if self.ability.name == \'Campfire\' and G.GAME.blind.boss and not (G.GAME.blind.config and G.GAME.blind.config.bonus) and self.ability.x_mult > 1 then' on target 'card.lua' for pattern patch from Cryptid\lovely\misc.toml resulted in no matches
WARN - [♥] Pattern 'if self.ability.name:find(\'Arcana\') then' on target 'card.lua' for pattern patch from Cryptid\lovely\misprint.toml resulted in no matches
WARN - [♥] Pattern 'if self.ability.name == \'The Hermit\' or self.ability.consumeable.hand_type or self.ability.name == \'Temperance\' or self.ability.name == \'Black Hole\' then' on target 'card.lua' for pattern patch from Cryptid\lovely\stake.toml resulted in no matches
WARN - [♥] Pattern 'if self.ability.queue_negative_removal then' on target 'card.lua' for pattern patch from Cryptid\lovely\sticker.toml resulted in no matches
WARN - [♥] Pattern 'G.GAME.current_round.voucher = nil' on target 'card.lua' for pattern patch from Cryptid\lovely\Voucher.toml resulted in no matches
WARN - [♥] Pattern 'if G.GAME.blind then G.E_MANAGER:add_event(Event({ func = function() G.GAME.blind:set_blind(nil, true, nil); return true end })) end' on target 'card.lua' for pattern patch from Talisman\lovely.toml resulted in no matches
WARN - [♥] Pattern 'x_mult = center.config.Xmult or 1,' on target 'card.lua' for pattern patch from Talisman\lovely.toml resulted in no matches
WARN - [♥] Pattern 'elseif self.ability.name == \'Business Card\' then loc_vars = {\'\'..(G.GAME and G.GAME.probabilities.normal or 1), self.ability.extra}' on target 'card.lua' for pattern patch from Cryptid\lovely\Probability.toml resulted in no matches
WARN - [♥] Pattern 'pseudorandom(\'business\') < G.GAME.probabilities.normal/self.ability.extra then' on target 'card.lua' for pattern patch from Cryptid\lovely\Probability.toml resulted in no matches
INFO - [♥] Applied 248 patches to 'card.lua'
INFO - [♥] Applied 18 patches to 'cardarea.lua'
INFO - [♥] Applied 40 patches to 'blind.lua'
INFO - [♥] Applied 2 patches to 'card_character.lua'
INFO - [♥] Applied 5 patches to 'engine/text.lua'
INFO - [♥] Applied 2 patches to '=[SMODS _ "src/utils.lua"]'
INFO - [♥] Applied 4 patches to '=[SMODS _ "src/overrides.lua"]'
INFO - [♥] Applied 1 patch to '=[SMODS _ "src/game_object.lua"]'
INFO - [G] Failed to connect to the debug server
INFO - [G] 2025-04-02 22:38:29 :: DEBUG :: DebugConsole :: Steamodded Debug Socket started !
INFO - [G] [Blueprint] Starting to load config
INFO - [G] [Blueprint] Reading config file: 
INFO - [G] [Blueprint] return {
	["INTERNAL_debug"] = false,
	["hello"] = true,
}
INFO - [♥] Applied 9 patches to 'engine/sound_manager.lua'
INFO - [♥] Applied 3 patches to 'engine/save_manager.lua'
INFO - [♥] Applied 2 patches to 'engine/string_packer.lua'
INFO - [G] Loaded all Blueprint mod shaders successfully
INFO - [♥] Applied 4 patches to '=[SMODS _ "src/card_draw.lua"]'
INFO - [G] 2025-04-02 22:38:36 :: TRACE :: Loader :: Processing Mod file (Legacy header): BetterMouseAndGamepad_v1.0.6c.lua
INFO - [G] 2025-04-02 22:38:36 :: TRACE :: Loader :: Saving Mod Info: BetterMouseAndGamepad
INFO - [G] 2025-04-02 22:38:37 :: TRACE :: Loader :: Processing Mod file (Legacy header): BetterMouseAndGamepad_v1.0.5d.lua
INFO - [G] 2025-04-02 22:38:37 :: WARN  :: Loader :: Duplicate Mod ID: BetterMouseAndGamepad
INFO - [G] 2025-04-02 22:38:37 :: WARN  :: Loader :: Duplicate Mod prefix bmag_k used by BetterMouseAndGamepad, BetterMouseAndGamepad
INFO - [G] 2025-04-02 22:38:37 :: TRACE :: Loader :: Processing Mod file (Legacy header): mod.lua
INFO - [G] 2025-04-02 22:38:37 :: TRACE :: Loader :: Saving Mod Info: blueprint
INFO - [G] 2025-04-02 22:38:37 :: INFO  :: DefaultLogger :: Valid JSON file found
INFO - [G] 2025-04-02 22:38:37 :: INFO  :: DefaultLogger :: Valid JSON file found
INFO - [G] 2025-04-02 22:38:37 :: TRACE :: Loader :: Processing Mod file (Legacy header): PreorderCards.lua
INFO - [G] 2025-04-02 22:38:37 :: TRACE :: Loader :: Saving Mod Info: preorder_cards
INFO - [G] 2025-04-02 22:38:37 :: TRACE :: Loader :: Processing Mod file (Legacy header): steamodded_metadata.lua
INFO - [G] 2025-04-02 22:38:37 :: TRACE :: Loader :: Saving Mod Info: Talisman
INFO - [G] 2025-04-02 22:38:37 :: TRACE :: Loader :: Mod extracredit was unable to load: Missing Dependencies: 1: Steamodded (>=1.0.0~ALPHA-1423g) (<=1.0.0~BETA-0312b)


INFO - [G] [CRYPTID] Loading library file ascended.lua
INFO - [G] [CRYPTID] Loading library file calculate.lua
INFO - [G] [CRYPTID] Loading library file content.lua
INFO - [G] [CRYPTID] Loading library file cross-mod.lua
INFO - [G] [CRYPTID] Loading library file d20.lua
INFO - [G] [CRYPTID] Loading library file event.lua
INFO - [G] [CRYPTID] Loading library file gameset.lua
INFO - [G] [CRYPTID] Loading library file https.lua
INFO - [G] 2025-04-02 22:38:37 :: DEBUG :: SMODS.https :: Using https module backend
INFO - [G] [CRYPTID] Loading library file misc.lua
INFO - [G] [CRYPTID] Loading library file misprintize.lua
INFO - [G] [CRYPTID] Loading library file modifiers.lua
INFO - [G] 2025-04-02 22:38:37 :: WARN  :: Sticker :: Detected duplicate register call on object perishable
INFO - [G] 2025-04-02 22:38:37 :: WARN  :: Sticker :: Detected duplicate register call on object pinned
INFO - [G] 2025-04-02 22:38:37 :: WARN  :: Sticker :: Detected duplicate register call on object eternal
INFO - [G] 2025-04-02 22:38:37 :: WARN  :: Sticker :: Detected duplicate register call on object rental
INFO - [G] [CRYPTID] Loading library file notifications.lua
INFO - [G] [CRYPTID] Loading library file overrides.lua
INFO - [G] [CRYPTID] Loading library file ui.lua
INFO - [G] [CRYPTID] Loading file achievement.lua
INFO - [G] [CRYPTID] Loading file blind.lua
INFO - [G] [CRYPTID] Loading file challenge.lua
INFO - [G] [CRYPTID] Loading file code.lua
INFO - [G] [CRYPTID] Loading file deck.lua
INFO - [G] [CRYPTID] Loading file enhanced.lua
INFO - [G] [CRYPTID] Loading file epic.lua
INFO - [G] [CRYPTID] Loading file exotic.lua
INFO - [G] [CRYPTID] Loading file joker_display.lua
INFO - [G] [CRYPTID] Loading file m.lua
INFO - [G] [CRYPTID] Loading file misc.lua
INFO - [G] [CRYPTID] Loading file misc_joker.lua
INFO - [G] [CRYPTID] Loading file planet.lua
INFO - [G] [CRYPTID] Loading file sleeve.lua
INFO - [G] [CRYPTID] Loading file spectral.lua
INFO - [G] [CRYPTID] Loading file spooky.lua
INFO - [G] [CRYPTID] Loading file stake.lua
INFO - [G] [CRYPTID] Loading file tag.lua
INFO - [G] [CRYPTID] Loading file test.lua
INFO - [G] [CRYPTID] Loading file voucher.lua
INFO - [G] 2025-04-02 22:38:37 :: WARN  :: Atlas :: Object cry_effarcire has the same key as an existing object, not registering.
INFO - [G] 2025-04-02 22:38:37 :: WARN  :: Atlas :: If you want to modify an existing object, use take_ownership()
INFO - [G] 2025-04-02 22:38:37 :: INFO  :: TIMER :: [0000] Injected Language in 0.002 ms
INFO - [G] 2025-04-02 22:38:37 :: INFO  :: TIMER :: [0000] Injected [INTERNAL] in 22.208 ms
INFO - [G] 2025-04-02 22:38:40 :: INFO  :: TIMER :: [0030] Injected Atlas in 2785.843 ms
INFO - [G] 2025-04-02 22:38:42 :: INFO  :: TIMER :: [0030] Injected Sound in 1468.770 ms
INFO - [G] 2025-04-02 22:38:42 :: INFO  :: TIMER :: [0032] Injected Stake in 1.400 ms
INFO - [G] 2025-04-02 22:38:42 :: INFO  :: TIMER :: [0008] Injected Rarity in 0.034 ms
INFO - [G] 2025-04-02 22:38:42 :: INFO  :: TIMER :: [0010] Injected ObjectType in 0.135 ms
INFO - [G] 2025-04-02 22:38:42 :: INFO  :: TIMER :: [0389] Injected Center in 4.950 ms
INFO - [G] 2025-04-02 22:38:42 :: INFO  :: TIMER :: [0009] Injected Undiscovered Sprite in 0.039 ms
INFO - [G] 2025-04-02 22:38:42 :: INFO  :: TIMER :: [0028] Injected Blind in 0.146 ms
INFO - [G] 2025-04-02 22:38:42 :: INFO  :: TIMER :: [0006] Injected Seal in 1.126 ms
INFO - [G] 2025-04-02 22:38:42 :: INFO  :: TIMER :: [0004] Injected Suit in 0.450 ms
INFO - [G] 2025-04-02 22:38:42 :: INFO  :: TIMER :: [0013] Injected Rank in 0.397 ms
INFO - [G] 2025-04-02 22:38:42 :: INFO  :: TIMER :: [0028] Injected DeckSkin in 1.021 ms
INFO - [G] 2025-04-02 22:38:42 :: INFO  :: TIMER :: [0016] Injected PokerHand in 0.277 ms
INFO - [G] 2025-04-02 22:38:42 :: INFO  :: TIMER :: [0031] Injected Challenge in 0.133 ms
INFO - [G] 2025-04-02 22:38:42 :: INFO  :: TIMER :: [0028] Injected Tag in 0.151 ms
INFO - [G] 2025-04-02 22:38:42 :: INFO  :: TIMER :: [0010] Injected Sticker in 0.934 ms
INFO - [G] 2025-04-02 22:38:42 :: INFO  :: TIMER :: [0009] Injected Shader in 544.638 ms
INFO - [G] 2025-04-02 22:38:42 :: INFO  :: TIMER :: [0002] Injected Keybind in 0.028 ms
INFO - [G] 2025-04-02 22:38:42 :: INFO  :: TIMER :: [0021] Injected Achievement in 0.120 ms
INFO - [G] 2025-04-02 22:38:42 :: INFO  :: TIMER :: [0002] Injected nil in 0.020 ms
INFO - [G] 2025-04-02 22:38:42 :: INFO  :: TIMER :: [0023] Injected Draw Step in 0.191 ms
INFO - [G] 2025-04-02 22:38:42 :: INFO  :: TIMER :: [0000] Injected [INTERNAL] in 50.897 ms
INFO - [G] 2025-04-02 22:38:42 :: INFO  :: TIMER :: [0011] Injected Other in 0.057 ms
INFO - [♥] Applied 1 patch to '=[SMODS _ "smods-https-thread.lua"]'
INFO - [G] 2025-04-02 22:38:48 :: DEBUG :: SMODS.https(1) :: Using https module backend
INFO - [G] LONG DT @ 16: 0.066510951343543
INFO - [G] LONG DT @ 16: 0.059826481074834
INFO - [G] LONG DT @ 16: 0.053830744859867
INFO - [G] LONG DT @ 28: 0.053941379999134
INFO - [G] LONG DT @ 28: 0.054168068999797
INFO - [G] LONG DT @ 29: 0.089033396734899
INFO - [G] LONG DT @ 29: 0.07489583738792
INFO - [G] LONG DT @ 29: 0.063847449910335
INFO - [G] LONG DT @ 30: 0.054935099928269
INFO - [G] LONG DT @ 30: 0.056527134596575
INFO - [G] LONG DT @ 31: 0.1
INFO - [G] LONG DT @ 31: 0.0837074
INFO - [G] LONG DT @ 31: 0.07068688
INFO - [G] LONG DT @ 31: 0.060345484
INFO - [G] LONG DT @ 31: 0.0522510872
INFO - [G] LONG DT @ 32: 0.059992315984484
INFO - [G] LONG DT @ 32: 0.052074652787587
INFO - [G] LONG DT @ 32: 0.061670857784057
INFO - [G] LONG DT @ 32: 0.053648426227245
INFO - [G] LONG DT @ 33: 0.1
INFO - [G] LONG DT @ 33: 0.083738720000001
INFO - [G] LONG DT @ 34: 0.070906896000001
INFO - [G] LONG DT @ 34: 0.0608796168
INFO - [G] LONG DT @ 34: 0.05211117344
INFO - [G] LONG DT @ 34: 0.054514617704971
INFO - [G] LONG DT @ 35: 0.054850474628297
INFO - [G] LONG DT @ 35: 0.1
INFO - [G] LONG DT @ 35: 0.1
INFO - [G] LONG DT @ 35: 0.08406838
INFO - [G] LONG DT @ 35: 0.070751524000001
INFO - [G] LONG DT @ 36: 0.060075719200001
INFO - [G] LONG DT @ 36: 0.05388747536
INFO - [G] LONG DT @ 38: 0.1
INFO - [G] LONG DT @ 38: 0.1
INFO - [G] LONG DT @ 38: 0.08359062
INFO - [G] LONG DT @ 38: 0.070182616
INFO - [G] LONG DT @ 38: 0.0629946128
INFO - [G] LONG DT @ 38: 0.055118650240001
INFO - [G] LONG DT @ 40: 0.1
INFO - [G] LONG DT @ 40: 0.1
INFO - [G] LONG DT @ 40: 0.08352034
INFO - [G] LONG DT @ 40: 0.069932012
INFO - [G] LONG DT @ 40: 0.0595315096
INFO - [G] LONG DT @ 40: 0.054824527679999
INFO - [G] LONG DT @ 52: 0.1
INFO - [G] LONG DT @ 52: 0.1
INFO - [G] LONG DT @ 52: 0.083661259999998
INFO - [G] LONG DT @ 52: 0.070695868
INFO - [G] LONG DT @ 52: 0.060055434400001
INFO - [G] LONG DT @ 52: 0.052893167519999
INFO - [G] LONG DT @ 54: 0.1
INFO - [G] LONG DT @ 54: 0.1
INFO - [G] LONG DT @ 54: 0.083417739999998
INFO - [G] LONG DT @ 55: 0.069836731999999
INFO - [G] LONG DT @ 55: 0.059205765600001
INFO - [G] LONG DT @ 55: 0.052052192479999
INFO - [G] LONG DT @ 59: 0.1
INFO - [G] LONG DT @ 59: 0.083425139999999
INFO - [G] LONG DT @ 59: 0.070505192000001
INFO - [G] LONG DT @ 59: 0.060020673600001
INFO - [G] LONG DT @ 59: 0.052291178880001
INFO - [G] LONG DT @ 61: 0.1
INFO - [G] LONG DT @ 61: 0.1
INFO - [G] LONG DT @ 61: 0.084082499999998
INFO - [G] LONG DT @ 61: 0.070335359999999
INFO - [G] LONG DT @ 61: 0.059910128
INFO - [G] LONG DT @ 61: 0.0527000424
INFO - [G] LONG DT @ 63: 0.1
INFO - [G] LONG DT @ 63: 0.083062680000002
INFO - [G] LONG DT @ 63: 0.069860784
INFO - [G] LONG DT @ 63: 0.059658327200001
INFO - [G] LONG DT @ 63: 0.05097294176
INFO - [♥] Applied 1 patch to '=[SMODS _ "smods-https-thread.lua"]'
INFO - [G] 2025-04-02 22:39:54 :: DEBUG :: SMODS.https(2) :: Using https module backend
INFO - [G] LONG DT @ 66: 0.1
INFO - [G] LONG DT @ 66: 0.1
INFO - [G] LONG DT @ 66: 0.08363232
INFO - [G] LONG DT @ 66: 0.070824515999999
INFO - [G] LONG DT @ 66: 0.060973152800001
INFO - [G] LONG DT @ 66: 0.054240162239999
INFO - [G] LONG DT @ 68: 0.1
INFO - [G] LONG DT @ 68: 0.1
INFO - [G] LONG DT @ 68: 0.083639820000001
INFO - [G] LONG DT @ 68: 0.070558556000002
INFO - [G] LONG DT @ 68: 0.060363384799999
INFO - [G] LONG DT @ 68: 0.05272958784
INFO - [G] LONG DT @ 70: 0.1
INFO - [G] LONG DT @ 70: 0.1
INFO - [G] LONG DT @ 70: 0.082995800000002
INFO - [G] LONG DT @ 70: 0.069801119999999
INFO - [G] LONG DT @ 70: 0.059302636
INFO - [G] LONG DT @ 70: 0.0519572088
INFO - [G] LONG DT @ 73: 0.1
INFO - [G] LONG DT @ 73: 0.1
INFO - [G] LONG DT @ 73: 0.0833309
INFO - [G] LONG DT @ 73: 0.069794920000001
INFO - [G] LONG DT @ 73: 0.059156675999999
INFO - [G] LONG DT @ 73: 0.053704480800001
INFO - [G] LONG DT @ 101: 0.1
INFO - [G] LONG DT @ 101: 0.1
INFO - [G] LONG DT @ 101: 0.08342364
INFO - [G] LONG DT @ 101: 0.069811412000002
INFO - [G] LONG DT @ 101: 0.059281329600004
INFO - [G] LONG DT @ 101: 0.052327803680004
INFO - [G] LONG DT @ 104: 0.1
INFO - [G] LONG DT @ 104: 0.1
INFO - [G] LONG DT @ 104: 0.083444500000001
INFO - [G] LONG DT @ 104: 0.070030780000003
INFO - [G] LONG DT @ 104: 0.059856844000001
INFO - [G] LONG DT @ 104: 0.052380595200002
INFO - [G] LONG DT @ 107: 0.1
INFO - [G] LONG DT @ 107: 0.1
INFO - [G] LONG DT @ 107: 0.083348139999997
INFO - [G] LONG DT @ 107: 0.070000771999996
INFO - [G] LONG DT @ 107: 0.059555217599998
INFO - [G] LONG DT @ 107: 0.052282394080003
INFO - [G] LONG DT @ 109: 0.1
INFO - [G] LONG DT @ 109: 0.1
INFO - [G] LONG DT @ 109: 0.083146300000003
INFO - [G] LONG DT @ 109: 0.069660880000004
INFO - [G] LONG DT @ 109: 0.058885204000003
INFO - [G] LONG DT @ 109: 0.054070123199998
INFO - [♥] Applied 1 patch to '=[SMODS _ "smods-https-thread.lua"]'
INFO - [G] 2025-04-02 22:41:03 :: DEBUG :: SMODS.https(3) :: Using https module backend
