INFO - [♥] Lovely 0.7.1
INFO - [♥] Game directory is at "C:\\Users\\easto\\Downloads\\Balatro.v1.0.1o\\Balatro.v1.0.1o\\game"
INFO - [♥] Writing logs to "C:\\Users\\easto\\AppData\\Roaming\\Balatro\\Mods\\lovely\\log"
INFO - [♥] Using mod directory at "C:\\Users\\easto\\AppData\\Roaming\\Balatro\\Mods"
INFO - [♥] Cleaning up dumps directory at "C:\\Users\\easto\\AppData\\Roaming\\Balatro\\Mods\\lovely\\dump"
INFO - [♥] Initialization complete in 95ms
WARN - [♥] Pattern 'modded and {' on target 'main.lua' for pattern patch from Cartomancer\lovely\stackable-deck-steamodded-0.9.8.toml resulted in no matches
INFO - [♥] Applied 24 patches to 'main.lua'
INFO - [♥] Applied 8 patches to 'engine/controller.lua'
INFO - [♥] Applied 15 patches to 'back.lua'
INFO - [♥] Applied 7 patches to 'tag.lua'
INFO - [♥] Applied 1 patch to 'engine/moveable.lua'
INFO - [♥] Applied 2 patches to 'engine/sprite.lua'
INFO - [♥] Applied 2 patches to 'engine/animatedsprite.lua'
INFO - [♥] Applied 48 patches to 'functions/misc_functions.lua'
INFO - [♥] Applied 40 patches to 'game.lua'
INFO - [♥] Applied 1 patch to 'globals.lua'
WARN - [♥] Pattern 'self.config.chosen = true' on target 'engine/ui.lua' for pattern patch from Cartomancer\lovely\vanilla-ui.toml resulted in no matches
INFO - [♥] Applied 4 patches to 'engine/ui.lua'
WARN - [♥] Pattern 'create_option_cycle({label = localize(\'b_set_gamespeed\'),scale = 0.8, options = {0.5, 1, 2, 4}, opt_callback = \'change_gamespeed\', current_option = (G.SETTINGS.GAMESPEED == 0.5 and 1 or G.SETTINGS.GAMESPEED == 4 and 4 or G.SETTINGS.GAMESPEED + 1)}),' on target 'functions/UI_definitions.lua' for pattern patch from Saturn\lovely\core.toml resulted in no matches
INFO - [♥] Applied 93 patches to 'functions/UI_definitions.lua'
WARN - [♥] Pattern 'if effects[ii].card then' on target 'functions/state_events.lua' for pattern patch from Saturn\lovely\rem_anim.toml resulted in no matches
INFO - [♥] Applied 44 patches to 'functions/state_events.lua'
WARN - [♥] Pattern 'func = (function() if eval_func(card) then if not first or first then card:juice_up(0.1, 0.1) end;juice_card_until(card, eval_func, nil, 0.8) end return true end)' on target 'functions/common_events.lua' for pattern patch from Saturn\lovely\rem_anim.toml resulted in no matches
WARN - [♥] Pattern 'local stay_flipped = G.GAME and G.GAME.blind and G.GAME.blind:stay_flipped(to, card)' on target 'functions/common_events.lua' for pattern patch from Cartomancer\lovely\limit-deck-size.toml resulted in no matches
INFO - [♥] Applied 108 patches to 'functions/common_events.lua'
INFO - [♥] Applied 48 patches to 'functions/button_callbacks.lua'
WARN - [♥] Pattern 'if G.GAME.blind and G.GAME.blind.in_blind then G.E_MANAGER:add_event(Event({ func = function() G.GAME.blind:set_blind(nil, true, nil); return true end })) end' on target 'card.lua' for pattern patch from Steamodded\lovely\calculate_card_added.toml resulted in 2 matches, wanted 1
WARN - [♥] Ignoring excess matches
WARN - [♥] Pattern 'if G.GAME.blind then G.E_MANAGER:add_event(Event({ func = function() G.GAME.blind:set_blind(nil, true, nil); return true end })) end' on target 'card.lua' for pattern patch from Saturn\lovely\rem_anim.toml resulted in no matches
WARN - [♥] Pattern 'Xmult_mod = G.P_CENTERS.v_observatory.config.extra' on target 'card.lua' for pattern patch from Saturn\lovely\stack.toml resulted in no matches
INFO - [♥] Applied 157 patches to 'card.lua'
WARN - [♥] Pattern 'local stay_flipped = G.GAME and G.GAME.blind and G.GAME.blind:stay_flipped(self, card)' on target 'cardarea.lua' for pattern patch from Cartomancer\lovely\limit-deck-size.toml resulted in no matches
INFO - [♥] Applied 13 patches to 'cardarea.lua'
INFO - [♥] Applied 36 patches to 'blind.lua'
INFO - [♥] Applied 2 patches to 'engine/text.lua'
INFO - [♥] Applied 4 patches to '=[SMODS _ "src/overrides.lua"]'
INFO - [G] Failed to connect to the debug server
INFO - [G] 2025-03-25 16:28:02 :: DEBUG :: DebugConsole :: Steamodded Debug Socket started !
INFO - [G] [Blueprint] Starting to load config
INFO - [G] [Blueprint] Reading config file: 
INFO - [G] [Blueprint] return {
	["INTERNAL_debug"] = false,
	["hello"] = true,
}
INFO - [♥] Applied 1 patch to 'engine/save_manager.lua'
INFO - [♥] Applied 9 patches to 'engine/sound_manager.lua'
INFO - [G] Loaded all Blueprint mod shaders successfully
INFO - [G] 2025-03-25 16:28:08 :: TRACE :: Loader :: Processing Mod file (Legacy header): PreorderCards.lua
INFO - [G] 2025-03-25 16:28:08 :: TRACE :: Loader :: Saving Mod Info: preorder_cards
INFO - [G] 2025-03-25 16:28:08 :: TRACE :: Loader :: Processing Mod file (Legacy header): mod.lua
INFO - [G] 2025-03-25 16:28:08 :: TRACE :: Loader :: Saving Mod Info: blueprint
INFO - [G] 2025-03-25 16:28:08 :: ERROR :: Loader :: Found invalid metadata JSON file at C:\Users\easto\AppData\Roaming\Balatro\Mods/Brainstorm/manifest.json, ignoring: [SMODS _ "src/loader.lua"]:226: id
INFO - [G] 2025-03-25 16:28:08 :: TRACE :: Loader :: Processing Mod file (Legacy header): mod.lua
INFO - [G] 2025-03-25 16:28:08 :: TRACE :: Loader :: Saving Mod Info: cartomancer
INFO - [G] 2025-03-25 16:28:08 :: ERROR :: Loader :: Found invalid metadata JSON file at C:\Users\easto\AppData\Roaming\Balatro\Mods/Saturn/.vscode/settings.json, ignoring: [lovely json "libs/json/json.lua"]:185: expected string for key at line 4 col 3
INFO - [G] 2025-03-25 16:28:08 :: INFO  :: TIMER :: [0000] Injected Language in 0.002 ms
INFO - [G] 2025-03-25 16:28:08 :: INFO  :: TIMER :: [0000] Injected [INTERNAL] in 2.269 ms
INFO - [G] 2025-03-25 16:28:09 :: INFO  :: TIMER :: [0002] Injected Atlas in 1118.142 ms
INFO - [G] 2025-03-25 16:28:09 :: INFO  :: TIMER :: [0001] Injected Sound in 0.657 ms
INFO - [G] 2025-03-25 16:28:09 :: INFO  :: TIMER :: [0008] Injected Stake in 0.217 ms
INFO - [G] 2025-03-25 16:28:09 :: INFO  :: TIMER :: [0004] Injected Rarity in 0.099 ms
INFO - [G] 2025-03-25 16:28:10 :: INFO  :: TIMER :: [0004] Injected ObjectType in 0.091 ms
INFO - [G] 2025-03-25 16:28:10 :: INFO  :: TIMER :: [0048] Injected Center in 1.233 ms
INFO - [G] 2025-03-25 16:28:10 :: INFO  :: TIMER :: [0007] Injected Undiscovered Sprite in 0.036 ms
INFO - [G] 2025-03-25 16:28:10 :: INFO  :: TIMER :: [0002] Injected Blind in 0.269 ms
INFO - [G] 2025-03-25 16:28:10 :: INFO  :: TIMER :: [0004] Injected Seal in 0.367 ms
INFO - [G] 2025-03-25 16:28:10 :: INFO  :: TIMER :: [0004] Injected Suit in 0.451 ms
INFO - [G] 2025-03-25 16:28:10 :: INFO  :: TIMER :: [0013] Injected Rank in 0.534 ms
INFO - [G] 2025-03-25 16:28:10 :: INFO  :: TIMER :: [0028] Injected DeckSkin in 0.572 ms
INFO - [G] 2025-03-25 16:28:10 :: INFO  :: TIMER :: [0012] Injected PokerHand in 0.160 ms
INFO - [G] 2025-03-25 16:28:10 :: INFO  :: TIMER :: [0020] Injected Challenge in 0.084 ms
INFO - [G] 2025-03-25 16:28:10 :: INFO  :: TIMER :: [0000] Injected Tag in 0.041 ms
INFO - [G] 2025-03-25 16:28:10 :: INFO  :: TIMER :: [0004] Injected Sticker in 0.239 ms
INFO - [G] 2025-03-25 16:28:10 :: INFO  :: TIMER :: [0000] Injected Shader in 0.003 ms
INFO - [G] 2025-03-25 16:28:10 :: INFO  :: TIMER :: [0002] Injected Keybind in 0.179 ms
INFO - [G] 2025-03-25 16:28:10 :: INFO  :: TIMER :: [0000] Injected Achievement in 0.130 ms
INFO - [G] 2025-03-25 16:28:10 :: INFO  :: TIMER :: [0002] Injected nil in 0.270 ms
INFO - [G] 2025-03-25 16:28:10 :: INFO  :: TIMER :: [0021] Injected Draw Step in 0.339 ms
INFO - [G] 2025-03-25 16:28:10 :: INFO  :: TIMER :: [0000] Injected [INTERNAL] in 4.050 ms
INFO - [G] LONG DT @ 25: 0.1
INFO - [G] LONG DT @ 25: 0.08482132
INFO - [G] LONG DT @ 25: 0.072768156
INFO - [G] LONG DT @ 25: 0.0637904848
INFO - [G] LONG DT @ 25: 0.05627878784
INFO - [G] LONG DT @ 25: 0.050160390272
INFO - [G] LONG DT @ 28: 0.1
INFO - [G] LONG DT @ 28: 0.08596724
INFO - [G] LONG DT @ 28: 0.073406712
INFO - [G] LONG DT @ 28: 0.0636892696
INFO - [G] LONG DT @ 28: 0.05602951568
INFO - [G] LONG DT @ 32: 0.1
INFO - [G] LONG DT @ 32: 0.084981500000001
INFO - [G] LONG DT @ 32: 0.07270732
INFO - [G] LONG DT @ 32: 0.063187936000001
INFO - [G] LONG DT @ 32: 0.055365548799999
INFO - [G] LONG DT @ 35: 0.1
INFO - [G] LONG DT @ 35: 0.08483138
INFO - [G] LONG DT @ 36: 0.072709784
INFO - [G] LONG DT @ 36: 0.063371627200001
INFO - [G] LONG DT @ 36: 0.05559404176
INFO - [G] LONG DT @ 39: 0.1
INFO - [G] LONG DT @ 39: 0.08478578
INFO - [G] LONG DT @ 39: 0.072569344
INFO - [G] LONG DT @ 39: 0.0629453352
INFO - [G] LONG DT @ 39: 0.05527794816
INFO - [G] LONG DT @ 43: 0.1
INFO - [G] LONG DT @ 43: 0.08498984
INFO - [G] LONG DT @ 43: 0.073690472
INFO - [G] LONG DT @ 43: 0.064093177600001
INFO - [G] LONG DT @ 44: 0.056414542079999
INFO - [G] LONG DT @ 44: 0.050267633664
INFO - [G] LONG DT @ 48: 0.1
INFO - [G] LONG DT @ 48: 0.085115160000001
INFO - [G] LONG DT @ 48: 0.073489728
INFO - [G] LONG DT @ 48: 0.0641043624
INFO - [G] LONG DT @ 48: 0.05631408992
INFO - [G] LONG DT @ 48: 0.050353711936001
INFO - [G] LONG DT @ 52: 0.1
INFO - [G] LONG DT @ 52: 0.085558980000001
INFO - [G] LONG DT @ 52: 0.073868184
INFO - [G] LONG DT @ 52: 0.0646280672
INFO - [G] LONG DT @ 53: 0.057591673759999
INFO - [G] LONG DT @ 53: 0.051395059008
INFO - [G] LONG DT @ 15: 0.1
INFO - [G] LONG DT @ 15: 0.084054160000001
INFO - [G] LONG DT @ 15: 0.072219668
INFO - [G] LONG DT @ 15: 0.062924054400001
INFO - [G] LONG DT @ 15: 0.05458674352
INFO - [G] LONG DT @ 19: 0.1
INFO - [G] LONG DT @ 19: 0.084768660000002
INFO - [G] LONG DT @ 19: 0.072469408000001
INFO - [G] LONG DT @ 19: 0.0636207464
INFO - [G] LONG DT @ 19: 0.054821917119999
INFO - [G] LONG DT @ 23: 0.1
INFO - [G] LONG DT @ 23: 0.084058360000002
INFO - [G] LONG DT @ 23: 0.070999088000001
INFO - [G] LONG DT @ 23: 0.060495590400001
INFO - [G] LONG DT @ 23: 0.053131032320001
INFO - [G] LONG DT @ 27: 0.1
INFO - [G] LONG DT @ 27: 0.085041019999999
INFO - [G] LONG DT @ 27: 0.072644095999999
INFO - [G] LONG DT @ 27: 0.063300776799998
INFO - [G] LONG DT @ 27: 0.055334441439999
INFO - [G] LONG DT @ 39: 0.1
INFO - [G] LONG DT @ 39: 0.08471058
INFO - [G] LONG DT @ 39: 0.072419264000001
INFO - [G] LONG DT @ 39: 0.062774431200001
INFO - [G] LONG DT @ 39: 0.05507844496
INFO - [G] LONG DT @ 43: 0.1
INFO - [G] LONG DT @ 43: 0.085334260000001
INFO - [G] LONG DT @ 43: 0.073309068000001
INFO - [G] LONG DT @ 43: 0.063757614399999
INFO - [G] LONG DT @ 43: 0.055963991520001
INFO - [G] LONG DT @ 15: 0.1
INFO - [G] LONG DT @ 15: 0.084016860000002
INFO - [G] LONG DT @ 15: 0.071055488000001
INFO - [G] LONG DT @ 15: 0.0622259304
INFO - [G] LONG DT @ 15: 0.05428092432
