INFO - [♥] Lovely 0.7.1
INFO - [♥] Game directory is at "C:\\Users\\easto\\Downloads\\Balatro.v1.0.1o\\Balatro.v1.0.1o\\game"
INFO - [♥] Writing logs to "C:\\Users\\easto\\AppData\\Roaming\\Balatro\\Mods\\lovely\\log"
INFO - [♥] Using mod directory at "C:\\Users\\easto\\AppData\\Roaming\\Balatro\\Mods"
INFO - [♥] Found .lovelyignore in 'ExtraCredit', skipping it.
WARN - [♥] Unknown key `patches.2.?.match_indent` found in patch file at "C:\\Users\\easto\\AppData\\Roaming\\Balatro\\Mods\\Cartomancer\\lovely\\stackable-deck-steamodded.toml", ignoring it
WARN - [♥] Unknown key `patches.21.?.match_indent` found in patch file at "C:\\Users\\easto\\AppData\\Roaming\\Balatro\\Mods\\Cryptid\\lovely\\code.toml", ignoring it
WARN - [♥] Unknown key `patches.49.?.match_indent` found in patch file at "C:\\Users\\easto\\AppData\\Roaming\\Balatro\\Mods\\Talisman\\lovely.toml", ignoring it
WARN - [♥] Unknown key `patches.52.?.match_indent` found in patch file at "C:\\Users\\easto\\AppData\\Roaming\\Balatro\\Mods\\Talisman\\lovely.toml", ignoring it
INFO - [♥] Cleaning up dumps directory at "C:\\Users\\easto\\AppData\\Roaming\\Balatro\\Mods\\lovely\\dump"
INFO - [♥] Initialization complete in 3828ms
WARN - [♥] Pattern 'G.ARGS.score_intensity.organ = G.video_organ or G.ARGS.score_intensity.required_score > 0 and math.max(math.min(0.4, 0.1*math.log(G.ARGS.score_intensity.earned_score/(G.ARGS.score_intensity.required_score+1), 5)),0.) or 0' on target 'main.lua' for pattern patch from Talisman\lovely.toml resulted in no matches
WARN - [♥] Pattern 'if type(G.GAME.current_round.current_hand.chips) ~= \'number\' or type(G.GAME.current_round.current_hand.mult) ~= \'number\' then' on target 'main.lua' for pattern patch from Talisman\lovely.toml resulted in no matches
WARN - [♥] Pattern 'assert(load(nfs.read(Saturn.PATH .. \"/core/logic/hide_played.lua\")))()' on target 'main.lua' for pattern patch from Cartomancer\lovely\saturn-compat.toml resulted in no matches
WARN - [♥] Pattern 'modded and {' on target 'main.lua' for pattern patch from Cartomancer\lovely\stackable-deck-steamodded-0.9.8.toml resulted in no matches
INFO - [♥] Applied 25 patches to 'main.lua'
INFO - [♥] Applied 2 patches to 'engine/string_packer.lua'
INFO - [♥] Applied 10 patches to 'engine/controller.lua'
INFO - [♥] Applied 15 patches to 'back.lua'
INFO - [♥] Applied 18 patches to 'tag.lua'
INFO - [♥] Applied 1 patch to 'engine/node.lua'
INFO - [♥] Applied 2 patches to 'engine/moveable.lua'
INFO - [♥] Applied 2 patches to 'engine/sprite.lua'
INFO - [♥] Applied 2 patches to 'engine/animatedsprite.lua'
WARN - [♥] Pattern 'assembled_string = assembled_string..(type(subpart) == \'string\' and subpart or args.vars[tonumber(subpart[1])] or \'ERROR\')' on target 'functions/misc_functions.lua' for pattern patch from Talisman\lovely.toml resulted in no matches
INFO - [♥] Applied 58 patches to 'functions/misc_functions.lua'
WARN - [♥] Pattern 'for i = 1, 2 do' on target 'game.lua' for pattern patch from Cryptid\lovely\stake.toml resulted in no matches
WARN - [♥] Pattern 'create_shop_card_ui(card, \'Voucher\', G.shop_vouchers)' on target 'game.lua' for pattern patch from Cryptid\lovely\stake.toml resulted in no matches
WARN - [♥] Pattern 'self.GAME.current_round.voucher = G.SETTINGS.tutorial_progress and G.SETTINGS.tutorial_progress.forced_voucher or SMODS.get_next_vouchers()' on target 'game.lua' for pattern patch from Cryptid\lovely\very_fair.toml resulted in no matches
WARN - [♥] Pattern 'self.GAME.current_round.voucher = G.SETTINGS.tutorial_progress and G.SETTINGS.tutorial_progress.forced_voucher or get_next_voucher_key()' on target 'game.lua' for pattern patch from Cryptid\lovely\Voucher.toml resulted in no matches
WARN - [♥] Regex 'card\\:start_materialize\\(\\)\\n\\s+G\\.shop_vouchers\\:emplace\\(card\\)\\n\\s+end' on target 'game.lua' for regex patch from Cryptid\lovely\Voucher.toml resulted in no matches
INFO - [♥] Applied 93 patches to 'game.lua'
INFO - [♥] Applied 1 patch to 'globals.lua'
WARN - [♥] Pattern 'self.config.chosen = true' on target 'engine/ui.lua' for pattern patch from Cartomancer\lovely\vanilla-ui.toml resulted in no matches
INFO - [♥] Applied 7 patches to 'engine/ui.lua'
WARN - [♥] Pattern 'G.GAME.shop.joker_max*1.02*G.CARD_W,' on target 'functions/UI_definitions.lua' for pattern patch from Cryptid\lovely\equilibrium.toml resulted in no matches
WARN - [♥] Pattern '{n=G.UIT.T, config={text = G.GAME.hands[handname].chips, scale = 0.45, colour = G.C.UI.TEXT_LIGHT}},' on target 'functions/UI_definitions.lua' for pattern patch from Talisman\lovely.toml resulted in no matches
WARN - [♥] Pattern '{n=G.UIT.T, config={text = G.GAME.hands[handname].mult, scale = 0.45, colour = G.C.UI.TEXT_LIGHT}}' on target 'functions/UI_definitions.lua' for pattern patch from Talisman\lovely.toml resulted in no matches
INFO - [♥] Applied 125 patches to 'functions/UI_definitions.lua'
WARN - [♥] Pattern 'ease_to = G.GAME.chips + math.floor(hand_chips * mult) * (e and e.antiscore and -1 or 1),' on target 'functions/state_events.lua' for pattern patch from Cryptid\lovely\blind.toml resulted in no matches
WARN - [♥] Pattern 'if reps[j] ~= 1 then' on target 'functions/state_events.lua' for pattern patch from Cryptid\lovely\misc.toml resulted in no matches
WARN - [♥] Pattern 'for i=1, #G.jokers.cards + #G.consumeables.cards do' on target 'functions/state_events.lua' for pattern patch from Cryptid\lovely\misc.toml resulted in no matches
WARN - [♥] Pattern 'local effects = {[1] = {playing_card = G.hand.cards[i]:get_end_of_round_effect()}}' on target 'functions/state_events.lua' for pattern patch from Cryptid\lovely\stake.toml resulted in no matches
WARN - [♥] Pattern 'G.GAME.current_round.voucher = get_next_voucher_key()' on target 'functions/state_events.lua' for pattern patch from Cryptid\lovely\sticker.toml resulted in no matches
WARN - [♥] Pattern 'G.GAME.current_round.voucher = get_next_voucher_key()' on target 'functions/state_events.lua' for pattern patch from Cryptid\lovely\Voucher.toml resulted in no matches
WARN - [♥] Pattern 'if effects[ii].card then' on target 'functions/state_events.lua' for pattern patch from Talisman\lovely.toml resulted in no matches
WARN - [♥] Pattern 'if effects.jokers.Xmult_mod then mult = mod_mult(mult*effects.jokers.Xmult_mod);extras.mult = true  end' on target 'functions/state_events.lua' for pattern patch from Talisman\lovely.toml resulted in no matches
WARN - [♥] Pattern 'if effect.Xmult_mod then mult = mod_mult(mult*effect.Xmult_mod);extras.mult = true  end' on target 'functions/state_events.lua' for pattern patch from Talisman\lovely.toml resulted in no matches
WARN - [♥] Pattern 'if effects[ii].message then' on target 'functions/state_events.lua' for pattern patch from Talisman\lovely.toml resulted in no matches
WARN - [♥] Pattern '--calculate the card edition effects' on target 'functions/state_events.lua' for pattern patch from Talisman\lovely.toml resulted in no matches
WARN - [♥] Pattern 'if effects[ii].edition.p_dollars_mod then' on target 'functions/state_events.lua' for pattern patch from Talisman\lovely.toml resulted in no matches
WARN - [♥] Pattern 'if edition_effects.jokers.x_mult_mod then' on target 'functions/state_events.lua' for pattern patch from Talisman\lovely.toml resulted in no matches
WARN - [♥] Pattern 'if SMODS.has_enhancement(scoring_hand[i], \'m_glass\') and not scoring_hand[i].debuff and pseudorandom(\'glass\') < G.GAME.probabilities.normal/(scoring_hand[i].ability.name == \'Glass Card\' and scoring_hand[i].ability.extra or G.P_CENTERS.m_glass.config.extra) then' on target 'functions/state_events.lua' for pattern patch from Cryptid\lovely\Probability.toml resulted in no matches
WARN - [♥] Regex '(?<indent>[\\t ]*)if destroyed then \\n' on target 'functions/state_events.lua' for regex patch from Cryptid\lovely\seal.toml resulted in no matches
INFO - [♥] Applied 76 patches to 'functions/state_events.lua'
WARN - [♥] Pattern '{n=G.UIT.T, config={text = localize(\'$\')..config.dollars, scale = 1.2*scale, colour = G.C.WHITE, shadow = true, juice = true}}' on target 'functions/common_events.lua' for pattern patch from Cryptid\lovely\code.toml resulted in no matches
WARN - [♥] Pattern 'G.shop_jokers.T.w = G.GAME.shop.joker_max*1.01*G.CARD_W' on target 'functions/common_events.lua' for pattern patch from Cryptid\lovely\equilibrium.toml resulted in no matches
WARN - [♥] Pattern 'function generate_card_ui(_c, full_UI_table, specific_vars, card_type, badges, hide_desc, main_start, main_end)' on target 'functions/common_events.lua' for pattern patch from Cryptid\lovely\lib_misc.toml resulted in no matches
WARN - [♥] Pattern 'elseif v.boss.showdown and (G.GAME.round_resets.ante)%G.GAME.win_ante == 0 and G.GAME.round_resets.ante >= 2 then' on target 'functions/common_events.lua' for pattern patch from Cryptid\lovely\stake.toml resulted in no matches
WARN - [♥] Pattern 'if num_dollars > 60 then' on target 'functions/common_events.lua' for pattern patch from Talisman\lovely.toml resulted in no matches
WARN - [♥] Pattern 'func = (function() if eval_func(card) then if not first or first then card:juice_up(0.1, 0.1) end;juice_card_until(card, eval_func, nil, 0.8) end return true end)' on target 'functions/common_events.lua' for pattern patch from Talisman\lovely.toml resulted in no matches
INFO - [♥] Applied 177 patches to 'functions/common_events.lua'
WARN - [♥] Pattern 'if ((G.GAME.dollars-G.GAME.bankrupt_at) - 10 >= 0) and' on target 'functions/button_callbacks.lua' for pattern patch from Talisman\lovely.toml resulted in no matches
INFO - [♥] Applied 75 patches to 'functions/button_callbacks.lua'
WARN - [♥] Pattern 'if G.GAME.blind and G.GAME.blind.in_blind then G.E_MANAGER:add_event(Event({ func = function() G.GAME.blind:set_blind(nil, true, nil); return true end })) end' on target 'card.lua' for pattern patch from Steamodded\lovely\calculate_card_added.toml resulted in 2 matches, wanted 1
WARN - [♥] Ignoring excess matches
WARN - [♥] Pattern 'if self.ability.name == \'Campfire\' and G.GAME.blind.boss and not (G.GAME.blind.config and G.GAME.blind.config.bonus) and self.ability.x_mult > 1 then' on target 'card.lua' for pattern patch from Cryptid\lovely\misc.toml resulted in no matches
WARN - [♥] Pattern 'if self.ability.name:find(\'Arcana\') then' on target 'card.lua' for pattern patch from Cryptid\lovely\misprint.toml resulted in no matches
WARN - [♥] Pattern 'if self.ability.name == \'The Hermit\' or self.ability.consumeable.hand_type or self.ability.name == \'Temperance\' or self.ability.name == \'Black Hole\' then' on target 'card.lua' for pattern patch from Cryptid\lovely\stake.toml resulted in no matches
WARN - [♥] Pattern 'if self.ability.queue_negative_removal then' on target 'card.lua' for pattern patch from Cryptid\lovely\sticker.toml resulted in no matches
WARN - [♥] Pattern 'G.GAME.current_round.voucher = nil' on target 'card.lua' for pattern patch from Cryptid\lovely\Voucher.toml resulted in no matches
WARN - [♥] Pattern 'if G.GAME.blind then G.E_MANAGER:add_event(Event({ func = function() G.GAME.blind:set_blind(nil, true, nil); return true end })) end' on target 'card.lua' for pattern patch from Talisman\lovely.toml resulted in no matches
WARN - [♥] Pattern 'x_mult = center.config.Xmult or 1,' on target 'card.lua' for pattern patch from Talisman\lovely.toml resulted in no matches
WARN - [♥] Pattern 'elseif self.ability.name == \'Business Card\' then loc_vars = {\'\'..(G.GAME and G.GAME.probabilities.normal or 1), self.ability.extra}' on target 'card.lua' for pattern patch from Cryptid\lovely\Probability.toml resulted in no matches
WARN - [♥] Pattern 'pseudorandom(\'business\') < G.GAME.probabilities.normal/self.ability.extra then' on target 'card.lua' for pattern patch from Cryptid\lovely\Probability.toml resulted in no matches
WARN - [♥] Pattern 'local currentBack = self.params.viewed_back and G.GAME.viewed_back or G.GAME.selected_back' on target 'card.lua' for pattern patch from Galdur\lovely.toml resulted in no matches
INFO - [♥] Applied 250 patches to 'card.lua'
WARN - [♥] Pattern 'local stay_flipped = G.GAME and G.GAME.blind and G.GAME.blind:stay_flipped(self, card)' on target 'cardarea.lua' for pattern patch from Cartomancer\lovely\limit-deck-size.toml resulted in no matches
INFO - [♥] Applied 25 patches to 'cardarea.lua'
INFO - [♥] Applied 40 patches to 'blind.lua'
INFO - [♥] Applied 2 patches to 'card_character.lua'
INFO - [♥] Applied 5 patches to 'engine/text.lua'
INFO - [♥] Applied 2 patches to '=[SMODS _ "src/utils.lua"]'
INFO - [♥] Applied 8 patches to '=[SMODS _ "src/overrides.lua"]'
INFO - [♥] Applied 1 patch to '=[SMODS _ "src/game_object.lua"]'
INFO - [G] Failed to connect to the debug server
INFO - [G] 2025-04-08 12:23:30 :: DEBUG :: DebugConsole :: Steamodded Debug Socket started !
INFO - [G] 2025-04-08 12:23:30 :: INFO  :: SMODS :: Steamodded v1.0.0~BETA-0401a
INFO - [G] [Blueprint] Starting to load config
INFO - [G] [Blueprint] Reading config file: 
INFO - [G] [Blueprint] return {
	["INTERNAL_debug"] = false,
	["hello"] = true,
}
INFO - [♥] Applied 9 patches to 'engine/sound_manager.lua'
INFO - [♥] Applied 3 patches to 'engine/save_manager.lua'
INFO - [♥] Applied 2 patches to 'engine/string_packer.lua'
INFO - [G] Loaded all Blueprint mod shaders successfully
INFO - [♥] Applied 4 patches to '=[SMODS _ "src/card_draw.lua"]'
INFO - [G] 2025-04-08 12:23:38 :: TRACE :: Loader :: Processing Mod file (Legacy header): BetterMouseAndGamepad_v1.0.6c.lua
INFO - [G] 2025-04-08 12:23:38 :: TRACE :: Loader :: Saving Mod Info: BetterMouseAndGamepad
INFO - [G] 2025-04-08 12:23:38 :: TRACE :: Loader :: Processing Mod file (Legacy header): BetterMouseAndGamepad_v1.0.5d.lua
INFO - [G] 2025-04-08 12:23:38 :: WARN  :: Loader :: Duplicate Mod ID: BetterMouseAndGamepad
INFO - [G] 2025-04-08 12:23:38 :: WARN  :: Loader :: Duplicate Mod prefix bmag_k used by BetterMouseAndGamepad, BetterMouseAndGamepad
INFO - [G] 2025-04-08 12:23:38 :: TRACE :: Loader :: Processing Mod file (Legacy header): mod.lua
INFO - [G] 2025-04-08 12:23:38 :: TRACE :: Loader :: Saving Mod Info: blueprint
INFO - [G] 2025-04-08 12:23:38 :: ERROR :: Loader :: Found invalid metadata JSON file at C:\Users\easto\AppData\Roaming\Balatro\Mods/Brainstorm/manifest.json, ignoring: [SMODS _ "src/loader.lua"]:226: id
INFO - [G] 2025-04-08 12:23:38 :: TRACE :: Loader :: Processing Mod file (Legacy header): mod.lua
INFO - [G] 2025-04-08 12:23:38 :: TRACE :: Loader :: Saving Mod Info: cartomancer
INFO - [G] 2025-04-08 12:23:38 :: INFO  :: Loader :: Valid JSON file found
INFO - [G] 2025-04-08 12:23:43 :: INFO  :: Loader :: Valid JSON file found
INFO - [G] 2025-04-08 12:23:43 :: INFO  :: Loader :: Valid JSON file found
INFO - [G] 2025-04-08 12:23:43 :: INFO  :: Loader :: Valid JSON file found
INFO - [G] 2025-04-08 12:23:44 :: TRACE :: Loader :: Processing Mod file (Legacy header): PreorderCards.lua
INFO - [G] 2025-04-08 12:23:44 :: TRACE :: Loader :: Saving Mod Info: preorder_cards
INFO - [G] 2025-04-08 12:23:44 :: TRACE :: Loader :: Processing Mod file (Legacy header): steamodded_metadata.lua
INFO - [G] 2025-04-08 12:23:44 :: TRACE :: Loader :: Saving Mod Info: Talisman
INFO - [G] 2025-04-08 12:23:44 :: TRACE :: Loader :: Processing Mod file (Legacy header): IOSAdaptation.lua
INFO - [G] 2025-04-08 12:23:44 :: TRACE :: Loader :: Saving Mod Info: IOSAdaptation
INFO - [G] 2025-04-08 12:23:44 :: TRACE :: Loader :: Processing Mod file (Legacy header): UltraHand.lua
INFO - [G] 2025-04-08 12:23:44 :: TRACE :: Loader :: Saving Mod Info: UltraHand
INFO - [G] 2025-04-08 12:23:44 :: DEBUG :: DefaultLogger :: IOS Adaptation!
INFO - [G] 2025-04-08 12:23:44 :: TRACE :: Loader :: Mod extracredit was unable to load: Missing Dependencies: 1: Steamodded (>=1.0.0~ALPHA-1423g) (<=1.0.0~BETA-0312b)


INFO - [G] [CRYPTID] Loading library file ascended.lua
INFO - [G] [CRYPTID] Loading library file calculate.lua
INFO - [G] [CRYPTID] Loading library file content.lua
INFO - [G] [CRYPTID] Loading library file cross-mod.lua
INFO - [G] [CRYPTID] Loading library file d20.lua
INFO - [G] [CRYPTID] Loading library file event.lua
INFO - [G] [CRYPTID] Loading library file gameset.lua
INFO - [G] [CRYPTID] Loading library file https.lua
INFO - [G] 2025-04-08 12:23:44 :: DEBUG :: SMODS.https :: Using https module backend
INFO - [G] [CRYPTID] Loading library file misc.lua
INFO - [G] [CRYPTID] Loading library file misprintize.lua
INFO - [G] [CRYPTID] Loading library file modifiers.lua
INFO - [G] 2025-04-08 12:23:44 :: WARN  :: Sticker :: Detected duplicate register call on object perishable
INFO - [G] 2025-04-08 12:23:44 :: WARN  :: Sticker :: Detected duplicate register call on object pinned
INFO - [G] 2025-04-08 12:23:44 :: WARN  :: Sticker :: Detected duplicate register call on object eternal
INFO - [G] 2025-04-08 12:23:44 :: WARN  :: Sticker :: Detected duplicate register call on object rental
INFO - [G] [CRYPTID] Loading library file notifications.lua
INFO - [G] [CRYPTID] Loading library file overrides.lua
INFO - [G] [CRYPTID] Loading library file ui.lua
INFO - [G] [CRYPTID] Loading file achievement.lua
INFO - [G] [CRYPTID] Loading file blind.lua
INFO - [G] [CRYPTID] Loading file challenge.lua
INFO - [G] [CRYPTID] Loading file code.lua
INFO - [G] [CRYPTID] Loading file deck.lua
INFO - [G] [CRYPTID] Loading file enhanced.lua
INFO - [G] [CRYPTID] Loading file epic.lua
INFO - [G] [CRYPTID] Loading file exotic.lua
INFO - [G] [CRYPTID] Loading file joker_display.lua
INFO - [G] [CRYPTID] Loading file m.lua
INFO - [G] [CRYPTID] Loading file misc.lua
INFO - [G] [CRYPTID] Loading file misc_joker.lua
INFO - [G] [CRYPTID] Loading file planet.lua
INFO - [G] [CRYPTID] Loading file sleeve.lua
INFO - [G] [CRYPTID] Loading file spectral.lua
INFO - [G] [CRYPTID] Loading file spooky.lua
INFO - [G] [CRYPTID] Loading file stake.lua
INFO - [G] [CRYPTID] Loading file tag.lua
INFO - [G] [CRYPTID] Loading file test.lua
INFO - [G] [CRYPTID] Loading file voucher.lua
INFO - [G] 2025-04-08 12:23:44 :: WARN  :: Atlas :: Object cry_effarcire has the same key as an existing object, not registering.
INFO - [G] 2025-04-08 12:23:44 :: WARN  :: Atlas :: If you want to modify an existing object, use take_ownership()
INFO - [G] 2025-04-08 12:23:44 :: INFO  :: TIMER :: [0000] Injected Language in 0.004 ms
INFO - [G] 2025-04-08 12:23:44 :: INFO  :: TIMER :: [0000] Injected [INTERNAL] in 53.157 ms
INFO - [G] 2025-04-08 12:23:46 :: INFO  :: TIMER :: [0032] Injected Atlas in 1554.264 ms
INFO - [G] 2025-04-08 12:23:49 :: INFO  :: TIMER :: [0030] Injected Sound in 2819.888 ms
INFO - [G] 2025-04-08 12:23:49 :: INFO  :: TIMER :: [0032] Injected Stake in 2.858 ms
INFO - [G] 2025-04-08 12:23:49 :: INFO  :: TIMER :: [0008] Injected Rarity in 0.106 ms
INFO - [G] 2025-04-08 12:23:49 :: INFO  :: TIMER :: [0010] Injected ObjectType in 0.240 ms
INFO - [G] 2025-04-08 12:23:49 :: INFO  :: TIMER :: [0390] Injected Center in 3.740 ms
INFO - [G] 2025-04-08 12:23:49 :: INFO  :: TIMER :: [0009] Injected Undiscovered Sprite in 0.028 ms
INFO - [G] 2025-04-08 12:23:49 :: INFO  :: TIMER :: [0028] Injected Blind in 0.356 ms
INFO - [G] 2025-04-08 12:23:49 :: INFO  :: TIMER :: [0006] Injected Seal in 0.573 ms
INFO - [G] 2025-04-08 12:23:49 :: INFO  :: TIMER :: [0004] Injected Suit in 0.303 ms
INFO - [G] 2025-04-08 12:23:49 :: INFO  :: TIMER :: [0013] Injected Rank in 0.478 ms
INFO - [G] 2025-04-08 12:23:49 :: INFO  :: TIMER :: [0028] Injected DeckSkin in 0.498 ms
INFO - [G] 2025-04-08 12:23:49 :: INFO  :: TIMER :: [0016] Injected PokerHand in 0.489 ms
INFO - [G] 2025-04-08 12:23:49 :: INFO  :: TIMER :: [0031] Injected Challenge in 0.486 ms
INFO - [G] 2025-04-08 12:23:49 :: INFO  :: TIMER :: [0028] Injected Tag in 0.485 ms
INFO - [G] 2025-04-08 12:23:49 :: INFO  :: TIMER :: [0010] Injected Sticker in 2.070 ms
INFO - [G] 2025-04-08 12:23:50 :: INFO  :: TIMER :: [0009] Injected Shader in 1205.138 ms
INFO - [G] 2025-04-08 12:23:50 :: INFO  :: TIMER :: [0002] Injected Keybind in 0.027 ms
INFO - [G] 2025-04-08 12:23:50 :: INFO  :: TIMER :: [0021] Injected Achievement in 0.229 ms
INFO - [G] 2025-04-08 12:23:50 :: INFO  :: TIMER :: [0002] Injected nil in 0.036 ms
INFO - [G] 2025-04-08 12:23:50 :: INFO  :: TIMER :: [0023] Injected Draw Step in 0.286 ms
INFO - [G] 2025-04-08 12:23:50 :: INFO  :: TIMER :: [0000] Injected [INTERNAL] in 183.844 ms
INFO - [G] 2025-04-08 12:23:50 :: INFO  :: TIMER :: [0011] Injected Other in 0.065 ms
INFO - [♥] Applied 1 patch to '=[SMODS _ "smods-https-thread.lua"]'
INFO - [G] 2025-04-08 12:23:57 :: DEBUG :: SMODS.https(1) :: Using https module backend
INFO - [G] ERROR LOADING GAME: Card area 'shop_jokers' not instantiated before load
INFO - [G] ERROR LOADING GAME: Card area 'shop_vouchers' not instantiated before load
INFO - [G] ERROR LOADING GAME: Card area 'shop_booster' not instantiated before load
INFO - [G] LONG DT @ 21: 0.066045220793574
INFO - [G] LONG DT @ 21: 0.05680469663486
INFO - [♥] Applied 1 patch to '=[SMODS _ "smods-https-thread.lua"]'
INFO - [G] 2025-04-08 12:24:59 :: DEBUG :: SMODS.https(2) :: Using https module backend
INFO - [G] LONG DT @ 77: 0.057896060289608
INFO - [G] LONG DT @ 77: 0.051184328231688
INFO - [G] LONG DT @ 106: 0.052143261504502
INFO - [♥] Applied 1 patch to '=[SMODS _ "smods-https-thread.lua"]'
INFO - [G] 2025-04-08 12:26:00 :: DEBUG :: SMODS.https(3) :: Using https module backend
INFO - [G] LONG DT @ 186: 0.094633386918999
INFO - [G] LONG DT @ 186: 0.0788292095352
INFO - [G] LONG DT @ 186: 0.06660754762816
INFO - [G] LONG DT @ 186: 0.05681897810253
INFO - [G] LONG DT @ 190: 0.070620067226041
INFO - [G] LONG DT @ 190: 0.062748533780834
INFO - [G] LONG DT @ 190: 0.053627447024667
INFO - [♥] Applied 1 patch to '=[SMODS _ "smods-https-thread.lua"]'
INFO - [G] 2025-04-08 12:27:00 :: DEBUG :: SMODS.https(4) :: Using https module backend
INFO - [G] LONG DT @ 226: 0.056115375929968
INFO - [♥] Applied 1 patch to '=[SMODS _ "smods-https-thread.lua"]'
INFO - [G] 2025-04-08 12:28:00 :: DEBUG :: SMODS.https(5) :: Using https module backend
INFO - [G] LONG DT @ 314: 0.060646447187798
INFO - [G] LONG DT @ 314: 0.051895897750232
INFO - [♥] Applied 1 patch to '=[SMODS _ "smods-https-thread.lua"]'
INFO - [G] 2025-04-08 12:29:01 :: DEBUG :: SMODS.https(6) :: Using https module backend
INFO - [G] LONG DT @ 318: 0.055233762738337
INFO - [G] LONG DT @ 362: 0.1
INFO - [G] LONG DT @ 362: 0.084594899999995
INFO - [G] LONG DT @ 362: 0.071787579999997
INFO - [G] LONG DT @ 362: 0.061352444000003
INFO - [G] LONG DT @ 362: 0.053540315200004
INFO - [♥] Applied 1 patch to '=[SMODS _ "smods-https-thread.lua"]'
INFO - [G] 2025-04-08 12:30:02 :: DEBUG :: SMODS.https(7) :: Using https module backend
INFO - [G] LONG DT @ 424: 0.053835232849193
INFO - [G] LONG DT @ 424: 0.1
INFO - [G] LONG DT @ 424: 0.083069480000011
INFO - [G] LONG DT @ 425: 0.069847324000003
INFO - [G] LONG DT @ 425: 0.059492799200003
INFO - [G] LONG DT @ 425: 0.05069025936
INFO - [G] LONG DT @ 429: 0.065220672834741
INFO - [G] LONG DT @ 429: 0.055427418267789
INFO - [♥] Applied 1 patch to '=[SMODS _ "smods-https-thread.lua"]'
INFO - [G] 2025-04-08 12:31:17 :: DEBUG :: SMODS.https(8) :: Using https module backend
INFO - [♥] Applied 1 patch to '=[SMODS _ "smods-https-thread.lua"]'
INFO - [G] 2025-04-08 12:32:17 :: DEBUG :: SMODS.https(9) :: Using https module backend
INFO - [G] LONG DT @ 571: 0.1
INFO - [G] LONG DT @ 571: 0.08482649999999
INFO - [G] LONG DT @ 571: 0.071567980000008
INFO - [G] LONG DT @ 571: 0.060225984000007
INFO - [G] LONG DT @ 571: 0.051565187199987
INFO - [♥] Applied 1 patch to '=[SMODS _ "smods-https-thread.lua"]'
INFO - [G] 2025-04-08 12:33:18 :: DEBUG :: SMODS.https(10) :: Using https module backend
INFO - [G] LONG DT @ 575: 0.056882638559908
INFO - [♥] Applied 1 patch to '=[SMODS _ "smods-https-thread.lua"]'
INFO - [G] 2025-04-08 12:34:18 :: DEBUG :: SMODS.https(11) :: Using https module backend
INFO - [♥] Applied 1 patch to '=[SMODS _ "smods-https-thread.lua"]'
INFO - [G] 2025-04-08 12:35:19 :: DEBUG :: SMODS.https(12) :: Using https module backend
INFO - [G] LONG DT @ 718: 0.1
INFO - [G] LONG DT @ 718: 0.085141380000009
INFO - [G] LONG DT @ 718: 0.071551864000002
INFO - [G] LONG DT @ 718: 0.060649631200012
INFO - [G] LONG DT @ 718: 0.051751764960014
INFO - [G] LONG DT @ 722: 0.055842365761796
INFO - [♥] Applied 1 patch to '=[SMODS _ "smods-https-thread.lua"]'
INFO - [G] 2025-04-08 12:36:19 :: DEBUG :: SMODS.https(13) :: Using https module backend
INFO - [♥] Applied 1 patch to '=[SMODS _ "smods-https-thread.lua"]'
INFO - [G] 2025-04-08 12:37:19 :: DEBUG :: SMODS.https(14) :: Using https module backend
INFO - [♥] Applied 1 patch to '=[SMODS _ "smods-https-thread.lua"]'
INFO - [G] 2025-04-08 12:38:20 :: DEBUG :: SMODS.https(15) :: Using https module backend
INFO - [G] LONG DT @ 924: 0.1
INFO - [G] LONG DT @ 924: 0.085293319999987
INFO - [G] LONG DT @ 924: 0.071589495999987
INFO - [G] LONG DT @ 924: 0.060623676800003
INFO - [G] LONG DT @ 924: 0.051858601440003
INFO - [G] LONG DT @ 928: 0.057517522995901
INFO - [♥] Applied 1 patch to '=[SMODS _ "smods-https-thread.lua"]'
INFO - [G] 2025-04-08 12:39:20 :: DEBUG :: SMODS.https(16) :: Using https module backend
INFO - [♥] Applied 1 patch to '=[SMODS _ "smods-https-thread.lua"]'
INFO - [G] 2025-04-08 12:40:21 :: DEBUG :: SMODS.https(17) :: Using https module backend
INFO - [♥] Applied 1 patch to '=[SMODS _ "smods-https-thread.lua"]'
INFO - [G] 2025-04-08 12:41:21 :: DEBUG :: SMODS.https(18) :: Using https module backend
INFO - [G] LONG DT @ 1103: 0.1
INFO - [G] LONG DT @ 1103: 0.083900560000011
INFO - [G] LONG DT @ 1103: 0.070444688000038
INFO - [G] LONG DT @ 1103: 0.059695530400018
INFO - [G] LONG DT @ 1103: 0.051098784320002
INFO - [G] LONG DT @ 1107: 0.058631470055548
INFO - [G] LONG DT @ 1107: 0.05147645604442
INFO - [♥] Applied 1 patch to '=[SMODS _ "smods-https-thread.lua"]'
INFO - [G] 2025-04-08 12:42:22 :: DEBUG :: SMODS.https(19) :: Using https module backend
INFO - [♥] Applied 1 patch to '=[SMODS _ "smods-https-thread.lua"]'
INFO - [G] 2025-04-08 12:43:22 :: DEBUG :: SMODS.https(20) :: Using https module backend
INFO - [♥] Applied 1 patch to '=[SMODS _ "smods-https-thread.lua"]'
INFO - [G] 2025-04-08 12:44:22 :: DEBUG :: SMODS.https(21) :: Using https module backend
INFO - [G] LONG DT @ 1282: 0.1
INFO - [G] LONG DT @ 1282: 0.084094099999975
INFO - [G] LONG DT @ 1282: 0.071679539999981
INFO - [G] LONG DT @ 1282: 0.060810291999988
INFO - [G] LONG DT @ 1282: 0.052254233600027
INFO - [G] LONG DT @ 1286: 0.058216524495433
INFO - [G] LONG DT @ 1286: 0.051570979596361
INFO - [♥] Applied 1 patch to '=[SMODS _ "smods-https-thread.lua"]'
INFO - [G] 2025-04-08 12:45:23 :: DEBUG :: SMODS.https(22) :: Using https module backend
INFO - [♥] Applied 1 patch to '=[SMODS _ "smods-https-thread.lua"]'
INFO - [G] 2025-04-08 12:46:23 :: DEBUG :: SMODS.https(23) :: Using https module backend
INFO - [♥] Applied 1 patch to '=[SMODS _ "smods-https-thread.lua"]'
INFO - [G] 2025-04-08 12:47:23 :: DEBUG :: SMODS.https(24) :: Using https module backend
INFO - [G] LONG DT @ 1464: 0.1
INFO - [G] LONG DT @ 1464: 0.083261200000043
INFO - [G] LONG DT @ 1464: 0.069959599999997
INFO - [G] LONG DT @ 1464: 0.05950502
INFO - [G] LONG DT @ 1464: 0.050765736000025
INFO - [G] LONG DT @ 1468: 0.056456126393843
INFO - [♥] Applied 1 patch to '=[SMODS _ "smods-https-thread.lua"]'
INFO - [G] 2025-04-08 12:48:24 :: DEBUG :: SMODS.https(25) :: Using https module backend
INFO - [♥] Applied 1 patch to '=[SMODS _ "smods-https-thread.lua"]'
INFO - [G] 2025-04-08 12:49:24 :: DEBUG :: SMODS.https(26) :: Using https module backend
INFO - [♥] Applied 1 patch to '=[SMODS _ "smods-https-thread.lua"]'
INFO - [G] 2025-04-08 12:50:25 :: DEBUG :: SMODS.https(27) :: Using https module backend
INFO - [G] LONG DT @ 1643: 0.1
INFO - [G] LONG DT @ 1643: 0.082819700000009
INFO - [G] LONG DT @ 1644: 0.0697384
INFO - [G] LONG DT @ 1644: 0.059245379999989
INFO - [G] LONG DT @ 1644: 0.050640883999991
INFO - [G] LONG DT @ 1648: 0.053594664994012
INFO - [G] LONG DT @ 1648: 0.051723391995202
INFO - [♥] Applied 1 patch to '=[SMODS _ "smods-https-thread.lua"]'
INFO - [G] 2025-04-08 12:51:25 :: DEBUG :: SMODS.https(28) :: Using https module backend
INFO - [♥] Applied 1 patch to '=[SMODS _ "smods-https-thread.lua"]'
INFO - [G] 2025-04-08 12:52:26 :: DEBUG :: SMODS.https(29) :: Using https module backend
INFO - [♥] Applied 1 patch to '=[SMODS _ "smods-https-thread.lua"]'
INFO - [G] 2025-04-08 12:53:26 :: DEBUG :: SMODS.https(30) :: Using https module backend
INFO - [G] LONG DT @ 1822: 0.1
INFO - [G] LONG DT @ 1822: 0.083916580000032
INFO - [G] LONG DT @ 1822: 0.070494984000001
INFO - [G] LONG DT @ 1822: 0.059890947200035
INFO - [G] LONG DT @ 1822: 0.051098057760024
INFO - [G] LONG DT @ 1826: 0.062269878483144
INFO - [G] LONG DT @ 1826: 0.052480542786527
INFO - [♥] Applied 1 patch to '=[SMODS _ "smods-https-thread.lua"]'
INFO - [G] 2025-04-08 12:54:27 :: DEBUG :: SMODS.https(31) :: Using https module backend
INFO - [♥] Applied 1 patch to '=[SMODS _ "smods-https-thread.lua"]'
INFO - [G] 2025-04-08 12:55:27 :: DEBUG :: SMODS.https(32) :: Using https module backend
INFO - [♥] Applied 1 patch to '=[SMODS _ "smods-https-thread.lua"]'
INFO - [G] 2025-04-08 12:56:27 :: DEBUG :: SMODS.https(33) :: Using https module backend
INFO - [G] LONG DT @ 2002: 0.1
INFO - [G] LONG DT @ 2002: 0.083237059999992
INFO - [G] LONG DT @ 2002: 0.069987408000001
INFO - [G] LONG DT @ 2002: 0.059442126399993
INFO - [G] LONG DT @ 2002: 0.050742901119992
INFO - [G] LONG DT @ 2007: 0.057449445690578
INFO - [♥] Applied 1 patch to '=[SMODS _ "smods-https-thread.lua"]'
INFO - [G] 2025-04-08 12:57:28 :: DEBUG :: SMODS.https(34) :: Using https module backend
INFO - [♥] Applied 1 patch to '=[SMODS _ "smods-https-thread.lua"]'
INFO - [G] 2025-04-08 12:58:28 :: DEBUG :: SMODS.https(35) :: Using https module backend
INFO - [♥] Applied 1 patch to '=[SMODS _ "smods-https-thread.lua"]'
INFO - [G] 2025-04-08 12:59:29 :: DEBUG :: SMODS.https(36) :: Using https module backend
INFO - [G] LONG DT @ 2184: 0.1
INFO - [G] LONG DT @ 2184: 0.083403640000033
INFO - [G] LONG DT @ 2185: 0.070090332000022
INFO - [G] LONG DT @ 2185: 0.059575605599969
INFO - [G] LONG DT @ 2185: 0.050898084479987
INFO - [G] LONG DT @ 2189: 0.058544239243303
INFO - [G] LONG DT @ 2189: 0.050409991394598
INFO - [♥] Applied 1 patch to '=[SMODS _ "smods-https-thread.lua"]'
INFO - [G] 2025-04-08 13:00:29 :: DEBUG :: SMODS.https(37) :: Using https module backend
INFO - [♥] Applied 1 patch to '=[SMODS _ "smods-https-thread.lua"]'
INFO - [G] 2025-04-08 13:01:29 :: DEBUG :: SMODS.https(38) :: Using https module backend
INFO - [♥] Applied 1 patch to '=[SMODS _ "smods-https-thread.lua"]'
INFO - [G] 2025-04-08 13:02:30 :: DEBUG :: SMODS.https(39) :: Using https module backend
INFO - [G] LONG DT @ 2362: 0.1
INFO - [G] LONG DT @ 2362: 0.083328460000012
INFO - [G] LONG DT @ 2362: 0.070060187999974
INFO - [G] LONG DT @ 2362: 0.060063770399952
INFO - [G] LONG DT @ 2362: 0.050600916319993
INFO - [G] LONG DT @ 2366: 0.056777645405036
INFO - [G] LONG DT @ 2366: 0.051816356324037
INFO - [♥] Applied 1 patch to '=[SMODS _ "smods-https-thread.lua"]'
INFO - [G] 2025-04-08 13:03:30 :: DEBUG :: SMODS.https(40) :: Using https module backend
INFO - [♥] Applied 1 patch to '=[SMODS _ "smods-https-thread.lua"]'
INFO - [G] 2025-04-08 13:04:31 :: DEBUG :: SMODS.https(41) :: Using https module backend
INFO - [♥] Applied 1 patch to '=[SMODS _ "smods-https-thread.lua"]'
INFO - [G] 2025-04-08 13:05:31 :: DEBUG :: SMODS.https(42) :: Using https module backend
INFO - [G] LONG DT @ 2543: 0.1
INFO - [G] LONG DT @ 2544: 0.083303500000038
INFO - [G] LONG DT @ 2544: 0.069983539999961
INFO - [G] LONG DT @ 2544: 0.059521632000003
INFO - [G] LONG DT @ 2544: 0.050774605600023
INFO - [G] LONG DT @ 2548: 0.061378836692866
INFO - [G] LONG DT @ 2548: 0.054736109354359
