INFO - [♥] Lovely 0.7.1
INFO - [♥] Game directory is at "C:\\Users\\easto\\Downloads\\Balatro.v1.0.1o\\Balatro.v1.0.1o\\game"
INFO - [♥] Writing logs to "C:\\Users\\easto\\AppData\\Roaming\\Balatro\\Mods\\lovely\\log"
INFO - [♥] Using mod directory at "C:\\Users\\easto\\AppData\\Roaming\\Balatro\\Mods"
INFO - [♥] Cleaning up dumps directory at "C:\\Users\\easto\\AppData\\Roaming\\Balatro\\Mods\\lovely\\dump"
INFO - [♥] Initialization complete in 2591ms
WARN - [♥] Pattern 'modded and {' on target 'main.lua' for pattern patch from Cartomancer\lovely\stackable-deck-steamodded-0.9.8.toml resulted in no matches
INFO - [♥] Applied 22 patches to 'main.lua'
INFO - [♥] Applied 7 patches to 'engine/controller.lua'
INFO - [♥] Applied 15 patches to 'back.lua'
INFO - [♥] Applied 7 patches to 'tag.lua'
INFO - [♥] Applied 1 patch to 'engine/moveable.lua'
INFO - [♥] Applied 2 patches to 'engine/sprite.lua'
INFO - [♥] Applied 2 patches to 'engine/animatedsprite.lua'
INFO - [♥] Applied 48 patches to 'functions/misc_functions.lua'
INFO - [♥] Applied 37 patches to 'game.lua'
INFO - [♥] Applied 1 patch to 'globals.lua'
WARN - [♥] Pattern 'self.config.chosen = true' on target 'engine/ui.lua' for pattern patch from Cartomancer\lovely\vanilla-ui.toml resulted in no matches
INFO - [♥] Applied 4 patches to 'engine/ui.lua'
INFO - [♥] Applied 93 patches to 'functions/UI_definitions.lua'
WARN - [♥] Pattern 'if effects[ii].card then' on target 'functions/state_events.lua' for pattern patch from Saturn\lovely\rem_anim.toml resulted in no matches
INFO - [♥] Applied 44 patches to 'functions/state_events.lua'
WARN - [♥] Pattern 'func = (function() if eval_func(card) then if not first or first then card:juice_up(0.1, 0.1) end;juice_card_until(card, eval_func, nil, 0.8) end return true end)' on target 'functions/common_events.lua' for pattern patch from Saturn\lovely\rem_anim.toml resulted in no matches
WARN - [♥] Pattern 'local stay_flipped = G.GAME and G.GAME.blind and G.GAME.blind:stay_flipped(to, card)' on target 'functions/common_events.lua' for pattern patch from Cartomancer\lovely\limit-deck-size.toml resulted in no matches
INFO - [♥] Applied 108 patches to 'functions/common_events.lua'
INFO - [♥] Applied 48 patches to 'functions/button_callbacks.lua'
WARN - [♥] Pattern 'if G.GAME.blind and G.GAME.blind.in_blind then G.E_MANAGER:add_event(Event({ func = function() G.GAME.blind:set_blind(nil, true, nil); return true end })) end' on target 'card.lua' for pattern patch from Steamodded\lovely\calculate_card_added.toml resulted in 2 matches, wanted 1
WARN - [♥] Ignoring excess matches
WARN - [♥] Pattern 'if G.GAME.blind then G.E_MANAGER:add_event(Event({ func = function() G.GAME.blind:set_blind(nil, true, nil); return true end })) end' on target 'card.lua' for pattern patch from Saturn\lovely\rem_anim.toml resulted in no matches
WARN - [♥] Pattern 'Xmult_mod = G.P_CENTERS.v_observatory.config.extra' on target 'card.lua' for pattern patch from Saturn\lovely\stack.toml resulted in no matches
INFO - [♥] Applied 157 patches to 'card.lua'
WARN - [♥] Pattern 'local stay_flipped = G.GAME and G.GAME.blind and G.GAME.blind:stay_flipped(self, card)' on target 'cardarea.lua' for pattern patch from Cartomancer\lovely\limit-deck-size.toml resulted in no matches
INFO - [♥] Applied 13 patches to 'cardarea.lua'
INFO - [♥] Applied 36 patches to 'blind.lua'
INFO - [♥] Applied 2 patches to 'engine/text.lua'
INFO - [♥] Applied 4 patches to '=[SMODS _ "src/overrides.lua"]'
INFO - [G] Failed to connect to the debug server
INFO - [G] 2025-03-25 14:36:25 :: DEBUG :: DebugConsole :: Steamodded Debug Socket started !
INFO - [G] [Blueprint] Starting to load config
INFO - [G] [Blueprint] Reading config file: 
INFO - [G] [Blueprint] return { 
  ["INTERNAL_debug"] = false,
  ["hello"] = true,
}
INFO - [♥] Applied 9 patches to 'engine/sound_manager.lua'
INFO - [♥] Applied 1 patch to 'engine/save_manager.lua'
INFO - [G] Loaded all Blueprint mod shaders successfully
INFO - [G] 2025-03-25 14:36:34 :: TRACE :: Loader :: Processing Mod file (Legacy header): PreorderCards.lua
INFO - [G] 2025-03-25 14:36:34 :: TRACE :: Loader :: Saving Mod Info: preorder_cards
INFO - [G] 2025-03-25 14:36:34 :: TRACE :: Loader :: Processing Mod file (Legacy header): mod.lua
INFO - [G] 2025-03-25 14:36:34 :: TRACE :: Loader :: Saving Mod Info: blueprint
INFO - [G] 2025-03-25 14:36:35 :: TRACE :: Loader :: Processing Mod file (Legacy header): mod.lua
INFO - [G] 2025-03-25 14:36:35 :: TRACE :: Loader :: Saving Mod Info: cartomancer
INFO - [G] 2025-03-25 14:36:35 :: ERROR :: Loader :: Found invalid metadata JSON file at C:\Users\easto\AppData\Roaming\Balatro\Mods/Saturn/.vscode/settings.json, ignoring: [lovely json "libs/json/json.lua"]:185: expected string for key at line 4 col 3
INFO - [G] 2025-03-25 14:36:35 :: INFO  :: TIMER :: [0000] Injected Language in 0.002 ms
INFO - [G] 2025-03-25 14:36:35 :: INFO  :: TIMER :: [0000] Injected [INTERNAL] in 43.394 ms
INFO - [G] 2025-03-25 14:36:36 :: INFO  :: TIMER :: [0002] Injected Atlas in 1161.309 ms
INFO - [G] 2025-03-25 14:36:36 :: INFO  :: TIMER :: [0001] Injected Sound in 28.072 ms
INFO - [G] 2025-03-25 14:36:36 :: INFO  :: TIMER :: [0008] Injected Stake in 0.784 ms
INFO - [G] 2025-03-25 14:36:36 :: INFO  :: TIMER :: [0004] Injected Rarity in 0.055 ms
INFO - [G] 2025-03-25 14:36:36 :: INFO  :: TIMER :: [0004] Injected ObjectType in 0.215 ms
INFO - [G] 2025-03-25 14:36:36 :: INFO  :: TIMER :: [0048] Injected Center in 1.902 ms
INFO - [G] 2025-03-25 14:36:36 :: INFO  :: TIMER :: [0007] Injected Undiscovered Sprite in 0.027 ms
INFO - [G] 2025-03-25 14:36:36 :: INFO  :: TIMER :: [0002] Injected Blind in 0.166 ms
INFO - [G] 2025-03-25 14:36:36 :: INFO  :: TIMER :: [0004] Injected Seal in 0.346 ms
INFO - [G] 2025-03-25 14:36:36 :: INFO  :: TIMER :: [0004] Injected Suit in 0.292 ms
INFO - [G] 2025-03-25 14:36:36 :: INFO  :: TIMER :: [0013] Injected Rank in 0.407 ms
INFO - [G] 2025-03-25 14:36:36 :: INFO  :: TIMER :: [0028] Injected DeckSkin in 1.042 ms
INFO - [G] 2025-03-25 14:36:36 :: INFO  :: TIMER :: [0012] Injected PokerHand in 0.298 ms
INFO - [G] 2025-03-25 14:36:36 :: INFO  :: TIMER :: [0020] Injected Challenge in 0.346 ms
INFO - [G] 2025-03-25 14:36:36 :: INFO  :: TIMER :: [0000] Injected Tag in 0.006 ms
INFO - [G] 2025-03-25 14:36:36 :: INFO  :: TIMER :: [0004] Injected Sticker in 0.658 ms
INFO - [G] 2025-03-25 14:36:36 :: INFO  :: TIMER :: [0000] Injected Shader in 0.006 ms
INFO - [G] 2025-03-25 14:36:36 :: INFO  :: TIMER :: [0002] Injected Keybind in 0.024 ms
INFO - [G] 2025-03-25 14:36:36 :: INFO  :: TIMER :: [0000] Injected Achievement in 0.035 ms
INFO - [G] 2025-03-25 14:36:36 :: INFO  :: TIMER :: [0002] Injected nil in 0.037 ms
INFO - [G] 2025-03-25 14:36:36 :: INFO  :: TIMER :: [0021] Injected Draw Step in 0.525 ms
INFO - [G] 2025-03-25 14:36:36 :: INFO  :: TIMER :: [0000] Injected [INTERNAL] in 49.624 ms
INFO - [G] LONG DT @ 0: 0.098275429863887
INFO - [G] LONG DT @ 0: 0.082779823891109
INFO - [G] LONG DT @ 0: 0.069932179112887
INFO - [G] LONG DT @ 0: 0.06295420329031
INFO - [G] LONG DT @ 0: 0.057737522632249
INFO - [G] LONG DT @ 1: 0.052970958105798
INFO - [G] LONG DT @ 14: 0.1
INFO - [G] LONG DT @ 14: 0.09661342
INFO - [G] LONG DT @ 14: 0.080643136
INFO - [G] LONG DT @ 14: 0.0818473488
INFO - [G] LONG DT @ 15: 0.068025039040001
INFO - [G] LONG DT @ 15: 0.058709591232
INFO - [G] LONG DT @ 15: 0.0530938929856
INFO - [G] LONG DT @ 80: 0.1
INFO - [G] LONG DT @ 80: 0.1
INFO - [G] LONG DT @ 80: 0.1
INFO - [G] LONG DT @ 80: 0.1
INFO - [G] LONG DT @ 80: 0.1
INFO - [G] LONG DT @ 80: 0.093372219999999
INFO - [G] LONG DT @ 80: 0.078495576
INFO - [G] LONG DT @ 80: 0.0834274208
INFO - [G] LONG DT @ 80: 0.073028816639999
INFO - [G] LONG DT @ 80: 0.066459333312001
INFO - [G] LONG DT @ 80: 0.069492466649598
INFO - [G] LONG DT @ 81: 0.05877635331968
INFO - [G] LONG DT @ 81: 0.050206382655745
INFO - [G] LONG DT @ 117: 0.075464365775412
INFO - [G] LONG DT @ 117: 0.061702232620327
INFO - [G] LONG DT @ 117: 0.05031440609626
INFO - [G] LONG DT @ 222: 0.1
INFO - [G] LONG DT @ 222: 0.082946059999999
INFO - [G] LONG DT @ 222: 0.069413587999999
INFO - [G] LONG DT @ 222: 0.0595290704
INFO - [G] LONG DT @ 222: 0.051933156319998
INFO - [G] LONG DT @ 222: 0.050794265055999
INFO - [G] LONG DT @ 240: 0.1
INFO - [G] LONG DT @ 240: 0.08263688
INFO - [G] LONG DT @ 240: 0.070937203999998
INFO - [G] LONG DT @ 240: 0.0606866832
INFO - [G] LONG DT @ 240: 0.05186592656
INFO - [G] LONG DT @ 241: 0.1
INFO - [G] LONG DT @ 241: 0.083655800000001
INFO - [G] LONG DT @ 241: 0.070521459999997
INFO - [G] LONG DT @ 241: 0.059600467999998
INFO - [G] LONG DT @ 241: 0.051507854400005
INFO - [G] LONG DT @ 242: 0.1
INFO - [G] LONG DT @ 242: 0.083006379999999
INFO - [G] LONG DT @ 242: 0.070834383999999
INFO - [G] LONG DT @ 242: 0.060083307199993
INFO - [G] LONG DT @ 242: 0.052392645759997
INFO - [G] LONG DT @ 245: 0.1
INFO - [G] LONG DT @ 245: 0.082852380000002
INFO - [G] LONG DT @ 245: 0.070677864000001
INFO - [G] LONG DT @ 245: 0.061000211200005
INFO - [G] LONG DT @ 245: 0.052474108960003
INFO - [G] LONG DT @ 371: 0.1
INFO - [G] LONG DT @ 371: 0.083378720000001
INFO - [G] LONG DT @ 371: 0.071895575999999
INFO - [G] LONG DT @ 371: 0.062342800799998
INFO - [G] LONG DT @ 371: 0.053245440640002
INFO - [G] LONG DT @ 382: 0.070870661961276
INFO - [G] LONG DT @ 382: 0.060422829569026
INFO - [G] LONG DT @ 382: 0.051570403655221
INFO - [G] LONG DT @ 422: 0.062860253084085
INFO - [G] LONG DT @ 422: 0.052831442467268
INFO - [G] LONG DT @ 436: 0.082203064547561
INFO - [G] LONG DT @ 436: 0.069043951638051
INFO - [G] LONG DT @ 436: 0.058874241310446
INFO - [G] LONG DT @ 436: 0.051772833048356
INFO - [G] LONG DT @ 816: 0.051647287258843
INFO - [G] LONG DT @ 838: 0.054671569015608
INFO - [G] LONG DT @ 957: 0.053011355637272
INFO - [G] LONG DT @ 971: 0.054624805633114
INFO - [G] LONG DT @ 971: 0.052407604506484
INFO - [G] LONG DT @ 971: 0.053934363605174
INFO - [G] LONG DT @ 972: 0.058704101950088
INFO - [G] LONG DT @ 972: 0.05112408156007
INFO - [G] LONG DT @ 973: 0.068307448887917
INFO - [G] LONG DT @ 973: 0.063270799110349
INFO - [G] LONG DT @ 973: 0.05536173928827
INFO - [G] LONG DT @ 974: 0.052599422918727
INFO - [G] LONG DT @ 974: 0.054194738334998
INFO - [G] LONG DT @ 974: 0.056941830667994
INFO - [G] LONG DT @ 974: 0.05994944453439
INFO - [G] LONG DT @ 974: 0.054587675627517
INFO - [G] LONG DT @ 976: 0.055027562771882
INFO - [G] LONG DT @ 976: 0.050667370217513
INFO - [G] LONG DT @ 977: 0.076925137787597
INFO - [G] LONG DT @ 977: 0.067133710230075
INFO - [G] LONG DT @ 977: 0.059407028184064
INFO - [G] LONG DT @ 977: 0.054523682547252
INFO - [G] LONG DT @ 977: 0.050574479221956
INFO - [G] LONG DT @ 977: 0.05039448337755
INFO - [G] LONG DT @ 978: 0.050114126702059
INFO - [G] LONG DT @ 978: 0.051581701361627
INFO - [G] LONG DT @ 978: 0.052157621089316
INFO - [G] LONG DT @ 978: 0.05535625332723
INFO - [G] LONG DT @ 978: 0.057046642661792
INFO - [G] LONG DT @ 978: 0.05532163412943
INFO - [G] LONG DT @ 979: 0.057008867303559
INFO - [G] LONG DT @ 979: 0.080949453842829
INFO - [G] LONG DT @ 979: 0.081008623074281
INFO - [G] LONG DT @ 979: 0.081048738459423
INFO - [G] LONG DT @ 979: 0.079269510767535
INFO - [G] LONG DT @ 979: 0.078952108614012
INFO - [G] LONG DT @ 979: 0.071708206891214
INFO - [G] LONG DT @ 979: 0.070995285512968
INFO - [G] LONG DT @ 979: 0.076124908410387
INFO - [G] LONG DT @ 979: 0.069601526728305
INFO - [G] LONG DT @ 979: 0.069469001382651
INFO - [G] LONG DT @ 979: 0.066465381106122
INFO - [G] LONG DT @ 979: 0.060873364884897
INFO - [G] LONG DT @ 979: 0.057206191907914
INFO - [G] LONG DT @ 980: 0.055155493526335
INFO - [G] LONG DT @ 980: 0.059381454821067
INFO - [G] LONG DT @ 980: 0.058834643856848
INFO - [G] LONG DT @ 980: 0.054103355085482
INFO - [G] LONG DT @ 980: 0.056168764068384
INFO - [G] LONG DT @ 980: 0.068220331254698
INFO - [G] LONG DT @ 980: 0.067349005003773
INFO - [G] LONG DT @ 980: 0.062117544003021
INFO - [G] LONG DT @ 980: 0.064076035202394
INFO - [G] LONG DT @ 980: 0.059082188161941
INFO - [G] LONG DT @ 980: 0.058237430529519
INFO - [G] LONG DT @ 980: 0.058563164423642
INFO - [G] LONG DT @ 980: 0.056287331538917
INFO - [G] LONG DT @ 980: 0.053069365231129
INFO - [G] LONG DT @ 985: 0.053765348119029
INFO - [G] LONG DT @ 1072: 0.052669178694165
INFO - [G] LONG DT @ 1240: 0.051273527899685
INFO - [G] LONG DT @ 1240: 0.055860822319747
INFO - [G] LONG DT @ 1240: 0.053032417855822
INFO - [G] LONG DT @ 1240: 0.052922154284663
INFO - [G] LONG DT @ 1240: 0.052232743427706
INFO - [G] LONG DT @ 1240: 0.05163689474218
INFO - [G] LONG DT @ 1240: 0.050784235793725
INFO - [G] LONG DT @ 1240: 0.050834568634977
INFO - [G] LONG DT @ 1240: 0.052575674907992
INFO - [G] LONG DT @ 1240: 0.051257199926391
INFO - [G] LONG DT @ 1240: 0.050504399941105
INFO - [G] LONG DT @ 1240: 0.051770279952894
INFO - [G] LONG DT @ 1240: 0.054151303962308
INFO - [G] LONG DT @ 1240: 0.051919403169843
INFO - [G] LONG DT @ 1240: 0.050089202535897
INFO - [G] LONG DT @ 1240: 0.050924502028735
INFO - [G] LONG DT @ 1244: 0.050315307138164
INFO - [G] LONG DT @ 1244: 0.050688665710528
INFO - [G] LONG DT @ 1244: 0.054236332568453
INFO - [G] LONG DT @ 1244: 0.057049366054755
INFO - [G] LONG DT @ 1245: 0.055094912843799
INFO - [G] LONG DT @ 1245: 0.055522270275014
INFO - [G] LONG DT @ 1245: 0.053937016220034
INFO - [G] LONG DT @ 1245: 0.055257632976032
INFO - [G] LONG DT @ 1245: 0.056484126380811
INFO - [G] LONG DT @ 1245: 0.056210001104661
INFO - [G] LONG DT @ 1245: 0.056323160883722
INFO - [G] LONG DT @ 1245: 0.055351028706992
INFO - [G] LONG DT @ 1245: 0.054944962965565
INFO - [G] LONG DT @ 1245: 0.055165570372482
INFO - [G] LONG DT @ 1245: 0.060041016297965
INFO - [G] LONG DT @ 1245: 0.059378193038384
INFO - [G] LONG DT @ 1245: 0.059365774430693
INFO - [G] LONG DT @ 1245: 0.057115279544568
INFO - [G] LONG DT @ 1245: 0.05590676363567
INFO - [G] LONG DT @ 1245: 0.057559830908526
INFO - [G] LONG DT @ 1245: 0.052400064726813
INFO - [G] LONG DT @ 1246: 0.05115505178144
INFO - [G] LONG DT @ 1248: 0.054220255448436
INFO - [G] LONG DT @ 1248: 0.055016904358747
INFO - [G] LONG DT @ 1248: 0.052095903486994
INFO - [G] LONG DT @ 1248: 0.050179942789606
INFO - [G] LONG DT @ 1248: 0.051590254231674
INFO - [G] LONG DT @ 1248: 0.054064663385376
INFO - [G] LONG DT @ 1248: 0.051751750708275
INFO - [G] LONG DT @ 1248: 0.051278300566637
INFO - [G] LONG DT @ 1264: 0.058304585077448
INFO - [G] LONG DT @ 1264: 0.054261688061977
INFO - [G] LONG DT @ 1264: 0.052341810449541
INFO - [G] LONG DT @ 1264: 0.051097108359676
INFO - [G] LONG DT @ 1264: 0.050947826687712
INFO - [G] LONG DT @ 1398: 0.051925834692749
INFO - [G] LONG DT @ 1398: 0.052698207754176
INFO - [G] LONG DT @ 1398: 0.053518166203355
INFO - [G] LONG DT @ 1398: 0.051173792962681
INFO - [G] LONG DT @ 1398: 0.050334044957501
INFO - [G] LONG DT @ 1398: 0.051299615966007
INFO - [G] LONG DT @ 1398: 0.051827872772814
INFO - [G] LONG DT @ 1400: 0.052475727865279
INFO - [G] LONG DT @ 1400: 0.054699802292231
INFO - [G] LONG DT @ 1400: 0.054045041833784
INFO - [G] LONG DT @ 1400: 0.055233813467028
INFO - [G] LONG DT @ 1400: 0.054276810773651
INFO - [G] LONG DT @ 1400: 0.052945908618887
INFO - [G] LONG DT @ 1400: 0.052124806895113
INFO - [G] LONG DT @ 1400: 0.050919805516109
INFO - [G] LONG DT @ 1401: 0.050944149519525
INFO - [G] LONG DT @ 1401: 0.0505471596156
INFO - [G] LONG DT @ 1401: 0.051143547692501
INFO - [G] LONG DT @ 1401: 0.050762029218558
INFO - [G] LONG DT @ 1404: 0.062705489534823
INFO - [G] LONG DT @ 1404: 0.057000651627858
INFO - [G] LONG DT @ 1404: 0.053640181302273
INFO - [G] LONG DT @ 1404: 0.051204125041831
INFO - [G] LONG DT @ 1404: 0.050056660033462
INFO - [G] LONG DT @ 1423: 0.1
INFO - [G] LONG DT @ 1423: 0.088500520000007
INFO - [G] LONG DT @ 1423: 0.080014495999998
INFO - [G] LONG DT @ 1423: 0.073471076799985
INFO - [G] LONG DT @ 1423: 0.068746961439998
INFO - [G] LONG DT @ 1423: 0.064608869152004
INFO - [G] LONG DT @ 1423: 0.061091315321591
INFO - [G] LONG DT @ 1423: 0.058654512257295
INFO - [G] LONG DT @ 1423: 0.056381509805842
INFO - [G] LONG DT @ 1423: 0.054428887844663
INFO - [G] LONG DT @ 1424: 0.053307290275732
INFO - [G] LONG DT @ 1424: 0.052321572220597
INFO - [G] LONG DT @ 1424: 0.051072517776451
INFO - [G] LONG DT @ 1424: 0.050571820016626
INFO - [G] LONG DT @ 1425: 0.050796392506746
INFO - [G] LONG DT @ 1425: 0.05057105400537
INFO - [G] LONG DT @ 1425: 0.050596103204302
INFO - [G] LONG DT @ 1425: 0.050092742563472
INFO - [G] LONG DT @ 1430: 0.050045328022238
INFO - [G] LONG DT @ 1430: 0.050231242417796
INFO - [G] LONG DT @ 1430: 0.050522833934202
INFO - [G] LONG DT @ 1430: 0.050390427147368
INFO - [G] LONG DT @ 1430: 0.050125861717884
INFO - [G] LONG DT @ 1435: 0.050140185615346
INFO - [G] LONG DT @ 1435: 0.050337131228047
INFO - [G] LONG DT @ 1435: 0.050840524982413
INFO - [G] LONG DT @ 1435: 0.050392179985938
INFO - [G] LONG DT @ 1440: 0.050909190451094
INFO - [G] LONG DT @ 1440: 0.051833452360881
INFO - [G] LONG DT @ 1440: 0.051437561888679
INFO - [G] LONG DT @ 1440: 0.051834929510951
INFO - [G] LONG DT @ 1440: 0.051203923608766
INFO - [G] LONG DT @ 1440: 0.051680718886995
INFO - [G] LONG DT @ 1441: 0.051615975109606
INFO - [G] LONG DT @ 1441: 0.051689720087695
INFO - [G] LONG DT @ 1441: 0.052119076070154
INFO - [G] LONG DT @ 1441: 0.0521410008561
INFO - [G] LONG DT @ 1441: 0.05257744068488
INFO - [G] LONG DT @ 1441: 0.052053552547916
INFO - [G] LONG DT @ 1441: 0.053663802038351
INFO - [G] LONG DT @ 1441: 0.053501161630646
INFO - [G] LONG DT @ 1441: 0.053258749304528
INFO - [G] LONG DT @ 1441: 0.053395439443655
INFO - [G] LONG DT @ 1441: 0.052965171554894
INFO - [G] LONG DT @ 1441: 0.052243957243905
INFO - [G] LONG DT @ 1441: 0.052117245795138
INFO - [G] LONG DT @ 1441: 0.051789636636096
INFO - [G] LONG DT @ 1441: 0.051396009308878
INFO - [G] LONG DT @ 1441: 0.050915667447103
INFO - [G] LONG DT @ 1441: 0.050690913957717
INFO - [G] LONG DT @ 1441: 0.050295371166141
INFO - [G] LONG DT @ 1441: 0.050181316932945
INFO - [G] LONG DT @ 1442: 0.050197325861576
INFO - [G] LONG DT @ 1442: 0.050348011641131
INFO - [G] LONG DT @ 1442: 0.051455269312928
INFO - [G] LONG DT @ 1442: 0.051974775450324
INFO - [G] LONG DT @ 1442: 0.052626300360264
INFO - [G] LONG DT @ 1442: 0.053301820288201
INFO - [G] LONG DT @ 1442: 0.053461596230548
INFO - [G] LONG DT @ 1442: 0.05286699698446
INFO - [G] LONG DT @ 1443: 0.052687957587577
INFO - [G] LONG DT @ 1443: 0.052389846070035
INFO - [G] LONG DT @ 1443: 0.051679116856047
INFO - [G] LONG DT @ 1443: 0.051806673484848
INFO - [G] LONG DT @ 1443: 0.051300498787839
INFO - [G] LONG DT @ 1443: 0.051099959030307
INFO - [G] LONG DT @ 1443: 0.051832087224248
INFO - [G] LONG DT @ 1443: 0.051536589779396
INFO - [G] LONG DT @ 1443: 0.051944031823491
INFO - [G] LONG DT @ 1443: 0.052221565458781
INFO - [G] LONG DT @ 1443: 0.051932112367037
INFO - [G] LONG DT @ 1443: 0.051747149893637
INFO - [G] LONG DT @ 1443: 0.05115743991492
INFO - [G] LONG DT @ 1443: 0.051221811931933
INFO - [G] LONG DT @ 1443: 0.051021269545556
INFO - [G] LONG DT @ 1443: 0.050866355636423
INFO - [G] LONG DT @ 1443: 0.051130884509138
INFO - [G] LONG DT @ 1443: 0.050899047607313
INFO - [G] LONG DT @ 1443: 0.051178658085857
INFO - [G] LONG DT @ 1444: 0.050677926468686
INFO - [G] LONG DT @ 1444: 0.050556401174952
INFO - [G] LONG DT @ 1444: 0.050465580939949
INFO - [G] LONG DT @ 1444: 0.050503144751979
INFO - [G] LONG DT @ 1445: 0.050753754819354
INFO - [G] LONG DT @ 1445: 0.050423769052153
INFO - [G] LONG DT @ 1445: 0.05025347524175
INFO - [G] LONG DT @ 1445: 0.052673580193383
INFO - [G] LONG DT @ 1445: 0.051761824154685
INFO - [G] LONG DT @ 1445: 0.054952919323776
INFO - [G] LONG DT @ 1445: 0.054417495459013
INFO - [G] LONG DT @ 1445: 0.054283436367228
INFO - [G] LONG DT @ 1445: 0.053764509093776
INFO - [G] LONG DT @ 1445: 0.053150907275012
INFO - [G] LONG DT @ 1445: 0.052912465819987
INFO - [G] LONG DT @ 1446: 0.052205792656014
INFO - [G] LONG DT @ 1446: 0.0524228341248
INFO - [G] LONG DT @ 1446: 0.051556247299825
INFO - [G] LONG DT @ 1446: 0.051399817839885
INFO - [G] LONG DT @ 1446: 0.051658754271891
INFO - [G] LONG DT @ 1446: 0.050967523417507
INFO - [G] LONG DT @ 1446: 0.050346558734004
INFO - [G] LONG DT @ 1446: 0.050511606987208
INFO - [G] LONG DT @ 1446: 0.050173305589778
INFO - [G] LONG DT @ 1449: 0.053234000720687
INFO - [G] LONG DT @ 1449: 0.052621840576553
INFO - [G] LONG DT @ 1449: 0.052012172461233
INFO - [G] LONG DT @ 1449: 0.05195265796898
INFO - [G] LONG DT @ 1449: 0.052151746375203
INFO - [G] LONG DT @ 1449: 0.052215117100139
INFO - [G] LONG DT @ 1449: 0.052980913680113
INFO - [G] LONG DT @ 1449: 0.0524654109441
INFO - [G] LONG DT @ 1449: 0.052698028755292
INFO - [G] LONG DT @ 1449: 0.05261542300423
INFO - [G] LONG DT @ 1449: 0.052001398403357
INFO - [G] LONG DT @ 1449: 0.051340878722688
INFO - [G] LONG DT @ 1449: 0.050555742978182
INFO - [G] LONG DT @ 1449: 0.050223634382512
INFO - [G] LONG DT @ 1450: 0.050895387506029
INFO - [G] LONG DT @ 1450: 0.050599150004823
INFO - [G] LONG DT @ 1450: 0.050216820003842
INFO - [G] LONG DT @ 1450: 0.051037756003076
INFO - [G] LONG DT @ 1450: 0.051296324802462
INFO - [G] LONG DT @ 1450: 0.051428239841957
INFO - [G] LONG DT @ 1450: 0.051341831873586
INFO - [G] LONG DT @ 1450: 0.051066225498891
INFO - [G] LONG DT @ 1450: 0.050785800399108
INFO - [G] LONG DT @ 1450: 0.051198100319274
INFO - [G] LONG DT @ 1450: 0.050859960255427
INFO - [G] LONG DT @ 1450: 0.051230348204311
INFO - [G] LONG DT @ 1450: 0.053224178563481
INFO - [G] LONG DT @ 1450: 0.052754182850775
INFO - [G] LONG DT @ 1450: 0.052224366280597
INFO - [G] LONG DT @ 1450: 0.052674313024499
INFO - [G] LONG DT @ 1450: 0.052503370419608
INFO - [G] LONG DT @ 1450: 0.053715816335699
INFO - [G] LONG DT @ 1450: 0.05302579306855
INFO - [G] LONG DT @ 1450: 0.052846754454806
INFO - [G] LONG DT @ 1451: 0.052517583563873
INFO - [G] LONG DT @ 1451: 0.052839306851084
INFO - [G] LONG DT @ 1451: 0.053164525480872
INFO - [G] LONG DT @ 1451: 0.052679280384682
INFO - [G] LONG DT @ 1451: 0.052827704307778
INFO - [G] LONG DT @ 1451: 0.052498143446193
INFO - [G] LONG DT @ 1451: 0.052156054756954
INFO - [G] LONG DT @ 1451: 0.052113743805562
INFO - [G] LONG DT @ 1451: 0.051434375044458
INFO - [G] LONG DT @ 1451: 0.051524660035574
INFO - [G] LONG DT @ 1451: 0.050944508028447
INFO - [G] LONG DT @ 1451: 0.050972286422788
INFO - [G] LONG DT @ 1451: 0.051396309138224
INFO - [G] LONG DT @ 1451: 0.050450567310552
INFO - [G] LONG DT @ 1451: 0.050281513848475
INFO - [G] LONG DT @ 1451: 0.050092451078774
INFO - [G] LONG DT @ 1451: 0.050416980863001
INFO - [G] LONG DT @ 1451: 0.050465264690396
INFO - [G] LONG DT @ 1451: 0.050133891752336
INFO - [G] LONG DT @ 1452: 0.050585053401879
INFO - [G] LONG DT @ 1452: 0.051271622721496
INFO - [G] LONG DT @ 1452: 0.051997518177207
INFO - [G] LONG DT @ 1452: 0.051386194541752
INFO - [G] LONG DT @ 1452: 0.051911315633382
INFO - [G] LONG DT @ 1452: 0.051460052506711
INFO - [G] LONG DT @ 1452: 0.050974082005381
INFO - [G] LONG DT @ 1452: 0.051621405604282
INFO - [G] LONG DT @ 1452: 0.051513264483437
INFO - [G] LONG DT @ 1452: 0.05095461158675
INFO - [G] LONG DT @ 1452: 0.050972229269385
INFO - [G] LONG DT @ 1452: 0.050808103415541
INFO - [G] LONG DT @ 1452: 0.050301802732434
INFO - [G] LONG DT @ 1452: 0.050467902185915
INFO - [G] LONG DT @ 1452: 0.050314401748756
INFO - [G] LONG DT @ 1452: 0.05003024139899
INFO - [G] LONG DT @ 1452: 0.053640173119224
INFO - [G] LONG DT @ 1452: 0.052551978495379
INFO - [G] LONG DT @ 1452: 0.051430622796299
INFO - [G] LONG DT @ 1452: 0.051660738237009
INFO - [G] LONG DT @ 1453: 0.050834670589636
INFO - [G] LONG DT @ 1453: 0.050831416471714
INFO - [G] LONG DT @ 1453: 0.050834073177365
INFO - [G] LONG DT @ 1453: 0.050714478541871
INFO - [G] LONG DT @ 1453: 0.050517302833493
INFO - [G] LONG DT @ 1453: 0.050391622266802
INFO - [G] LONG DT @ 1453: 0.050164297813423
INFO - [G] LONG DT @ 1453: 0.050127858250754
INFO - [G] LONG DT @ 1457: 0.051207376677388
INFO - [G] LONG DT @ 1458: 0.052129841341917
INFO - [G] LONG DT @ 1458: 0.052738053073512
INFO - [G] LONG DT @ 1458: 0.051483622458841
INFO - [G] LONG DT @ 1458: 0.051028777967049
INFO - [G] LONG DT @ 1458: 0.051248202373632
INFO - [G] LONG DT @ 1458: 0.051867821898933
INFO - [G] LONG DT @ 1458: 0.051706717519149
INFO - [G] LONG DT @ 1458: 0.051585094015305
INFO - [G] LONG DT @ 1458: 0.05106549521224
INFO - [G] LONG DT @ 1458: 0.050340016169819
INFO - [G] LONG DT @ 1458: 0.050517292935836
INFO - [G] LONG DT @ 1458: 0.050378934348668
INFO - [G] LONG DT @ 1458: 0.050720787478949
INFO - [G] LONG DT @ 1458: 0.050994869983149
INFO - [G] LONG DT @ 1458: 0.050741515986527
INFO - [G] LONG DT @ 1458: 0.051800392789196
INFO - [G] LONG DT @ 1458: 0.051389694231391
INFO - [G] LONG DT @ 1458: 0.050733735385087
INFO - [G] LONG DT @ 1458: 0.050478648308064
INFO - [G] LONG DT @ 1459: 0.050556678646449
INFO - [G] LONG DT @ 1459: 0.050823642917161
INFO - [G] LONG DT @ 1459: 0.050424894333749
INFO - [G] LONG DT @ 1459: 0.050299175467004
INFO - [G] LONG DT @ 1459: 0.050120000373602
INFO - [G] LONG DT @ 1460: 0.050590152759658
INFO - [G] LONG DT @ 1460: 0.050331042207715
INFO - [G] LONG DT @ 1463: 0.052681369629204
INFO - [G] LONG DT @ 1463: 0.052275635703363
INFO - [G] LONG DT @ 1463: 0.051449888562714
INFO - [G] LONG DT @ 1463: 0.05397313085017
INFO - [G] LONG DT @ 1463: 0.054371444680137
INFO - [G] LONG DT @ 1463: 0.056699555744109
INFO - [G] LONG DT @ 1463: 0.055234484595262
INFO - [G] LONG DT @ 1463: 0.05503850767624
INFO - [G] LONG DT @ 1463: 0.054140186140986
INFO - [G] LONG DT @ 1463: 0.055386668912776
INFO - [G] LONG DT @ 1463: 0.057347875130246
INFO - [G] LONG DT @ 1464: 0.057748800104183
INFO - [G] LONG DT @ 1464: 0.057226600083349
INFO - [G] LONG DT @ 1464: 0.056183080066679
INFO - [G] LONG DT @ 1464: 0.054589344053344
INFO - [G] LONG DT @ 1464: 0.054320155242661
INFO - [G] LONG DT @ 1464: 0.053195464194116
INFO - [G] LONG DT @ 1464: 0.05312965135531
INFO - [G] LONG DT @ 1464: 0.054774441084263
INFO - [G] LONG DT @ 1464: 0.054796292867389
INFO - [G] LONG DT @ 1464: 0.053962214293934
INFO - [G] LONG DT @ 1464: 0.059485491435113
INFO - [G] LONG DT @ 1464: 0.057224333148089
INFO - [G] LONG DT @ 1464: 0.055572106518494
INFO - [G] LONG DT @ 1464: 0.054627205214795
INFO - [G] LONG DT @ 1464: 0.056476884171851
INFO - [G] LONG DT @ 1464: 0.057736707337478
INFO - [G] LONG DT @ 1464: 0.056547425869981
INFO - [G] LONG DT @ 1464: 0.05526906069597
INFO - [G] LONG DT @ 1465: 0.054934848556769
INFO - [G] LONG DT @ 1465: 0.053619818845413
INFO - [G] LONG DT @ 1465: 0.053238115076347
INFO - [G] LONG DT @ 1465: 0.052508332061057
INFO - [G] LONG DT @ 1465: 0.051823405648842
INFO - [G] LONG DT @ 1465: 0.055274984519095
INFO - [G] LONG DT @ 1465: 0.054981127615253
INFO - [G] LONG DT @ 1465: 0.054729562092203
INFO - [G] LONG DT @ 1465: 0.053832329673762
INFO - [G] LONG DT @ 1465: 0.052688443739051
INFO - [G] LONG DT @ 1465: 0.055585434991241
INFO - [G] LONG DT @ 1465: 0.055309907992964
INFO - [G] LONG DT @ 1465: 0.053908326394401
INFO - [G] LONG DT @ 1465: 0.053941661115478
INFO - [G] LONG DT @ 1465: 0.052722068892414
INFO - [G] LONG DT @ 1465: 0.052638075113912
INFO - [G] LONG DT @ 1465: 0.055790140091126
INFO - [G] LONG DT @ 1465: 0.058060652072896
INFO - [G] LONG DT @ 1466: 0.057142501658313
INFO - [G] LONG DT @ 1466: 0.055217461326692
INFO - [G] LONG DT @ 1466: 0.056797929061327
INFO - [G] LONG DT @ 1466: 0.056227403249086
INFO - [G] LONG DT @ 1466: 0.057123302599272
INFO - [G] LONG DT @ 1466: 0.05575554207939
INFO - [G] LONG DT @ 1466: 0.054848493663525
INFO - [G] LONG DT @ 1466: 0.053780214930826
INFO - [G] LONG DT @ 1466: 0.054592571944648
INFO - [G] LONG DT @ 1466: 0.056713237555706
INFO - [G] LONG DT @ 1466: 0.056109450044557
INFO - [G] LONG DT @ 1466: 0.055404680035677
INFO - [G] LONG DT @ 1466: 0.054235944028549
INFO - [G] LONG DT @ 1466: 0.053377235222832
INFO - [G] LONG DT @ 1466: 0.053213708178265
INFO - [G] LONG DT @ 1466: 0.052368666542602
INFO - [G] LONG DT @ 1466: 0.0527502532341
INFO - [G] LONG DT @ 1466: 0.053908582587262
INFO - [G] LONG DT @ 1467: 0.056046246069804
INFO - [G] LONG DT @ 1467: 0.054756556855869
INFO - [G] LONG DT @ 1467: 0.054043465484669
INFO - [G] LONG DT @ 1467: 0.052886352387726
INFO - [G] LONG DT @ 1467: 0.052673321910216
INFO - [G] LONG DT @ 1467: 0.052374917528138
INFO - [G] LONG DT @ 1467: 0.057452334022534
INFO - [G] LONG DT @ 1467: 0.055793307217998
INFO - [G] LONG DT @ 1467: 0.055084805774426
INFO - [G] LONG DT @ 1467: 0.054780484619515
INFO - [G] LONG DT @ 1467: 0.053787707695609
INFO - [G] LONG DT @ 1467: 0.053014966156517
INFO - [G] LONG DT @ 1467: 0.052295752925186
INFO - [G] LONG DT @ 1467: 0.051569062340181
INFO - [G] LONG DT @ 1467: 0.050725809872145
INFO - [G] LONG DT @ 1467: 0.050285127897698
INFO - [G] LONG DT @ 1472: 0.050106714738562
INFO - [G] LONG DT @ 1479: 0.05006471717913
INFO - [G] LONG DT @ 1480: 0.050265653743296
INFO - [G] LONG DT @ 1480: 0.050000642994622
INFO - [G] LONG DT @ 1480: 0.051144334395704
INFO - [G] LONG DT @ 1480: 0.051189207516565
INFO - [G] LONG DT @ 1480: 0.051924486013269
INFO - [G] LONG DT @ 1480: 0.051675988810626
INFO - [G] LONG DT @ 1480: 0.052352211048478
INFO - [G] LONG DT @ 1480: 0.052294988838792
INFO - [G] LONG DT @ 1480: 0.052227791071013
INFO - [G] LONG DT @ 1480: 0.052731632856837
INFO - [G] LONG DT @ 1480: 0.052442106285449
INFO - [G] LONG DT @ 1480: 0.051488245028379
INFO - [G] LONG DT @ 1480: 0.052388536022714
INFO - [G] LONG DT @ 1480: 0.052570768818131
INFO - [G] LONG DT @ 1480: 0.05166189505451
INFO - [G] LONG DT @ 1480: 0.054169356043623
INFO - [G] LONG DT @ 1480: 0.054592644834912
INFO - [G] LONG DT @ 1480: 0.054359035867924
INFO - [G] LONG DT @ 1480: 0.053394348694319
INFO - [G] LONG DT @ 1481: 0.052233278955459
INFO - [G] LONG DT @ 1481: 0.052035803164395
INFO - [G] LONG DT @ 1481: 0.052461162531501
INFO - [G] LONG DT @ 1481: 0.052437970025199
INFO - [G] LONG DT @ 1481: 0.052042736020158
INFO - [G] LONG DT @ 1481: 0.051646268816105
INFO - [G] LONG DT @ 1481: 0.05116629505291
INFO - [G] LONG DT @ 1481: 0.05075435604232
INFO - [G] LONG DT @ 1481: 0.050102344833841
INFO - [G] LONG DT @ 1481: 0.050113295867114
INFO - [G] LONG DT @ 1481: 0.055301847262422
INFO - [G] LONG DT @ 1482: 0.051185717809922
INFO - [G] LONG DT @ 1487: 0.052007683947668
INFO - [G] LONG DT @ 1487: 0.051792827158149
INFO - [G] LONG DT @ 1487: 0.051366301726532
INFO - [G] LONG DT @ 1487: 0.051162721381195
INFO - [G] LONG DT @ 1487: 0.050973057104948
INFO - [G] LONG DT @ 1487: 0.051059865683959
INFO - [G] LONG DT @ 1488: 0.051362992547188
INFO - [G] LONG DT @ 1488: 0.051765734037739
INFO - [G] LONG DT @ 1488: 0.051613687230186
INFO - [G] LONG DT @ 1488: 0.051780529784161
INFO - [G] LONG DT @ 1488: 0.051452883827341
INFO - [G] LONG DT @ 1488: 0.050837347061875
INFO - [G] LONG DT @ 1488: 0.050531577649465
INFO - [G] LONG DT @ 1488: 0.050320122119603
INFO - [G] LONG DT @ 1488: 0.051029397695665
INFO - [G] LONG DT @ 1488: 0.05090513815656
INFO - [G] LONG DT @ 1488: 0.05087343052523
INFO - [G] LONG DT @ 1488: 0.050905564420169
INFO - [G] LONG DT @ 1488: 0.050826491536128
INFO - [G] LONG DT @ 1488: 0.051367673228901
INFO - [G] LONG DT @ 1488: 0.051038618583134
INFO - [G] LONG DT @ 1488: 0.051247094866516
INFO - [G] LONG DT @ 1488: 0.051132095893198
INFO - [G] LONG DT @ 1488: 0.050315656714568
INFO - [G] LONG DT @ 1489: 0.050398112707865
INFO - [G] LONG DT @ 1489: 0.050260410166275
INFO - [G] LONG DT @ 1490: 0.050117908133041
INFO - [G] LONG DT @ 1495: 0.050101961985947
INFO - [G] LONG DT @ 1495: 0.050718290349435
INFO - [G] LONG DT @ 1495: 0.050536332279579
INFO - [G] LONG DT @ 1495: 0.052816225823643
INFO - [G] LONG DT @ 1495: 0.054004560658924
INFO - [G] LONG DT @ 1495: 0.053626608527144
INFO - [G] LONG DT @ 1495: 0.052935066821719
INFO - [G] LONG DT @ 1496: 0.053351773457383
INFO - [G] LONG DT @ 1496: 0.052283118765891
INFO - [G] LONG DT @ 1496: 0.051607655012724
INFO - [G] LONG DT @ 1496: 0.050980004010166
INFO - [G] LONG DT @ 1496: 0.05049334320815
INFO - [G] LONG DT @ 1496: 0.050213834566481
INFO - [G] LONG DT @ 1496: 0.050062027653215
INFO - [G] LONG DT @ 1496: 0.05023010212258
INFO - [G] LONG DT @ 1505: 0.053012387720738
INFO - [G] LONG DT @ 1505: 0.052670310176606
INFO - [G] LONG DT @ 1505: 0.053905028141296
INFO - [G] LONG DT @ 1505: 0.053282542513041
INFO - [G] LONG DT @ 1506: 0.052680654010416
INFO - [G] LONG DT @ 1506: 0.052307203208318
INFO - [G] LONG DT @ 1506: 0.051591642566691
INFO - [G] LONG DT @ 1506: 0.051497694053352
INFO - [G] LONG DT @ 1506: 0.051776215242671
INFO - [G] LONG DT @ 1506: 0.051624172194115
INFO - [G] LONG DT @ 1506: 0.051362397755285
INFO - [G] LONG DT @ 1506: 0.051296458204264
INFO - [G] LONG DT @ 1506: 0.050801006563416
INFO - [G] LONG DT @ 1506: 0.050358685250704
INFO - [G] LONG DT @ 1506: 0.05057224820055
INFO - [G] LONG DT @ 1506: 0.05080275856046
INFO - [G] LONG DT @ 1506: 0.051134546848387
INFO - [G] LONG DT @ 1506: 0.050661437478708
INFO - [G] LONG DT @ 1506: 0.050718109982972
INFO - [G] LONG DT @ 1506: 0.050482367986369
INFO - [G] LONG DT @ 1506: 0.050908734389071
INFO - [G] LONG DT @ 1506: 0.050277007511263
INFO - [G] LONG DT @ 1506: 0.050269226009033
INFO - [G] LONG DT @ 1506: 0.050024940807212
INFO - [G] LONG DT @ 1507: 0.050313112645761
INFO - [G] LONG DT @ 1509: 0.051482128098902
INFO - [G] LONG DT @ 1509: 0.050291482479149
INFO - [G] LONG DT @ 1510: 0.05008284078666
INFO - [G] LONG DT @ 1510: 0.050254332629301
INFO - [G] LONG DT @ 1510: 0.051059246103461
INFO - [G] LONG DT @ 1510: 0.05136195688277
INFO - [G] LONG DT @ 1510: 0.051408465506209
INFO - [G] LONG DT @ 1510: 0.051234372404959
INFO - [G] LONG DT @ 1510: 0.051700777923995
INFO - [G] LONG DT @ 1510: 0.051802362339183
INFO - [G] LONG DT @ 1510: 0.051070349871323
INFO - [G] LONG DT @ 1510: 0.050551979897079
INFO - [G] LONG DT @ 1516: 0.05061103408922
INFO - [G] LONG DT @ 1516: 0.051603027271351
INFO - [G] LONG DT @ 1516: 0.050697201817078
INFO - [G] LONG DT @ 1516: 0.050873341453659
INFO - [G] LONG DT @ 1517: 0.052038658098193
INFO - [G] LONG DT @ 1518: 0.05250428647856
INFO - [G] LONG DT @ 1518: 0.053472969182855
INFO - [G] LONG DT @ 1518: 0.054056615346285
INFO - [G] LONG DT @ 1518: 0.053089872277055
INFO - [G] LONG DT @ 1518: 0.053135397821608
INFO - [G] LONG DT @ 1518: 0.051816598257291
INFO - [G] LONG DT @ 1518: 0.051828758605826
INFO - [G] LONG DT @ 1518: 0.052041266884672
INFO - [G] LONG DT @ 1518: 0.051086193507729
INFO - [G] LONG DT @ 1518: 0.050460754806182
INFO - [G] LONG DT @ 1518: 0.050692723844986
INFO - [G] LONG DT @ 1518: 0.050225079075981
INFO - [G] LONG DT @ 1518: 0.050280703260758
INFO - [G] LONG DT @ 1518: 0.050329422608608
INFO - [G] LONG DT @ 1518: 0.050108118086913
INFO - [G] LONG DT @ 1518: 0.050730214469537
INFO - [G] LONG DT @ 1518: 0.050284911575601
INFO - [G] LONG DT @ 1518: 0.050816749260502
INFO - [G] LONG DT @ 1518: 0.050779299408404
INFO - [G] LONG DT @ 1518: 0.050242819526727
INFO - [G] LONG DT @ 1519: 0.050423175621345
INFO - [G] LONG DT @ 1519: 0.051341965514123
INFO - [G] LONG DT @ 1520: 0.050097924984631
INFO - [G] LONG DT @ 1520: 0.05129613998769
INFO - [G] LONG DT @ 1521: 0.052954871990135
INFO - [G] LONG DT @ 1521: 0.053330837592134
INFO - [G] LONG DT @ 1521: 0.054945170073704
INFO - [G] LONG DT @ 1521: 0.054213816058958
INFO - [G] LONG DT @ 1521: 0.05317527284719
INFO - [G] LONG DT @ 1521: 0.052711718277731
INFO - [G] LONG DT @ 1521: 0.053427614622191
INFO - [G] LONG DT @ 1521: 0.052206371697728
INFO - [G] LONG DT @ 1521: 0.052181957358214
INFO - [G] LONG DT @ 1521: 0.051604385886571
INFO - [G] LONG DT @ 1521: 0.050769248709248
INFO - [G] LONG DT @ 1521: 0.050667378967378
INFO - [G] LONG DT @ 1521: 0.052780563173931
INFO - [G] LONG DT @ 1521: 0.051085970539127
INFO - [G] LONG DT @ 1521: 0.050791816431314
INFO - [G] LONG DT @ 1521: 0.050437573145041
INFO - [G] LONG DT @ 1521: 0.050141438516057
INFO - [G] LONG DT @ 1521: 0.050048350812818
INFO - [G] LONG DT @ 1521: 0.050411260650267
INFO - [G] LONG DT @ 1525: 0.05111645582937
INFO - [G] LONG DT @ 1525: 0.050002263730801
INFO - [G] LONG DT @ 1525: 0.051065510984618
INFO - [G] LONG DT @ 1525: 0.053650728787696
INFO - [G] LONG DT @ 1525: 0.05556094303018
INFO - [G] LONG DT @ 1525: 0.056721274424132
INFO - [G] LONG DT @ 1526: 0.056062699539311
INFO - [G] LONG DT @ 1526: 0.055330939631438
INFO - [G] LONG DT @ 1526: 0.05362559170515
INFO - [G] LONG DT @ 1526: 0.053157253364129
INFO - [G] LONG DT @ 1526: 0.052587222691314
INFO - [G] LONG DT @ 1526: 0.051382418153058
INFO - [G] LONG DT @ 1526: 0.051432834522419
INFO - [G] LONG DT @ 1526: 0.051170767617944
INFO - [G] LONG DT @ 1526: 0.051298674094344
INFO - [G] LONG DT @ 1526: 0.050585439275508
INFO - [G] LONG DT @ 1526: 0.05039071142038
INFO - [G] LONG DT @ 1526: 0.050023089136303
INFO - [G] LONG DT @ 1526: 0.051353111309038
INFO - [G] LONG DT @ 1526: 0.051046189047256
INFO - [G] LONG DT @ 1526: 0.050548011237777
INFO - [G] LONG DT @ 1526: 0.050232248990242
INFO - [G] LONG DT @ 1526: 0.050374399192186
INFO - [G] LONG DT @ 1526: 0.050652819353746
INFO - [G] LONG DT @ 1526: 0.051566635483018
INFO - [G] LONG DT @ 1527: 0.0518389883864
INFO - [G] LONG DT @ 1527: 0.052160870709116
INFO - [G] LONG DT @ 1527: 0.052178096567308
INFO - [G] LONG DT @ 1527: 0.051658317253832
INFO - [G] LONG DT @ 1527: 0.051636713803049
INFO - [G] LONG DT @ 1527: 0.051391331042464
INFO - [G] LONG DT @ 1527: 0.051456604833957
INFO - [G] LONG DT @ 1527: 0.051023743867152
INFO - [G] LONG DT @ 1527: 0.051480895093735
INFO - [G] LONG DT @ 1527: 0.050847336075006
INFO - [G] LONG DT @ 1527: 0.050521548859999
INFO - [G] LONG DT @ 1527: 0.051597999087978
INFO - [G] LONG DT @ 1527: 0.054359139270415
INFO - [G] LONG DT @ 1527: 0.052595751416332
INFO - [G] LONG DT @ 1527: 0.05270096113304
INFO - [G] LONG DT @ 1527: 0.053129068906445
INFO - [G] LONG DT @ 1527: 0.052907915125151
INFO - [G] LONG DT @ 1527: 0.052237552100124
INFO - [G] LONG DT @ 1527: 0.05185602168009
INFO - [G] LONG DT @ 1528: 0.051498877344075
INFO - [G] LONG DT @ 1528: 0.051191741875279
INFO - [G] LONG DT @ 1528: 0.050857553500219
INFO - [G] LONG DT @ 1528: 0.05063414280015
INFO - [G] LONG DT @ 1528: 0.050943794240118
INFO - [G] LONG DT @ 1528: 0.051156255392134
INFO - [G] LONG DT @ 1528: 0.050643624313674
INFO - [G] LONG DT @ 1528: 0.05074545945093
INFO - [G] LONG DT @ 1528: 0.050179167560743
INFO - [G] LONG DT @ 1529: 0.054983462614377
INFO - [G] LONG DT @ 1529: 0.057437990091481
INFO - [G] LONG DT @ 1529: 0.058998752073178
INFO - [G] LONG DT @ 1529: 0.062561081658565
INFO - [G] LONG DT @ 1529: 0.068902025326833
INFO - [G] LONG DT @ 1529: 0.069917340261495
INFO - [G] LONG DT @ 1529: 0.067294992209189
INFO - [G] LONG DT @ 1529: 0.05954685376735
INFO - [G] LONG DT @ 1529: 0.050832443013854
