INFO - [♥] Lovely 0.7.1
INFO - [♥] Game directory is at "C:\\Users\\easto\\Downloads\\Balatro.v1.0.1o\\Balatro.v1.0.1o\\game"
INFO - [♥] Writing logs to "C:\\Users\\easto\\AppData\\Roaming\\Balatro\\Mods\\lovely\\log"
INFO - [♥] Using mod directory at "C:\\Users\\easto\\AppData\\Roaming\\Balatro\\Mods"
INFO - [♥] Found .lovelyignore in 'ExtraCredit', skipping it.
WARN - [♥] Unknown key `patches.21.?.match_indent` found in patch file at "C:\\Users\\easto\\AppData\\Roaming\\Balatro\\Mods\\Cryptid\\lovely\\code.toml", ignoring it
WARN - [♥] Unknown key `patches.17.?.match_indent` found in patch file at "C:\\Users\\easto\\AppData\\Roaming\\Balatro\\Mods\\HandyBalatro\\lovely.toml", ignoring it
WARN - [♥] Unknown key `patches.17.?.overwrite` found in patch file at "C:\\Users\\easto\\AppData\\Roaming\\Balatro\\Mods\\HandyBalatro\\lovely.toml", ignoring it
WARN - [♥] Unknown key `patches.9.?.match_indent` found in patch file at "C:\\Users\\easto\\AppData\\Roaming\\Balatro\\Mods\\Jen\\lovely.toml", ignoring it
WARN - [♥] Unknown key `patches.10.?.match_indent` found in patch file at "C:\\Users\\easto\\AppData\\Roaming\\Balatro\\Mods\\Jen\\lovely.toml", ignoring it
WARN - [♥] Unknown key `patches.49.?.match_indent` found in patch file at "C:\\Users\\easto\\AppData\\Roaming\\Balatro\\Mods\\Talisman\\lovely.toml", ignoring it
WARN - [♥] Unknown key `patches.52.?.match_indent` found in patch file at "C:\\Users\\easto\\AppData\\Roaming\\Balatro\\Mods\\Talisman\\lovely.toml", ignoring it
INFO - [♥] Cleaning up dumps directory at "C:\\Users\\easto\\AppData\\Roaming\\Balatro\\Mods\\lovely\\dump"
INFO - [♥] Initialization complete in 7838ms
INFO - [♥] Applied 1 patch to 'conf.lua'
WARN - [♥] Pattern 'G.ARGS.score_intensity.organ = G.video_organ or G.ARGS.score_intensity.required_score > 0 and math.max(math.min(0.4, 0.1*math.log(G.ARGS.score_intensity.earned_score/(G.ARGS.score_intensity.required_score+1), 5)),0.) or 0' on target 'main.lua' for pattern patch from Talisman\lovely.toml resulted in no matches
WARN - [♥] Pattern 'if type(G.GAME.current_round.current_hand.chips) ~= \'number\' or type(G.GAME.current_round.current_hand.mult) ~= \'number\' then' on target 'main.lua' for pattern patch from Talisman\lovely.toml resulted in no matches
WARN - [♥] Pattern 'assert(load(nfs.read(Saturn.PATH .. \"/core/logic/hide_played.lua\")))()' on target 'main.lua' for pattern patch from Cartomancer\lovely\saturn-compat.toml resulted in no matches
WARN - [♥] Pattern 'modded and {' on target 'main.lua' for pattern patch from Cartomancer\lovely\stackable-deck-steamodded-0.9.8.toml resulted in no matches
INFO - [♥] Applied 43 patches to 'main.lua'
INFO - [♥] Applied 3 patches to 'engine/string_packer.lua'
INFO - [♥] Applied 20 patches to 'engine/controller.lua'
INFO - [♥] Applied 21 patches to 'back.lua'
INFO - [♥] Applied 18 patches to 'tag.lua'
INFO - [♥] Applied 1 patch to 'engine/node.lua'
INFO - [♥] Applied 2 patches to 'engine/moveable.lua'
INFO - [♥] Applied 2 patches to 'engine/sprite.lua'
INFO - [♥] Applied 2 patches to 'engine/animatedsprite.lua'
WARN - [♥] Pattern 'assembled_string = assembled_string..(type(subpart) == \'string\' and subpart or args.vars[tonumber(subpart[1])] or \'ERROR\')' on target 'functions/misc_functions.lua' for pattern patch from Talisman\lovely.toml resulted in no matches
WARN - [♥] Pattern 'G.ARGS.score_intensity.organ = G.video_organ or G.ARGS.score_intensity.required_score > 0 and math.max(math.min(0.4, 0.1*math.log(G.ARGS.score_intensity.earned_score/(G.ARGS.score_intensity.required_score+1), 5)),0.) or 0' on target 'functions/misc_functions.lua' for pattern patch from Jen\lovely.toml resulted in no matches
INFO - [♥] Applied 66 patches to 'functions/misc_functions.lua'
WARN - [♥] Pattern 'for i = 1, 2 do' on target 'game.lua' for pattern patch from Cryptid\lovely\stake.toml resulted in no matches
WARN - [♥] Pattern 'create_shop_card_ui(card, \'Voucher\', G.shop_vouchers)' on target 'game.lua' for pattern patch from Cryptid\lovely\stake.toml resulted in no matches
WARN - [♥] Pattern 'self.GAME.current_round.voucher = G.SETTINGS.tutorial_progress and G.SETTINGS.tutorial_progress.forced_voucher or SMODS.get_next_vouchers()' on target 'game.lua' for pattern patch from Cryptid\lovely\very_fair.toml resulted in no matches
WARN - [♥] Pattern 'self.GAME.current_round.voucher = G.SETTINGS.tutorial_progress and G.SETTINGS.tutorial_progress.forced_voucher or get_next_voucher_key()' on target 'game.lua' for pattern patch from Cryptid\lovely\Voucher.toml resulted in no matches
WARN - [♥] Pattern 'if Big:new(G.GAME.chips) >= Big:new(G.GAME.blind.chips) or G.GAME.current_round.hands_left < 1 then' on target 'game.lua' for pattern patch from NotJustYet\lovely.toml resulted in no matches
WARN - [♥] Pattern 'if to_big(G.GAME.chips) >= to_big(G.GAME.blind.chips) or G.GAME.current_round.hands_left <= 0 then' on target 'game.lua' for pattern patch from NotJustYet\lovely.toml resulted in no matches
WARN - [♥] Pattern 'if G.GAME.chips - G.GAME.blind.chips >= 0 or G.GAME.current_round.hands_left < 1 then' on target 'game.lua' for pattern patch from Talisman\lovely.toml resulted in no matches
WARN - [♥] Regex 'card\\:start_materialize\\(\\)\\n\\s+G\\.shop_vouchers\\:emplace\\(card\\)\\n\\s+end' on target 'game.lua' for regex patch from Cryptid\lovely\Voucher.toml resulted in no matches
INFO - [♥] Applied 122 patches to 'game.lua'
INFO - [♥] Applied 4 patches to 'globals.lua'
WARN - [♥] Pattern 'self.config.chosen = true' on target 'engine/ui.lua' for pattern patch from Cartomancer\lovely\vanilla-ui.toml resulted in no matches
INFO - [♥] Applied 7 patches to 'engine/ui.lua'
WARN - [♥] Pattern 'G.GAME.shop.joker_max*1.02*G.CARD_W,' on target 'functions/UI_definitions.lua' for pattern patch from Cryptid\lovely\equilibrium.toml resulted in no matches
WARN - [♥] Pattern '{n=G.UIT.T, config={text = G.GAME.hands[handname].chips, scale = 0.45, colour = G.C.UI.TEXT_LIGHT}},' on target 'functions/UI_definitions.lua' for pattern patch from Talisman\lovely.toml resulted in no matches
WARN - [♥] Pattern '{n=G.UIT.T, config={text = G.GAME.hands[handname].mult, scale = 0.45, colour = G.C.UI.TEXT_LIGHT}}' on target 'functions/UI_definitions.lua' for pattern patch from Talisman\lovely.toml resulted in no matches
WARN - [♥] Pattern 'create_option_cycle({label = localize(\'b_set_gamespeed\'),scale = 0.8, options = {0.5, 1, 2, 4}, opt_callback = \'change_gamespeed\', current_option = (G.SETTINGS.GAMESPEED == 0.5 and 1 or G.SETTINGS.GAMESPEED == 4 and 4 or G.SETTINGS.GAMESPEED + 1)}),' on target 'functions/UI_definitions.lua' for pattern patch from Nopeus\lovely.toml resulted in no matches
WARN - [♥] Pattern 'button = not G.SETTINGS.tutorial_complete and \"start_run\" or \"setup_run\"' on target 'functions/UI_definitions.lua' for pattern patch from Jen\lovely.toml resulted in no matches
WARN - [♥] Pattern 'label = {localize(\'b_play_cap\')}' on target 'functions/UI_definitions.lua' for pattern patch from Jen\lovely.toml resulted in no matches
INFO - [♥] Applied 142 patches to 'functions/UI_definitions.lua'
WARN - [♥] Pattern 'ease_to = G.GAME.chips + math.floor(hand_chips * mult) * (e and e.antiscore and -1 or 1),' on target 'functions/state_events.lua' for pattern patch from Cryptid\lovely\blind.toml resulted in no matches
WARN - [♥] Pattern 'if reps[j] ~= 1 then' on target 'functions/state_events.lua' for pattern patch from Cryptid\lovely\misc.toml resulted in no matches
WARN - [♥] Pattern 'for i=1, #G.jokers.cards + #G.consumeables.cards do' on target 'functions/state_events.lua' for pattern patch from Cryptid\lovely\misc.toml resulted in no matches
WARN - [♥] Pattern 'local effects = {[1] = {playing_card = G.hand.cards[i]:get_end_of_round_effect()}}' on target 'functions/state_events.lua' for pattern patch from Cryptid\lovely\stake.toml resulted in no matches
WARN - [♥] Pattern 'G.GAME.current_round.voucher = get_next_voucher_key()' on target 'functions/state_events.lua' for pattern patch from Cryptid\lovely\sticker.toml resulted in no matches
WARN - [♥] Pattern 'G.GAME.current_round.voucher = get_next_voucher_key()' on target 'functions/state_events.lua' for pattern patch from Cryptid\lovely\Voucher.toml resulted in no matches
WARN - [♥] Pattern 'if effects[ii].card then' on target 'functions/state_events.lua' for pattern patch from Talisman\lovely.toml resulted in no matches
WARN - [♥] Pattern 'if effects.jokers.Xmult_mod then mult = mod_mult(mult*effects.jokers.Xmult_mod);extras.mult = true  end' on target 'functions/state_events.lua' for pattern patch from Talisman\lovely.toml resulted in no matches
WARN - [♥] Pattern 'if effect.Xmult_mod then mult = mod_mult(mult*effect.Xmult_mod);extras.mult = true  end' on target 'functions/state_events.lua' for pattern patch from Talisman\lovely.toml resulted in no matches
WARN - [♥] Pattern 'if effects[ii].message then' on target 'functions/state_events.lua' for pattern patch from Talisman\lovely.toml resulted in no matches
WARN - [♥] Pattern '--calculate the card edition effects' on target 'functions/state_events.lua' for pattern patch from Talisman\lovely.toml resulted in no matches
WARN - [♥] Pattern 'if effects[ii].edition.p_dollars_mod then' on target 'functions/state_events.lua' for pattern patch from Talisman\lovely.toml resulted in no matches
WARN - [♥] Pattern 'if edition_effects.jokers.x_mult_mod then' on target 'functions/state_events.lua' for pattern patch from Talisman\lovely.toml resulted in no matches
WARN - [♥] Pattern 'if SMODS.has_enhancement(scoring_hand[i], \'m_glass\') and not scoring_hand[i].debuff and pseudorandom(\'glass\') < G.GAME.probabilities.normal/(scoring_hand[i].ability.name == \'Glass Card\' and scoring_hand[i].ability.extra or G.P_CENTERS.m_glass.config.extra) then' on target 'functions/state_events.lua' for pattern patch from Cryptid\lovely\Probability.toml resulted in no matches
WARN - [♥] Regex '(?<indent>[\\t ]*)if destroyed then \\n' on target 'functions/state_events.lua' for regex patch from Cryptid\lovely\seal.toml resulted in no matches
WARN - [♥] Regex 'to_big\\(hand_chips\\)\\*mult' on target 'functions/state_events.lua' for regex patch from Jen\lovely.toml resulted in no matches
INFO - [♥] Applied 91 patches to 'functions/state_events.lua'
WARN - [♥] Pattern '{n=G.UIT.T, config={text = localize(\'$\')..config.dollars, scale = 1.2*scale, colour = G.C.WHITE, shadow = true, juice = true}}' on target 'functions/common_events.lua' for pattern patch from Cryptid\lovely\code.toml resulted in no matches
WARN - [♥] Pattern 'G.shop_jokers.T.w = G.GAME.shop.joker_max*1.01*G.CARD_W' on target 'functions/common_events.lua' for pattern patch from Cryptid\lovely\equilibrium.toml resulted in no matches
WARN - [♥] Pattern 'function generate_card_ui(_c, full_UI_table, specific_vars, card_type, badges, hide_desc, main_start, main_end)' on target 'functions/common_events.lua' for pattern patch from Cryptid\lovely\lib_misc.toml resulted in no matches
WARN - [♥] Pattern 'elseif v.boss.showdown and (G.GAME.round_resets.ante)%G.GAME.win_ante == 0 and G.GAME.round_resets.ante >= 2 then' on target 'functions/common_events.lua' for pattern patch from Cryptid\lovely\stake.toml resulted in no matches
WARN - [♥] Pattern '   end\n\n    if main_end then \n        desc_nodes[#desc_nodes+1] = main_end \n    end' on target 'functions/common_events.lua' for pattern patch from MoreFluff\lovely\complexitycreep.toml resulted in no matches
WARN - [♥] Pattern 'if num_dollars > 60 then' on target 'functions/common_events.lua' for pattern patch from Talisman\lovely.toml resulted in no matches
WARN - [♥] Pattern 'func = (function() if eval_func(card) then if not first or first then card:juice_up(0.1, 0.1) end;juice_card_until(card, eval_func, nil, 0.8) end return true end)' on target 'functions/common_events.lua' for pattern patch from Talisman\lovely.toml resulted in no matches
WARN - [♥] Pattern 'if context.cardarea == G.play then' on target 'functions/common_events.lua' for pattern patch from Jen\lovely.toml resulted in no matches
WARN - [♥] Pattern '        local chips = card:get_chip_bonus()\n        if chips > 0 then \n            ret.chips = chips\n        end\n\n        local mult = card:get_chip_mult()\n        if mult > 0 then \n            ret.mult = mult\n        end\n' on target 'functions/common_events.lua' for pattern patch from Jen\lovely.toml resulted in no matches
INFO - [♥] Applied 199 patches to 'functions/common_events.lua'
WARN - [♥] Pattern 'if ((G.GAME.dollars-G.GAME.bankrupt_at) - 10 >= 0) and' on target 'functions/button_callbacks.lua' for pattern patch from Talisman\lovely.toml resulted in no matches
WARN - [♥] Pattern 'if #G.hand.highlighted <= 0 or G.GAME.blind.block_play or #G.hand.highlighted > 5 then' on target 'functions/button_callbacks.lua' for pattern patch from CardSleeves\lovely\expected_to_fail.toml resulted in no matches
INFO - [♥] Applied 81 patches to 'functions/button_callbacks.lua'
WARN - [♥] Pattern 'if G.GAME.blind and G.GAME.blind.in_blind then G.E_MANAGER:add_event(Event({ func = function() G.GAME.blind:set_blind(nil, true, nil); return true end })) end' on target 'card.lua' for pattern patch from Steamodded\lovely\calculate_card_added.toml resulted in 2 matches, wanted 1
WARN - [♥] Ignoring excess matches
WARN - [♥] Pattern 'if self.ability.name == \'Campfire\' and G.GAME.blind.boss and not (G.GAME.blind.config and G.GAME.blind.config.bonus) and self.ability.x_mult > 1 then' on target 'card.lua' for pattern patch from Cryptid\lovely\misc.toml resulted in no matches
WARN - [♥] Pattern 'if self.ability.name:find(\'Arcana\') then' on target 'card.lua' for pattern patch from Cryptid\lovely\misprint.toml resulted in no matches
WARN - [♥] Pattern 'if self.ability.name == \'The Hermit\' or self.ability.consumeable.hand_type or self.ability.name == \'Temperance\' or self.ability.name == \'Black Hole\' then' on target 'card.lua' for pattern patch from Cryptid\lovely\stake.toml resulted in no matches
WARN - [♥] Pattern 'if self.ability.queue_negative_removal then' on target 'card.lua' for pattern patch from Cryptid\lovely\sticker.toml resulted in no matches
WARN - [♥] Pattern 'G.GAME.current_round.voucher = nil' on target 'card.lua' for pattern patch from Cryptid\lovely\Voucher.toml resulted in no matches
WARN - [♥] Pattern 'Xmult_mod = G.P_CENTERS.v_observatory.config.extra' on target 'card.lua' for pattern patch from Incantation\lovely.toml resulted in no matches
WARN - [♥] Pattern 'if G.GAME.blind then G.E_MANAGER:add_event(Event({ func = function() G.GAME.blind:set_blind(nil, true, nil); return true end })) end' on target 'card.lua' for pattern patch from Talisman\lovely.toml resulted in no matches
WARN - [♥] Pattern 'x_mult = center.config.Xmult or 1,' on target 'card.lua' for pattern patch from Talisman\lovely.toml resulted in no matches
WARN - [♥] Pattern 'elseif self.ability.name == \'Business Card\' then loc_vars = {\'\'..(G.GAME and G.GAME.probabilities.normal or 1), self.ability.extra}' on target 'card.lua' for pattern patch from Cryptid\lovely\Probability.toml resulted in no matches
WARN - [♥] Pattern 'pseudorandom(\'business\') < G.GAME.probabilities.normal/self.ability.extra then' on target 'card.lua' for pattern patch from Cryptid\lovely\Probability.toml resulted in no matches
WARN - [♥] Pattern 'local currentBack = self.params.viewed_back and G.GAME.viewed_back or G.GAME.selected_back' on target 'card.lua' for pattern patch from Galdur\lovely.toml resulted in no matches
WARN - [♥] Regex 'self.params.viewed_back and G.GAME.viewed_back or G.GAME.selected_back' on target 'card.lua' for regex patch from CardSleeves\lovely\expected_to_fail.toml resulted in no matches
INFO - [♥] Applied 262 patches to 'card.lua'
WARN - [♥] Pattern 'local stay_flipped = G.GAME and G.GAME.blind and G.GAME.blind:stay_flipped(self, card)' on target 'cardarea.lua' for pattern patch from Cartomancer\lovely\limit-deck-size.toml resulted in no matches
INFO - [♥] Applied 28 patches to 'cardarea.lua'
INFO - [♥] Applied 41 patches to 'blind.lua'
INFO - [♥] Applied 2 patches to 'card_character.lua'
INFO - [♥] Applied 6 patches to 'engine/text.lua'
INFO - [♥] Applied 4 patches to '=[SMODS _ "src/utils.lua"]'
INFO - [♥] Applied 8 patches to '=[SMODS _ "src/overrides.lua"]'
INFO - [♥] Applied 1 patch to '=[SMODS _ "src/game_object.lua"]'
INFO - [G] Failed to connect to the debug server 
INFO - [G] 2025-04-22 15:38:07 :: DEBUG :: DebugConsole :: Steamodded Debug Socket started ! 
INFO - [G] [Blueprint] Starting to load config 
INFO - [G] [Blueprint] Reading config file:  
INFO - [G] [Blueprint] return {
	["INTERNAL_debug"] = false,
	["hello"] = true,
	["brainstorm"] = true,
	["blueprint"] = true,
} 
INFO - [G] [Blueprint] Removing setting `brainstorm` because it is not in default config 
INFO - [G] [Blueprint] Removing setting `blueprint` because it is not in default config 
INFO - [♥] Applied 9 patches to 'engine/sound_manager.lua'
INFO - [♥] Applied 3 patches to 'engine/save_manager.lua'
INFO - [♥] Applied 3 patches to 'engine/string_packer.lua'
INFO - [G] Loaded all Blueprint mod shaders successfully 
INFO - [G] {
  [1] = table: 0x18147858   {
     [1] = 0.99607843137255,
     [2] = 0.37254901960784,
     [3] = 0.33333333333333,
     [4] = 1,
   },
  [2] = table: 0x18304338   {
     [1] = 0,
     [2] = 0.6156862745098,
     [3] = 1,
     [4] = 1,
   },
} 
INFO - [♥] Applied 4 patches to '=[SMODS _ "src/card_draw.lua"]'
INFO - [G] 2025-04-22 15:38:13 :: TRACE :: Loader :: Processing Mod file (Legacy header): Aurinko.lua 
INFO - [G] 2025-04-22 15:38:13 :: TRACE :: Loader :: Saving Mod Info: aurinko 
INFO - [G] 2025-04-22 15:38:13 :: TRACE :: Loader :: Processing Mod file (Legacy header): BetterMouseAndGamepad_v1.0.6c.lua 
INFO - [G] 2025-04-22 15:38:13 :: TRACE :: Loader :: Saving Mod Info: BetterMouseAndGamepad 
INFO - [G] 2025-04-22 15:38:13 :: TRACE :: Loader :: Processing Mod file (Legacy header): BetterMouseAndGamepad_v1.0.5d.lua 
INFO - [G] 2025-04-22 15:38:13 :: WARN  :: Loader :: Duplicate Mod ID: BetterMouseAndGamepad 
INFO - [G] 2025-04-22 15:38:13 :: WARN  :: Loader :: Duplicate Mod prefix bmag_k used by BetterMouseAndGamepad, BetterMouseAndGamepad 
INFO - [G] 2025-04-22 15:38:13 :: TRACE :: Loader :: Processing Mod file (Legacy header): mod.lua 
INFO - [G] 2025-04-22 15:38:13 :: TRACE :: Loader :: Saving Mod Info: blueprint 
INFO - [G] 2025-04-22 15:38:13 :: ERROR :: Loader :: Found invalid metadata JSON file at C:\Users\easto\AppData\Roaming\Balatro\Mods/Brainstorm/manifest.json, ignoring: [SMODS _ "src/loader.lua"]:226: id 
INFO - [G] 2025-04-22 15:38:13 :: INFO  :: DefaultLogger :: Valid JSON file found 
INFO - [G] 2025-04-22 15:38:13 :: TRACE :: Loader :: Processing Mod file (Legacy header): mod.lua 
INFO - [G] 2025-04-22 15:38:13 :: TRACE :: Loader :: Saving Mod Info: cartomancer 
INFO - [G] 2025-04-22 15:38:13 :: INFO  :: DefaultLogger :: Valid JSON file found 
INFO - [G] 2025-04-22 15:38:14 :: INFO  :: DefaultLogger :: Valid JSON file found 
INFO - [G] 2025-04-22 15:38:14 :: INFO  :: DefaultLogger :: Valid JSON file found 
INFO - [G] 2025-04-22 15:38:14 :: INFO  :: DefaultLogger :: Valid JSON file found 
INFO - [G] 2025-04-22 15:38:14 :: INFO  :: DefaultLogger :: Valid JSON file found 
INFO - [G] 2025-04-22 15:38:14 :: TRACE :: Loader :: Processing Mod file (Legacy header): steamodded.lua 
INFO - [G] 2025-04-22 15:38:14 :: WARN  :: Loader :: Duplicate Mod ID: Handy 
INFO - [G] 2025-04-22 15:38:14 :: INFO  :: DefaultLogger :: Valid JSON file found 
INFO - [G] 2025-04-22 15:38:14 :: INFO  :: DefaultLogger :: Valid JSON file found 
INFO - [G] 2025-04-22 15:38:14 :: TRACE :: Loader :: Processing Mod file (Legacy header): JenLib.lua 
INFO - [G] 2025-04-22 15:38:14 :: TRACE :: Loader :: Saving Mod Info: JenLib 
INFO - [G] 2025-04-22 15:38:14 :: INFO  :: DefaultLogger :: Valid JSON file found 
INFO - [G] 2025-04-22 15:38:15 :: TRACE :: Loader :: Processing Mod file (Legacy header): LocalPoolFix.lua 
INFO - [G] 2025-04-22 15:38:15 :: TRACE :: Loader :: Saving Mod Info: jen_localpoolfix 
INFO - [G] 2025-04-22 15:38:15 :: TRACE :: Loader :: Processing Mod file (Legacy header): MoreFluff.lua 
INFO - [G] 2025-04-22 15:38:15 :: TRACE :: Loader :: Saving Mod Info: MoreFluff 
INFO - [G] 2025-04-22 15:38:17 :: TRACE :: Loader :: Processing Mod file (Legacy header): MoreJokerPacks.lua 
INFO - [G] 2025-04-22 15:38:17 :: TRACE :: Loader :: Saving Mod Info: MoreJokerPacks 
INFO - [G] 2025-04-22 15:38:17 :: TRACE :: Loader :: Processing Mod file (Legacy header): Nopeus.lua 
INFO - [G] 2025-04-22 15:38:17 :: TRACE :: Loader :: Saving Mod Info: nopeus 
INFO - [G] 2025-04-22 15:38:17 :: TRACE :: Loader :: Processing Mod file (Legacy header): main.lua 
INFO - [G] 2025-04-22 15:38:17 :: TRACE :: Loader :: Saving Mod Info: NotJustYet 
INFO - [G] 2025-04-22 15:38:17 :: TRACE :: Loader :: Processing Mod file (Legacy header): PreorderCards.lua 
INFO - [G] 2025-04-22 15:38:17 :: TRACE :: Loader :: Saving Mod Info: preorder_cards 
INFO - [G] 2025-04-22 15:38:17 :: TRACE :: Loader :: Processing Mod file (Legacy header): main.lua 
INFO - [G] 2025-04-22 15:38:17 :: TRACE :: Loader :: Saving Mod Info: sdm0sstuff 
INFO - [G] 2025-04-22 15:38:17 :: TRACE :: Loader :: Processing Mod file (Legacy header): steamodded_metadata.lua 
INFO - [G] 2025-04-22 15:38:17 :: TRACE :: Loader :: Saving Mod Info: Talisman 
INFO - [G] 2025-04-22 15:38:18 :: TRACE :: Loader :: Processing Mod file (Legacy header): IOSAdaptation.lua 
INFO - [G] 2025-04-22 15:38:18 :: TRACE :: Loader :: Saving Mod Info: IOSAdaptation 
INFO - [G] 2025-04-22 15:38:18 :: TRACE :: Loader :: Processing Mod file (Legacy header): UltraHand.lua 
INFO - [G] 2025-04-22 15:38:18 :: TRACE :: Loader :: Saving Mod Info: UltraHand 
INFO - [G] 2025-04-22 15:38:18 :: TRACE :: Loader :: Processing Mod file (Legacy header): multipack.lua 
INFO - [G] 2025-04-22 15:38:18 :: TRACE :: Loader :: Saving Mod Info: Multipack 
INFO - [G] 2025-04-22 15:38:18 :: INFO  :: CardSleeves :: CardSleeves v1.7.1 loaded~! 
INFO - [G] 2025-04-22 15:38:18 :: DEBUG :: DefaultLogger :: IOS Adaptation! 
INFO - [G] basepaul_card 
INFO - [G] clownfish 
INFO - [G] expansion_pack 
INFO - [G] hollow 
INFO - [G] jester 
INFO - [G] lollipop 
INFO - [G] luckycharm 
INFO - [G] monochrome 
INFO - [G] mspaint 
INFO - [G] simplified 
INFO - [G] spiral 
INFO - [G] treasuremap 
INFO - [G] philosophical 
INFO - [G] badlegaldefence 
INFO - [G] clipart 
INFO - [G] dropkick 
INFO - [G] bladedance 
INFO - [G] hyperbeam 
INFO - [G] blasphemy 
INFO - [G] dramaticentrance 
INFO - [G] coupon_catalogue 
INFO - [G] css 
INFO - [G] globe 
INFO - [G] goldencarrot 
INFO - [G] hallofmirrors 
INFO - [G] impostor 
INFO - [G] tonersoup 
INFO - [G] loadeddisk 
INFO - [G] stylemeter 
INFO - [G] teacup 
INFO - [G] recycling 
INFO - [G] virtual 
INFO - [G] bloodpact 
INFO - [G] bowlingball 
INFO - [G] cba 
INFO - [G] fleshprison 
INFO - [G] hugejoker 
INFO - [G] jankman 
INFO - [G] mashupalbum 
INFO - [G] pixeljoker 
INFO - [G] rainbowjoker 
INFO - [G] rosetinted 
INFO - [G] the_solo 
INFO - [G] triangle 
INFO - [G] colorem 
INFO - [G] 2025-04-22 15:38:18 :: WARN  :: Atlas :: Detected duplicate register call on object njy_modicon 
INFO - [G] 2025-04-22 15:38:18 :: TRACE :: Loader :: Mod extracredit was unable to load: Missing Dependencies: 1: Steamodded (>=1.0.0~ALPHA-1423g) (<=1.0.0~BETA-0312b)

 
INFO - [G] 2025-04-22 15:38:18 :: TRACE :: Loader :: Mod Cryptid was unable to load: Missing Dependencies: 1: Talisman (>=2.2.0a)
2: Steamodded (>=1.0.0~BETA-0419b)

 
INFO - [G] 2025-04-22 15:38:18 :: TRACE :: Loader :: Mod jen was unable to load: Missing Dependencies: 1: Cryptid (==0.5.5a~dev2)

 
INFO - [G] 2025-04-22 15:38:18 :: INFO  :: TIMER :: [0000] Injected Language in 0.007 ms 
INFO - [G] 2025-04-22 15:38:18 :: INFO  :: TIMER :: [0000] Injected [INTERNAL] in 50.543 ms 
INFO - [G] 2025-04-22 15:38:22 :: INFO  :: TIMER :: [0037] Injected Atlas in 3709.501 ms 
INFO - [G] 2025-04-22 15:38:22 :: INFO  :: TIMER :: [0009] Injected Sound in 325.249 ms 
INFO - [G] 2025-04-22 15:38:22 :: INFO  :: TIMER :: [0008] Injected Stake in 1.319 ms 
INFO - [G] 2025-04-22 15:38:22 :: INFO  :: TIMER :: [0004] Injected Rarity in 0.127 ms 
INFO - [G] 2025-04-22 15:38:22 :: INFO  :: TIMER :: [0005] Injected ObjectType in 0.349 ms 
INFO - [G] 2025-04-22 15:38:22 :: INFO  :: TIMER :: [0211] Injected Center in 1.894 ms 
INFO - [G] 2025-04-22 15:38:22 :: INFO  :: TIMER :: [0008] Injected Undiscovered Sprite in 0.033 ms 
INFO - [G] 2025-04-22 15:38:23 :: INFO  :: TIMER :: [0002] Injected Blind in 0.034 ms 
INFO - [G] 2025-04-22 15:38:23 :: INFO  :: TIMER :: [0004] Injected Seal in 0.564 ms 
INFO - [G] 2025-04-22 15:38:23 :: INFO  :: TIMER :: [0004] Injected Suit in 0.839 ms 
INFO - [G] 2025-04-22 15:38:23 :: INFO  :: TIMER :: [0013] Injected Rank in 0.608 ms 
INFO - [G] 2025-04-22 15:38:23 :: INFO  :: TIMER :: [0028] Injected DeckSkin in 1.403 ms 
INFO - [G] 2025-04-22 15:38:23 :: INFO  :: TIMER :: [0012] Injected PokerHand in 0.581 ms 
INFO - [G] 2025-04-22 15:38:23 :: INFO  :: TIMER :: [0025] Injected Challenge in 0.050 ms 
INFO - [G] 2025-04-22 15:38:23 :: INFO  :: TIMER :: [0000] Injected Tag in 0.003 ms 
INFO - [G] 2025-04-22 15:38:23 :: INFO  :: TIMER :: [0004] Injected Sticker in 0.493 ms 
INFO - [G] 2025-04-22 15:38:23 :: INFO  :: TIMER :: [0000] Injected Shader in 0.005 ms 
INFO - [G] 2025-04-22 15:38:23 :: INFO  :: TIMER :: [0002] Injected Keybind in 0.019 ms 
INFO - [G] 2025-04-22 15:38:23 :: INFO  :: TIMER :: [0006] Injected Achievement in 0.225 ms 
INFO - [G] 2025-04-22 15:38:23 :: INFO  :: TIMER :: [0002] Injected nil in 0.099 ms 
INFO - [G] 2025-04-22 15:38:23 :: INFO  :: TIMER :: [0021] Injected Draw Step in 0.212 ms 
INFO - [G] 2025-04-22 15:38:23 :: INFO  :: TIMER :: [0000] Injected [INTERNAL] in 305.313 ms 
INFO - [G] [DebugPlus] Press [/] to toggle console and press [shift] + [/] to toggle new log previews 
INFO - [G] line not found
INFO - [G] file not found: functions/UI_definitions.lua: No such file or directory
INFO - [G] file not found: functions/button_callbacks.lua: No such file or directory
INFO - [G] file not found: functions/button_callbacks.lua: No such file or directory
INFO - [G] file not found: main.lua: No such file or directory
INFO - [G] file not found: main.lua: No such file or directory
INFO - [G] 2025-04-22 15:38:55 :: ERROR :: StackTrace :: Oops! The game crashed
functions/UI_definitions.lua:6568: attempt to call a nil value
Stack Traceback
===============
(1) Lua upvalue 'orig' at file 'main.lua:612'
	Local variables:
	 msg = string: "functions/UI_definitions.lua:6568: attempt to call a nil value"
	 (*temporary) = Lua function '?' (defined at line 31 of chunk [SMODS _ "src/logging.lua"])
	 (*temporary) = string: "Oops! The game crashed\
"
(2) Lua local 'handler' at file 'debugplus/console.lua:576' (from lovely module debugplus.console)
	Local variables:
	 msg = string: "functions/UI_definitions.lua:6568: attempt to call a nil value"
(3) LÖVE function at file 'boot.lua:352' (best guess)
	Local variables:
	 errhand = Lua function '(LÖVE Function)' (defined at line 575 of chunk [lovely debugplus.console "debugplus/console.lua"])
	 handler = Lua function '(LÖVE Function)' (defined at line 575 of chunk [lovely debugplus.console "debugplus/console.lua"])
(4) Lua upvalue 'gurso' at file 'functions/UI_definitions.lua:6568'
	Local variables:
	 type = string: "Continue"
	 area = table: 0x1a1e76f8  {velocity:table: 0x1a1e8058, click_offset:table: 0x1a1e7880, children:table: 0x1a1e8718, shuffle_amt:0, offset:table: 0x1a1e7b38, cards:table: 0x1a1e86f0 (more...)}
	 ordered_names = table: 0x1a242428  {1:Red Deck, 2:Blue Deck, 3:Yellow Deck, 4:Green Deck, 5:Black Deck, 6:Magic Deck, 7:Nebula Deck, 8:Ghost Deck, 9:Abandoned Deck, 10:Checkered Deck (more...)}
	 viewed_deck = number: 11
	 lwidth = number: 1.4
	 rwidth = number: 1.8
	 type_colour = table: 0x17dafb70  {1:0, 2:0.6156862745098, 3:1, 4:1}
	 scale = number: 0.39
	 (*temporary) = table: 0x1a242560  {n:7, config:table: 0x1a2425f0}
	 (*temporary) = table: 0x1a242680  {1:table: 0x1a2426d0, 2:table: 0x1a274c08, 3:table: 0x1a2761c8}
	 (*temporary) = table: 0x1a277468  {n:4, config:table: 0x1a2774f8}
	 (*temporary) = table: 0x1a277558  {1:table: 0x1a2775a8, 2:table: 0x1a277708, 3:table: 0x1a277c68}
	 (*temporary) = table: 0x1a277d80  {n:3, config:table: 0x1a277e10}
	 (*temporary) = table: 0x1a277e70  {}
	 (*temporary) = table: 0x1a277eb0  {n:5}
	 (*temporary) = table: 0x1a277f10  {}
	 (*temporary) = nil
	 (*temporary) = string: "gameset_sprite"
	 (*temporary) = table: 0x1a277c08  {set_button_pip:true, button:x}
	 (*temporary) = string: "focus_args"
	 (*temporary) = nil
	 (*temporary) = string: "PLAY"
	 (*temporary) = string: "b_play_cap"
	 (*temporary) = nil
	 (*temporary) = nil
	 (*temporary) = table: 0x1a276470  {T:table: 0x1a2764d0}
	 (*temporary) = number: 8.52534e-194
	 (*temporary) = table: 0x17ddb800  {1:table: 0x1823b4f0, 2:table: 0x18595388, 3:table: 0x17f86700, 4:table: 0x18803388, 5:table: 0x18ac8060, 6:table: 0x1a1eaa30, 7:table: 0x1a1f3a10 (more...)}
	 (*temporary) = table: 0x1a276448  {velocity:table: 0x1a276da8, click_offset:table: 0x1a2765d0, children:table: 0x1a276c90, T:table: 0x1a276548, CT:table: 0x1a276548, role:table: 0x1a276e98 (more...)}
	 (*temporary) = number: 8.30501e-194
	 (*temporary) = string: "attempt to call a nil value"
(5) Lua upvalue 'old_uidef_run_setup_option' at Steamodded file 'src/ui.lua:1876' 
	Local variables:
	 _type = string: "Continue"
(6) Lua field 'tab_definition_function' at file 'CardSleeves.lua:1422' (from mod with id CardSleeves)
	Local variables:
	 _type = string: "Continue"
(7) Lua global 'create_tabs' at file 'functions/UI_definitions.lua:2350'
	Local variables:
	 args = table: 0x1a1e3f08  {tabs:table: 0x1a1e3f68, colour:table: 0x17dafbc0, text_scale:0.5, tab_h:0, current:table: 0x1a1e4ce0, tab_w:0, scale:1, tab_alignment:cm, snap_to_nav:true (more...)}
	 tab_buttons = table: 0x1a1e3f30  {1:table: 0x1a1e47f0, 2:table: 0x1a1e5360, 3:table: 0x1a1e5da8}
	 (*temporary) = table: 0x1a1e62c8  {n:4, config:table: 0x1a1e6358}
	 (*temporary) = table: 0x1a1e63e8  {1:table: 0x1a1e6428}
	 (*temporary) = table: 0x1a1e6d60  {n:4, config:table: 0x1a1e6df0}
	 (*temporary) = table: 0x1a1e6ee0  {}
	 (*temporary) = table: 0x1a1e6f20  {n:5}
	 (*temporary) = table: 0x1a1e6f80  {id:tab_contents}
	 (*temporary) = table: 0x17ea7060  {remove_group:function: 0x17ea70e8, draw:function: 0x17ea7168, print_topology:function: 0x17ea7228, recalculate:function: 0x17ea7188, init:function: 0x17ea7088 (more...)}
	 (*temporary) = table: 0x1a1e6fe0  {}
(8) Lua field 'run_setup' at file 'functions/UI_definitions.lua:5719'
	Local variables:
	 from_game_over = boolean: false
	 _challenge_chosen = boolean: false
	 _can_continue = boolean: true
	 (*temporary) = Lua function '?' (defined at line 6756 of chunk functions/UI_definitions.lua)
	 (*temporary) = table: 0x1a1e3cd8  {no_esc:false, no_back:false}
	 (*temporary) = table: 0x1a1e3d68  {}
	 (*temporary) = table: 0x1a1e3da8  {n:4, config:table: 0x1a1e3e38}
	 (*temporary) = table: 0x1a1e3ec8  {}
(9) Lua function '?' at file 'functions/button_callbacks.lua:1589' (best guess)
	Local variables:
	 e = table: 0x18a90a78  {pixellated_rect:table: 0x197184f0, click_offset:table: 0x18bf1818, children:table: 0x18a90aa0, parent:table: 0x18a908d8, T:table: 0x18bf1728 (more...)}
	 (*temporary) = Lua function '?' (defined at line 1342 of chunk functions/button_callbacks.lua)
	 (*temporary) = table: 0x196c9238  {}
(10) Lua method 'click' at file 'engine/ui.lua:988'
	Local variables:
	 self = table: 0x18a90a78  {pixellated_rect:table: 0x197184f0, click_offset:table: 0x18bf1818, children:table: 0x18a90aa0, parent:table: 0x18a908d8, T:table: 0x18bf1728 (more...)}
(11) Lua upvalue 'update_ref' at file 'engine/controller.lua:375'
	Local variables:
	 self = table: 0x17e0a6a0  {held_button_times:table: 0x17d5d228, snap_cursor_to:table: 0x18802e28, interrupt:table: 0x17d5d278, GAMEPAD:table: 0x18054a40, last_touch_time:-1 (more...)}
	 dt = number: 0.0168356
(12) Lua method 'update' at file 'BetterMouseAndGamepad_v1.0.6c.lua:204' (from mod with id BetterMouseAndGamepad)
	Local variables:
	 self = table: 0x17e0a6a0  {held_button_times:table: 0x17d5d228, snap_cursor_to:table: 0x18802e28, interrupt:table: 0x17d5d278, GAMEPAD:table: 0x18054a40, last_touch_time:-1 (more...)}
	 dt = number: 0.0168356
(13) Lua upvalue 'gameUpdateRef' at file 'game.lua:2897'
	Local variables:
	 self = table: 0x17e0f4b8  {F_GUIDE:false, F_CRASH_REPORTS:false, F_QUIT_BUTTON:true, F_ENGLISH_ONLY:false, viewed_stake:1, X_CHEAT_SETTINGS:table: 0x181371c8, F_DISCORD:true (more...)}
	 dt = number: 0.0168356
(14) Lua upvalue 'upd' at Steamodded file 'src/ui.lua:84' 
	Local variables:
	 self = table: 0x17e0f4b8  {F_GUIDE:false, F_CRASH_REPORTS:false, F_QUIT_BUTTON:true, F_ENGLISH_ONLY:false, viewed_stake:1, X_CHEAT_SETTINGS:table: 0x181371c8, F_DISCORD:true (more...)}
	 dt = number: 0.0168356
(15) Lua upvalue 'game_updateref' at file 'main.lua:5020'
	Local variables:
	 self = table: 0x17e0f4b8  {F_GUIDE:false, F_CRASH_REPORTS:false, F_QUIT_BUTTON:true, F_ENGLISH_ONLY:false, viewed_stake:1, X_CHEAT_SETTINGS:table: 0x181371c8, F_DISCORD:true (more...)}
	 dt = number: 0.0168356
(16) Lua upvalue 'game_updateref' at file 'other/colours.lua:1066' (from mod with id MoreFluff)
	Local variables:
	 self = table: 0x17e0f4b8  {F_GUIDE:false, F_CRASH_REPORTS:false, F_QUIT_BUTTON:true, F_ENGLISH_ONLY:false, viewed_stake:1, X_CHEAT_SETTINGS:table: 0x181371c8, F_DISCORD:true (more...)}
	 dt = number: 0.0168356
(17) Lua method 'update' at file 'multipack.lua:554' (from mod with id Multipack)
	Local variables:
	 self = table: 0x17e0f4b8  {F_GUIDE:false, F_CRASH_REPORTS:false, F_QUIT_BUTTON:true, F_ENGLISH_ONLY:false, viewed_stake:1, X_CHEAT_SETTINGS:table: 0x181371c8, F_DISCORD:true (more...)}
	 dt = number: 0.0168356
(18) Lua upvalue 'love_update_ref' at file 'main.lua:1013'
	Local variables:
	 dt = number: 0.0168356
(19) Lua upvalue 'oldupd' at file 'main.lua:3620'
	Local variables:
	 dt = number: 0.0168356
(20) Lua field 'update' at file 'main.lua:5053'
	Local variables:
	 dt = number: 0.0168356
(21) Lua function '?' at file 'main.lua:938' (best guess)
(22) global C function 'xpcall'
(23) LÖVE function at file 'boot.lua:377' (best guess)
	Local variables:
	 func = Lua function '?' (defined at line 909 of chunk main.lua)
	 inerror = boolean: true
	 deferErrhand = Lua function '(LÖVE Function)' (defined at line 348 of chunk [love "boot.lua"])
	 earlyinit = Lua function '(LÖVE Function)' (defined at line 355 of chunk [love "boot.lua"])
 
INFO - [G] file not found: functions/UI_definitions.lua: No such file or directory
INFO - [G] file not found: functions/button_callbacks.lua: No such file or directory
INFO - [G] file not found: functions/button_callbacks.lua: No such file or directory
INFO - [G] file not found: main.lua: No such file or directory
INFO - [G] file not found: main.lua: No such file or directory
INFO - [G] 2025-04-22 15:38:55 :: INFO  :: StackTrace :: Additional Context:
Balatro Version: 1.0.1o-FULL
Modded Version: 1.0.0~BETA-0323b-STEAMODDED
LÖVE Version: 11.5.0
Lovely Version: 0.7.1
Platform: Windows
Steamodded Mods:
    1: Aurinko by jenwalter666 [ID: aurinko, Priority: 9.9e+301, Version: 0.4.14]
    2: More Fluff by notmario [ID: MoreFluff, Version: 1.1.0, Uses Lovely]
    3: Card Sleeves by Larswijn [ID: CardSleeves, Priority: -10, Version: 1.7.1, Uses Lovely]
    4: More Joker Packs by Samario [ID: MoreJokerPacks, Priority: 10000, Version: 0.0.2]
    5: Galdur by Eremel_ [ID: galdur, Priority: -10000, Version: 1.2, Uses Lovely]
    6: Talisman by MathIsFun_, Mathguy24, jenwalter666, cg-223 [ID: Talisman, Version: 2.2.0~dev, Uses Lovely]
        Break Infinity: omeganum
    7: iOS adaptation by Xioxin [ID: IOSAdaptation]
    8: Jen's Library by jenwalter666 [ID: JenLib, Version: 0.4.0]
    9: Local Pool Fix by jenwalter666 [ID: jen_localpoolfix]
    10: Multipack by sishui [ID: Multipack, Version: 2.1.0]
    11: UltraHand by Xioxin [ID: UltraHand]
    12: SDM_0's Stuff by SDM_0 [ID: sdm0sstuff, Version: 1.6.4l, Uses Lovely]
    13: Handy by SleepyG11 [ID: Handy, Version: 1.4.1a, Uses Lovely]
    14: Preorder Cards by asd123cqp [ID: preorder_cards]
    15: Nopeus by jenwalter666, stupxd [ID: nopeus, Version: 2.2.5, Uses Lovely]
    16: Better Mouse And Gamepad by Kooluve [ID: BetterMouseAndGamepad, Priority: -10000, Version: 1.0.6c]
    17: JokerDisplay by nh6574 [ID: JokerDisplay, Priority: -100000, Version: 1.8.3]
    18: NotJustYet by toneblock [ID: NotJustYet, Priority: 1, Version: 0.5.4, Uses Lovely]
    19: DebugPlus by WilsontheWolf [ID: DebugPlus, Version: 1.4.1, Uses Lovely]
    20: Incantation by jenwalter666, MathIsFun_ [ID: incantation, Priority: 9e+301, Version: 0.7.0, Uses Lovely]
    21: Cartomancer by stupxd aka stupid [ID: cartomancer, Priority: 69, Version: 4.13, Uses Lovely]
    22: Blueprint by stupxd aka stupid, Jonathan [ID: blueprint, Priority: 69, Version: 3.2, Uses Lovely]
Lovely Mods:
    1: Brainstorm
    2: Almanac (0.0.8)
        Has Steamodded mod that failed to load.
        Missing Dependencies:
            1. Cryptid (==0.5.5a~dev2)
    3: Cryptid
        Has Steamodded mod that failed to load.
        Missing Dependencies:
            1. Talisman (>=2.2.0a)
            2. Steamodded (>=1.0.0~BETA-0419b)
    4: Trance 
