INFO - [♥] Lovely 0.8.0
INFO - [♥] Game directory is at "C:\\games\\Balatro.v1.0.1o\\Balatro.v1.0.1o\\game"
INFO - [♥] Writing logs to "C:\\Users\\easto\\AppData\\Roaming\\Balatro\\Mods\\lovely\\log"
INFO - [♥] Using mod directory at "C:\\Users\\easto\\AppData\\Roaming\\Balatro\\Mods"
INFO - [♥] Found .lovelyignore in 'Cryptposting', skipping it.
INFO - [♥] Found .lovelyignore in 'CustomSuitOrder', skipping it.
INFO - [♥] Found .lovelyignore in 'ExtraCredit', skipping it.
INFO - [♥] Found .lovelyignore in 'Jen', skipping it.
INFO - [♥] Found .lovelyignore in 'Kino', skipping it.
INFO - [♥] Found .lovelyignore in 'Malverk', skipping it.
INFO - [♥] Found .lovelyignore in 'StickyFingers', skipping it.
INFO - [♥] Found .lovelyignore in 'Trance', skipping it.
INFO - [♥] Found .lovelyignore in 'Yggdrasil', skipping it.
WARN - [♥] Unknown key `patches.1.?.match_indent` found in patch file at "C:\\Users\\easto\\AppData\\Roaming\\Balatro\\Mods\\Cartomancer\\lovely\\blinds-info.toml", ignoring it
WARN - [♥] Unknown key `patches.2.?.match_indent` found in patch file at "C:\\Users\\easto\\AppData\\Roaming\\Balatro\\Mods\\Cartomancer\\lovely\\stackable-deck-steamodded.toml", ignoring it
WARN - [♥] Unknown key `patches.4.?.match_indent` found in patch file at "C:\\Users\\easto\\AppData\\Roaming\\Balatro\\Mods\\Cartomancer\\lovely\\stackable-deck-steamodded.toml", ignoring it
WARN - [♥] Unknown key `patches.6.?.match_indent` found in patch file at "C:\\Users\\easto\\AppData\\Roaming\\Balatro\\Mods\\Cartomancer\\lovely\\stackable-deck-steamodded.toml", ignoring it
WARN - [♥] Unknown key `patches.20.?.match_indent` found in patch file at "C:\\Users\\easto\\AppData\\Roaming\\Balatro\\Mods\\Cryptid\\lovely\\code.toml", ignoring it
WARN - [♥] Unknown key `patches.1.?.match_indent` found in patch file at "C:\\Users\\easto\\AppData\\Roaming\\Balatro\\Mods\\HandyBalatro\\lovely\\controls_misc.toml", ignoring it
WARN - [♥] Unknown key `patches.1.?.overwrite` found in patch file at "C:\\Users\\easto\\AppData\\Roaming\\Balatro\\Mods\\HandyBalatro\\lovely\\controls_misc.toml", ignoring it
WARN - [♥] Unknown key `patches.0.?.overwrite` found in patch file at "C:\\Users\\easto\\AppData\\Roaming\\Balatro\\Mods\\HandyBalatro\\lovely\\controls_show_deck_preview.toml", ignoring it
WARN - [♥] Unknown key `patches.35.?.match_indent` found in patch file at "C:\\Users\\easto\\AppData\\Roaming\\Balatro\\Mods\\Talisman\\lovely.toml", ignoring it
WARN - [♥] Unknown key `patches.35.?.overwrite` found in patch file at "C:\\Users\\easto\\AppData\\Roaming\\Balatro\\Mods\\Talisman\\lovely.toml", ignoring it
WARN - [♥] Unknown key `patches.52.?.match_indent` found in patch file at "C:\\Users\\easto\\AppData\\Roaming\\Balatro\\Mods\\Talisman\\lovely.toml", ignoring it
WARN - [♥] Unknown key `patches.55.?.match_indent` found in patch file at "C:\\Users\\easto\\AppData\\Roaming\\Balatro\\Mods\\Talisman\\lovely.toml", ignoring it
INFO - [♥] Cleaning up dumps directory at "C:\\Users\\easto\\AppData\\Roaming\\Balatro\\Mods\\lovely\\dump"
INFO - [♥] Initialization complete in 307ms
INFO - [♥] Applied 1 patch to 'conf.lua'
WARN - [♥] Pattern 'G.ARGS.score_intensity.organ = G.video_organ or G.ARGS.score_intensity.required_score > 0 and math.max(math.min(0.4, 0.1*math.log(G.ARGS.score_intensity.earned_score/(G.ARGS.score_intensity.required_score+1), 5)),0.) or 0' on target 'main.lua' for pattern patch from Talisman\lovely.toml resulted in no matches
WARN - [♥] Pattern 'if type(G.GAME.current_round.current_hand.chips) ~= \'number\' or type(G.GAME.current_round.current_hand.mult) ~= \'number\' then' on target 'main.lua' for pattern patch from Talisman\lovely.toml resulted in no matches
WARN - [♥] Pattern 'assert(load(nfs.read(Saturn.PATH .. \"/core/logic/hide_played.lua\")))()' on target 'main.lua' for pattern patch from Cartomancer\lovely\saturn-compat.toml resulted in no matches
WARN - [♥] Pattern 'modded and {' on target 'main.lua' for pattern patch from Cartomancer\lovely\stackable-deck-steamodded-0.9.8.toml resulted in no matches
INFO - [♥] Applied 25 patches to 'main.lua'
INFO - [♥] Applied 2 patches to 'engine/string_packer.lua'
INFO - [♥] Applied 23 patches to 'engine/controller.lua'
INFO - [♥] Applied 18 patches to 'back.lua'
INFO - [♥] Applied 18 patches to 'tag.lua'
INFO - [♥] Applied 2 patches to 'engine/event.lua'
INFO - [♥] Applied 4 patches to 'engine/node.lua'
INFO - [♥] Applied 3 patches to 'engine/moveable.lua'
INFO - [♥] Applied 3 patches to 'engine/sprite.lua'
INFO - [♥] Applied 2 patches to 'engine/animatedsprite.lua'
WARN - [♥] Pattern 'assembled_string = assembled_string..(type(subpart) == \'string\' and subpart or args.vars[tonumber(subpart[1])] or \'ERROR\')' on target 'functions/misc_functions.lua' for pattern patch from Talisman\lovely.toml resulted in no matches
INFO - [♥] Applied 92 patches to 'functions/misc_functions.lua'
WARN - [♥] Pattern 'G.FUNCS.evaluate_play()' on target 'game.lua' for pattern patch from MoreFluff\lovely\onesliptoolate.toml resulted in no matches
WARN - [♥] Pattern 'for k, v in pairs(self.MOVEABLES) do' on target 'game.lua' for pattern patch from Aikoyori'sShenanigans\lovely\cardarea.toml resulted in 2 matches, wanted 1
WARN - [♥] Ignoring excess matches
WARN - [♥] Pattern 'if Big:new(G.GAME.chips) >= Big:new(G.GAME.blind.chips) or G.GAME.current_round.hands_left < 1 then' on target 'game.lua' for pattern patch from NotJustYet\lovely.toml resulted in no matches
WARN - [♥] Pattern 'if to_big(G.GAME.chips) >= to_big(G.GAME.blind.chips) or G.GAME.current_round.hands_left <= 0 then' on target 'game.lua' for pattern patch from NotJustYet\lovely.toml resulted in no matches
WARN - [♥] Pattern 'if #G.hand.cards < 1 and #G.deck.cards < 1 and #G.play.cards < 1 then' on target 'game.lua' for pattern patch from NotJustYet\lovely.toml resulted in no matches
WARN - [♥] Pattern 'if #G.hand.cards < 1 and #G.deck.cards < 1 then' on target 'game.lua' for pattern patch from NotJustYet\lovely.toml resulted in no matches
WARN - [♥] Pattern 'if G.GAME.chips - G.GAME.blind.chips >= 0 or G.GAME.current_round.hands_left < 1 then' on target 'game.lua' for pattern patch from Talisman\lovely.toml resulted in no matches
WARN - [♥] Regex 'card\\:start_materialize\\(\\)\\n\\s+G\\.shop_vouchers\\:emplace\\(card\\)\\n\\s+end' on target 'game.lua' for regex patch from Cryptid\lovely\Voucher.toml resulted in no matches
WARN - [♥] Pattern '        if to_big(G.GAME.chips) >= to_big(G.GAME.blind.chips) or G.GAME.current_round.hands_left < 1 then\n            G.STATE = G.STATES.NEW_ROUND\n\n        else\n            G.STATE = G.STATES.DRAW_TO_HAND\n        end' on target 'game.lua' for pattern patch from Aikoyori'sShenanigans\lovely\talisman-fixes.toml resulted in no matches
WARN - [♥] Pattern '        if to_big(G.GAME.chips) >= to_big(G.GAME.blind.chips) or G.GAME.current_round.hands_left < 1 then\n            G.STATE = G.STATES.NEW_ROUND\n\n        else\n            G.STATE = G.STATES.DRAW_TO_HAND\n        end' on target 'game.lua' for pattern patch from Aikoyori'sShenanigans\lovely\talisman-fixes.toml resulted in no matches
INFO - [♥] Applied 139 patches to 'game.lua'
INFO - [♥] Applied 4 patches to 'globals.lua'
WARN - [♥] Pattern 'self.config.chosen = true' on target 'engine/ui.lua' for pattern patch from Cartomancer\lovely\vanilla-ui.toml resulted in no matches
INFO - [♥] Applied 9 patches to 'engine/ui.lua'
WARN - [♥] Pattern 'local challenge = G.CHALLENGES[args._id] or Entropy.GetDailyChallenge()' on target 'functions/UI_definitions.lua' for pattern patch from Aikoyori'sShenanigans\lovely\challenges.toml resulted in no matches
WARN - [♥] Pattern '              timer_type = \'TOTAL\',\n              timer = 5,\n              scale = 2.4*(args.backdrop_scale or 1), \n              lifespan = 5,\n              speed = 0,,' on target 'functions/UI_definitions.lua' for pattern patch from Aikoyori'sShenanigans\lovely\ui.toml resulted in no matches
WARN - [♥] Pattern '{n=G.UIT.T, config={text = G.GAME.hands[handname].chips, scale = 0.45, colour = G.C.UI.TEXT_LIGHT}},' on target 'functions/UI_definitions.lua' for pattern patch from Talisman\lovely.toml resulted in no matches
WARN - [♥] Pattern '{n=G.UIT.T, config={text = G.GAME.hands[handname].mult, scale = 0.45, colour = G.C.UI.TEXT_LIGHT}}' on target 'functions/UI_definitions.lua' for pattern patch from Talisman\lovely.toml resulted in no matches
INFO - [♥] Applied 195 patches to 'functions/UI_definitions.lua'
WARN - [♥] Pattern 'ease_to = G.GAME.chips + math.floor(hand_chips * mult) * (e and e.antiscore and -1 or 1),' on target 'functions/state_events.lua' for pattern patch from Cryptid\lovely\blind.toml resulted in no matches
WARN - [♥] Pattern 'if reps[j] ~= 1 then' on target 'functions/state_events.lua' for pattern patch from Cryptid\lovely\misc.toml resulted in no matches
WARN - [♥] Pattern 'if effects[ii].card then' on target 'functions/state_events.lua' for pattern patch from HandyBalatro\lovely\controls_animation_skip.toml resulted in no matches
WARN - [♥] Pattern 'if G.GAME.round_resets.blind == G.P_BLINDS.bl_small then\n  G.GAME.round_resets.blind_states.Small = \'Defeated\' ' on target 'functions/state_events.lua' for pattern patch from MoreFluff\lovely\superboss.toml resulted in no matches
WARN - [♥] Pattern 'if G.GAME.round_resets.ante == G.GAME.win_ante and G.GAME.blind:get_type() == \'Boss\' then\n  game_won = true\n  G.GAME.won = true\nend' on target 'functions/state_events.lua' for pattern patch from MoreFluff\lovely\superboss.toml resulted in no matches
WARN - [♥] Pattern 'G.FUNCS.draw_from_hand_to_discard()\nif G.GAME.blind:get_type() == \'Boss\' then' on target 'functions/state_events.lua' for pattern patch from MoreFluff\lovely\superboss.toml resulted in no matches
WARN - [♥] Pattern 'if effects[ii].card then' on target 'functions/state_events.lua' for pattern patch from Talisman\lovely.toml resulted in no matches
WARN - [♥] Pattern 'if effects.jokers.Xmult_mod then mult = mod_mult(mult*effects.jokers.Xmult_mod);extras.mult = true  end' on target 'functions/state_events.lua' for pattern patch from Talisman\lovely.toml resulted in no matches
WARN - [♥] Pattern 'if effect.Xmult_mod then mult = mod_mult(mult*effect.Xmult_mod);extras.mult = true  end' on target 'functions/state_events.lua' for pattern patch from Talisman\lovely.toml resulted in no matches
WARN - [♥] Pattern 'if effects[ii].message then' on target 'functions/state_events.lua' for pattern patch from Talisman\lovely.toml resulted in no matches
WARN - [♥] Pattern '--calculate the card edition effects' on target 'functions/state_events.lua' for pattern patch from Talisman\lovely.toml resulted in no matches
WARN - [♥] Pattern 'if effects[ii].edition.p_dollars_mod then' on target 'functions/state_events.lua' for pattern patch from Talisman\lovely.toml resulted in no matches
WARN - [♥] Pattern 'if edition_effects.jokers.x_mult_mod then' on target 'functions/state_events.lua' for pattern patch from Talisman\lovely.toml resulted in no matches
WARN - [♥] Pattern '\tfunc = (function() G.GAME.current_round.current_hand.handname = \'\';return true end)\n}))\ndelay(0.3)\n' on target 'functions/state_events.lua' for pattern patch from Talisman\lovely.toml resulted in no matches
WARN - [♥] Pattern 'if SMODS.has_enhancement(scoring_hand[i], \'m_glass\') and scoring_hand[i]:can_calculate() and pseudorandom(\'glass\') < G.GAME.probabilities.normal/(scoring_hand[i].ability.name == \'Glass Card\' and scoring_hand[i].ability.extra or G.P_CENTERS.m_glass.config.extra) then' on target 'functions/state_events.lua' for pattern patch from Cryptid\lovely\Probability.toml resulted in no matches
WARN - [♥] Regex '(?<indent>[\\t ]*)if destroyed then \\n' on target 'functions/state_events.lua' for regex patch from Cryptid\lovely\seal.toml resulted in no matches
INFO - [♥] Applied 116 patches to 'functions/state_events.lua'
WARN - [♥] Pattern 'func = (function() if eval_func(card) then if not first or first then card:juice_up(0.1, 0.1) end;juice_card_until(card, eval_func, nil, 0.8) end return true end)' on target 'functions/common_events.lua' for pattern patch from HandyBalatro\lovely\controls_animation_skip.toml resulted in no matches
WARN - [♥] Pattern 'func = (function() if eval_func(card) then if not first or first then card:juice_up(0.1, 0.1) end;juice_card_until(card, eval_func, nil, 0.8) end return true end)' on target 'functions/common_events.lua' for pattern patch from HandyBalatro\lovely\controls_animation_skip.toml resulted in no matches
WARN - [♥] Pattern '   end\n\n    if main_end then \n        desc_nodes[#desc_nodes+1] = main_end \n    end' on target 'functions/common_events.lua' for pattern patch from MoreFluff\lovely\complexitycreep.toml resulted in no matches
WARN - [♥] Pattern '            G.E_MANAGER:add_event(Event({ --Add bonus chips from this card\n                    trigger = \'before\',\n                    delay = delay,\n                    func = function()\n                    if extrafunc then extrafunc() end\n                    attention_text({\n                        text = text,\n                        scale = config.scale or 1, \n                        hold = delay - 0.2,\n                        backdrop_colour = colour,\n                        align = card_aligned,\n                        major = card,\n                        offset = {x = 0, y = y_off}\n                    })\n                    play_sound(sound, 0.8+percent*0.2, volume)\n                    if not extra or not extra.no_juice then\n                        card:juice_up(0.6, 0.1)\n                        G.ROOM.jiggle = G.ROOM.jiggle + 0.7\n                    end\n                    return true\n                    end\n            }))' on target 'functions/common_events.lua' for pattern patch from Aikoyori'sShenanigans\lovely\cardalignment.toml resulted in no matches
WARN - [♥] Pattern 'if not v.config.softlock then\n    softlocked = softlocked' on target 'functions/common_events.lua' for pattern patch from Aikoyori'sShenanigans\lovely\planets.toml resulted in no matches
WARN - [♥] Pattern '                    if (not v.config.softlock or G.GAME.hands[v.config.hand_type].played > 0) then\n                        add = true\n                    end' on target 'functions/common_events.lua' for pattern patch from Aikoyori'sShenanigans\lovely\planets.toml resulted in no matches
WARN - [♥] Pattern '                    if (not v.config.softlock or G.GAME.hands[v.config.hand_type].played > 0) then\n                        add = true\n                    end' on target 'functions/common_events.lua' for pattern patch from Aikoyori'sShenanigans\lovely\planets.toml resulted in no matches
WARN - [♥] Pattern 'if num_dollars > 60 then' on target 'functions/common_events.lua' for pattern patch from Talisman\lovely.toml resulted in no matches
WARN - [♥] Pattern 'func = (function() card:juice_up(0.7);return true end)' on target 'functions/common_events.lua' for pattern patch from Talisman\lovely.toml resulted in no matches
WARN - [♥] Pattern 'if card then card:juice_up(0.8, 0.5) end' on target 'functions/common_events.lua' for pattern patch from Talisman\lovely.toml resulted in no matches
WARN - [♥] Pattern 'card:juice_up(0.6, 0.1)' on target 'functions/common_events.lua' for pattern patch from Talisman\lovely.toml resulted in no matches
WARN - [♥] Pattern 'func = (function() if eval_func(card) then if not first or first then card:juice_up(0.1, 0.1) end;juice_card_until(card, eval_func, nil, 0.8) end return true end)' on target 'functions/common_events.lua' for pattern patch from Talisman\lovely.toml resulted in no matches
WARN - [♥] Pattern 'func = (function() if eval_func(card) then if not first or first then card:juice_up(0.1, 0.1) end;juice_card_until(card, eval_func, nil, 0.8) end return true end)' on target 'functions/common_events.lua' for pattern patch from Talisman\lovely.toml resulted in no matches
WARN - [♥] Pattern 'if amt > 0 or amt < 0 then' on target 'functions/common_events.lua' for pattern patch from Talisman\lovely.toml resulted in no matches
WARN - [♥] Pattern 'if amt > 0 or amt < 0 then' on target 'functions/common_events.lua' for pattern patch from Talisman\lovely.toml resulted in no matches
WARN - [♥] Pattern '    if amt > 0 or amt < 0 then' on target 'functions/common_events.lua' for pattern patch from Aikoyori'sShenanigans\lovely\talisman-fixes.toml resulted in no matches
INFO - [♥] Applied 230 patches to 'functions/common_events.lua'
WARN - [♥] Pattern '    if #G.hand.highlighted <= 0 or G.GAME.blind.block_play or #G.hand.highlighted > 5 then ' on target 'functions/button_callbacks.lua' for pattern patch from Aikoyori'sShenanigans\lovely\selectionlimit.toml resulted in no matches
WARN - [♥] Pattern 'if ((G.GAME.dollars-G.GAME.bankrupt_at) - 10 >= 0) and' on target 'functions/button_callbacks.lua' for pattern patch from Talisman\lovely.toml resulted in no matches
WARN - [♥] Pattern 'if #G.hand.highlighted <= 0 or G.GAME.blind.block_play or #G.hand.highlighted > 5 then' on target 'functions/button_callbacks.lua' for pattern patch from CardSleeves\lovely\expected_to_fail.toml resulted in no matches
INFO - [♥] Applied 100 patches to 'functions/button_callbacks.lua'
WARN - [♥] Pattern 'if self.ability.rental then self.cost = 1 end' on target 'card.lua' for pattern patch from MoreFluff\lovely\superboss.toml resulted in no matches
WARN - [♥] Pattern 'return self.ability.x_mult' on target 'card.lua' for pattern patch from Cryptid-MoreMarioJokers\lovely.toml resulted in no matches
WARN - [♥] Pattern 'if self.ability.x_mult <= 1 then return 0 end' on target 'card.lua' for pattern patch from Cryptid-MoreMarioJokers\lovely.toml resulted in no matches
WARN - [♥] Pattern 'Xmult_mod = G.P_CENTERS.v_observatory.config.extra' on target 'card.lua' for pattern patch from Incantation\lovely.toml resulted in no matches
WARN - [♥] Pattern 'G.E_MANAGER:add_event(Event({func = (function() G.GAME.dollar_buffer = 0; return true end)}))' on target 'card.lua' for pattern patch from Talisman\lovely.toml resulted in no matches
WARN - [♥] Pattern 'if G.GAME.blind then G.E_MANAGER:add_event(Event({ func = function() G.GAME.blind:set_blind(nil, true, nil); return true end })) end' on target 'card.lua' for pattern patch from Talisman\lovely.toml resulted in no matches
WARN - [♥] Pattern 'x_mult = center.config.Xmult or 1,' on target 'card.lua' for pattern patch from Talisman\lovely.toml resulted in no matches
WARN - [♥] Pattern 'local currentBack = self.params.viewed_back and G.GAME.viewed_back or G.GAME.selected_back' on target 'card.lua' for pattern patch from Galdur\lovely.toml resulted in no matches
WARN - [♥] Regex 'self.params.viewed_back and G.GAME.viewed_back or G.GAME.selected_back' on target 'card.lua' for regex patch from CardSleeves\lovely\expected_to_fail.toml resulted in no matches
INFO - [♥] Applied 318 patches to 'card.lua'
WARN - [♥] Pattern '        table.sort(self.cards, function (a, b) return a.T.x + a.T.w/2 < b.T.x + b.T.w/2 end)' on target 'cardarea.lua' for pattern patch from Aikoyori'sShenanigans\lovely\cardarea.toml resulted in no matches
INFO - [♥] Applied 40 patches to 'cardarea.lua'
INFO - [♥] Applied 48 patches to 'blind.lua'
INFO - [♥] Applied 2 patches to 'card_character.lua'
INFO - [♥] Applied 1 patch to 'engine/particles.lua'
WARN - [♥] Pattern 'if self.strings[k].W > self.config.W then' on target 'engine/text.lua' for pattern patch from Talisman\lovely.toml resulted in no matches
WARN - [♥] Pattern 'local letter = self.strings[self.focused_string].letters[k]' on target 'engine/text.lua' for pattern patch from Talisman\lovely.toml resulted in no matches
INFO - [♥] Applied 7 patches to 'engine/text.lua'
WARN - [♥] Pattern 'if eff.retrigger_flag then SMODS.calculate_effect(eff, eff.card); j = j+1; _, eff = next(reps[j]) end' on target '=[SMODS _ "src/utils.lua"]' for pattern patch from Cryptid\lovely\misc.toml resulted in no matches
INFO - [♥] Applied 13 patches to '=[SMODS _ "src/utils.lua"]'
WARN - [♥] Pattern '    for _, v in ipairs(G.handlist) do\n\t\tif G.GAME.hands[v].visible then\n\t\t\ttable.insert(visible_hands, v)\n\t\tend\n\tend\n' on target '=[SMODS _ "src/overrides.lua"]' for pattern patch from Overflow\lovely\fixes.toml resulted in no matches
WARN - [♥] Pattern 'for _, v in ipairs(G.handlist) do
WARN - [♥] ' on target '=[SMODS _ "src/overrides.lua"]' for pattern patch from Overflow\lovely\fixes.toml resulted in 5 matches, wanted 4
WARN - [♥] Ignoring excess matches
WARN - [♥] Pattern 'card_limit = #SUITS[suit_map[j]],' on target '=[SMODS _ "src/overrides.lua"]' for pattern patch from Cartomancer\lovely\stackable-deck-steamodded.toml resulted in no matches
WARN - [♥] Pattern 'card_limit = #SUITS[visible_suit[j]],' on target '=[SMODS _ "src/overrides.lua"]' for pattern patch from Cartomancer\lovely\stackable-deck-steamodded.toml resulted in no matches
WARN - [♥] Regex '\t\t\tfor i = 1\\, \\#SUITS\\[suit_map\\[j\\]\\] do\n\t\t\t\tif SUITS\\[suit_map\\[j\\]\\]\\[i\\] then\n\t\t\t\t\tlocal greyed\\, _scale = nil\\, 0\\.7\n\t\t\t\t\tif unplayed_only and not \\(\\(SUITS\\[suit_map\\[j\\]\\]\\[i\\]\\.area and SUITS\\[suit_map\\[j\\]\\]\\[i\\]\\.area == G\\.deck\\) or SUITS\\[suit_map\\[j\\]\\]\\[i\\]\\.ability\\.wheel_flipped\\) then\n\t\t\t\t\t\tgreyed = true\n\t\t\t\t\tend\n\t\t\t\t\tlocal copy = copy_card\\(SUITS\\[suit_map\\[j\\]\\]\\[i\\]\\, nil\\, _scale[^\\)\\n]*\\)\n\t\t\t\t\tcopy\\.greyed = greyed\n\t\t\t\t\tcopy\\.T\\.x = view_deck\\.T\\.x \\+ view_deck\\.T\\.w \\/ 2\n\t\t\t\t\tcopy\\.T\\.y = view_deck\\.T\\.y\n\n\t\t\t\t\tcopy:hard_set_T\\(\\)\n\t\t\t\t\tview_deck:emplace\\(copy\\)\n\t\t\t\tend\n\t\t\tend' on target '=[SMODS _ "src/overrides.lua"]' for regex patch from Cartomancer\lovely\stackable-deck-steamodded.toml resulted in no matches
INFO - [♥] Applied 18 patches to '=[SMODS _ "src/overrides.lua"]'
INFO - [♥] Applied 5 patches to '=[SMODS _ "src/game_object.lua"]'
INFO - [G] Failed to connect to the debug server 
INFO - [G] 2025-08-20 12:17:44 :: DEBUG :: DebugConsole :: Steamodded Debug Socket started ! 
INFO - [G] 2025-08-20 12:17:44 :: INFO  :: SMODS :: Steamodded v1.0.0~BETA-0711a 
INFO - [G] Order not set for config dictionary: misc_quick_restart 
INFO - [G] Order not set for config dictionary: speed_multiplier_default_value 
INFO - [G] Order not set for config dictionary: misc_save_run 
INFO - [G] Order not set for config dictionary: animation_skip_default_value 
INFO - [G] [Blueprint] Starting to load config 
INFO - [G] [Blueprint] Reading config file:  
INFO - [G] [Blueprint] return {
	["INTERNAL_debug"] = false,
	["hello"] = true,
	["brainstorm"] = true,
	["blueprint"] = true,
} 
INFO - [G] [Blueprint] Removing setting `hello` because it is not in default config 
INFO - [♥] Applied 3 patches to 'engine/save_manager.lua'
INFO - [♥] Applied 9 patches to 'engine/sound_manager.lua'
INFO - [♥] Applied 2 patches to 'engine/string_packer.lua'
INFO - [G] Loaded all Blueprint mod shaders successfully 
INFO - [♥] Applied 4 patches to '=[SMODS _ "src/card_draw.lua"]'
INFO - [G] 2025-08-20 12:17:47 :: ERROR :: Loader :: Found invalid metadata JSON file at C:\Users\easto\AppData\Roaming\Balatro\Mods/Aikoyori'sShenanigans/.luarc.json, ignoring: [SMODS _ "src/loader.lua"]:226: id 
INFO - [G] 2025-08-20 12:17:47 :: ERROR :: Loader :: Found invalid metadata JSON file at C:\Users\easto\AppData\Roaming\Balatro\Mods/Aikoyori'sShenanigans/.vscode/settings.json, ignoring: [SMODS _ "src/loader.lua"]:226: id 
INFO - [G] 2025-08-20 12:17:47 :: INFO  :: Loader :: Valid JSON file found 
INFO - [G] 2025-08-20 12:17:47 :: TRACE :: Loader :: Processing Mod file (Legacy header): Aurinko.lua 
INFO - [G] 2025-08-20 12:17:47 :: TRACE :: Loader :: Saving Mod Info: aurinko 
INFO - [G] 2025-08-20 12:17:47 :: TRACE :: Loader :: Processing Mod file (Legacy header): BetterMouseAndGamepad.lua 
INFO - [G] 2025-08-20 12:17:47 :: TRACE :: Loader :: Saving Mod Info: BetterMouseAndGamepad 
INFO - [G] 2025-08-20 12:17:47 :: INFO  :: Loader :: Valid JSON file found 
INFO - [G] 2025-08-20 12:17:47 :: TRACE :: Loader :: Processing Mod file (Legacy header): steamodded_compat.lua 
INFO - [G] 2025-08-20 12:17:47 :: TRACE :: Loader :: Saving Mod Info: Brainstorm 
INFO - [G] 2025-08-20 12:17:47 :: INFO  :: Loader :: Valid JSON file found 
INFO - [G] 2025-08-20 12:17:47 :: TRACE :: Loader :: Processing Mod file (Legacy header): mod.lua 
INFO - [G] 2025-08-20 12:17:47 :: TRACE :: Loader :: Saving Mod Info: cartomancer 
INFO - [G] 2025-08-20 12:17:47 :: INFO  :: Loader :: Valid JSON file found 
INFO - [G] 2025-08-20 12:17:47 :: INFO  :: Loader :: Valid JSON file found 
INFO - [G] 2025-08-20 12:17:47 :: INFO  :: Loader :: Valid JSON file found 
INFO - [G] 2025-08-20 12:17:47 :: INFO  :: Loader :: Valid JSON file found 
INFO - [G] 2025-08-20 12:17:47 :: INFO  :: Loader :: Valid JSON file found 
INFO - [G] 2025-08-20 12:17:47 :: INFO  :: Loader :: Valid JSON file found 
INFO - [G] 2025-08-20 12:17:47 :: INFO  :: Loader :: Valid JSON file found 
INFO - [G] 2025-08-20 12:17:47 :: INFO  :: Loader :: Valid JSON file found 
INFO - [G] 2025-08-20 12:17:47 :: TRACE :: Loader :: Processing Mod file (Legacy header): steamodded.lua 
INFO - [G] 2025-08-20 12:17:47 :: WARN  :: Loader :: Duplicate Mod ID: Handy 
INFO - [G] 2025-08-20 12:17:47 :: INFO  :: Loader :: Valid JSON file found 
INFO - [G] 2025-08-20 12:17:47 :: INFO  :: Loader :: Valid JSON file found 
INFO - [G] 2025-08-20 12:17:47 :: TRACE :: Loader :: Processing Mod file (Legacy header): JenLib.lua 
INFO - [G] 2025-08-20 12:17:47 :: TRACE :: Loader :: Saving Mod Info: JenLib 
INFO - [G] 2025-08-20 12:17:47 :: INFO  :: Loader :: Valid JSON file found 
INFO - [G] 2025-08-20 12:17:47 :: INFO  :: Loader :: Valid JSON file found 
INFO - [G] 2025-08-20 12:17:47 :: TRACE :: Loader :: Processing Mod file (Legacy header): LocalPoolFix.lua 
INFO - [G] 2025-08-20 12:17:47 :: TRACE :: Loader :: Saving Mod Info: jen_localpoolfix 
INFO - [G] 2025-08-20 12:17:47 :: TRACE :: Loader :: Processing Mod file (Legacy header): Loop.lua 
INFO - [G] 2025-08-20 12:17:47 :: TRACE :: Loader :: Saving Mod Info: loop 
INFO - [G] 2025-08-20 12:17:47 :: INFO  :: Loader :: Valid JSON file found 
INFO - [G] 2025-08-20 12:17:47 :: INFO  :: Loader :: Valid JSON file found 
INFO - [G] 2025-08-20 12:17:47 :: TRACE :: Loader :: Processing Mod file (Legacy header): MoreJokerPacks.lua 
INFO - [G] 2025-08-20 12:17:47 :: TRACE :: Loader :: Saving Mod Info: MoreJokerPacks 
INFO - [G] 2025-08-20 12:17:47 :: TRACE :: Loader :: Processing Mod file (Legacy header): Nopeus.lua 
INFO - [G] 2025-08-20 12:17:47 :: TRACE :: Loader :: Saving Mod Info: nopeus 
INFO - [G] 2025-08-20 12:17:47 :: TRACE :: Loader :: Processing Mod file (Legacy header): main.lua 
INFO - [G] 2025-08-20 12:17:47 :: TRACE :: Loader :: Saving Mod Info: NotJustYet 
INFO - [G] 2025-08-20 12:17:47 :: INFO  :: Loader :: Valid JSON file found 
INFO - [G] 2025-08-20 12:17:47 :: TRACE :: Loader :: Processing Mod file (Legacy header): PreorderCards.lua 
INFO - [G] 2025-08-20 12:17:47 :: TRACE :: Loader :: Saving Mod Info: preorder_cards 
INFO - [G] 2025-08-20 12:17:47 :: INFO  :: Loader :: Valid JSON file found 
INFO - [G] 2025-08-20 12:17:47 :: INFO  :: Loader :: Valid JSON file found 
INFO - [G] 2025-08-20 12:17:47 :: ERROR :: Loader :: Found invalid metadata JSON file at C:\Users\easto\AppData\Roaming\Balatro\Mods/StickyFingers/.vscode/settings.json, ignoring: [SMODS _ "src/loader.lua"]:226: id 
INFO - [G] 2025-08-20 12:17:47 :: INFO  :: Loader :: Valid JSON file found 
INFO - [G] 2025-08-20 12:17:47 :: INFO  :: Loader :: Valid JSON file found 
INFO - [G] 2025-08-20 12:17:47 :: TRACE :: Loader :: Processing Mod file (Legacy header): steamodded_metadata.lua 
INFO - [G] 2025-08-20 12:17:47 :: TRACE :: Loader :: Saving Mod Info: Talisman 
INFO - [G] 2025-08-20 12:17:47 :: TRACE :: Loader :: Processing Mod file (Legacy header): IOSAdaptation.lua 
INFO - [G] 2025-08-20 12:17:47 :: TRACE :: Loader :: Saving Mod Info: IOSAdaptation 
INFO - [G] 2025-08-20 12:17:47 :: TRACE :: Loader :: Processing Mod file (Legacy header): UltraHand.lua 
INFO - [G] 2025-08-20 12:17:47 :: TRACE :: Loader :: Saving Mod Info: UltraHand 
INFO - [G] 2025-08-20 12:17:47 :: INFO  :: Loader :: Valid JSON file found 
INFO - [G] 2025-08-20 12:17:47 :: TRACE :: Loader :: Processing Mod file (Legacy header): Extras.lua 
INFO - [G] 2025-08-20 12:17:47 :: TRACE :: Loader :: Saving Mod Info: BalatroDarkMode 
INFO - [G] 2025-08-20 12:17:47 :: TRACE :: Loader :: Processing Mod file (Legacy header): main.lua 
INFO - [G] 2025-08-20 12:17:47 :: TRACE :: Loader :: Saving Mod Info: darktextures 
INFO - [G] 2025-08-20 12:17:47 :: TRACE :: Loader :: Processing Mod file (Legacy header): multipack.lua 
INFO - [G] 2025-08-20 12:17:47 :: TRACE :: Loader :: Saving Mod Info: Multipack 
INFO - [G] 2025-08-20 12:17:47 :: TRACE :: Loader :: Mod malverk was unable to load:  
WARN - [♥] Pattern 'if JokerDisplay.config.enabled and G.jokers and self.area == G.jokers then' on target '=[SMODS JokerDisplay "src/display_functions.lua"]' for pattern patch from MoreFluff\lovely\colour_joker_display.toml resulted in no matches
INFO - [♥] Applied 2 patches to '=[SMODS JokerDisplay "src/display_functions.lua"]'
INFO - [♥] Applied 1 patch to '=[SMODS JokerDisplay "src/config_tab.lua"]'
INFO - [G] 2025-08-20 12:17:47 :: TRACE :: Loader :: Mod YGGDRASIL was unable to load:  
INFO - [G] 2025-08-20 12:17:47 :: INFO  :: CardSleeves :: CardSleeves v1.8.0 loaded~! 
INFO - [G] 2025-08-20 12:17:47 :: TRACE :: Loader :: Mod BalatroDarkMode was unable to load:  
INFO - [G] 2025-08-20 12:17:47 :: DEBUG :: DefaultLogger :: IOS Adaptation! 
INFO - [G] basepaul_card 
INFO - [G] blahaj 
INFO - [G] clownfish 
INFO - [G] expansion_pack 
INFO - [G] hollow 
INFO - [G] jackofalltrades 
INFO - [G] jester 
INFO - [G] lollipop 
INFO - [G] luckycharm 
INFO - [G] mspaint 
INFO - [G] philosophical 
INFO - [G] simplified 
INFO - [G] spiral 
INFO - [G] treasuremap 
INFO - [G] unregisteredhypercam 
INFO - [G] dropkick 
INFO - [G] bladedance 
INFO - [G] hyperbeam 
INFO - [G] blasphemy 
INFO - [G] dramaticentrance 
INFO - [G] badlegaldefence 
INFO - [G] blunder 
INFO - [G] brilliant 
INFO - [G] broomcloset 
INFO - [G] clipart 
INFO - [G] coupon_catalogue 
INFO - [G] css 
INFO - [G] cueball 
INFO - [G] flintandsteel 
INFO - [G] gemstonejoker 
INFO - [G] globe 
INFO - [G] goldencarrot 
INFO - [G] hallofmirrors 
INFO - [G] impostor 
INFO - [G] farmmerge 
INFO - [G] friendinsideme 
INFO - [G] junkmail 
INFO - [G] onesliptoolate 
INFO - [G] tonersoup 
INFO - [G] unpleasantcard 
INFO - [G] lightningstrikesthrice 
INFO - [G] loadeddisk 
INFO - [G] missingjoker 
INFO - [G] paintcan 
INFO - [G] rot_cartomancer 
INFO - [G] sapling 
INFO - [G] snake 
INFO - [G] slotmachine 
INFO - [G] stylemeter 
INFO - [G] stonejokerjoker 
INFO - [G] sudoku 
INFO - [G] talljoker 
INFO - [G] teacup 
INFO - [G] tealjoker 
INFO - [G] thewayhome 
INFO - [G] recycling 
INFO - [G] virtual 
INFO - [G] wilddrawfour 
INFO - [G] yuckyrat 
INFO - [G] allicantdo 
INFO - [G] bloodpact 
INFO - [G] bookmove 
INFO - [G] brass 
INFO - [G] bowlingball 
INFO - [G] cba 
INFO - [G] complexitycreep 
INFO - [G] fleshprison 
INFO - [G] hugejoker 
INFO - [G] hyperjimbo 
INFO - [G] jankman 
INFO - [G] mashupalbum 
INFO - [G] pixeljoker 
INFO - [G] rainbowjoker 
INFO - [G] rosetinted 
INFO - [G] the_solo 
INFO - [G] top10 
INFO - [G] widejoker 
INFO - [G] triangle 
INFO - [G] marigold 
INFO - [G] lessfluff 
INFO - [G] oopsallfives 
INFO - [G] 2025-08-20 12:17:48 :: TRACE :: Loader :: Mod darktextures was unable to load: Missing Dependencies: 1: malverk

 
INFO - [G] 2025-08-20 12:17:48 :: WARN  :: Atlas :: Detected duplicate register call on object njy_modicon 
INFO - [G] 2025-08-20 12:17:48 :: TRACE :: Loader :: Mod extracredit was unable to load:  
INFO - [G] 2025-08-20 12:17:48 :: WARN  :: Atlas :: Detected duplicate register call on object ovrf_modicon 
INFO - [G] [CRYPTID] Loading library file ascended.lua 
INFO - [G] [CRYPTID] Loading library file calculate.lua 
INFO - [G] [CRYPTID] Loading library file content.lua 
WARN - [♥] Pattern 'bogus patch lol aikoyori was here no patching ' on target '=[SMODS Cryptid "lib/content.lua"]' for pattern patch from Aikoyori'sShenanigans\lovely\compat.cryptid.toml resulted in no matches
INFO - [♥] Applied 0 patches to '=[SMODS Cryptid "lib/content.lua"]'
INFO - [G] [CRYPTID] Loading library file cross-mod.lua 
INFO - [G] Table:
colour: Table:
  1: 0.65490196078431
  2: 0.50980392156863
  3: 0.81960784313725
  4: 1

voucher_key: v_cry_tacclimator
localization_key: b_tarot_rate
ref_value: tarot
 
INFO - [G] Table:
colour: Table:
  1: 0.074509803921569
  2: 0.68627450980392
  3: 0.8078431372549
  4: 1

voucher_key: v_cry_pacclimator
localization_key: b_planet_rate
ref_value: planet
 
INFO - [G] [CRYPTID] Loading library file d20.lua 
INFO - [G] [CRYPTID] Loading library file event.lua 
INFO - [G] [CRYPTID] Loading library file forcetrigger.lua 
INFO - [G] [CRYPTID] Loading library file gameset.lua 
INFO - [G] [CRYPTID] Loading library file https.lua 
INFO - [G] 2025-08-20 12:17:48 :: DEBUG :: SMODS.https :: Using https module backend 
INFO - [G] [CRYPTID] Loading library file misc.lua 
INFO - [G] [CRYPTID] Loading library file misprintize.lua 
INFO - [G] [CRYPTID] Loading library file modifiers.lua 
INFO - [G] 2025-08-20 12:17:48 :: WARN  :: Sticker :: Detected duplicate register call on object perishable 
INFO - [G] 2025-08-20 12:17:48 :: WARN  :: Sticker :: Detected duplicate register call on object pinned 
INFO - [G] 2025-08-20 12:17:48 :: WARN  :: Sticker :: Detected duplicate register call on object eternal 
INFO - [G] 2025-08-20 12:17:48 :: WARN  :: Sticker :: Detected duplicate register call on object rental 
INFO - [G] [CRYPTID] Loading library file notifications.lua 
INFO - [G] [CRYPTID] Loading library file overrides.lua 
INFO - [G] [CRYPTID] Loading library file pointerlib.lua 
INFO - [G] [CRYPTID] Loading library file ui.lua 
INFO - [G] [CRYPTID] Loading file achievement.lua 
INFO - [G] [CRYPTID] Loading file blind.lua 
INFO - [G] [CRYPTID] Loading file challenge.lua 
INFO - [G] [CRYPTID] Loading file code.lua 
INFO - [♥] Applied 1 patch to '=[SMODS Cryptid "items/code.lua"]'
INFO - [G] [CRYPTID] Loading file deck.lua 
INFO - [G] [CRYPTID] Loading file enhanced.lua 
INFO - [G] [CRYPTID] Loading file epic.lua 
INFO - [G] [CRYPTID] Loading file exotic.lua 
INFO - [G] [CRYPTID] Loading file joker_display.lua 
INFO - [G] [CRYPTID] Loading file m.lua 
INFO - [G] [CRYPTID] Loading file misc.lua 
INFO - [G] [CRYPTID] Loading file misc_joker.lua 
INFO - [G] [CRYPTID] Loading file planet.lua 
INFO - [G] [CRYPTID] Loading file pointer.lua 
INFO - [G] [CRYPTID] Loading file sleeve.lua 
INFO - [G] [CRYPTID] Loading file spectral.lua 
INFO - [G] [CRYPTID] Loading file spooky.lua 
INFO - [G] [CRYPTID] Loading file stake.lua 
INFO - [G] [CRYPTID] Loading file tag.lua 
INFO - [G] [CRYPTID] Loading file test.lua 
INFO - [G] [CRYPTID] Loading file voucher.lua 
INFO - [G] [CRYPTID] Loading Cryptid.lua from sdm0sstuff 
INFO - [G] [CRYPTID] Loading file colours.lua from MoreFluff 
INFO - [G] [CRYPTID] Loading file farmmergecivilisation.lua from MoreFluff 
INFO - [G] 2025-08-20 12:17:48 :: WARN  :: Atlas :: Object cry_effarcire has the same key as an existing object, not registering. 
INFO - [G] 2025-08-20 12:17:48 :: WARN  :: Atlas :: If you want to modify an existing object, use take_ownership() 
INFO - [G] 2025-08-20 12:17:48 :: WARN  :: Atlas :: Object sdm_vouchers has the same key as an existing object, not registering. 
INFO - [G] 2025-08-20 12:17:48 :: WARN  :: Atlas :: If you want to modify an existing object, use take_ownership() 
INFO - [G] 2025-08-20 12:17:48 :: WARN  :: Atlas :: Object sdm_bakery_consumables has the same key as an existing object, not registering. 
INFO - [G] 2025-08-20 12:17:48 :: WARN  :: Atlas :: If you want to modify an existing object, use take_ownership() 
INFO - [G] 2025-08-20 12:17:48 :: WARN  :: Atlas :: Object sdm_bakery_vouchers has the same key as an existing object, not registering. 
INFO - [G] 2025-08-20 12:17:48 :: WARN  :: Atlas :: If you want to modify an existing object, use take_ownership() 
INFO - [G] 2025-08-20 12:17:48 :: WARN  :: DefaultLogger :: Object akyrs_money_c has the same key as an existing object, not registering. 
INFO - [G] 2025-08-20 12:17:48 :: WARN  :: DefaultLogger :: If you want to modify an existing object, use take_ownership() 
INFO - [G] 2025-08-20 12:17:48 :: WARN  :: Draw Step :: Detected duplicate register call on object front 
INFO - [G] 2025-08-20 12:17:48 :: WARN  :: Draw Step :: Detected duplicate register call on object floating_sprite 
INFO - [G] 2025-08-20 12:17:48 :: WARN  :: Achievement :: Object ach_akyrs_repeater_into_another_one has the same key as an existing object, not registering. 
INFO - [G] 2025-08-20 12:17:48 :: WARN  :: Achievement :: If you want to modify an existing object, use take_ownership() 
INFO - [G] 2025-08-20 12:17:48 :: INFO  :: Aikoyori's Shenanigans :: Cryptid Detected... vro ;P 
INFO - [G] 2025-08-20 12:17:48 :: TRACE :: Loader :: Mod kino was unable to load:  
INFO - [G] 2025-08-20 12:17:48 :: TRACE :: Loader :: Mod eramdam.sticky-fingers was unable to load:  
INFO - [G] 2025-08-20 12:17:48 :: TRACE :: Loader :: Mod SuitOrder was unable to load:  
INFO - [G] 2025-08-20 12:17:48 :: TRACE :: Loader :: Mod cryptposting was unable to load:  
INFO - [G] 2025-08-20 12:17:48 :: TRACE :: Loader :: Mod jen was unable to load: Missing Dependencies: 1: nopeus (>=2.2.5)
2: Cryptid (==0.5.5a~dev2)

 
INFO - [G] 2025-08-20 12:17:48 :: INFO  :: TIMER :: [0002] Injected Fonts in 22.163 ms 
INFO - [G] 2025-08-20 12:17:48 :: INFO  :: TIMER :: [0000] Injected Language in 0.004 ms 
INFO - [G] 2025-08-20 12:17:48 :: INFO  :: TIMER :: [0000] Injected [INTERNAL] in 2.127 ms 
INFO - [G] 2025-08-20 12:17:53 :: INFO  :: TIMER :: [0128] Injected Atlas in 4499.570 ms 
INFO - [G] 2025-08-20 12:17:53 :: INFO  :: TIMER :: [0052] Injected Sound in 62.339 ms 
INFO - [G] 2025-08-20 12:17:53 :: INFO  :: TIMER :: [0035] Injected Stake in 2.538 ms 
INFO - [G] 2025-08-20 12:17:53 :: INFO  :: TIMER :: [0013] Injected Rarity in 0.492 ms 
INFO - [G] 2025-08-20 12:17:53 :: INFO  :: TIMER :: [0018] Injected ObjectType in 1.934 ms 
INFO - [G] 2025-08-20 12:17:53 :: INFO  :: TIMER :: [0888] Injected Center in 9.771 ms 
INFO - [G] 2025-08-20 12:17:53 :: INFO  :: TIMER :: [0014] Injected Undiscovered Sprite in 0.122 ms 
INFO - [G] 2025-08-20 12:17:53 :: INFO  :: TIMER :: [0084] Injected Blind in 0.938 ms 
INFO - [G] 2025-08-20 12:17:53 :: INFO  :: TIMER :: [0007] Injected Seal in 0.506 ms 
INFO - [G] 2025-08-20 12:17:53 :: INFO  :: TIMER :: [0004] Injected Suit in 0.253 ms 
INFO - [G] 2025-08-20 12:17:53 :: INFO  :: TIMER :: [0013] Injected Rank in 0.204 ms 
INFO - [G] 2025-08-20 12:17:53 :: INFO  :: TIMER :: [0028] Injected DeckSkin in 1.290 ms 
INFO - [G] 2025-08-20 12:17:53 :: INFO  :: TIMER :: [0052] Injected PokerHand in 0.693 ms 
INFO - [G] 2025-08-20 12:17:53 :: INFO  :: TIMER :: [0039] Injected Challenge in 0.255 ms 
INFO - [G] 2025-08-20 12:17:53 :: INFO  :: TIMER :: [0037] Injected Tag in 0.281 ms 
INFO - [G] 2025-08-20 12:17:53 :: INFO  :: TIMER :: [0014] Injected Sticker in 0.638 ms 
INFO - [G] 2025-08-20 12:17:54 :: INFO  :: TIMER :: [0020] Injected Shader in 947.530 ms 
INFO - [G] 2025-08-20 12:17:54 :: INFO  :: TIMER :: [0002] Injected Keybind in 0.028 ms 
INFO - [G] 2025-08-20 12:17:54 :: INFO  :: TIMER :: [0034] Injected Achievement in 0.232 ms 
INFO - [G] 2025-08-20 12:17:54 :: INFO  :: TIMER :: [0009] Injected nil in 0.095 ms 
INFO - [G] 2025-08-20 12:17:54 :: INFO  :: TIMER :: [0029] Injected Draw Step in 0.167 ms 
INFO - [G] 2025-08-20 12:17:54 :: INFO  :: TIMER :: [0000] Injected [INTERNAL] in 37.839 ms 
INFO - [G] 2025-08-20 12:17:54 :: INFO  :: TIMER :: [0010] Injected Other in 0.061 ms 
INFO - [G] 2025-08-20 12:17:54 :: INFO  :: TIMER :: [0000] Injected TradeProfession in 0.005 ms 
INFO - [G] Warning: Circular dependency with set_cry_misc_joker 
INFO - [G] Warning: Circular dependency with j_cry_pizza_slice 
INFO - [G] Warning: Circular dependency with set_cry_misc_joker 
INFO - [G] Warning: Circular dependency with j_cry_pizza 
INFO - [G] [DebugPlus] Press [/] to toggle console and press [shift] + [/] to toggle new log previews 
INFO - [♥] Applied 0 patches to '=[SMODS _ "smods-https-thread.lua"]'
INFO - [G] 2025-08-20 12:18:00 :: DEBUG :: SMODS.https(1) :: Using https module backend 
INFO - [♥] Applied 0 patches to '=[SMODS _ "smods-https-thread.lua"]'
INFO - [G] 2025-08-20 12:19:00 :: DEBUG :: SMODS.https(2) :: Using https module backend 
INFO - [♥] Applied 0 patches to '=[SMODS _ "smods-https-thread.lua"]'
INFO - [G] 2025-08-20 12:20:00 :: DEBUG :: SMODS.https(3) :: Using https module backend 
INFO - [♥] Applied 0 patches to '=[SMODS _ "smods-https-thread.lua"]'
INFO - [G] 2025-08-20 12:21:01 :: DEBUG :: SMODS.https(4) :: Using https module backend 
INFO - [♥] Applied 0 patches to '=[SMODS _ "smods-https-thread.lua"]'
INFO - [G] 2025-08-20 12:22:03 :: DEBUG :: SMODS.https(5) :: Using https module backend 
INFO - [♥] Applied 0 patches to '=[SMODS _ "smods-https-thread.lua"]'
INFO - [G] 2025-08-20 12:23:04 :: DEBUG :: SMODS.https(6) :: Using https module backend 
INFO - [♥] Applied 0 patches to '=[SMODS _ "smods-https-thread.lua"]'
INFO - [G] 2025-08-20 12:24:05 :: DEBUG :: SMODS.https(7) :: Using https module backend 
INFO - [♥] Applied 0 patches to '=[SMODS _ "smods-https-thread.lua"]'
INFO - [G] 2025-08-20 12:25:06 :: DEBUG :: SMODS.https(8) :: Using https module backend 
INFO - [♥] Applied 0 patches to '=[SMODS _ "smods-https-thread.lua"]'
INFO - [G] 2025-08-20 12:26:06 :: DEBUG :: SMODS.https(9) :: Using https module backend 
INFO - [♥] Applied 0 patches to '=[SMODS _ "smods-https-thread.lua"]'
INFO - [G] 2025-08-20 12:27:07 :: DEBUG :: SMODS.https(10) :: Using https module backend 
INFO - [♥] Applied 0 patches to '=[SMODS _ "smods-https-thread.lua"]'
INFO - [G] 2025-08-20 12:28:08 :: DEBUG :: SMODS.https(11) :: Using https module backend 
INFO - [♥] Applied 0 patches to '=[SMODS _ "smods-https-thread.lua"]'
INFO - [G] 2025-08-20 12:29:09 :: DEBUG :: SMODS.https(12) :: Using https module backend 
INFO - [♥] Applied 0 patches to '=[SMODS _ "smods-https-thread.lua"]'
INFO - [G] 2025-08-20 12:30:09 :: DEBUG :: SMODS.https(13) :: Using https module backend 
INFO - [♥] Applied 0 patches to '=[SMODS _ "smods-https-thread.lua"]'
INFO - [G] 2025-08-20 12:31:10 :: DEBUG :: SMODS.https(14) :: Using https module backend 
INFO - [♥] Applied 0 patches to '=[SMODS _ "smods-https-thread.lua"]'
INFO - [G] 2025-08-20 12:32:10 :: DEBUG :: SMODS.https(15) :: Using https module backend 
INFO - [♥] Applied 0 patches to '=[SMODS _ "smods-https-thread.lua"]'
INFO - [G] 2025-08-20 12:33:11 :: DEBUG :: SMODS.https(16) :: Using https module backend 
INFO - [♥] Applied 0 patches to '=[SMODS _ "smods-https-thread.lua"]'
INFO - [G] 2025-08-20 12:34:12 :: DEBUG :: SMODS.https(17) :: Using https module backend 
INFO - [♥] Applied 0 patches to '=[SMODS _ "smods-https-thread.lua"]'
INFO - [G] 2025-08-20 12:35:12 :: DEBUG :: SMODS.https(18) :: Using https module backend 
INFO - [♥] Applied 0 patches to '=[SMODS _ "smods-https-thread.lua"]'
INFO - [G] 2025-08-20 12:36:13 :: DEBUG :: SMODS.https(19) :: Using https module backend 
INFO - [♥] Applied 0 patches to '=[SMODS _ "smods-https-thread.lua"]'
INFO - [G] 2025-08-20 12:37:13 :: DEBUG :: SMODS.https(20) :: Using https module backend 
INFO - [♥] Applied 0 patches to '=[SMODS _ "smods-https-thread.lua"]'
INFO - [G] 2025-08-20 12:38:14 :: DEBUG :: SMODS.https(21) :: Using https module backend 
INFO - [♥] Applied 0 patches to '=[SMODS _ "smods-https-thread.lua"]'
INFO - [G] 2025-08-20 12:39:14 :: DEBUG :: SMODS.https(22) :: Using https module backend 
INFO - [♥] Applied 0 patches to '=[SMODS _ "smods-https-thread.lua"]'
INFO - [G] 2025-08-20 12:40:15 :: DEBUG :: SMODS.https(23) :: Using https module backend 
INFO - [♥] Applied 0 patches to '=[SMODS _ "smods-https-thread.lua"]'
INFO - [G] 2025-08-20 12:41:15 :: DEBUG :: SMODS.https(24) :: Using https module backend 
INFO - [♥] Applied 0 patches to '=[SMODS _ "smods-https-thread.lua"]'
INFO - [G] 2025-08-20 12:42:16 :: DEBUG :: SMODS.https(25) :: Using https module backend 
INFO - [♥] Applied 0 patches to '=[SMODS _ "smods-https-thread.lua"]'
INFO - [G] 2025-08-20 12:43:16 :: DEBUG :: SMODS.https(26) :: Using https module backend 
INFO - [♥] Applied 0 patches to '=[SMODS _ "smods-https-thread.lua"]'
INFO - [G] 2025-08-20 12:44:17 :: DEBUG :: SMODS.https(27) :: Using https module backend 
INFO - [♥] Applied 0 patches to '=[SMODS _ "smods-https-thread.lua"]'
INFO - [G] 2025-08-20 12:45:17 :: DEBUG :: SMODS.https(28) :: Using https module backend 
INFO - [♥] Applied 0 patches to '=[SMODS _ "smods-https-thread.lua"]'
INFO - [G] 2025-08-20 12:46:18 :: DEBUG :: SMODS.https(29) :: Using https module backend 
INFO - [♥] Applied 0 patches to '=[SMODS _ "smods-https-thread.lua"]'
INFO - [G] 2025-08-20 12:47:19 :: DEBUG :: SMODS.https(30) :: Using https module backend 
INFO - [♥] Applied 0 patches to '=[SMODS _ "smods-https-thread.lua"]'
INFO - [G] 2025-08-20 12:48:19 :: DEBUG :: SMODS.https(31) :: Using https module backend 
INFO - [♥] Applied 0 patches to '=[SMODS _ "smods-https-thread.lua"]'
INFO - [G] 2025-08-20 12:49:20 :: DEBUG :: SMODS.https(32) :: Using https module backend 
INFO - [♥] Applied 0 patches to '=[SMODS _ "smods-https-thread.lua"]'
INFO - [G] 2025-08-20 12:50:20 :: DEBUG :: SMODS.https(33) :: Using https module backend 
INFO - [♥] Applied 0 patches to '=[SMODS _ "smods-https-thread.lua"]'
INFO - [G] 2025-08-20 12:51:21 :: DEBUG :: SMODS.https(34) :: Using https module backend 
INFO - [♥] Applied 0 patches to '=[SMODS _ "smods-https-thread.lua"]'
INFO - [G] 2025-08-20 12:52:21 :: DEBUG :: SMODS.https(35) :: Using https module backend 
INFO - [♥] Applied 0 patches to '=[SMODS _ "smods-https-thread.lua"]'
INFO - [G] 2025-08-20 12:53:22 :: DEBUG :: SMODS.https(36) :: Using https module backend 
INFO - [♥] Applied 0 patches to '=[SMODS _ "smods-https-thread.lua"]'
INFO - [G] 2025-08-20 12:54:22 :: DEBUG :: SMODS.https(37) :: Using https module backend 
INFO - [♥] Applied 0 patches to '=[SMODS _ "smods-https-thread.lua"]'
INFO - [G] 2025-08-20 12:55:23 :: DEBUG :: SMODS.https(38) :: Using https module backend 
INFO - [♥] Applied 0 patches to '=[SMODS _ "smods-https-thread.lua"]'
INFO - [G] 2025-08-20 12:56:24 :: DEBUG :: SMODS.https(39) :: Using https module backend 
INFO - [♥] Applied 0 patches to '=[SMODS _ "smods-https-thread.lua"]'
INFO - [G] 2025-08-20 12:57:24 :: DEBUG :: SMODS.https(40) :: Using https module backend 
INFO - [♥] Applied 0 patches to '=[SMODS _ "smods-https-thread.lua"]'
INFO - [G] 2025-08-20 12:58:25 :: DEBUG :: SMODS.https(41) :: Using https module backend 
INFO - [♥] Applied 0 patches to '=[SMODS _ "smods-https-thread.lua"]'
INFO - [G] 2025-08-20 12:59:25 :: DEBUG :: SMODS.https(42) :: Using https module backend 
INFO - [♥] Applied 0 patches to '=[SMODS _ "smods-https-thread.lua"]'
INFO - [G] 2025-08-20 13:00:26 :: DEBUG :: SMODS.https(43) :: Using https module backend 
INFO - [♥] Applied 0 patches to '=[SMODS _ "smods-https-thread.lua"]'
INFO - [G] 2025-08-20 13:01:26 :: DEBUG :: SMODS.https(44) :: Using https module backend 
INFO - [♥] Applied 0 patches to '=[SMODS _ "smods-https-thread.lua"]'
INFO - [G] 2025-08-20 13:02:27 :: DEBUG :: SMODS.https(45) :: Using https module backend 
INFO - [♥] Applied 0 patches to '=[SMODS _ "smods-https-thread.lua"]'
INFO - [G] 2025-08-20 13:03:28 :: DEBUG :: SMODS.https(46) :: Using https module backend 
INFO - [♥] Applied 0 patches to '=[SMODS _ "smods-https-thread.lua"]'
INFO - [G] 2025-08-20 13:04:28 :: DEBUG :: SMODS.https(47) :: Using https module backend 
INFO - [♥] Applied 0 patches to '=[SMODS _ "smods-https-thread.lua"]'
INFO - [G] 2025-08-20 13:05:29 :: DEBUG :: SMODS.https(48) :: Using https module backend 
INFO - [♥] Applied 0 patches to '=[SMODS _ "smods-https-thread.lua"]'
INFO - [G] 2025-08-20 13:06:29 :: DEBUG :: SMODS.https(49) :: Using https module backend 
INFO - [♥] Applied 0 patches to '=[SMODS _ "smods-https-thread.lua"]'
INFO - [G] 2025-08-20 13:07:30 :: DEBUG :: SMODS.https(50) :: Using https module backend 
INFO - [♥] Applied 0 patches to '=[SMODS _ "smods-https-thread.lua"]'
INFO - [G] 2025-08-20 13:08:30 :: DEBUG :: SMODS.https(51) :: Using https module backend 
INFO - [♥] Applied 0 patches to '=[SMODS _ "smods-https-thread.lua"]'
INFO - [G] 2025-08-20 13:09:31 :: DEBUG :: SMODS.https(52) :: Using https module backend 
INFO - [♥] Applied 0 patches to '=[SMODS _ "smods-https-thread.lua"]'
INFO - [G] 2025-08-20 13:10:31 :: DEBUG :: SMODS.https(53) :: Using https module backend 
INFO - [♥] Applied 0 patches to '=[SMODS _ "smods-https-thread.lua"]'
INFO - [G] 2025-08-20 13:11:32 :: DEBUG :: SMODS.https(54) :: Using https module backend 
INFO - [♥] Applied 0 patches to '=[SMODS _ "smods-https-thread.lua"]'
INFO - [G] 2025-08-20 13:12:32 :: DEBUG :: SMODS.https(55) :: Using https module backend 
INFO - [♥] Applied 0 patches to '=[SMODS _ "smods-https-thread.lua"]'
INFO - [G] 2025-08-20 13:13:33 :: DEBUG :: SMODS.https(56) :: Using https module backend 
INFO - [♥] Applied 0 patches to '=[SMODS _ "smods-https-thread.lua"]'
INFO - [G] 2025-08-20 13:14:34 :: DEBUG :: SMODS.https(57) :: Using https module backend 
INFO - [♥] Applied 0 patches to '=[SMODS _ "smods-https-thread.lua"]'
INFO - [G] 2025-08-20 13:15:34 :: DEBUG :: SMODS.https(58) :: Using https module backend 
INFO - [♥] Applied 0 patches to '=[SMODS _ "smods-https-thread.lua"]'
INFO - [G] 2025-08-20 13:16:35 :: DEBUG :: SMODS.https(59) :: Using https module backend 
INFO - [♥] Applied 0 patches to '=[SMODS _ "smods-https-thread.lua"]'
INFO - [G] 2025-08-20 13:17:35 :: DEBUG :: SMODS.https(60) :: Using https module backend 
INFO - [♥] Applied 0 patches to '=[SMODS _ "smods-https-thread.lua"]'
INFO - [G] 2025-08-20 13:18:36 :: DEBUG :: SMODS.https(61) :: Using https module backend 
INFO - [♥] Applied 0 patches to '=[SMODS _ "smods-https-thread.lua"]'
INFO - [G] 2025-08-20 13:19:36 :: DEBUG :: SMODS.https(62) :: Using https module backend 
INFO - [♥] Applied 0 patches to '=[SMODS _ "smods-https-thread.lua"]'
INFO - [G] 2025-08-20 13:20:37 :: DEBUG :: SMODS.https(63) :: Using https module backend 
INFO - [♥] Applied 0 patches to '=[SMODS _ "smods-https-thread.lua"]'
INFO - [G] 2025-08-20 13:21:37 :: DEBUG :: SMODS.https(64) :: Using https module backend 
INFO - [♥] Applied 0 patches to '=[SMODS _ "smods-https-thread.lua"]'
INFO - [G] 2025-08-20 13:22:38 :: DEBUG :: SMODS.https(65) :: Using https module backend 
INFO - [♥] Applied 0 patches to '=[SMODS _ "smods-https-thread.lua"]'
INFO - [G] 2025-08-20 13:23:39 :: DEBUG :: SMODS.https(66) :: Using https module backend 
INFO - [♥] Applied 0 patches to '=[SMODS _ "smods-https-thread.lua"]'
INFO - [G] 2025-08-20 13:24:39 :: DEBUG :: SMODS.https(67) :: Using https module backend 
INFO - [♥] Applied 0 patches to '=[SMODS _ "smods-https-thread.lua"]'
INFO - [G] 2025-08-20 13:25:40 :: DEBUG :: SMODS.https(68) :: Using https module backend 
INFO - [♥] Applied 0 patches to '=[SMODS _ "smods-https-thread.lua"]'
INFO - [G] 2025-08-20 13:26:40 :: DEBUG :: SMODS.https(69) :: Using https module backend 
INFO - [♥] Applied 0 patches to '=[SMODS _ "smods-https-thread.lua"]'
INFO - [G] 2025-08-20 13:27:41 :: DEBUG :: SMODS.https(70) :: Using https module backend 
INFO - [♥] Applied 0 patches to '=[SMODS _ "smods-https-thread.lua"]'
INFO - [G] 2025-08-20 13:28:42 :: DEBUG :: SMODS.https(71) :: Using https module backend 
INFO - [♥] Applied 0 patches to '=[SMODS _ "smods-https-thread.lua"]'
INFO - [G] 2025-08-20 13:29:42 :: DEBUG :: SMODS.https(72) :: Using https module backend 
INFO - [♥] Applied 0 patches to '=[SMODS _ "smods-https-thread.lua"]'
INFO - [G] 2025-08-20 13:30:43 :: DEBUG :: SMODS.https(73) :: Using https module backend 
INFO - [♥] Applied 0 patches to '=[SMODS _ "smods-https-thread.lua"]'
INFO - [G] 2025-08-20 13:31:43 :: DEBUG :: SMODS.https(74) :: Using https module backend 
INFO - [♥] Applied 0 patches to '=[SMODS _ "smods-https-thread.lua"]'
INFO - [G] 2025-08-20 13:32:44 :: DEBUG :: SMODS.https(75) :: Using https module backend 
INFO - [♥] Applied 0 patches to '=[SMODS _ "smods-https-thread.lua"]'
INFO - [G] 2025-08-20 13:33:44 :: DEBUG :: SMODS.https(76) :: Using https module backend 
INFO - [♥] Applied 0 patches to '=[SMODS _ "smods-https-thread.lua"]'
INFO - [G] 2025-08-20 13:34:45 :: DEBUG :: SMODS.https(77) :: Using https module backend 
INFO - [♥] Applied 0 patches to '=[SMODS _ "smods-https-thread.lua"]'
INFO - [G] 2025-08-20 13:35:45 :: DEBUG :: SMODS.https(78) :: Using https module backend 
INFO - [♥] Applied 0 patches to '=[SMODS _ "smods-https-thread.lua"]'
INFO - [G] 2025-08-20 13:36:48 :: DEBUG :: SMODS.https(79) :: Using https module backend 
INFO - [♥] Applied 0 patches to '=[SMODS _ "smods-https-thread.lua"]'
INFO - [G] 2025-08-20 13:37:46 :: DEBUG :: SMODS.https(80) :: Using https module backend 
INFO - [♥] Applied 0 patches to '=[SMODS _ "smods-https-thread.lua"]'
INFO - [G] 2025-08-20 13:38:46 :: DEBUG :: SMODS.https(81) :: Using https module backend 
INFO - [♥] Applied 0 patches to '=[SMODS _ "smods-https-thread.lua"]'
INFO - [G] 2025-08-20 13:39:47 :: DEBUG :: SMODS.https(82) :: Using https module backend 
INFO - [♥] Applied 0 patches to '=[SMODS _ "smods-https-thread.lua"]'
INFO - [G] 2025-08-20 13:40:47 :: DEBUG :: SMODS.https(83) :: Using https module backend 
INFO - [♥] Applied 0 patches to '=[SMODS _ "smods-https-thread.lua"]'
INFO - [G] 2025-08-20 13:41:48 :: DEBUG :: SMODS.https(84) :: Using https module backend 
INFO - [♥] Applied 0 patches to '=[SMODS _ "smods-https-thread.lua"]'
INFO - [G] 2025-08-20 13:42:48 :: DEBUG :: SMODS.https(85) :: Using https module backend 
INFO - [♥] Applied 0 patches to '=[SMODS _ "smods-https-thread.lua"]'
INFO - [G] 2025-08-20 13:43:49 :: DEBUG :: SMODS.https(86) :: Using https module backend 
INFO - [♥] Applied 0 patches to '=[SMODS _ "smods-https-thread.lua"]'
INFO - [G] 2025-08-20 13:44:49 :: DEBUG :: SMODS.https(87) :: Using https module backend 
INFO - [♥] Applied 0 patches to '=[SMODS _ "smods-https-thread.lua"]'
INFO - [G] 2025-08-20 13:45:50 :: DEBUG :: SMODS.https(88) :: Using https module backend 
INFO - [♥] Applied 0 patches to '=[SMODS _ "smods-https-thread.lua"]'
INFO - [G] 2025-08-20 13:46:50 :: DEBUG :: SMODS.https(89) :: Using https module backend 
INFO - [♥] Applied 0 patches to '=[SMODS _ "smods-https-thread.lua"]'
INFO - [G] 2025-08-20 13:47:51 :: DEBUG :: SMODS.https(90) :: Using https module backend 
INFO - [♥] Applied 0 patches to '=[SMODS _ "smods-https-thread.lua"]'
INFO - [G] 2025-08-20 13:48:51 :: DEBUG :: SMODS.https(91) :: Using https module backend 
INFO - [♥] Applied 0 patches to '=[SMODS _ "smods-https-thread.lua"]'
INFO - [G] 2025-08-20 13:49:51 :: DEBUG :: SMODS.https(92) :: Using https module backend 
INFO - [♥] Applied 0 patches to '=[SMODS _ "smods-https-thread.lua"]'
INFO - [G] 2025-08-20 13:50:52 :: DEBUG :: SMODS.https(93) :: Using https module backend 
INFO - [♥] Applied 0 patches to '=[SMODS _ "smods-https-thread.lua"]'
INFO - [G] 2025-08-20 13:51:52 :: DEBUG :: SMODS.https(94) :: Using https module backend 
INFO - [♥] Applied 0 patches to '=[SMODS _ "smods-https-thread.lua"]'
INFO - [G] 2025-08-20 13:52:53 :: DEBUG :: SMODS.https(95) :: Using https module backend 
INFO - [♥] Applied 0 patches to '=[SMODS _ "smods-https-thread.lua"]'
INFO - [G] 2025-08-20 13:53:53 :: DEBUG :: SMODS.https(96) :: Using https module backend 
INFO - [♥] Applied 0 patches to '=[SMODS _ "smods-https-thread.lua"]'
INFO - [G] 2025-08-20 13:54:54 :: DEBUG :: SMODS.https(97) :: Using https module backend 
INFO - [♥] Applied 0 patches to '=[SMODS _ "smods-https-thread.lua"]'
INFO - [G] 2025-08-20 13:55:54 :: DEBUG :: SMODS.https(98) :: Using https module backend 
INFO - [♥] Applied 0 patches to '=[SMODS _ "smods-https-thread.lua"]'
INFO - [G] 2025-08-20 13:56:55 :: DEBUG :: SMODS.https(99) :: Using https module backend 
INFO - [♥] Applied 0 patches to '=[SMODS _ "smods-https-thread.lua"]'
INFO - [G] 2025-08-20 13:57:55 :: DEBUG :: SMODS.https(100) :: Using https module backend 
INFO - [♥] Applied 0 patches to '=[SMODS _ "smods-https-thread.lua"]'
INFO - [G] 2025-08-20 13:58:56 :: DEBUG :: SMODS.https(101) :: Using https module backend 
INFO - [♥] Applied 0 patches to '=[SMODS _ "smods-https-thread.lua"]'
INFO - [G] 2025-08-20 13:59:56 :: DEBUG :: SMODS.https(102) :: Using https module backend 
INFO - [♥] Applied 0 patches to '=[SMODS _ "smods-https-thread.lua"]'
INFO - [G] 2025-08-20 14:00:57 :: DEBUG :: SMODS.https(103) :: Using https module backend 
INFO - [♥] Applied 0 patches to '=[SMODS _ "smods-https-thread.lua"]'
INFO - [G] 2025-08-20 14:01:57 :: DEBUG :: SMODS.https(104) :: Using https module backend 
INFO - [♥] Applied 0 patches to '=[SMODS _ "smods-https-thread.lua"]'
INFO - [G] 2025-08-20 14:02:58 :: DEBUG :: SMODS.https(105) :: Using https module backend 
INFO - [♥] Applied 0 patches to '=[SMODS _ "smods-https-thread.lua"]'
INFO - [G] 2025-08-20 14:03:58 :: DEBUG :: SMODS.https(106) :: Using https module backend 
INFO - [♥] Applied 0 patches to '=[SMODS _ "smods-https-thread.lua"]'
INFO - [G] 2025-08-20 14:04:59 :: DEBUG :: SMODS.https(107) :: Using https module backend 
INFO - [♥] Applied 0 patches to '=[SMODS _ "smods-https-thread.lua"]'
INFO - [G] 2025-08-20 14:05:59 :: DEBUG :: SMODS.https(108) :: Using https module backend 
INFO - [♥] Applied 0 patches to '=[SMODS _ "smods-https-thread.lua"]'
INFO - [G] 2025-08-20 14:07:00 :: DEBUG :: SMODS.https(109) :: Using https module backend 
INFO - [♥] Applied 0 patches to '=[SMODS _ "smods-https-thread.lua"]'
INFO - [G] 2025-08-20 14:08:00 :: DEBUG :: SMODS.https(110) :: Using https module backend 
INFO - [♥] Applied 0 patches to '=[SMODS _ "smods-https-thread.lua"]'
INFO - [G] 2025-08-20 14:09:01 :: DEBUG :: SMODS.https(111) :: Using https module backend 
INFO - [♥] Applied 0 patches to '=[SMODS _ "smods-https-thread.lua"]'
INFO - [G] 2025-08-20 14:10:01 :: DEBUG :: SMODS.https(112) :: Using https module backend 
INFO - [♥] Applied 0 patches to '=[SMODS _ "smods-https-thread.lua"]'
INFO - [G] 2025-08-20 14:11:02 :: DEBUG :: SMODS.https(113) :: Using https module backend 
INFO - [♥] Applied 0 patches to '=[SMODS _ "smods-https-thread.lua"]'
INFO - [G] 2025-08-20 14:12:02 :: DEBUG :: SMODS.https(114) :: Using https module backend 
INFO - [♥] Applied 0 patches to '=[SMODS _ "smods-https-thread.lua"]'
INFO - [G] 2025-08-20 14:13:03 :: DEBUG :: SMODS.https(115) :: Using https module backend 
INFO - [♥] Applied 0 patches to '=[SMODS _ "smods-https-thread.lua"]'
INFO - [G] 2025-08-20 14:14:03 :: DEBUG :: SMODS.https(116) :: Using https module backend 
INFO - [♥] Applied 0 patches to '=[SMODS _ "smods-https-thread.lua"]'
INFO - [G] 2025-08-20 14:15:04 :: DEBUG :: SMODS.https(117) :: Using https module backend 
INFO - [♥] Applied 0 patches to '=[SMODS _ "smods-https-thread.lua"]'
INFO - [G] 2025-08-20 14:16:05 :: DEBUG :: SMODS.https(118) :: Using https module backend 
