INFO - [♥] Lovely 0.7.1
INFO - [♥] Game directory is at "C:\\Users\\easto\\Downloads\\Balatro.v1.0.1o\\Balatro.v1.0.1o\\game"
INFO - [♥] Writing logs to "C:\\Users\\easto\\AppData\\Roaming\\Balatro\\Mods\\lovely\\log"
INFO - [♥] Using mod directory at "C:\\Users\\easto\\AppData\\Roaming\\Balatro\\Mods"
INFO - [♥] Cleaning up dumps directory at "C:\\Users\\easto\\AppData\\Roaming\\Balatro\\Mods\\lovely\\dump"
INFO - [♥] Initialization complete in 223ms
WARN - [♥] Pattern 'modded and {' on target 'main.lua' for pattern patch from Cartomancer\lovely\stackable-deck-steamodded-0.9.8.toml resulted in no matches
INFO - [♥] Applied 22 patches to 'main.lua'
INFO - [♥] Applied 7 patches to 'engine/controller.lua'
INFO - [♥] Applied 15 patches to 'back.lua'
INFO - [♥] Applied 7 patches to 'tag.lua'
INFO - [♥] Applied 1 patch to 'engine/moveable.lua'
INFO - [♥] Applied 2 patches to 'engine/sprite.lua'
INFO - [♥] Applied 2 patches to 'engine/animatedsprite.lua'
INFO - [♥] Applied 48 patches to 'functions/misc_functions.lua'
INFO - [♥] Applied 37 patches to 'game.lua'
INFO - [♥] Applied 1 patch to 'globals.lua'
WARN - [♥] Pattern 'self.config.chosen = true' on target 'engine/ui.lua' for pattern patch from Cartomancer\lovely\vanilla-ui.toml resulted in no matches
INFO - [♥] Applied 4 patches to 'engine/ui.lua'
INFO - [♥] Applied 93 patches to 'functions/UI_definitions.lua'
WARN - [♥] Pattern 'if effects[ii].card then' on target 'functions/state_events.lua' for pattern patch from Saturn\lovely\rem_anim.toml resulted in no matches
INFO - [♥] Applied 44 patches to 'functions/state_events.lua'
WARN - [♥] Pattern 'func = (function() if eval_func(card) then if not first or first then card:juice_up(0.1, 0.1) end;juice_card_until(card, eval_func, nil, 0.8) end return true end)' on target 'functions/common_events.lua' for pattern patch from Saturn\lovely\rem_anim.toml resulted in no matches
WARN - [♥] Pattern 'local stay_flipped = G.GAME and G.GAME.blind and G.GAME.blind:stay_flipped(to, card)' on target 'functions/common_events.lua' for pattern patch from Cartomancer\lovely\limit-deck-size.toml resulted in no matches
INFO - [♥] Applied 108 patches to 'functions/common_events.lua'
INFO - [♥] Applied 48 patches to 'functions/button_callbacks.lua'
WARN - [♥] Pattern 'if G.GAME.blind and G.GAME.blind.in_blind then G.E_MANAGER:add_event(Event({ func = function() G.GAME.blind:set_blind(nil, true, nil); return true end })) end' on target 'card.lua' for pattern patch from Steamodded\lovely\calculate_card_added.toml resulted in 2 matches, wanted 1
WARN - [♥] Ignoring excess matches
WARN - [♥] Pattern 'if G.GAME.blind then G.E_MANAGER:add_event(Event({ func = function() G.GAME.blind:set_blind(nil, true, nil); return true end })) end' on target 'card.lua' for pattern patch from Saturn\lovely\rem_anim.toml resulted in no matches
WARN - [♥] Pattern 'Xmult_mod = G.P_CENTERS.v_observatory.config.extra' on target 'card.lua' for pattern patch from Saturn\lovely\stack.toml resulted in no matches
INFO - [♥] Applied 157 patches to 'card.lua'
WARN - [♥] Pattern 'local stay_flipped = G.GAME and G.GAME.blind and G.GAME.blind:stay_flipped(self, card)' on target 'cardarea.lua' for pattern patch from Cartomancer\lovely\limit-deck-size.toml resulted in no matches
INFO - [♥] Applied 13 patches to 'cardarea.lua'
INFO - [♥] Applied 36 patches to 'blind.lua'
INFO - [♥] Applied 2 patches to 'engine/text.lua'
INFO - [♥] Applied 4 patches to '=[SMODS _ "src/overrides.lua"]'
INFO - [G] Failed to connect to the debug server
INFO - [G] 2025-03-25 15:59:19 :: DEBUG :: DebugConsole :: Steamodded Debug Socket started !
INFO - [G] [Blueprint] Starting to load config
INFO - [G] [Blueprint] Reading config file: 
INFO - [G] [Blueprint] return {
	["INTERNAL_debug"] = false,
	["hello"] = true,
}
INFO - [♥] Applied 9 patches to 'engine/sound_manager.lua'
INFO - [♥] Applied 1 patch to 'engine/save_manager.lua'
INFO - [G] Loaded all Blueprint mod shaders successfully
INFO - [G] 2025-03-25 15:59:25 :: TRACE :: Loader :: Processing Mod file (Legacy header): PreorderCards.lua
INFO - [G] 2025-03-25 15:59:25 :: TRACE :: Loader :: Saving Mod Info: preorder_cards
INFO - [G] 2025-03-25 15:59:25 :: TRACE :: Loader :: Processing Mod file (Legacy header): mod.lua
INFO - [G] 2025-03-25 15:59:25 :: TRACE :: Loader :: Saving Mod Info: blueprint
INFO - [G] 2025-03-25 15:59:25 :: TRACE :: Loader :: Processing Mod file (Legacy header): mod.lua
INFO - [G] 2025-03-25 15:59:25 :: TRACE :: Loader :: Saving Mod Info: cartomancer
INFO - [G] 2025-03-25 15:59:25 :: ERROR :: Loader :: Found invalid metadata JSON file at C:\Users\easto\AppData\Roaming\Balatro\Mods/Saturn/.vscode/settings.json, ignoring: [lovely json "libs/json/json.lua"]:185: expected string for key at line 4 col 3
INFO - [G] 2025-03-25 15:59:25 :: INFO  :: TIMER :: [0000] Injected Language in 0.002 ms
INFO - [G] 2025-03-25 15:59:25 :: INFO  :: TIMER :: [0000] Injected [INTERNAL] in 3.483 ms
INFO - [G] 2025-03-25 15:59:26 :: INFO  :: TIMER :: [0002] Injected Atlas in 1100.780 ms
INFO - [G] 2025-03-25 15:59:26 :: INFO  :: TIMER :: [0001] Injected Sound in 0.809 ms
INFO - [G] 2025-03-25 15:59:26 :: INFO  :: TIMER :: [0008] Injected Stake in 0.804 ms
INFO - [G] 2025-03-25 15:59:26 :: INFO  :: TIMER :: [0004] Injected Rarity in 0.030 ms
INFO - [G] 2025-03-25 15:59:26 :: INFO  :: TIMER :: [0004] Injected ObjectType in 0.104 ms
INFO - [G] 2025-03-25 15:59:26 :: INFO  :: TIMER :: [0048] Injected Center in 1.771 ms
INFO - [G] 2025-03-25 15:59:26 :: INFO  :: TIMER :: [0007] Injected Undiscovered Sprite in 0.036 ms
INFO - [G] 2025-03-25 15:59:26 :: INFO  :: TIMER :: [0002] Injected Blind in 0.035 ms
INFO - [G] 2025-03-25 15:59:26 :: INFO  :: TIMER :: [0004] Injected Seal in 0.586 ms
INFO - [G] 2025-03-25 15:59:26 :: INFO  :: TIMER :: [0004] Injected Suit in 0.498 ms
INFO - [G] 2025-03-25 15:59:26 :: INFO  :: TIMER :: [0013] Injected Rank in 0.477 ms
INFO - [G] 2025-03-25 15:59:26 :: INFO  :: TIMER :: [0028] Injected DeckSkin in 1.118 ms
INFO - [G] 2025-03-25 15:59:26 :: INFO  :: TIMER :: [0012] Injected PokerHand in 0.126 ms
INFO - [G] 2025-03-25 15:59:26 :: INFO  :: TIMER :: [0020] Injected Challenge in 0.149 ms
INFO - [G] 2025-03-25 15:59:26 :: INFO  :: TIMER :: [0000] Injected Tag in 0.003 ms
INFO - [G] 2025-03-25 15:59:26 :: INFO  :: TIMER :: [0004] Injected Sticker in 0.180 ms
INFO - [G] 2025-03-25 15:59:26 :: INFO  :: TIMER :: [0000] Injected Shader in 0.004 ms
INFO - [G] 2025-03-25 15:59:26 :: INFO  :: TIMER :: [0002] Injected Keybind in 0.025 ms
INFO - [G] 2025-03-25 15:59:26 :: INFO  :: TIMER :: [0000] Injected Achievement in 0.113 ms
INFO - [G] 2025-03-25 15:59:26 :: INFO  :: TIMER :: [0002] Injected nil in 0.027 ms
INFO - [G] 2025-03-25 15:59:26 :: INFO  :: TIMER :: [0021] Injected Draw Step in 0.461 ms
INFO - [G] 2025-03-25 15:59:26 :: INFO  :: TIMER :: [0000] Injected [INTERNAL] in 3.667 ms
INFO - [G] LONG DT @ 93: 0.1
INFO - [G] LONG DT @ 93: 0.1
INFO - [G] LONG DT @ 93: 0.08728996
INFO - [G] LONG DT @ 93: 0.084177867999998
INFO - [G] LONG DT @ 93: 0.0798876944
INFO - [G] LONG DT @ 93: 0.068203255519998
INFO - [G] LONG DT @ 93: 0.058521244416001
INFO - [G] LONG DT @ 94: 0.064103755532799
INFO - [G] LONG DT @ 94: 0.090548784426239
INFO - [G] LONG DT @ 94: 0.075060807540992
INFO - [G] LONG DT @ 94: 0.068148246032794
INFO - [G] LONG DT @ 94: 0.061087116826234
INFO - [G] LONG DT @ 94: 0.053713973460988
INFO - [G] LONG DT @ 542: 0.1
INFO - [G] LONG DT @ 542: 0.1
INFO - [G] LONG DT @ 542: 0.093956299999995
INFO - [G] LONG DT @ 542: 0.1
INFO - [G] LONG DT @ 542: 0.1
INFO - [G] LONG DT @ 542: 0.083952779999986
INFO - [G] LONG DT @ 542: 0.071075523999988
INFO - [G] LONG DT @ 542: 0.062531959199993
INFO - [G] LONG DT @ 542: 0.086678247359992
INFO - [G] LONG DT @ 543: 0.076512697888001
INFO - [G] LONG DT @ 543: 0.066878078310397
INFO - [G] LONG DT @ 543: 0.055960982648322
INFO - [G] 2025-03-25 16:08:58 :: INFO  :: TIMER :: [0000] Injected Language in 0.004 ms
INFO - [G] 2025-03-25 16:08:58 :: INFO  :: TIMER :: [0000] Injected [INTERNAL] in 3.593 ms
INFO - [G] 2025-03-25 16:08:59 :: INFO  :: TIMER :: [0002] Injected Atlas in 1084.482 ms
INFO - [G] 2025-03-25 16:08:59 :: INFO  :: TIMER :: [0001] Injected Sound in 0.010 ms
INFO - [G] 2025-03-25 16:08:59 :: INFO  :: TIMER :: [0008] Injected Stake in 0.248 ms
INFO - [G] 2025-03-25 16:08:59 :: INFO  :: TIMER :: [0004] Injected Rarity in 0.298 ms
INFO - [G] 2025-03-25 16:08:59 :: INFO  :: TIMER :: [0004] Injected ObjectType in 0.039 ms
INFO - [G] 2025-03-25 16:08:59 :: INFO  :: TIMER :: [0048] Injected Center in 0.753 ms
INFO - [G] 2025-03-25 16:08:59 :: INFO  :: TIMER :: [0007] Injected Undiscovered Sprite in 0.014 ms
INFO - [G] 2025-03-25 16:08:59 :: INFO  :: TIMER :: [0002] Injected Blind in 0.009 ms
INFO - [G] 2025-03-25 16:08:59 :: INFO  :: TIMER :: [0004] Injected Seal in 0.156 ms
INFO - [G] 2025-03-25 16:08:59 :: INFO  :: TIMER :: [0004] Injected Suit in 0.123 ms
INFO - [G] 2025-03-25 16:08:59 :: INFO  :: TIMER :: [0013] Injected Rank in 0.076 ms
INFO - [G] 2025-03-25 16:08:59 :: INFO  :: TIMER :: [0028] Injected DeckSkin in 0.288 ms
INFO - [G] 2025-03-25 16:08:59 :: INFO  :: TIMER :: [0012] Injected PokerHand in 0.074 ms
INFO - [G] 2025-03-25 16:08:59 :: INFO  :: TIMER :: [0020] Injected Challenge in 0.178 ms
INFO - [G] 2025-03-25 16:08:59 :: INFO  :: TIMER :: [0000] Injected Tag in 0.002 ms
INFO - [G] 2025-03-25 16:08:59 :: INFO  :: TIMER :: [0004] Injected Sticker in 0.127 ms
INFO - [G] 2025-03-25 16:08:59 :: INFO  :: TIMER :: [0000] Injected Shader in 0.002 ms
INFO - [G] 2025-03-25 16:08:59 :: INFO  :: TIMER :: [0002] Injected Keybind in 0.008 ms
INFO - [G] 2025-03-25 16:08:59 :: INFO  :: TIMER :: [0000] Injected Achievement in 0.033 ms
INFO - [G] 2025-03-25 16:08:59 :: INFO  :: TIMER :: [0002] Injected nil in 0.013 ms
INFO - [G] 2025-03-25 16:08:59 :: INFO  :: TIMER :: [0021] Injected Draw Step in 0.147 ms
INFO - [G] 2025-03-25 16:08:59 :: INFO  :: TIMER :: [0000] Injected [INTERNAL] in 4.502 ms
INFO - [G] LONG DT @ 568: 0.1
INFO - [G] LONG DT @ 12: 0.081355820000003
INFO - [G] LONG DT @ 12: 0.065451836000015
INFO - [G] LONG DT @ 12: 0.053861028800014
INFO - [G] 2025-03-25 16:09:06 :: INFO  :: TIMER :: [0000] Injected Language in 0.003 ms
INFO - [G] 2025-03-25 16:09:06 :: INFO  :: TIMER :: [0000] Injected [INTERNAL] in 3.367 ms
INFO - [G] 2025-03-25 16:09:07 :: INFO  :: TIMER :: [0002] Injected Atlas in 848.454 ms
INFO - [G] 2025-03-25 16:09:07 :: INFO  :: TIMER :: [0001] Injected Sound in 0.007 ms
INFO - [G] 2025-03-25 16:09:07 :: INFO  :: TIMER :: [0008] Injected Stake in 0.084 ms
INFO - [G] 2025-03-25 16:09:07 :: INFO  :: TIMER :: [0004] Injected Rarity in 0.021 ms
INFO - [G] 2025-03-25 16:09:07 :: INFO  :: TIMER :: [0004] Injected ObjectType in 0.043 ms
INFO - [G] 2025-03-25 16:09:07 :: INFO  :: TIMER :: [0048] Injected Center in 0.880 ms
INFO - [G] 2025-03-25 16:09:07 :: INFO  :: TIMER :: [0007] Injected Undiscovered Sprite in 0.017 ms
INFO - [G] 2025-03-25 16:09:07 :: INFO  :: TIMER :: [0002] Injected Blind in 0.101 ms
INFO - [G] 2025-03-25 16:09:07 :: INFO  :: TIMER :: [0004] Injected Seal in 0.146 ms
INFO - [G] 2025-03-25 16:09:07 :: INFO  :: TIMER :: [0004] Injected Suit in 0.077 ms
INFO - [G] 2025-03-25 16:09:07 :: INFO  :: TIMER :: [0013] Injected Rank in 0.220 ms
INFO - [G] 2025-03-25 16:09:07 :: INFO  :: TIMER :: [0028] Injected DeckSkin in 0.362 ms
INFO - [G] 2025-03-25 16:09:07 :: INFO  :: TIMER :: [0012] Injected PokerHand in 0.245 ms
INFO - [G] 2025-03-25 16:09:07 :: INFO  :: TIMER :: [0020] Injected Challenge in 0.034 ms
INFO - [G] 2025-03-25 16:09:07 :: INFO  :: TIMER :: [0000] Injected Tag in 0.002 ms
INFO - [G] 2025-03-25 16:09:07 :: INFO  :: TIMER :: [0004] Injected Sticker in 0.129 ms
INFO - [G] 2025-03-25 16:09:07 :: INFO  :: TIMER :: [0000] Injected Shader in 0.002 ms
INFO - [G] 2025-03-25 16:09:07 :: INFO  :: TIMER :: [0002] Injected Keybind in 0.021 ms
INFO - [G] 2025-03-25 16:09:07 :: INFO  :: TIMER :: [0000] Injected Achievement in 0.068 ms
INFO - [G] 2025-03-25 16:09:07 :: INFO  :: TIMER :: [0002] Injected nil in 0.019 ms
INFO - [G] 2025-03-25 16:09:07 :: INFO  :: TIMER :: [0021] Injected Draw Step in 0.187 ms
INFO - [G] 2025-03-25 16:09:07 :: INFO  :: TIMER :: [0000] Injected [INTERNAL] in 3.840 ms
INFO - [G] LONG DT @ 19: 0.1
INFO - [G] LONG DT @ 12: 0.081478399999996
INFO - [G] LONG DT @ 12: 0.065602320000006
INFO - [G] LONG DT @ 12: 0.056667136000007
INFO - [G] 2025-03-25 16:09:19 :: INFO  :: TIMER :: [0000] Injected Language in 0.003 ms
INFO - [G] 2025-03-25 16:09:19 :: INFO  :: TIMER :: [0000] Injected [INTERNAL] in 4.162 ms
INFO - [G] 2025-03-25 16:09:20 :: INFO  :: TIMER :: [0002] Injected Atlas in 988.569 ms
INFO - [G] 2025-03-25 16:09:20 :: INFO  :: TIMER :: [0001] Injected Sound in 0.010 ms
INFO - [G] 2025-03-25 16:09:20 :: INFO  :: TIMER :: [0008] Injected Stake in 0.131 ms
INFO - [G] 2025-03-25 16:09:20 :: INFO  :: TIMER :: [0004] Injected Rarity in 0.026 ms
INFO - [G] 2025-03-25 16:09:20 :: INFO  :: TIMER :: [0004] Injected ObjectType in 0.053 ms
INFO - [G] 2025-03-25 16:09:20 :: INFO  :: TIMER :: [0048] Injected Center in 0.861 ms
INFO - [G] 2025-03-25 16:09:20 :: INFO  :: TIMER :: [0007] Injected Undiscovered Sprite in 0.016 ms
INFO - [G] 2025-03-25 16:09:20 :: INFO  :: TIMER :: [0002] Injected Blind in 0.011 ms
INFO - [G] 2025-03-25 16:09:20 :: INFO  :: TIMER :: [0004] Injected Seal in 0.138 ms
INFO - [G] 2025-03-25 16:09:20 :: INFO  :: TIMER :: [0004] Injected Suit in 0.119 ms
INFO - [G] 2025-03-25 16:09:20 :: INFO  :: TIMER :: [0013] Injected Rank in 0.149 ms
INFO - [G] 2025-03-25 16:09:20 :: INFO  :: TIMER :: [0028] Injected DeckSkin in 0.179 ms
INFO - [G] 2025-03-25 16:09:20 :: INFO  :: TIMER :: [0012] Injected PokerHand in 0.069 ms
INFO - [G] 2025-03-25 16:09:20 :: INFO  :: TIMER :: [0020] Injected Challenge in 0.026 ms
INFO - [G] 2025-03-25 16:09:20 :: INFO  :: TIMER :: [0000] Injected Tag in 0.002 ms
INFO - [G] 2025-03-25 16:09:20 :: INFO  :: TIMER :: [0004] Injected Sticker in 0.081 ms
INFO - [G] 2025-03-25 16:09:20 :: INFO  :: TIMER :: [0000] Injected Shader in 0.001 ms
INFO - [G] 2025-03-25 16:09:20 :: INFO  :: TIMER :: [0002] Injected Keybind in 0.068 ms
INFO - [G] 2025-03-25 16:09:20 :: INFO  :: TIMER :: [0000] Injected Achievement in 0.030 ms
INFO - [G] 2025-03-25 16:09:20 :: INFO  :: TIMER :: [0002] Injected nil in 0.125 ms
INFO - [G] 2025-03-25 16:09:20 :: INFO  :: TIMER :: [0021] Injected Draw Step in 0.070 ms
INFO - [G] 2025-03-25 16:09:20 :: INFO  :: TIMER :: [0000] Injected [INTERNAL] in 3.885 ms
INFO - [G] LONG DT @ 24: 0.1
INFO - [G] LONG DT @ 12: 0.082127420000011
INFO - [G] LONG DT @ 12: 0.066263316000008
INFO - [G] LONG DT @ 12: 0.05743555280001
INFO - [G] 2025-03-25 16:09:26 :: INFO  :: TIMER :: [0000] Injected Language in 0.003 ms
INFO - [G] 2025-03-25 16:09:26 :: INFO  :: TIMER :: [0000] Injected [INTERNAL] in 3.878 ms
INFO - [G] 2025-03-25 16:09:27 :: INFO  :: TIMER :: [0002] Injected Atlas in 891.798 ms
INFO - [G] 2025-03-25 16:09:27 :: INFO  :: TIMER :: [0001] Injected Sound in 0.008 ms
INFO - [G] 2025-03-25 16:09:27 :: INFO  :: TIMER :: [0008] Injected Stake in 0.078 ms
INFO - [G] 2025-03-25 16:09:27 :: INFO  :: TIMER :: [0004] Injected Rarity in 0.030 ms
INFO - [G] 2025-03-25 16:09:27 :: INFO  :: TIMER :: [0004] Injected ObjectType in 0.048 ms
INFO - [G] 2025-03-25 16:09:27 :: INFO  :: TIMER :: [0048] Injected Center in 0.392 ms
INFO - [G] 2025-03-25 16:09:27 :: INFO  :: TIMER :: [0007] Injected Undiscovered Sprite in 0.015 ms
INFO - [G] 2025-03-25 16:09:27 :: INFO  :: TIMER :: [0002] Injected Blind in 0.013 ms
INFO - [G] 2025-03-25 16:09:27 :: INFO  :: TIMER :: [0004] Injected Seal in 0.132 ms
INFO - [G] 2025-03-25 16:09:27 :: INFO  :: TIMER :: [0004] Injected Suit in 0.109 ms
INFO - [G] 2025-03-25 16:09:27 :: INFO  :: TIMER :: [0013] Injected Rank in 0.115 ms
INFO - [G] 2025-03-25 16:09:27 :: INFO  :: TIMER :: [0028] Injected DeckSkin in 0.496 ms
INFO - [G] 2025-03-25 16:09:27 :: INFO  :: TIMER :: [0012] Injected PokerHand in 0.068 ms
INFO - [G] 2025-03-25 16:09:27 :: INFO  :: TIMER :: [0020] Injected Challenge in 0.024 ms
INFO - [G] 2025-03-25 16:09:27 :: INFO  :: TIMER :: [0000] Injected Tag in 0.003 ms
INFO - [G] 2025-03-25 16:09:27 :: INFO  :: TIMER :: [0004] Injected Sticker in 0.128 ms
INFO - [G] 2025-03-25 16:09:27 :: INFO  :: TIMER :: [0000] Injected Shader in 0.002 ms
INFO - [G] 2025-03-25 16:09:27 :: INFO  :: TIMER :: [0002] Injected Keybind in 0.099 ms
INFO - [G] 2025-03-25 16:09:27 :: INFO  :: TIMER :: [0000] Injected Achievement in 0.034 ms
INFO - [G] 2025-03-25 16:09:27 :: INFO  :: TIMER :: [0002] Injected nil in 0.012 ms
INFO - [G] 2025-03-25 16:09:27 :: INFO  :: TIMER :: [0021] Injected Draw Step in 0.040 ms
INFO - [G] 2025-03-25 16:09:27 :: INFO  :: TIMER :: [0000] Injected [INTERNAL] in 2.798 ms
INFO - [G] LONG DT @ 17: 0.1
INFO - [G] LONG DT @ 12: 0.081059099999998
INFO - [G] LONG DT @ 12: 0.065257119999996
INFO - [G] LONG DT @ 12: 0.056446736000007
