INFO - [♥] Lovely 0.7.1
INFO - [♥] Game directory is at "C:\\Users\\easto\\Downloads\\Balatro.v1.0.1o\\Balatro.v1.0.1o\\game"
INFO - [♥] Writing logs to "C:\\Users\\easto\\AppData\\Roaming\\Balatro\\Mods\\lovely\\log"
INFO - [♥] Using mod directory at "C:\\Users\\easto\\AppData\\Roaming\\Balatro\\Mods"
INFO - [♥] Found .lovelyignore in 'Jen', skipping it.
INFO - [♥] Found .lovelyignore in 'StickyFingers', skipping it.
INFO - [♥] Found .lovelyignore in 'Trance', skipping it.
WARN - [♥] Unknown key `patches.1.?.match_indent` found in patch file at "C:\\Users\\easto\\AppData\\Roaming\\Balatro\\Mods\\Cartomancer\\lovely\\blinds-info.toml", ignoring it
WARN - [♥] Unknown key `patches.2.?.match_indent` found in patch file at "C:\\Users\\easto\\AppData\\Roaming\\Balatro\\Mods\\Cartomancer\\lovely\\stackable-deck-steamodded.toml", ignoring it
WARN - [♥] Unknown key `patches.4.?.match_indent` found in patch file at "C:\\Users\\easto\\AppData\\Roaming\\Balatro\\Mods\\Cartomancer\\lovely\\stackable-deck-steamodded.toml", ignoring it
WARN - [♥] Unknown key `patches.6.?.match_indent` found in patch file at "C:\\Users\\easto\\AppData\\Roaming\\Balatro\\Mods\\Cartomancer\\lovely\\stackable-deck-steamodded.toml", ignoring it
WARN - [♥] Unknown key `patches.20.?.match_indent` found in patch file at "C:\\Users\\easto\\AppData\\Roaming\\Balatro\\Mods\\Cryptid\\lovely\\code.toml", ignoring it
WARN - [♥] Unknown key `patches.1.?.match_indent` found in patch file at "C:\\Users\\easto\\AppData\\Roaming\\Balatro\\Mods\\HandyBalatro\\lovely\\controls_misc.toml", ignoring it
WARN - [♥] Unknown key `patches.1.?.overwrite` found in patch file at "C:\\Users\\easto\\AppData\\Roaming\\Balatro\\Mods\\HandyBalatro\\lovely\\controls_misc.toml", ignoring it
WARN - [♥] Unknown key `patches.0.?.overwrite` found in patch file at "C:\\Users\\easto\\AppData\\Roaming\\Balatro\\Mods\\HandyBalatro\\lovely\\controls_show_deck_preview.toml", ignoring it
WARN - [♥] Unknown key `patches.35.?.match_indent` found in patch file at "C:\\Users\\easto\\AppData\\Roaming\\Balatro\\Mods\\Talisman\\lovely.toml", ignoring it
WARN - [♥] Unknown key `patches.35.?.overwrite` found in patch file at "C:\\Users\\easto\\AppData\\Roaming\\Balatro\\Mods\\Talisman\\lovely.toml", ignoring it
WARN - [♥] Unknown key `patches.52.?.match_indent` found in patch file at "C:\\Users\\easto\\AppData\\Roaming\\Balatro\\Mods\\Talisman\\lovely.toml", ignoring it
WARN - [♥] Unknown key `patches.55.?.match_indent` found in patch file at "C:\\Users\\easto\\AppData\\Roaming\\Balatro\\Mods\\Talisman\\lovely.toml", ignoring it
WARN - [♥] Unknown key `patches.5.?.overwrite` found in patch file at "C:\\Users\\easto\\AppData\\Roaming\\Balatro\\Mods\\Yggdrasil\\lovely\\prevent_crash.toml", ignoring it
WARN - [♥] Unknown key `patches.5.?.match_indent` found in patch file at "C:\\Users\\easto\\AppData\\Roaming\\Balatro\\Mods\\Yggdrasil\\lovely\\prevent_crash.toml", ignoring it
WARN - [♥] Unknown key `patches.6.?.overwrite` found in patch file at "C:\\Users\\easto\\AppData\\Roaming\\Balatro\\Mods\\Yggdrasil\\lovely\\prevent_crash.toml", ignoring it
WARN - [♥] Unknown key `patches.6.?.match_indent` found in patch file at "C:\\Users\\easto\\AppData\\Roaming\\Balatro\\Mods\\Yggdrasil\\lovely\\prevent_crash.toml", ignoring it
WARN - [♥] Unknown key `patches.7.?.overwrite` found in patch file at "C:\\Users\\easto\\AppData\\Roaming\\Balatro\\Mods\\Yggdrasil\\lovely\\prevent_crash.toml", ignoring it
WARN - [♥] Unknown key `patches.7.?.match_indent` found in patch file at "C:\\Users\\easto\\AppData\\Roaming\\Balatro\\Mods\\Yggdrasil\\lovely\\prevent_crash.toml", ignoring it
INFO - [♥] Cleaning up dumps directory at "C:\\Users\\easto\\AppData\\Roaming\\Balatro\\Mods\\lovely\\dump"
INFO - [♥] Initialization complete in 7120ms
INFO - [♥] Applied 1 patch to 'conf.lua'
WARN - [♥] Pattern 'G.ARGS.score_intensity.organ = G.video_organ or G.ARGS.score_intensity.required_score > 0 and math.max(math.min(0.4, 0.1*math.log(G.ARGS.score_intensity.earned_score/(G.ARGS.score_intensity.required_score+1), 5)),0.) or 0' on target 'main.lua' for pattern patch from Talisman\lovely.toml resulted in no matches
WARN - [♥] Pattern 'if type(G.GAME.current_round.current_hand.chips) ~= \'number\' or type(G.GAME.current_round.current_hand.mult) ~= \'number\' then' on target 'main.lua' for pattern patch from Talisman\lovely.toml resulted in no matches
WARN - [♥] Pattern 'assert(load(nfs.read(Saturn.PATH .. \"/core/logic/hide_played.lua\")))()' on target 'main.lua' for pattern patch from Cartomancer\lovely\saturn-compat.toml resulted in no matches
WARN - [♥] Pattern 'modded and {' on target 'main.lua' for pattern patch from Cartomancer\lovely\stackable-deck-steamodded-0.9.8.toml resulted in no matches
INFO - [♥] Applied 104 patches to 'main.lua'
INFO - [♥] Applied 2 patches to 'engine/string_packer.lua'
INFO - [♥] Applied 23 patches to 'engine/controller.lua'
INFO - [♥] Applied 15 patches to 'back.lua'
INFO - [♥] Applied 18 patches to 'tag.lua'
INFO - [♥] Applied 1 patch to 'engine/event.lua'
INFO - [♥] Applied 1 patch to 'engine/node.lua'
INFO - [♥] Applied 3 patches to 'engine/moveable.lua'
INFO - [♥] Applied 3 patches to 'engine/sprite.lua'
INFO - [♥] Applied 2 patches to 'engine/animatedsprite.lua'
WARN - [♥] Pattern 'assembled_string = assembled_string..(type(subpart) == \'string\' and subpart or args.vars[tonumber(subpart[1])] or \'ERROR\')' on target 'functions/misc_functions.lua' for pattern patch from Talisman\lovely.toml resulted in no matches
INFO - [♥] Applied 87 patches to 'functions/misc_functions.lua'
WARN - [♥] Pattern 'G.FUNCS.evaluate_play()' on target 'game.lua' for pattern patch from MoreFluff\lovely\onesliptoolate.toml resulted in no matches
WARN - [♥] Pattern 'if Big:new(G.GAME.chips) >= Big:new(G.GAME.blind.chips) or G.GAME.current_round.hands_left < 1 then' on target 'game.lua' for pattern patch from NotJustYet\lovely.toml resulted in no matches
WARN - [♥] Pattern 'if to_big(G.GAME.chips) >= to_big(G.GAME.blind.chips) or G.GAME.current_round.hands_left <= 0 then' on target 'game.lua' for pattern patch from NotJustYet\lovely.toml resulted in no matches
WARN - [♥] Pattern 'if #G.hand.cards < 1 and #G.deck.cards < 1 and #G.play.cards < 1 then' on target 'game.lua' for pattern patch from NotJustYet\lovely.toml resulted in no matches
WARN - [♥] Pattern 'if #G.hand.cards < 1 and #G.deck.cards < 1 then' on target 'game.lua' for pattern patch from NotJustYet\lovely.toml resulted in no matches
WARN - [♥] Pattern 'if G.GAME.chips - G.GAME.blind.chips >= 0 or G.GAME.current_round.hands_left < 1 then' on target 'game.lua' for pattern patch from Talisman\lovely.toml resulted in no matches
WARN - [♥] Regex 'card\\:start_materialize\\(\\)\\n\\s+G\\.shop_vouchers\\:emplace\\(card\\)\\n\\s+end' on target 'game.lua' for regex patch from Cryptid\lovely\Voucher.toml resulted in no matches
INFO - [♥] Applied 122 patches to 'game.lua'
INFO - [♥] Applied 3 patches to 'globals.lua'
WARN - [♥] Pattern 'self.config.chosen = true' on target 'engine/ui.lua' for pattern patch from Cartomancer\lovely\vanilla-ui.toml resulted in no matches
INFO - [♥] Applied 9 patches to 'engine/ui.lua'
WARN - [♥] Pattern '{n=G.UIT.T, config={text = G.GAME.hands[handname].chips, scale = 0.45, colour = G.C.UI.TEXT_LIGHT}},' on target 'functions/UI_definitions.lua' for pattern patch from Talisman\lovely.toml resulted in no matches
WARN - [♥] Pattern '{n=G.UIT.T, config={text = G.GAME.hands[handname].mult, scale = 0.45, colour = G.C.UI.TEXT_LIGHT}}' on target 'functions/UI_definitions.lua' for pattern patch from Talisman\lovely.toml resulted in no matches
WARN - [♥] Pattern '{n=G.UIT.C, config={align = \"cl\", minw = 2, minh=1, r = 0.1,colour = G.C.UI_MULT, id = \'hand_mult_area\', emboss = 0.05}, nodes={' on target 'functions/UI_definitions.lua' for pattern patch from Yggdrasil\lovely\xp_bar.toml resulted in no matches
INFO - [♥] Applied 176 patches to 'functions/UI_definitions.lua'
WARN - [♥] Pattern 'ease_to = G.GAME.chips + math.floor(hand_chips * mult) * (e and e.antiscore and -1 or 1),' on target 'functions/state_events.lua' for pattern patch from Cryptid\lovely\blind.toml resulted in no matches
WARN - [♥] Pattern 'if reps[j] ~= 1 then' on target 'functions/state_events.lua' for pattern patch from Cryptid\lovely\misc.toml resulted in no matches
WARN - [♥] Pattern 'if effects[ii].card then' on target 'functions/state_events.lua' for pattern patch from HandyBalatro\lovely\controls_animation_skip.toml resulted in no matches
WARN - [♥] Pattern 'if G.GAME.round_resets.blind == G.P_BLINDS.bl_small then\n  G.GAME.round_resets.blind_states.Small = \'Defeated\' ' on target 'functions/state_events.lua' for pattern patch from MoreFluff\lovely\superboss.toml resulted in no matches
WARN - [♥] Pattern 'if G.GAME.round_resets.ante == G.GAME.win_ante and G.GAME.blind:get_type() == \'Boss\' then\n  game_won = true\n  G.GAME.won = true\nend' on target 'functions/state_events.lua' for pattern patch from MoreFluff\lovely\superboss.toml resulted in no matches
WARN - [♥] Pattern 'G.FUNCS.draw_from_hand_to_discard()\nif G.GAME.blind:get_type() == \'Boss\' then' on target 'functions/state_events.lua' for pattern patch from MoreFluff\lovely\superboss.toml resulted in no matches
WARN - [♥] Pattern 'if effects[ii].card then' on target 'functions/state_events.lua' for pattern patch from Talisman\lovely.toml resulted in no matches
WARN - [♥] Pattern 'if effects.jokers.Xmult_mod then mult = mod_mult(mult*effects.jokers.Xmult_mod);extras.mult = true  end' on target 'functions/state_events.lua' for pattern patch from Talisman\lovely.toml resulted in no matches
WARN - [♥] Pattern 'if effect.Xmult_mod then mult = mod_mult(mult*effect.Xmult_mod);extras.mult = true  end' on target 'functions/state_events.lua' for pattern patch from Talisman\lovely.toml resulted in no matches
WARN - [♥] Pattern 'if effects[ii].message then' on target 'functions/state_events.lua' for pattern patch from Talisman\lovely.toml resulted in no matches
WARN - [♥] Pattern '--calculate the card edition effects' on target 'functions/state_events.lua' for pattern patch from Talisman\lovely.toml resulted in no matches
WARN - [♥] Pattern 'if effects[ii].edition.p_dollars_mod then' on target 'functions/state_events.lua' for pattern patch from Talisman\lovely.toml resulted in no matches
WARN - [♥] Pattern 'if edition_effects.jokers.x_mult_mod then' on target 'functions/state_events.lua' for pattern patch from Talisman\lovely.toml resulted in no matches
WARN - [♥] Pattern '\tfunc = (function() G.GAME.current_round.current_hand.handname = \'\';return true end)\n}))\ndelay(0.3)\n' on target 'functions/state_events.lua' for pattern patch from Talisman\lovely.toml resulted in no matches
WARN - [♥] Pattern 'if to_big(G.GAME.dollars) >= to_big(5) and not G.GAME.modifiers.no_interest then\n   add_round_eval_row({bonus = true, name=\'interest\', pitch = pitch, dollars = G.GAME.interest_amount*math.min(math.floor(G.GAME.dollars/5), G.GAME.interest_cap/5)})\n   pitch = pitch + 0.06\n   if (not G.GAME.seeded and not G.GAME.challenge) or SMODS.config.seeded_unlocks then\n       if G.GAME.interest_amount*math.min(math.floor(G.GAME.dollars/5), G.GAME.interest_cap/5) == G.GAME.interest_amount*G.GAME.interest_cap/5 then \n           G.PROFILES[G.SETTINGS.profile].career_stats.c_round_interest_cap_streak = G.PROFILES[G.SETTINGS.profile].career_stats.c_round_interest_cap_streak + 1\n       else\n           G.PROFILES[G.SETTINGS.profile].career_stats.c_round_interest_cap_streak = 0\n       end\n   end\n   check_for_unlock({type = \'interest_streak\'})\n   dollars = dollars + G.GAME.interest_amount*math.min(math.floor(G.GAME.dollars/5), G.GAME.interest_cap/5)\n' on target 'functions/state_events.lua' for pattern patch from Yggdrasil\lovely\skills.toml resulted in no matches
WARN - [♥] Pattern 'if SMODS.has_enhancement(scoring_hand[i], \'m_glass\') and scoring_hand[i]:can_calculate() and pseudorandom(\'glass\') < G.GAME.probabilities.normal/(scoring_hand[i].ability.name == \'Glass Card\' and scoring_hand[i].ability.extra or G.P_CENTERS.m_glass.config.extra) then' on target 'functions/state_events.lua' for pattern patch from Cryptid\lovely\Probability.toml resulted in no matches
WARN - [♥] Regex '(?<indent>[\\t ]*)if destroyed then \\n' on target 'functions/state_events.lua' for regex patch from Cryptid\lovely\seal.toml resulted in no matches
INFO - [♥] Applied 112 patches to 'functions/state_events.lua'
WARN - [♥] Pattern 'func = (function() if eval_func(card) then if not first or first then card:juice_up(0.1, 0.1) end;juice_card_until(card, eval_func, nil, 0.8) end return true end)' on target 'functions/common_events.lua' for pattern patch from HandyBalatro\lovely\controls_animation_skip.toml resulted in no matches
WARN - [♥] Pattern 'func = (function() if eval_func(card) then if not first or first then card:juice_up(0.1, 0.1) end;juice_card_until(card, eval_func, nil, 0.8) end return true end)' on target 'functions/common_events.lua' for pattern patch from HandyBalatro\lovely\controls_animation_skip.toml resulted in no matches
WARN - [♥] Pattern '   end\n\n    if main_end then \n        desc_nodes[#desc_nodes+1] = main_end \n    end' on target 'functions/common_events.lua' for pattern patch from MoreFluff\lovely\complexitycreep.toml resulted in no matches
WARN - [♥] Pattern 'if num_dollars > 60 then' on target 'functions/common_events.lua' for pattern patch from Talisman\lovely.toml resulted in no matches
WARN - [♥] Pattern 'func = (function() card:juice_up(0.7);return true end)' on target 'functions/common_events.lua' for pattern patch from Talisman\lovely.toml resulted in no matches
WARN - [♥] Pattern 'if card then card:juice_up(0.8, 0.5) end' on target 'functions/common_events.lua' for pattern patch from Talisman\lovely.toml resulted in no matches
WARN - [♥] Pattern 'card:juice_up(0.6, 0.1)' on target 'functions/common_events.lua' for pattern patch from Talisman\lovely.toml resulted in no matches
WARN - [♥] Pattern 'func = (function() if eval_func(card) then if not first or first then card:juice_up(0.1, 0.1) end;juice_card_until(card, eval_func, nil, 0.8) end return true end)' on target 'functions/common_events.lua' for pattern patch from Talisman\lovely.toml resulted in no matches
WARN - [♥] Pattern 'func = (function() if eval_func(card) then if not first or first then card:juice_up(0.1, 0.1) end;juice_card_until(card, eval_func, nil, 0.8) end return true end)' on target 'functions/common_events.lua' for pattern patch from Talisman\lovely.toml resulted in no matches
WARN - [♥] Pattern 'elseif v.boss.showdown and (G.GAME.round_resets.ante)%G.GAME.win_ante == 0 and G.GAME.round_resets.ante >= 2 then\n' on target 'functions/common_events.lua' for pattern patch from Yggdrasil\lovely\skills.toml resulted in no matches
WARN - [♥] Pattern 'elseif _c.effect == \'Glass Card\' then loc_vars = {cfg.Xmult, G.GAME.probabilities.normal, cfg.extra}' on target 'functions/common_events.lua' for pattern patch from Cryptid\lovely\Probability.toml resulted in no matches
WARN - [♥] Pattern 'elseif _c.name == \"The Wheel of Fortune\" then loc_vars = {G.GAME.probabilities.normal, cfg.extra};  info_queue[#info_queue+1] = G.P_CENTERS.e_foil; info_queue[#info_queue+1] = G.P_CENTERS.e_holo; info_queue[#info_queue+1] = G.P_CENTERS.e_polychrome;' on target 'functions/common_events.lua' for pattern patch from Cryptid\lovely\Probability.toml resulted in no matches
INFO - [♥] Applied 222 patches to 'functions/common_events.lua'
WARN - [♥] Pattern 'if ((G.GAME.dollars-G.GAME.bankrupt_at) - 10 >= 0) and' on target 'functions/button_callbacks.lua' for pattern patch from Talisman\lovely.toml resulted in no matches
WARN - [♥] Pattern 'if #G.hand.highlighted <= 0 or G.GAME.blind.block_play or #G.hand.highlighted > 5 then' on target 'functions/button_callbacks.lua' for pattern patch from CardSleeves\lovely\expected_to_fail.toml resulted in no matches
INFO - [♥] Applied 104 patches to 'functions/button_callbacks.lua'
WARN - [♥] Pattern 'if self.ability.name == \'Ectoplasm\' or self.ability.name == \'Hex\' or pseudorandom(\'wheel_of_fortune\') < G.GAME.probabilities.normal/self.ability.extra then' on target 'card.lua' for pattern patch from Cryptid\lovely\misc.toml resulted in no matches
WARN - [♥] Pattern 'if self.ability.rental then self.cost = 1 end' on target 'card.lua' for pattern patch from MoreFluff\lovely\superboss.toml resulted in no matches
WARN - [♥] Pattern 'return self.ability.x_mult' on target 'card.lua' for pattern patch from Cryptid-MoreMarioJokers\lovely.toml resulted in no matches
WARN - [♥] Pattern 'if self.ability.x_mult <= 1 then return 0 end' on target 'card.lua' for pattern patch from Cryptid-MoreMarioJokers\lovely.toml resulted in no matches
WARN - [♥] Pattern 'Xmult_mod = G.P_CENTERS.v_observatory.config.extra' on target 'card.lua' for pattern patch from Incantation\lovely.toml resulted in no matches
WARN - [♥] Pattern 'G.E_MANAGER:add_event(Event({func = (function() G.GAME.dollar_buffer = 0; return true end)}))' on target 'card.lua' for pattern patch from Talisman\lovely.toml resulted in no matches
WARN - [♥] Pattern 'if G.GAME.blind then G.E_MANAGER:add_event(Event({ func = function() G.GAME.blind:set_blind(nil, true, nil); return true end })) end' on target 'card.lua' for pattern patch from Talisman\lovely.toml resulted in no matches
WARN - [♥] Pattern 'x_mult = center.config.Xmult or 1,' on target 'card.lua' for pattern patch from Talisman\lovely.toml resulted in no matches
WARN - [♥] Pattern '        if pseudorandom(\'lucky_mult\') < G.GAME.probabilities.normal/5 then\n            self.lucky_trigger = true\n            ret = ret + self.ability.mult\n' on target 'card.lua' for pattern patch from Yggdrasil\lovely\skills.toml resulted in no matches
WARN - [♥] Pattern '            if pseudorandom(\'lucky_money\') < G.GAME.probabilities.normal/15 then\n                self.lucky_trigger = true\n                ret = ret +  self.ability.p_dollars\n' on target 'card.lua' for pattern patch from Yggdrasil\lovely\skills.toml resulted in no matches
WARN - [♥] Pattern '            local rightmost = G.hand.highlighted[1]\n            for i=1, #G.hand.highlighted do if G.hand.highlighted[i].T.x > rightmost.T.x then rightmost = G.hand.highlighted[i] end end\n            for i=1, #G.hand.highlighted do\n                G.E_MANAGER:add_event(Event({trigger = \'after\',delay = 0.1,func = function()\n                    if G.hand.highlighted[i] ~= rightmost then\n                        copy_card(rightmost, G.hand.highlighted[i])\n                    end\n                    return true end }))\n            end  \n' on target 'card.lua' for pattern patch from Yggdrasil\lovely\skills.toml resulted in no matches
WARN - [♥] Pattern '    elseif self.seal == \'Gold\' then\n        ret = ret +  3\n' on target 'card.lua' for pattern patch from Yggdrasil\lovely\skills.toml resulted in no matches
WARN - [♥] Pattern 'if self.ability.name == \'Aura\' then \n            if G.hand and (#G.hand.highlighted == 1) and G.hand.highlighted[1] and (not G.hand.highlighted[1].edition) then return true end\n' on target 'card.lua' for pattern patch from Yggdrasil\lovely\skills.toml resulted in no matches
WARN - [♥] Pattern 'local deletable_jokers = {}\nfor k, v in pairs(G.jokers.cards) do\n   if not v.ability.eternal then deletable_jokers[#deletable_jokers + 1] = v end\nend\nlocal chosen_joker = pseudorandom_element(G.jokers.cards, pseudoseed(\'ankh_choice\'))\nlocal _first_dissolve = nil\nG.E_MANAGER:add_event(Event({trigger = \'before\', delay = 0.75, func = function()\n   for k, v in pairs(deletable_jokers) do\n       if v ~= chosen_joker then \n           v:start_dissolve(nil, _first_dissolve)\n           _first_dissolve = true\n       end\n   end\nreturn true end }))\nG.E_MANAGER:add_event(Event({trigger = \'before\', delay = 0.4, func = function()\n   local card = copy_card(chosen_joker, nil, nil, nil, chosen_joker.edition and chosen_joker.edition.negative)\n   card:start_materialize()\n   card:add_to_deck()\n   if card.edition and card.edition.negative then\n       card:set_edition(nil, true)\n   end\n   G.jokers:emplace(card)\nreturn true end }))\n' on target 'card.lua' for pattern patch from Yggdrasil\lovely\skills.toml resulted in no matches
WARN - [♥] Pattern 'if self.ability.name == \'Hex\' then \n    local _first_dissolve = nil\n    for k, v in pairs(G.jokers.cards) do\n        if v ~= eligible_card and (not v.ability.eternal) then v:start_dissolve(nil, _first_dissolve);_first_dissolve = true end\n    end\nend\n' on target 'card.lua' for pattern patch from Yggdrasil\lovely\skills.toml resulted in no matches
WARN - [♥] Pattern 'if pseudorandom(\'lucky_money\') < G.GAME.probabilities.normal/15 then' on target 'card.lua' for pattern patch from Cryptid\lovely\Probability.toml resulted in no matches
WARN - [♥] Pattern 'if pseudorandom(\'lucky_mult\') < G.GAME.probabilities.normal/5 then' on target 'card.lua' for pattern patch from Cryptid\lovely\Probability.toml resulted in no matches
WARN - [♥] Pattern 'if self.ability.name == \'Ectoplasm\' or self.ability.name == \'Hex\' or pseudorandom(\'wheel_of_fortune\') < G.GAME.probabilities.normal/self.ability.extra then' on target 'card.lua' for pattern patch from Cryptid\lovely\Probability.toml resulted in no matches
WARN - [♥] Pattern 'elseif self.ability.name == \'Space Joker\' then loc_vars = {\'\'..(G.GAME and G.GAME.probabilities.normal or 1), self.ability.extra}' on target 'card.lua' for pattern patch from Cryptid\lovely\Probability.toml resulted in no matches
WARN - [♥] Pattern 'if self.ability.name == \'Space Joker\' and pseudorandom(\'space\') < G.GAME.probabilities.normal/self.ability.extra then' on target 'card.lua' for pattern patch from Cryptid\lovely\Probability.toml resulted in no matches
WARN - [♥] Pattern 'elseif self.ability.name == \'8 Ball\' then loc_vars = {\'\'..(G.GAME and G.GAME.probabilities.normal or 1),self.ability.extra}' on target 'card.lua' for pattern patch from Cryptid\lovely\Probability.toml resulted in no matches
WARN - [♥] Pattern 'if (context.other_card:get_id() == 8) and (pseudorandom(\'8ball\') < G.GAME.probabilities.normal/self.ability.extra) then' on target 'card.lua' for pattern patch from Cryptid\lovely\Probability.toml resulted in no matches
WARN - [♥] Pattern 'elseif self.ability.name == \'Business Card\' then loc_vars = {\'\'..(G.GAME and G.GAME.probabilities.normal or 1), self.ability.extra}' on target 'card.lua' for pattern patch from Cryptid\lovely\Probability.toml resulted in no matches
WARN - [♥] Pattern 'pseudorandom(\'business\') < G.GAME.probabilities.normal/self.ability.extra then' on target 'card.lua' for pattern patch from Cryptid\lovely\Probability.toml resulted in no matches
WARN - [♥] Pattern 'elseif self.ability.name == \'Gros Michel\' then loc_vars = {self.ability.extra.mult, \'\'..(G.GAME and G.GAME.probabilities.normal or 1), self.ability.extra.odds}' on target 'card.lua' for pattern patch from Cryptid\lovely\Probability.toml resulted in no matches
WARN - [♥] Pattern 'elseif self.ability.name == \'Cavendish\' then loc_vars = {self.ability.extra.Xmult, \'\'..(G.GAME and G.GAME.probabilities.normal or 1), self.ability.extra.odds}' on target 'card.lua' for pattern patch from Cryptid\lovely\Probability.toml resulted in no matches
WARN - [♥] Pattern 'if pseudorandom(self.ability.name == \'Cavendish\' and \'cavendish\' or \'gros_michel\') < G.GAME.probabilities.normal/self.ability.extra.odds then' on target 'card.lua' for pattern patch from Cryptid\lovely\Probability.toml resulted in no matches
WARN - [♥] Pattern 'elseif self.ability.name == \'Bloodstone\' then loc_vars = {\'\'..(G.GAME and G.GAME.probabilities.normal or 1), self.ability.extra.odds, self.ability.extra.Xmult}' on target 'card.lua' for pattern patch from Cryptid\lovely\Probability.toml resulted in no matches
WARN - [♥] Pattern 'pseudorandom(\'bloodstone\') < G.GAME.probabilities.normal/self.ability.extra.odds then' on target 'card.lua' for pattern patch from Cryptid\lovely\Probability.toml resulted in no matches
WARN - [♥] Pattern 'elseif self.ability.name == \'Reserved Parking\' then loc_vars = {self.ability.extra.dollars, \'\'..(G.GAME and G.GAME.probabilities.normal or 1), self.ability.extra.odds}' on target 'card.lua' for pattern patch from Cryptid\lovely\Probability.toml resulted in no matches
WARN - [♥] Pattern 'pseudorandom(\'parking\') < G.GAME.probabilities.normal/self.ability.extra.odds then' on target 'card.lua' for pattern patch from Cryptid\lovely\Probability.toml resulted in no matches
WARN - [♥] Pattern 'elseif self.ability.name == \'Hallucination\' then loc_vars = {G.GAME.probabilities.normal, self.ability.extra}' on target 'card.lua' for pattern patch from Cryptid\lovely\Probability.toml resulted in no matches
WARN - [♥] Pattern 'if pseudorandom(\'halu\'..G.GAME.round_resets.ante) < G.GAME.probabilities.normal/self.ability.extra then' on target 'card.lua' for pattern patch from Cryptid\lovely\Probability.toml resulted in no matches
WARN - [♥] Pattern 'local currentBack = self.params.viewed_back and G.GAME.viewed_back or G.GAME.selected_back' on target 'card.lua' for pattern patch from Galdur\lovely.toml resulted in no matches
WARN - [♥] Regex 'self.params.viewed_back and G.GAME.viewed_back or G.GAME.selected_back' on target 'card.lua' for regex patch from CardSleeves\lovely\expected_to_fail.toml resulted in no matches
INFO - [♥] Applied 312 patches to 'card.lua'
INFO - [♥] Applied 36 patches to 'cardarea.lua'
INFO - [♥] Applied 46 patches to 'blind.lua'
INFO - [♥] Applied 2 patches to 'card_character.lua'
WARN - [♥] Pattern 'if self.strings[k].W > self.config.W then' on target 'engine/text.lua' for pattern patch from Talisman\lovely.toml resulted in no matches
WARN - [♥] Pattern 'local letter = self.strings[self.focused_string].letters[k]' on target 'engine/text.lua' for pattern patch from Talisman\lovely.toml resulted in no matches
INFO - [♥] Applied 6 patches to 'engine/text.lua'
WARN - [♥] Pattern 'if eff.retrigger_flag then SMODS.calculate_effect(eff, eff.card); j = j+1; _, eff = next(reps[j]) end' on target '=[SMODS _ "src/utils.lua"]' for pattern patch from Cryptid\lovely\misc.toml resulted in no matches
INFO - [♥] Applied 18 patches to '=[SMODS _ "src/utils.lua"]'
WARN - [♥] Pattern '    for _, v in ipairs(G.handlist) do\n\t\tif G.GAME.hands[v].visible then\n\t\t\ttable.insert(visible_hands, v)\n\t\tend\n\tend\n' on target '=[SMODS _ "src/overrides.lua"]' for pattern patch from Overflow\lovely\fixes.toml resulted in no matches
WARN - [♥] Pattern 'for _, v in ipairs(G.handlist) do
WARN - [♥] ' on target '=[SMODS _ "src/overrides.lua"]' for pattern patch from Overflow\lovely\fixes.toml resulted in 5 matches, wanted 4
WARN - [♥] Ignoring excess matches
WARN - [♥] Pattern 'card_limit = #SUITS[suit_map[j]],' on target '=[SMODS _ "src/overrides.lua"]' for pattern patch from Cartomancer\lovely\stackable-deck-steamodded.toml resulted in no matches
WARN - [♥] Pattern 'card_limit = #SUITS[visible_suit[j]],' on target '=[SMODS _ "src/overrides.lua"]' for pattern patch from Cartomancer\lovely\stackable-deck-steamodded.toml resulted in no matches
WARN - [♥] Regex '\t\t\tfor i = 1\\, \\#SUITS\\[suit_map\\[j\\]\\] do\n\t\t\t\tif SUITS\\[suit_map\\[j\\]\\]\\[i\\] then\n\t\t\t\t\tlocal greyed\\, _scale = nil\\, 0\\.7\n\t\t\t\t\tif unplayed_only and not \\(\\(SUITS\\[suit_map\\[j\\]\\]\\[i\\]\\.area and SUITS\\[suit_map\\[j\\]\\]\\[i\\]\\.area == G\\.deck\\) or SUITS\\[suit_map\\[j\\]\\]\\[i\\]\\.ability\\.wheel_flipped\\) then\n\t\t\t\t\t\tgreyed = true\n\t\t\t\t\tend\n\t\t\t\t\tlocal copy = copy_card\\(SUITS\\[suit_map\\[j\\]\\]\\[i\\]\\, nil\\, _scale[^\\)\\n]*\\)\n\t\t\t\t\tcopy\\.greyed = greyed\n\t\t\t\t\tcopy\\.T\\.x = view_deck\\.T\\.x \\+ view_deck\\.T\\.w \\/ 2\n\t\t\t\t\tcopy\\.T\\.y = view_deck\\.T\\.y\n\n\t\t\t\t\tcopy:hard_set_T\\(\\)\n\t\t\t\t\tview_deck:emplace\\(copy\\)\n\t\t\t\tend\n\t\t\tend' on target '=[SMODS _ "src/overrides.lua"]' for regex patch from Cartomancer\lovely\stackable-deck-steamodded.toml resulted in no matches
INFO - [♥] Applied 15 patches to '=[SMODS _ "src/overrides.lua"]'
WARN - [♥] Pattern 'if specific_vars and specific_vars.debuffed and not res.replace_debuff then\n    target = { type = \'other\', key = \'debuffed_\' ..\n    (specific_vars.playing_card and \'playing_card\' or \'default\'), nodes = desc_nodes, AUT = full_UI_table, }\nend\nif res.main_start then\n    desc_nodes[#desc_nodes + 1] = res.main_start\nend\nlocalize(target)\nif res.main_end then\n    desc_nodes[#desc_nodes + 1] = res.main_end\nend\n' on target '=[SMODS _ "src/game_object.lua"]' for pattern patch from Yggdrasil\lovely\loot_system_api.toml resulted in no matches
INFO - [♥] Applied 9 patches to '=[SMODS _ "src/game_object.lua"]'
INFO - [G] Failed to connect to the debug server 
INFO - [G] 2025-07-27 20:57:28 :: DEBUG :: DebugConsole :: Steamodded Debug Socket started ! 
INFO - [G] 2025-07-27 20:57:28 :: INFO  :: SMODS :: Steamodded v1.0.0~BETA-0711a 
INFO - [G] Order not set for config dictionary: misc_quick_restart 
INFO - [G] Order not set for config dictionary: speed_multiplier_default_value 
INFO - [G] Order not set for config dictionary: misc_save_run 
INFO - [G] Order not set for config dictionary: animation_skip_default_value 
INFO - [G] [Blueprint] Starting to load config 
INFO - [G] [Blueprint] Reading config file:  
INFO - [G] [Blueprint] return {
	["INTERNAL_debug"] = false,
	["hello"] = true,
	["brainstorm"] = true,
	["blueprint"] = true,
} 
INFO - [G] [Blueprint] Removing setting `hello` because it is not in default config 
INFO - [♥] Applied 9 patches to 'engine/sound_manager.lua'
INFO - [♥] Applied 3 patches to 'engine/save_manager.lua'
INFO - [♥] Applied 2 patches to 'engine/string_packer.lua'
INFO - [G] Loaded all Blueprint mod shaders successfully 
INFO - [♥] Applied 4 patches to '=[SMODS _ "src/card_draw.lua"]'
INFO - [G] 2025-07-27 20:57:34 :: TRACE :: Loader :: Processing Mod file (Legacy header): Aurinko.lua 
INFO - [G] 2025-07-27 20:57:34 :: TRACE :: Loader :: Saving Mod Info: aurinko 
INFO - [G] 2025-07-27 20:57:34 :: TRACE :: Loader :: Processing Mod file (Legacy header): BetterMouseAndGamepad.lua 
INFO - [G] 2025-07-27 20:57:34 :: TRACE :: Loader :: Saving Mod Info: BetterMouseAndGamepad 
INFO - [G] 2025-07-27 20:57:34 :: INFO  :: Loader :: Valid JSON file found 
INFO - [G] 2025-07-27 20:57:34 :: TRACE :: Loader :: Processing Mod file (Legacy header): steamodded_compat.lua 
INFO - [G] 2025-07-27 20:57:34 :: TRACE :: Loader :: Saving Mod Info: Brainstorm 
INFO - [G] 2025-07-27 20:57:34 :: INFO  :: Loader :: Valid JSON file found 
INFO - [G] 2025-07-27 20:57:34 :: TRACE :: Loader :: Processing Mod file (Legacy header): mod.lua 
INFO - [G] 2025-07-27 20:57:34 :: TRACE :: Loader :: Saving Mod Info: cartomancer 
INFO - [G] 2025-07-27 20:57:34 :: INFO  :: Loader :: Valid JSON file found 
INFO - [G] 2025-07-27 20:57:39 :: INFO  :: Loader :: Valid JSON file found 
INFO - [G] 2025-07-27 20:57:40 :: INFO  :: Loader :: Valid JSON file found 
INFO - [G] 2025-07-27 20:57:40 :: INFO  :: Loader :: Valid JSON file found 
INFO - [G] 2025-07-27 20:57:40 :: INFO  :: Loader :: Valid JSON file found 
INFO - [G] 2025-07-27 20:57:40 :: INFO  :: Loader :: Valid JSON file found 
INFO - [G] 2025-07-27 20:57:40 :: INFO  :: Loader :: Valid JSON file found 
INFO - [G] 2025-07-27 20:57:40 :: INFO  :: Loader :: Valid JSON file found 
INFO - [G] 2025-07-27 20:57:40 :: TRACE :: Loader :: Processing Mod file (Legacy header): steamodded.lua 
INFO - [G] 2025-07-27 20:57:40 :: WARN  :: Loader :: Duplicate Mod ID: Handy 
INFO - [G] 2025-07-27 20:57:40 :: INFO  :: Loader :: Valid JSON file found 
INFO - [G] 2025-07-27 20:57:40 :: INFO  :: Loader :: Valid JSON file found 
INFO - [G] 2025-07-27 20:57:40 :: TRACE :: Loader :: Processing Mod file (Legacy header): JenLib.lua 
INFO - [G] 2025-07-27 20:57:40 :: TRACE :: Loader :: Saving Mod Info: JenLib 
INFO - [G] 2025-07-27 20:57:40 :: INFO  :: Loader :: Valid JSON file found 
INFO - [G] 2025-07-27 20:57:41 :: TRACE :: Loader :: Processing Mod file (Legacy header): LocalPoolFix.lua 
INFO - [G] 2025-07-27 20:57:41 :: TRACE :: Loader :: Saving Mod Info: jen_localpoolfix 
INFO - [G] 2025-07-27 20:57:41 :: TRACE :: Loader :: Processing Mod file (Legacy header): Loop.lua 
INFO - [G] 2025-07-27 20:57:41 :: TRACE :: Loader :: Saving Mod Info: loop 
INFO - [G] 2025-07-27 20:57:41 :: INFO  :: Loader :: Valid JSON file found 
INFO - [G] 2025-07-27 20:57:44 :: TRACE :: Loader :: Processing Mod file (Legacy header): MoreJokerPacks.lua 
INFO - [G] 2025-07-27 20:57:44 :: TRACE :: Loader :: Saving Mod Info: MoreJokerPacks 
INFO - [G] 2025-07-27 20:57:44 :: TRACE :: Loader :: Processing Mod file (Legacy header): Nopeus.lua 
INFO - [G] 2025-07-27 20:57:44 :: TRACE :: Loader :: Saving Mod Info: nopeus 
INFO - [G] 2025-07-27 20:57:44 :: TRACE :: Loader :: Processing Mod file (Legacy header): main.lua 
INFO - [G] 2025-07-27 20:57:44 :: TRACE :: Loader :: Saving Mod Info: NotJustYet 
INFO - [G] 2025-07-27 20:57:44 :: INFO  :: Loader :: Valid JSON file found 
INFO - [G] 2025-07-27 20:57:44 :: TRACE :: Loader :: Processing Mod file (Legacy header): PreorderCards.lua 
INFO - [G] 2025-07-27 20:57:44 :: TRACE :: Loader :: Saving Mod Info: preorder_cards 
INFO - [G] 2025-07-27 20:57:44 :: INFO  :: Loader :: Valid JSON file found 
INFO - [G] 2025-07-27 20:57:45 :: ERROR :: Loader :: Found invalid metadata JSON file at C:\Users\easto\AppData\Roaming\Balatro\Mods/StickyFingers/.vscode/settings.json, ignoring: [SMODS _ "src/loader.lua"]:226: id 
INFO - [G] 2025-07-27 20:57:45 :: INFO  :: Loader :: Valid JSON file found 
INFO - [G] 2025-07-27 20:57:45 :: INFO  :: Loader :: Valid JSON file found 
INFO - [G] 2025-07-27 20:57:45 :: TRACE :: Loader :: Processing Mod file (Legacy header): steamodded_metadata.lua 
INFO - [G] 2025-07-27 20:57:45 :: TRACE :: Loader :: Saving Mod Info: Talisman 
INFO - [G] 2025-07-27 20:57:45 :: TRACE :: Loader :: Processing Mod file (Legacy header): IOSAdaptation.lua 
INFO - [G] 2025-07-27 20:57:45 :: TRACE :: Loader :: Saving Mod Info: IOSAdaptation 
INFO - [G] 2025-07-27 20:57:45 :: TRACE :: Loader :: Processing Mod file (Legacy header): UltraHand.lua 
INFO - [G] 2025-07-27 20:57:45 :: TRACE :: Loader :: Saving Mod Info: UltraHand 
INFO - [G] 2025-07-27 20:57:46 :: INFO  :: Loader :: Valid JSON file found 
INFO - [G] 2025-07-27 20:57:46 :: TRACE :: Loader :: Processing Mod file (Legacy header): multipack.lua 
INFO - [G] 2025-07-27 20:57:46 :: TRACE :: Loader :: Saving Mod Info: Multipack 
WARN - [♥] Pattern 'if JokerDisplay.config.enabled and G.jokers and self.area == G.jokers then' on target '=[SMODS JokerDisplay "src/display_functions.lua"]' for pattern patch from MoreFluff\lovely\colour_joker_display.toml resulted in no matches
INFO - [♥] Applied 2 patches to '=[SMODS JokerDisplay "src/display_functions.lua"]'
INFO - [♥] Applied 1 patch to '=[SMODS JokerDisplay "src/config_tab.lua"]'
INFO - [G] 2025-07-27 20:57:46 :: INFO  :: CardSleeves :: CardSleeves v1.8.0 loaded~! 
INFO - [G] 2025-07-27 20:57:46 :: DEBUG :: DefaultLogger :: IOS Adaptation! 
INFO - [G] basepaul_card 
INFO - [G] blahaj 
INFO - [G] clownfish 
INFO - [G] expansion_pack 
INFO - [G] hollow 
INFO - [G] jackofalltrades 
INFO - [G] jester 
INFO - [G] lollipop 
INFO - [G] luckycharm 
INFO - [G] mspaint 
INFO - [G] philosophical 
INFO - [G] simplified 
INFO - [G] spiral 
INFO - [G] treasuremap 
INFO - [G] unregisteredhypercam 
INFO - [G] dropkick 
INFO - [G] bladedance 
INFO - [G] hyperbeam 
INFO - [G] blasphemy 
INFO - [G] dramaticentrance 
INFO - [G] badlegaldefence 
INFO - [G] blunder 
INFO - [G] brilliant 
INFO - [G] broomcloset 
INFO - [G] clipart 
INFO - [G] coupon_catalogue 
INFO - [G] css 
INFO - [G] cueball 
INFO - [G] flintandsteel 
INFO - [G] gemstonejoker 
INFO - [G] globe 
INFO - [G] goldencarrot 
INFO - [G] hallofmirrors 
INFO - [G] impostor 
INFO - [G] farmmerge 
INFO - [G] friendinsideme 
INFO - [G] junkmail 
INFO - [G] onesliptoolate 
INFO - [G] tonersoup 
INFO - [G] unpleasantcard 
INFO - [G] lightningstrikesthrice 
INFO - [G] loadeddisk 
INFO - [G] missingjoker 
INFO - [G] paintcan 
INFO - [G] rot_cartomancer 
INFO - [G] sapling 
INFO - [G] snake 
INFO - [G] slotmachine 
INFO - [G] stylemeter 
INFO - [G] stonejokerjoker 
INFO - [G] sudoku 
INFO - [G] talljoker 
INFO - [G] teacup 
INFO - [G] tealjoker 
INFO - [G] thewayhome 
INFO - [G] recycling 
INFO - [G] virtual 
INFO - [G] wilddrawfour 
INFO - [G] yuckyrat 
INFO - [G] allicantdo 
INFO - [G] bloodpact 
INFO - [G] bookmove 
INFO - [G] brass 
INFO - [G] bowlingball 
INFO - [G] cba 
INFO - [G] complexitycreep 
INFO - [G] fleshprison 
INFO - [G] hugejoker 
INFO - [G] hyperjimbo 
INFO - [G] jankman 
INFO - [G] mashupalbum 
INFO - [G] pixeljoker 
INFO - [G] rainbowjoker 
INFO - [G] rosetinted 
INFO - [G] the_solo 
INFO - [G] top10 
INFO - [G] widejoker 
INFO - [G] triangle 
INFO - [G] marigold 
INFO - [G] lessfluff 
INFO - [G] oopsallfives 
INFO - [G] 2025-07-27 20:57:47 :: WARN  :: Atlas :: Detected duplicate register call on object njy_modicon 
INFO - [G] 2025-07-27 20:57:47 :: WARN  :: Atlas :: Detected duplicate register call on object ExtraCredit_modicon 
INFO - [G] 2025-07-27 20:57:47 :: WARN  :: Atlas :: Detected duplicate register call on object ExtraCredit_ECjokers 
INFO - [G] 2025-07-27 20:57:47 :: WARN  :: Atlas :: Detected duplicate register call on object ExtraCredit_ECother 
INFO - [G] 2025-07-27 20:57:47 :: WARN  :: Atlas :: Detected duplicate register call on object ovrf_modicon 
INFO - [G] [CRYPTID] Loading library file ascended.lua 
INFO - [G] [CRYPTID] Loading library file calculate.lua 
INFO - [G] [CRYPTID] Loading library file content.lua 
INFO - [G] [CRYPTID] Loading library file cross-mod.lua 
INFO - [G] Table:
colour: Table:
  1: 0.65490196078431
  2: 0.50980392156863
  3: 0.81960784313725
  4: 1

voucher_key: v_cry_tacclimator
localization_key: b_tarot_rate
ref_value: tarot
 
INFO - [G] Table:
colour: Table:
  1: 0.074509803921569
  2: 0.68627450980392
  3: 0.8078431372549
  4: 1

voucher_key: v_cry_pacclimator
localization_key: b_planet_rate
ref_value: planet
 
INFO - [G] [CRYPTID] Loading library file d20.lua 
INFO - [G] [CRYPTID] Loading library file event.lua 
INFO - [G] [CRYPTID] Loading library file forcetrigger.lua 
INFO - [G] [CRYPTID] Loading library file gameset.lua 
INFO - [G] [CRYPTID] Loading library file https.lua 
INFO - [G] 2025-07-27 20:57:47 :: DEBUG :: SMODS.https :: Using https module backend 
INFO - [G] [CRYPTID] Loading library file misc.lua 
INFO - [G] [CRYPTID] Loading library file misprintize.lua 
INFO - [G] [CRYPTID] Loading library file modifiers.lua 
INFO - [G] 2025-07-27 20:57:47 :: WARN  :: Sticker :: Detected duplicate register call on object perishable 
INFO - [G] 2025-07-27 20:57:47 :: WARN  :: Sticker :: Detected duplicate register call on object pinned 
INFO - [G] 2025-07-27 20:57:47 :: WARN  :: Sticker :: Detected duplicate register call on object eternal 
INFO - [G] 2025-07-27 20:57:47 :: WARN  :: Sticker :: Detected duplicate register call on object rental 
INFO - [G] [CRYPTID] Loading library file notifications.lua 
INFO - [G] [CRYPTID] Loading library file overrides.lua 
INFO - [G] [CRYPTID] Loading library file pointerlib.lua 
INFO - [G] [CRYPTID] Loading library file ui.lua 
INFO - [G] [CRYPTID] Loading file achievement.lua 
INFO - [G] [CRYPTID] Loading file blind.lua 
INFO - [G] [CRYPTID] Loading file challenge.lua 
INFO - [G] [CRYPTID] Loading file code.lua 
INFO - [♥] Applied 1 patch to '=[SMODS Cryptid "items/code.lua"]'
INFO - [G] [CRYPTID] Loading file deck.lua 
INFO - [G] [CRYPTID] Loading file enhanced.lua 
INFO - [G] [CRYPTID] Loading file epic.lua 
INFO - [G] [CRYPTID] Loading file exotic.lua 
INFO - [G] [CRYPTID] Loading file joker_display.lua 
INFO - [G] [CRYPTID] Loading file m.lua 
INFO - [G] [CRYPTID] Loading file misc.lua 
INFO - [G] [CRYPTID] Loading file misc_joker.lua 
INFO - [G] [CRYPTID] Loading file planet.lua 
INFO - [G] [CRYPTID] Loading file pointer.lua 
INFO - [G] [CRYPTID] Loading file sleeve.lua 
INFO - [G] [CRYPTID] Loading file spectral.lua 
INFO - [G] [CRYPTID] Loading file spooky.lua 
INFO - [G] [CRYPTID] Loading file stake.lua 
INFO - [G] [CRYPTID] Loading file tag.lua 
INFO - [G] [CRYPTID] Loading file test.lua 
INFO - [G] [CRYPTID] Loading file voucher.lua 
INFO - [G] [CRYPTID] Loading Cryptid.lua from sdm0sstuff 
INFO - [G] [CRYPTID] Loading file colours.lua from MoreFluff 
INFO - [G] [CRYPTID] Loading file farmmergecivilisation.lua from MoreFluff 
INFO - [G] 2025-07-27 20:57:47 :: WARN  :: Atlas :: Object cry_effarcire has the same key as an existing object, not registering. 
INFO - [G] 2025-07-27 20:57:47 :: WARN  :: Atlas :: If you want to modify an existing object, use take_ownership() 
INFO - [G] 2025-07-27 20:57:47 :: WARN  :: Atlas :: Object sdm_vouchers has the same key as an existing object, not registering. 
INFO - [G] 2025-07-27 20:57:47 :: WARN  :: Atlas :: If you want to modify an existing object, use take_ownership() 
INFO - [G] 2025-07-27 20:57:47 :: WARN  :: Atlas :: Object sdm_bakery_consumables has the same key as an existing object, not registering. 
INFO - [G] 2025-07-27 20:57:47 :: WARN  :: Atlas :: If you want to modify an existing object, use take_ownership() 
INFO - [G] 2025-07-27 20:57:47 :: WARN  :: Atlas :: Object sdm_bakery_vouchers has the same key as an existing object, not registering. 
INFO - [G] 2025-07-27 20:57:47 :: WARN  :: Atlas :: If you want to modify an existing object, use take_ownership() 
INFO - [G] 2025-07-27 20:57:47 :: TRACE :: Loader :: Mod eramdam.sticky-fingers was unable to load:  
INFO - [G] 2025-07-27 20:57:48 :: WARN  :: Atlas :: Object crp_joker has the same key as an existing object, not registering. 
INFO - [G] 2025-07-27 20:57:48 :: WARN  :: Atlas :: If you want to modify an existing object, use take_ownership() 
INFO - [G] 2025-07-27 20:57:48 :: WARN  :: Atlas :: Object crp_placeholder has the same key as an existing object, not registering. 
INFO - [G] 2025-07-27 20:57:48 :: WARN  :: Atlas :: If you want to modify an existing object, use take_ownership() 
INFO - [G] 2025-07-27 20:57:48 :: WARN  :: Atlas :: Object crp_joker has the same key as an existing object, not registering. 
INFO - [G] 2025-07-27 20:57:48 :: WARN  :: Atlas :: If you want to modify an existing object, use take_ownership() 
INFO - [G] 2025-07-27 20:57:48 :: TRACE :: Loader :: Mod jen was unable to load: Missing Dependencies: 1: nopeus (>=2.2.5)
2: Cryptid (==0.5.5a~dev2)

 
INFO - [♥] Applied 1 patch to '=[SMODS _ "smods-https-thread.lua"]'
INFO - [G] 2025-07-27 20:57:48 :: INFO  :: TIMER :: [0000] Injected Fonts in 0.002 ms 
INFO - [G] 2025-07-27 20:57:48 :: INFO  :: TIMER :: [0000] Injected Language in 0.004 ms 
INFO - [G] 2025-07-27 20:57:48 :: INFO  :: TIMER :: [0000] Injected [INTERNAL] in 3.230 ms 
INFO - [G] 2025-07-27 20:58:05 :: INFO  :: TIMER :: [0121] Injected Atlas in 17142.016 ms 
INFO - [G] 2025-07-27 20:58:10 :: INFO  :: TIMER :: [0058] Injected Sound in 4403.114 ms 
INFO - [G] 2025-07-27 20:58:10 :: INFO  :: TIMER :: [0032] Injected Stake in 2.232 ms 
INFO - [G] 2025-07-27 20:58:10 :: INFO  :: TIMER :: [0034] Injected Rarity in 0.495 ms 
INFO - [G] 2025-07-27 20:58:10 :: INFO  :: TIMER :: [0017] Injected ObjectType in 1.746 ms 
INFO - [G] 2025-07-27 20:58:10 :: INFO  :: TIMER :: [0990] Injected Center in 10.981 ms 
INFO - [G] 2025-07-27 20:58:10 :: INFO  :: TIMER :: [0012] Injected Undiscovered Sprite in 0.310 ms 
INFO - [G] 2025-07-27 20:58:10 :: INFO  :: TIMER :: [0070] Injected Blind in 0.515 ms 
INFO - [G] 2025-07-27 20:58:10 :: INFO  :: TIMER :: [0006] Injected Seal in 0.347 ms 
INFO - [G] 2025-07-27 20:58:10 :: INFO  :: TIMER :: [0004] Injected Suit in 0.148 ms 
INFO - [G] 2025-07-27 20:58:10 :: INFO  :: TIMER :: [0013] Injected Rank in 0.662 ms 
INFO - [G] 2025-07-27 20:58:10 :: INFO  :: TIMER :: [0028] Injected DeckSkin in 0.594 ms 
INFO - [G] 2025-07-27 20:58:10 :: INFO  :: TIMER :: [0020] Injected PokerHand in 0.738 ms 
INFO - [G] 2025-07-27 20:58:10 :: INFO  :: TIMER :: [0039] Injected Challenge in 0.168 ms 
INFO - [G] 2025-07-27 20:58:10 :: INFO  :: TIMER :: [0054] Injected Tag in 0.290 ms 
INFO - [G] 2025-07-27 20:58:10 :: INFO  :: TIMER :: [0011] Injected Sticker in 0.900 ms 
INFO - [G] 2025-07-27 20:58:12 :: INFO  :: TIMER :: [0014] Injected Shader in 2173.511 ms 
INFO - [G] 2025-07-27 20:58:12 :: INFO  :: TIMER :: [0005] Injected Keybind in 0.069 ms 
INFO - [G] 2025-07-27 20:58:12 :: INFO  :: TIMER :: [0029] Injected Achievement in 0.268 ms 
INFO - [G] 2025-07-27 20:58:12 :: INFO  :: TIMER :: [0011] Injected nil in 0.110 ms 
INFO - [G] 2025-07-27 20:58:12 :: INFO  :: TIMER :: [0027] Injected Draw Step in 0.252 ms 
INFO - [G] 2025-07-27 20:58:13 :: INFO  :: TIMER :: [0000] Injected [INTERNAL] in 799.634 ms 
INFO - [G] 2025-07-27 20:58:13 :: INFO  :: TIMER :: [0010] Injected Other in 0.186 ms 
INFO - [G] Warning: Circular dependency with set_cry_misc_joker 
INFO - [G] Warning: Circular dependency with j_cry_pizza_slice 
INFO - [G] Warning: Circular dependency with set_cry_misc_joker 
INFO - [G] Warning: Circular dependency with j_cry_pizza 
INFO - [G] 2025-07-27 20:58:24 :: DEBUG :: SMODS.https(1) :: Using https module backend 
INFO - [G] [DebugPlus] Press [/] to toggle console and press [shift] + [/] to toggle new log previews 
INFO - [♥] Applied 1 patch to '=[SMODS _ "smods-https-thread.lua"]'
INFO - [G] 2025-07-27 20:58:29 :: DEBUG :: SMODS.https(2) :: Using https module backend 
INFO - [♥] Applied 1 patch to '=[SMODS _ "smods-https-thread.lua"]'
INFO - [G] 2025-07-27 20:59:30 :: DEBUG :: SMODS.https(3) :: Using https module backend 
INFO - [♥] Applied 1 patch to '=[SMODS _ "smods-https-thread.lua"]'
INFO - [G] 2025-07-27 21:00:30 :: DEBUG :: SMODS.https(4) :: Using https module backend 
INFO - [♥] Applied 1 patch to '=[SMODS _ "smods-https-thread.lua"]'
INFO - [G] 2025-07-27 21:01:30 :: DEBUG :: SMODS.https(5) :: Using https module backend 
INFO - [♥] Applied 1 patch to '=[SMODS _ "smods-https-thread.lua"]'
INFO - [G] 2025-07-27 21:02:31 :: DEBUG :: SMODS.https(6) :: Using https module backend 
INFO - [♥] Applied 1 patch to '=[SMODS _ "smods-https-thread.lua"]'
INFO - [G] 2025-07-27 21:03:31 :: DEBUG :: SMODS.https(7) :: Using https module backend 
INFO - [♥] Applied 1 patch to '=[SMODS _ "smods-https-thread.lua"]'
INFO - [G] 2025-07-27 21:04:31 :: DEBUG :: SMODS.https(8) :: Using https module backend 
INFO - [♥] Applied 1 patch to '=[SMODS _ "smods-https-thread.lua"]'
INFO - [G] 2025-07-27 21:05:32 :: DEBUG :: SMODS.https(9) :: Using https module backend 
INFO - [♥] Applied 1 patch to '=[SMODS _ "smods-https-thread.lua"]'
INFO - [G] 2025-07-27 21:06:42 :: DEBUG :: SMODS.https(10) :: Using https module backend 
INFO - [♥] Applied 1 patch to '=[SMODS _ "smods-https-thread.lua"]'
INFO - [G] 2025-07-27 21:07:43 :: DEBUG :: SMODS.https(11) :: Using https module backend 
INFO - [♥] Applied 1 patch to '=[SMODS _ "smods-https-thread.lua"]'
INFO - [G] 2025-07-27 21:08:49 :: DEBUG :: SMODS.https(12) :: Using https module backend 
INFO - [G] line not found
INFO - [G] file not found: main.lua: No such file or directory
INFO - [G] file not found: main.lua: No such file or directory
INFO - [G] 2025-07-27 21:09:41 :: ERROR :: StackTrace :: Oops! The game crashed
[SMODS cryptposting "items/joker/rare.lua"]:190: attempt to index global 'context' (a nil value)
Stack Traceback
===============
(1) Lua upvalue 'orig' at file 'main.lua:612'
	Local variables:
	 msg = string: "[SMODS cryptposting \"items/joker/rare.lua\"]:190: attempt to index global 'context' (a nil value)"
	 (*temporary) = Lua function '?' (defined at line 31 of chunk [SMODS _ "src/logging.lua"])
	 (*temporary) = string: "Oops! The game crashed\
"
(2) Lua local 'handler' at file 'debugplus/console.lua:576' (from lovely module debugplus.console)
	Local variables:
	 msg = string: "[SMODS cryptposting \"items/joker/rare.lua\"]:190: attempt to index global 'context' (a nil value)"
(3) LÖVE metamethod at file 'boot.lua:352'
	Local variables:
	 errhand = Lua function '(LÖVE Function)' (defined at line 575 of chunk [lovely debugplus.console "debugplus/console.lua"])
	 handler = Lua function '(LÖVE Function)' (defined at line 575 of chunk [lovely debugplus.console "debugplus/console.lua"])
(4) Lua method 'calculate' at file 'items/joker/rare.lua:190' (from mod with id cryptposting)
	Local variables:
	 (*temporary) = nil
	 (*temporary) = table: 0x34993a58  {added_to_deck:true, area:table: 0x34a6d8e8, click_offset:table: 0x34d90008, children:table: 0x349c1090, ambient_tilt:0.2, parent:table: 0x34a6d8e8 (more...)}
	 (*temporary) = string: "attempt to index global 'context' (a nil value)"
(5) Lua upvalue 'ccj' at file 'card.lua:2930'
	Local variables:
	 self = table: 0x34993a58  {added_to_deck:true, area:table: 0x34a6d8e8, click_offset:table: 0x34d90008, children:table: 0x349c1090, ambient_tilt:0.2, parent:table: 0x34a6d8e8 (more...)}
	 context = table: 0x3975af88  {main_eval:true, buying_card:true, cardarea:table: 0x34a6d8e8, card:table: 0x34993a58}
	 obj = table: 0x34727938  {alerted:true, _saved_d_u:true, original_key:c_big, mod:table: 0x33ba18e8, unlocked:true, _u:true, rarity:3, cost:8, order:231, demicoloncompat:true (more...)}
(6) Lua upvalue 'cj' at file 'main.lua:2865'
	Local variables:
	 self = table: 0x34993a58  {added_to_deck:true, area:table: 0x34a6d8e8, click_offset:table: 0x34d90008, children:table: 0x349c1090, ambient_tilt:0.2, parent:table: 0x34a6d8e8 (more...)}
	 context = table: 0x3975af88  {main_eval:true, buying_card:true, cardarea:table: 0x34a6d8e8, card:table: 0x34993a58}
(7) Lua upvalue 'calculate_ref' at file 'lib/calculate.lua:623' (from mod with id Cryptid)
	Local variables:
	 self = table: 0x34993a58  {added_to_deck:true, area:table: 0x34a6d8e8, click_offset:table: 0x34d90008, children:table: 0x349c1090, ambient_tilt:0.2, parent:table: 0x34a6d8e8 (more...)}
	 context = table: 0x3975af88  {main_eval:true, buying_card:true, cardarea:table: 0x34a6d8e8, card:table: 0x34993a58}
	 active_side = table: 0x34993a58  {added_to_deck:true, area:table: 0x34a6d8e8, click_offset:table: 0x34d90008, children:table: 0x349c1090, ambient_tilt:0.2, parent:table: 0x34a6d8e8 (more...)}
	 ggpn = number: 1
	 orig_ability = table: 0x3974c580  {bonus:0, h_mult:0, h_size:0, perma_x_mult:0, x_mult:1, h_chips:0, hands_played_at_create:10, mult:0, type:, perma_h_mult:0, perma_h_dollars:0 (more...)}
	 in_context_scaling = boolean: false
	 callback = nil
(8) Lua method 'calculate_joker' at file 'items/code.lua:3773' (from mod with id Cryptid)
	Local variables:
	 self = table: 0x34993a58  {added_to_deck:true, area:table: 0x34a6d8e8, click_offset:table: 0x34d90008, children:table: 0x349c1090, ambient_tilt:0.2, parent:table: 0x34a6d8e8 (more...)}
	 context = table: 0x3975af88  {main_eval:true, buying_card:true, cardarea:table: 0x34a6d8e8, card:table: 0x34993a58}
(9) Lua upvalue 'ec' at file 'functions/common_events.lua:806'
	Local variables:
	 card = table: 0x34993a58  {added_to_deck:true, area:table: 0x34a6d8e8, click_offset:table: 0x34d90008, children:table: 0x349c1090, ambient_tilt:0.2, parent:table: 0x34a6d8e8 (more...)}
	 context = table: 0x3975af88  {main_eval:true, buying_card:true, cardarea:table: 0x34a6d8e8, card:table: 0x34993a58}
	 ret = table: 0x377db7e8  {}
	 post_trig = table: 0x377db810  {}
	 areas = table: 0x39760d20  {1:table: 0x3660cd10, 2:table: 0x34a6d8e8, 3:table: 0x34a9a1d0, 4:table: 0x34b90060, 5:table: 0x34485090, 6:table: 0x344863e0}
	 area_set = table: 0x39760d68  {table: 0x3660cd10:true, table: 0x344863e0:true, table: 0x34a9a1d0:true, table: 0x34a6d8e8:true, table: 0x34485090:true, table: 0x34b90060:true (more...)}
(10) Lua global 'eval_card' at file 'lib/calculate.lua:22' (from mod with id Cryptid)
	Local variables:
	 card = table: 0x34993a58  {added_to_deck:true, area:table: 0x34a6d8e8, click_offset:table: 0x34d90008, children:table: 0x349c1090, ambient_tilt:0.2, parent:table: 0x34a6d8e8 (more...)}
	 context = table: 0x3975af88  {main_eval:true, buying_card:true, cardarea:table: 0x34a6d8e8, card:table: 0x34993a58}
	 ggpn = number: 1
(11) Lua field 'calculate_card_areas' at Steamodded file 'src/utils.lua:1722' 
	Local variables:
	 _type = string: "jokers"
	 context = table: 0x3975af88  {main_eval:true, buying_card:true, cardarea:table: 0x34a6d8e8, card:table: 0x34993a58}
	 return_table = nil
	 args = table: 0x3975b078  {joker_area:true}
	 flags = table: 0x3975b0a0  {}
	 (for generator) = C function: builtin#6
	 (for state) = table: 0x377e2748  {1:table: 0x3660cd10, 2:table: 0x34a6d8e8, 3:table: 0x34a9a1d0, 4:table: 0x34b90060, 5:table: 0x34485090, 6:table: 0x344863e0}
	 (for control) = number: 2
	 _ = number: 2
	 area = table: 0x34a6d8e8  {click_offset:table: 0x33aeed18, static_rotation:false, shuffle_amt:0, T:table: 0x34c24778, offset:table: 0x34bc1858, role:table: 0x34bc1830, last_aligned:-1 (more...)}
	 (for generator) = C function: builtin#6
	 (for state) = table: 0x33bbee20  {1:table: 0x3618c7f8, 2:table: 0x3520cc98, 3:table: 0x35eb7ea8, 4:table: 0x35e84ed8, 5:table: 0x385565d0, 6:table: 0x34993a58}
	 (for control) = number: 6
	 _ = number: 6
	 _card = table: 0x34993a58  {added_to_deck:true, area:table: 0x34a6d8e8, click_offset:table: 0x34d90008, children:table: 0x349c1090, ambient_tilt:0.2, parent:table: 0x34a6d8e8 (more...)}
(12) Lua upvalue 'smcc' at Steamodded file 'src/utils.lua:1838' 
	Local variables:
	 context = table: 0x3975af88  {main_eval:true, buying_card:true, cardarea:table: 0x34a6d8e8, card:table: 0x34993a58}
	 return_table = nil
	 no_resolve = nil
	 has_area = nil
	 flags = table: 0x3975afe8  {}
	 (*temporary) = number: 1
(13) Lua field 'calculate_context' at file 'lib/calculate.lua:565' (from mod with id Cryptid)
	Local variables:
	 context = table: 0x3975af88  {main_eval:true, buying_card:true, cardarea:table: 0x34a6d8e8, card:table: 0x34993a58}
	 return_table = nil
(14) Lua field 'func' at file 'functions/button_callbacks.lua:2740'
(15) Lua method 'handle' at file 'engine/event.lua:57'
	Local variables:
	 self = table: 0x3a9d6ee8  {start_timer:true, timer:TOTAL, blockable:true, trigger:after, created_on_pause:false, delay:0.1, complete:false, time:9804.4982414872, blocking:true (more...)}
	 _results = table: 0x34830df8  {blocking:true, pause_skip:false, time_done:true, completed:false}
(16) Lua method 'update' at file 'engine/event.lua:185'
	Local variables:
	 self = table: 0x33d73818  {queue_last_processed:439.13333333326, queues:table: 0x33d73840, queue_dt:0.016666666666667, queue_timer:651.15149653549}
	 dt = number: 0.0256133
	 forced = nil
	 (for generator) = C function: next
	 (for state) = table: 0x33d73840  {unlock:table: 0x33d73930, galdur:table: 0x33eda670, yggdrasil:table: 0x335e7780, other:table: 0x33d739d0, tutorial:table: 0x33d73980, base:table: 0x33d73958 (more...)}
	 (for control) = number: nan
	 k = string: "base"
	 v = table: 0x33d73958  {1:table: 0x3353ec18, 2:table: 0x3a9d6ee8, 3:table: 0x377e2720, 4:table: 0x3975d658}
	 blocked = boolean: false
	 i = number: 2
	 results = table: 0x34830df8  {blocking:true, pause_skip:false, time_done:true, completed:false}
(17) Lua upvalue 'gameUpdateRef' at file 'game.lua:2710'
	Local variables:
	 self = table: 0x33476a88  {F_GUIDE:false, F_CRASH_REPORTS:false, shop_booster:table: 0x33e8a958, F_PS4_PLAYSTATION_GLYPHS:false, ygg_placeholder_cardarea1:table: 0x3abb6120 (more...)}
	 dt = number: 0.0256133
	 http_resp = nil
	 njy_red = table: 0x3347bb08  {1:0.99607843137255, 2:0.37254901960784, 3:0.33333333333333, 4:1}
	 njy_green = table: 0x3347bbc0  {1:0.29411764705882, 2:0.76078431372549, 3:0.57254901960784, 4:1}
(18) Lua upvalue 'update_ref' at Steamodded file 'src/ui.lua:84' 
	Local variables:
	 self = table: 0x33476a88  {F_GUIDE:false, F_CRASH_REPORTS:false, shop_booster:table: 0x33e8a958, F_PS4_PLAYSTATION_GLYPHS:false, ygg_placeholder_cardarea1:table: 0x3abb6120 (more...)}
	 dt = number: 0.0256133
(19) Lua upvalue 'upd' at file 'main.lua:1747'
	Local variables:
	 self = table: 0x33476a88  {F_GUIDE:false, F_CRASH_REPORTS:false, shop_booster:table: 0x33e8a958, F_PS4_PLAYSTATION_GLYPHS:false, ygg_placeholder_cardarea1:table: 0x3abb6120 (more...)}
	 dt = number: 0.0256133
(20) Lua upvalue 'game_update_ref' at file 'main.lua:2725'
	Local variables:
	 self = table: 0x33476a88  {F_GUIDE:false, F_CRASH_REPORTS:false, shop_booster:table: 0x33e8a958, F_PS4_PLAYSTATION_GLYPHS:false, ygg_placeholder_cardarea1:table: 0x3abb6120 (more...)}
	 dt = number: 0.0256133
(21) Lua upvalue 'hookTo' at file 'src/core.lua:121' (from lovely module systemclock.core)
	Local variables:
	 self = table: 0x33476a88  {F_GUIDE:false, F_CRASH_REPORTS:false, shop_booster:table: 0x33e8a958, F_PS4_PLAYSTATION_GLYPHS:false, ygg_placeholder_cardarea1:table: 0x3abb6120 (more...)}
	 dt = number: 0.0256133
(22) Lua upvalue 'hookTo' at file 'code/level.lua:54' (from mod with id YGGDRASIL)
	Local variables:
	 self = table: 0x33476a88  {F_GUIDE:false, F_CRASH_REPORTS:false, shop_booster:table: 0x33e8a958, F_PS4_PLAYSTATION_GLYPHS:false, ygg_placeholder_cardarea1:table: 0x3abb6120 (more...)}
	 dt = number: 0.0256133
(23) Lua upvalue 'hookTo' at file 'code/skill_tree_ui.lua:1519' (from mod with id YGGDRASIL)
	Local variables:
	 self = table: 0x33476a88  {F_GUIDE:false, F_CRASH_REPORTS:false, shop_booster:table: 0x33e8a958, F_PS4_PLAYSTATION_GLYPHS:false, ygg_placeholder_cardarea1:table: 0x3abb6120 (more...)}
	 dt = number: 0.0256133
(24) Lua upvalue 'game_updateref' at file 'code/loot_system.lua:3529' (from mod with id YGGDRASIL)
	Local variables:
	 self = table: 0x33476a88  {F_GUIDE:false, F_CRASH_REPORTS:false, shop_booster:table: 0x33e8a958, F_PS4_PLAYSTATION_GLYPHS:false, ygg_placeholder_cardarea1:table: 0x3abb6120 (more...)}
	 dt = number: 0.0256133
(25) Lua upvalue 'game_updateref' at file 'other/colours.lua:1455' (from mod with id MoreFluff)
	Local variables:
	 self = table: 0x33476a88  {F_GUIDE:false, F_CRASH_REPORTS:false, shop_booster:table: 0x33e8a958, F_PS4_PLAYSTATION_GLYPHS:false, ygg_placeholder_cardarea1:table: 0x3abb6120 (more...)}
	 dt = number: 0.0256133
(26) Lua upvalue 'game_updateref' at file 'MoreFluff.lua:1123' (from mod with id MoreFluff)
	Local variables:
	 self = table: 0x33476a88  {F_GUIDE:false, F_CRASH_REPORTS:false, shop_booster:table: 0x33e8a958, F_PS4_PLAYSTATION_GLYPHS:false, ygg_placeholder_cardarea1:table: 0x3abb6120 (more...)}
	 dt = number: 0.0256133
(27) Lua upvalue 'gu' at file 'multipack.lua:554' (from mod with id Multipack)
	Local variables:
	 self = table: 0x33476a88  {F_GUIDE:false, F_CRASH_REPORTS:false, shop_booster:table: 0x33e8a958, F_PS4_PLAYSTATION_GLYPHS:false, ygg_placeholder_cardarea1:table: 0x3abb6120 (more...)}
	 dt = number: 0.0256133
(28) Lua upvalue 'upd' at file 'lib/gameset.lua:27' (from mod with id Cryptid)
	Local variables:
	 self = table: 0x33476a88  {F_GUIDE:false, F_CRASH_REPORTS:false, shop_booster:table: 0x33e8a958, F_PS4_PLAYSTATION_GLYPHS:false, ygg_placeholder_cardarea1:table: 0x3abb6120 (more...)}
	 dt = number: 0.0256133
(29) Lua global 'ogupdate' at file 'lib/overrides.lua:323' (from mod with id Cryptid)
	Local variables:
	 self = table: 0x33476a88  {F_GUIDE:false, F_CRASH_REPORTS:false, shop_booster:table: 0x33e8a958, F_PS4_PLAYSTATION_GLYPHS:false, ygg_placeholder_cardarea1:table: 0x3abb6120 (more...)}
	 dt = number: 0.0256133
(30) Lua upvalue '_game_update' at file 'items/blind.lua:14' (from mod with id cryptposting)
	Local variables:
	 self = table: 0x33476a88  {F_GUIDE:false, F_CRASH_REPORTS:false, shop_booster:table: 0x33e8a958, F_PS4_PLAYSTATION_GLYPHS:false, ygg_placeholder_cardarea1:table: 0x3abb6120 (more...)}
	 dt = number: 0.0256133
(31) Lua method 'update' at file 'lib/cardanim.lua:85' (from mod with id cryptposting)
	Local variables:
	 self = table: 0x33476a88  {F_GUIDE:false, F_CRASH_REPORTS:false, shop_booster:table: 0x33e8a958, F_PS4_PLAYSTATION_GLYPHS:false, ygg_placeholder_cardarea1:table: 0x3abb6120 (more...)}
	 dt = number: 0.0256133
(32) Lua upvalue 'love_update_ref' at file 'main.lua:1028'
	Local variables:
	 dt = number: 0.0256133
(33) Lua upvalue 'oldupd' at file 'modules/controller.lua:1027' (from lovely module handy/controller)
	Local variables:
	 dt = number: 0.0256133
(34) Lua field 'update' at file 'main.lua:2758'
	Local variables:
	 dt = number: 0.0256133
(35) Lua function '?' at file 'main.lua:938' (best guess)
(36) global C function 'xpcall'
(37) LÖVE function at file 'boot.lua:377' (best guess)
	Local variables:
	 func = Lua function '?' (defined at line 909 of chunk main.lua)
	 inerror = boolean: true
	 deferErrhand = Lua function '(LÖVE Function)' (defined at line 348 of chunk [love "boot.lua"])
	 earlyinit = Lua function '(LÖVE Function)' (defined at line 355 of chunk [love "boot.lua"])
 
INFO - [G] file not found: main.lua: No such file or directory
INFO - [G] file not found: main.lua: No such file or directory
INFO - [G] 2025-07-27 21:09:41 :: INFO  :: StackTrace :: Additional Context:
Balatro Version: 1.0.1o-FULL
Modded Version: 1.0.0~BETA-0711a-STEAMODDED
LÖVE Version: 11.5.0
Lovely Version: 0.7.1
Platform: Windows
Steamodded Mods:
    1: Cryptid-MoreMarioJokers by SMG9000, Denverplays2, MarioFan597 [ID: CryptidMoreMarioJokers, Version: 0.2.0, Uses Lovely]
    2: SDM_0's Stuff by SDM_0 [ID: sdm0sstuff, Version: 1.7.3a, Uses Lovely]
    3: Card Sleeves by Larswijn [ID: CardSleeves, Priority: -10, Version: 1.8.0, Uses Lovely]
    4: More Joker Packs by Samario [ID: MoreJokerPacks, Priority: 10000, Version: 0.0.2]
    5: Galdur by Eremel_ [ID: galdur, Priority: -10000, Version: 1.2.1d, Uses Lovely]
    6: Talisman by MathIsFun_, Mathguy24, jenwalter666, cg-223 [ID: Talisman, Version: 2.3.1, Uses Lovely]
    7: iOS adaptation by Xioxin [ID: IOSAdaptation]
    8: Local Pool Fix by jenwalter666 [ID: jen_localpoolfix]
    9: Overflow by Ruby [ID: Overflow, Priority: 10, Version: 1.0.4, Uses Lovely]
    10: UltraHand by Xioxin [ID: UltraHand]
    11: Incantation by jenwalter666, MathIsFun_ [ID: incantation, Priority: 9e+301, Version: 0.7.1, Uses Lovely]
    12: SystemClock by Breezebuilder [ID: SystemClock, Priority: 100000, Version: 1.7.1, Uses Lovely]
    13: JokerDisplay by nh6574 [ID: JokerDisplay, Priority: -100000, Version: 1.8.5.1]
    14: Aurinko by jenwalter666 [ID: aurinko, Priority: 9.9e+301, Version: 0.4.15]
    15: More Fluff by notmario, CHECK CREDITS IN MOD TAB [ID: MoreFluff, Version: 1.5.6, Uses Lovely]
    16: ExtraCredit by CampfireCollective [ID: extracredit, Priority: 1, Version: 1.3.0, Uses Lovely]
    17: Jen's Library by jenwalter666 [ID: JenLib, Version: 0.4.0]
    18: Multipack by sishui [ID: Multipack, Version: 2.1.0]
    19: Yggdrasil by BepisFever, th30ne, Mr33ps [ID: YGGDRASIL, Priority: -69420, Version: 2.1.0, Uses Lovely]
    20: Blueprint by stupxd aka stupid, Jonathan [ID: blueprint, Priority: 69, Version: 3.3, Uses Lovely]
    21: DebugPlus by WilsontheWolf [ID: DebugPlus, Version: 1.4.2, Uses Lovely]
    22: Preorder Cards by asd123cqp [ID: preorder_cards]
    23: Cartomancer by stupxd aka stupid [ID: cartomancer, Priority: 69, Version: 4.16, Uses Lovely]
    24: Cryptid by MathIsFun_, Cryptid and Balatro Discords [ID: Cryptid, Priority: 114, Version: 0.5.10, Uses Lovely]
    25: Brainstorm by OceanRamen [ID: Brainstorm, Version: 2.0.0-beta, Uses Lovely]
    26: Cryptposting by Glitchkat10 and Poker The Poker [ID: cryptposting, Priority: inf]
    27: NotJustYet by toneblock [ID: NotJustYet, Priority: 1, Version: 0.5.4, Uses Lovely]
    28: Custom Suit Order by DigitalDetective47 [ID: SuitOrder, Priority: 1.79e+308, Version: 1.0.2]
    29: Better Mouse And Gamepad by Kooluve [ID: BetterMouseAndGamepad, Priority: -10000, Version: 1.0.6d]
    30: Handy by SleepyG11 [ID: Handy, Version: 1.5.1e, Uses Lovely]
    31: Loop by jenwalter666 [ID: loop, Priority: -9999999999, Version: 0.1.1]
    32: Nopeus by jenwalter666, stupxd [ID: nopeus, Version: 2.2.3, Uses Lovely]
Lovely Mods: 
