INFO - [♥] Lovely 0.7.1
INFO - [♥] Game directory is at "C:\\Users\\easto\\Downloads\\Balatro.v1.0.1o\\Balatro.v1.0.1o\\game"
INFO - [♥] Writing logs to "C:\\Users\\easto\\AppData\\Roaming\\Balatro\\Mods\\lovely\\log"
INFO - [♥] Using mod directory at "C:\\Users\\easto\\AppData\\Roaming\\Balatro\\Mods"
INFO - [♥] Found .lovelyignore in 'ExtraCredit', skipping it.
WARN - [♥] Unknown key `patches.2.?.match_indent` found in patch file at "C:\\Users\\easto\\AppData\\Roaming\\Balatro\\Mods\\Cartomancer\\lovely\\stackable-deck-steamodded.toml", ignoring it
WARN - [♥] Unknown key `patches.21.?.match_indent` found in patch file at "C:\\Users\\easto\\AppData\\Roaming\\Balatro\\Mods\\Cryptid\\lovely\\code.toml", ignoring it
WARN - [♥] Unknown key `patches.17.?.match_indent` found in patch file at "C:\\Users\\easto\\AppData\\Roaming\\Balatro\\Mods\\HandyBalatro\\lovely.toml", ignoring it
WARN - [♥] Unknown key `patches.17.?.overwrite` found in patch file at "C:\\Users\\easto\\AppData\\Roaming\\Balatro\\Mods\\HandyBalatro\\lovely.toml", ignoring it
WARN - [♥] Unknown key `patches.9.?.match_indent` found in patch file at "C:\\Users\\easto\\AppData\\Roaming\\Balatro\\Mods\\Jen\\lovely.toml", ignoring it
WARN - [♥] Unknown key `patches.10.?.match_indent` found in patch file at "C:\\Users\\easto\\AppData\\Roaming\\Balatro\\Mods\\Jen\\lovely.toml", ignoring it
WARN - [♥] Unknown key `patches.49.?.match_indent` found in patch file at "C:\\Users\\easto\\AppData\\Roaming\\Balatro\\Mods\\Talisman\\lovely.toml", ignoring it
WARN - [♥] Unknown key `patches.52.?.match_indent` found in patch file at "C:\\Users\\easto\\AppData\\Roaming\\Balatro\\Mods\\Talisman\\lovely.toml", ignoring it
INFO - [♥] Cleaning up dumps directory at "C:\\Users\\easto\\AppData\\Roaming\\Balatro\\Mods\\lovely\\dump"
INFO - [♥] Initialization complete in 783ms
INFO - [♥] Applied 1 patch to 'conf.lua'
WARN - [♥] Pattern 'G.ARGS.score_intensity.organ = G.video_organ or G.ARGS.score_intensity.required_score > 0 and math.max(math.min(0.4, 0.1*math.log(G.ARGS.score_intensity.earned_score/(G.ARGS.score_intensity.required_score+1), 5)),0.) or 0' on target 'main.lua' for pattern patch from Talisman\lovely.toml resulted in no matches
WARN - [♥] Pattern 'if type(G.GAME.current_round.current_hand.chips) ~= \'number\' or type(G.GAME.current_round.current_hand.mult) ~= \'number\' then' on target 'main.lua' for pattern patch from Talisman\lovely.toml resulted in no matches
WARN - [♥] Pattern 'assert(load(nfs.read(Saturn.PATH .. \"/core/logic/hide_played.lua\")))()' on target 'main.lua' for pattern patch from Cartomancer\lovely\saturn-compat.toml resulted in no matches
WARN - [♥] Pattern 'modded and {' on target 'main.lua' for pattern patch from Cartomancer\lovely\stackable-deck-steamodded-0.9.8.toml resulted in no matches
INFO - [♥] Applied 43 patches to 'main.lua'
INFO - [♥] Applied 3 patches to 'engine/string_packer.lua'
INFO - [♥] Applied 20 patches to 'engine/controller.lua'
INFO - [♥] Applied 21 patches to 'back.lua'
INFO - [♥] Applied 18 patches to 'tag.lua'
INFO - [♥] Applied 1 patch to 'engine/node.lua'
INFO - [♥] Applied 2 patches to 'engine/moveable.lua'
INFO - [♥] Applied 2 patches to 'engine/sprite.lua'
INFO - [♥] Applied 2 patches to 'engine/animatedsprite.lua'
WARN - [♥] Pattern 'assembled_string = assembled_string..(type(subpart) == \'string\' and subpart or args.vars[tonumber(subpart[1])] or \'ERROR\')' on target 'functions/misc_functions.lua' for pattern patch from Talisman\lovely.toml resulted in no matches
WARN - [♥] Pattern 'G.ARGS.score_intensity.organ = G.video_organ or G.ARGS.score_intensity.required_score > 0 and math.max(math.min(0.4, 0.1*math.log(G.ARGS.score_intensity.earned_score/(G.ARGS.score_intensity.required_score+1), 5)),0.) or 0' on target 'functions/misc_functions.lua' for pattern patch from Jen\lovely.toml resulted in no matches
INFO - [♥] Applied 62 patches to 'functions/misc_functions.lua'
WARN - [♥] Pattern 'for i = 1, 2 do' on target 'game.lua' for pattern patch from Cryptid\lovely\stake.toml resulted in no matches
WARN - [♥] Pattern 'create_shop_card_ui(card, \'Voucher\', G.shop_vouchers)' on target 'game.lua' for pattern patch from Cryptid\lovely\stake.toml resulted in no matches
WARN - [♥] Pattern 'self.GAME.current_round.voucher = G.SETTINGS.tutorial_progress and G.SETTINGS.tutorial_progress.forced_voucher or SMODS.get_next_vouchers()' on target 'game.lua' for pattern patch from Cryptid\lovely\very_fair.toml resulted in no matches
WARN - [♥] Pattern 'self.GAME.current_round.voucher = G.SETTINGS.tutorial_progress and G.SETTINGS.tutorial_progress.forced_voucher or get_next_voucher_key()' on target 'game.lua' for pattern patch from Cryptid\lovely\Voucher.toml resulted in no matches
WARN - [♥] Pattern 'if Big:new(G.GAME.chips) >= Big:new(G.GAME.blind.chips) or G.GAME.current_round.hands_left < 1 then' on target 'game.lua' for pattern patch from NotJustYet\lovely.toml resulted in no matches
WARN - [♥] Pattern 'if to_big(G.GAME.chips) >= to_big(G.GAME.blind.chips) or G.GAME.current_round.hands_left <= 0 then' on target 'game.lua' for pattern patch from NotJustYet\lovely.toml resulted in no matches
WARN - [♥] Pattern 'if G.GAME.chips - G.GAME.blind.chips >= 0 or G.GAME.current_round.hands_left < 1 then' on target 'game.lua' for pattern patch from Talisman\lovely.toml resulted in no matches
WARN - [♥] Regex 'card\\:start_materialize\\(\\)\\n\\s+G\\.shop_vouchers\\:emplace\\(card\\)\\n\\s+end' on target 'game.lua' for regex patch from Cryptid\lovely\Voucher.toml resulted in no matches
INFO - [♥] Applied 120 patches to 'game.lua'
INFO - [♥] Applied 4 patches to 'globals.lua'
WARN - [♥] Pattern 'self.config.chosen = true' on target 'engine/ui.lua' for pattern patch from Cartomancer\lovely\vanilla-ui.toml resulted in no matches
INFO - [♥] Applied 7 patches to 'engine/ui.lua'
WARN - [♥] Pattern 'G.GAME.shop.joker_max*1.02*G.CARD_W,' on target 'functions/UI_definitions.lua' for pattern patch from Cryptid\lovely\equilibrium.toml resulted in no matches
WARN - [♥] Pattern '{n=G.UIT.T, config={text = G.GAME.hands[handname].chips, scale = 0.45, colour = G.C.UI.TEXT_LIGHT}},' on target 'functions/UI_definitions.lua' for pattern patch from Talisman\lovely.toml resulted in no matches
WARN - [♥] Pattern '{n=G.UIT.T, config={text = G.GAME.hands[handname].mult, scale = 0.45, colour = G.C.UI.TEXT_LIGHT}}' on target 'functions/UI_definitions.lua' for pattern patch from Talisman\lovely.toml resulted in no matches
WARN - [♥] Pattern 'create_option_cycle({label = localize(\'b_set_gamespeed\'),scale = 0.8, options = {0.5, 1, 2, 4}, opt_callback = \'change_gamespeed\', current_option = (G.SETTINGS.GAMESPEED == 0.5 and 1 or G.SETTINGS.GAMESPEED == 4 and 4 or G.SETTINGS.GAMESPEED + 1)}),' on target 'functions/UI_definitions.lua' for pattern patch from Nopeus\lovely.toml resulted in no matches
WARN - [♥] Pattern 'button = not G.SETTINGS.tutorial_complete and \"start_run\" or \"setup_run\"' on target 'functions/UI_definitions.lua' for pattern patch from Jen\lovely.toml resulted in no matches
WARN - [♥] Pattern 'label = {localize(\'b_play_cap\')}' on target 'functions/UI_definitions.lua' for pattern patch from Jen\lovely.toml resulted in no matches
INFO - [♥] Applied 142 patches to 'functions/UI_definitions.lua'
WARN - [♥] Pattern 'ease_to = G.GAME.chips + math.floor(hand_chips * mult) * (e and e.antiscore and -1 or 1),' on target 'functions/state_events.lua' for pattern patch from Cryptid\lovely\blind.toml resulted in no matches
WARN - [♥] Pattern 'if reps[j] ~= 1 then' on target 'functions/state_events.lua' for pattern patch from Cryptid\lovely\misc.toml resulted in no matches
WARN - [♥] Pattern 'for i=1, #G.jokers.cards + #G.consumeables.cards do' on target 'functions/state_events.lua' for pattern patch from Cryptid\lovely\misc.toml resulted in no matches
WARN - [♥] Pattern 'local effects = {[1] = {playing_card = G.hand.cards[i]:get_end_of_round_effect()}}' on target 'functions/state_events.lua' for pattern patch from Cryptid\lovely\stake.toml resulted in no matches
WARN - [♥] Pattern 'G.GAME.current_round.voucher = get_next_voucher_key()' on target 'functions/state_events.lua' for pattern patch from Cryptid\lovely\sticker.toml resulted in no matches
WARN - [♥] Pattern 'G.GAME.current_round.voucher = get_next_voucher_key()' on target 'functions/state_events.lua' for pattern patch from Cryptid\lovely\Voucher.toml resulted in no matches
WARN - [♥] Pattern 'if effects[ii].card then' on target 'functions/state_events.lua' for pattern patch from Talisman\lovely.toml resulted in no matches
WARN - [♥] Pattern 'if effects.jokers.Xmult_mod then mult = mod_mult(mult*effects.jokers.Xmult_mod);extras.mult = true  end' on target 'functions/state_events.lua' for pattern patch from Talisman\lovely.toml resulted in no matches
WARN - [♥] Pattern 'if effect.Xmult_mod then mult = mod_mult(mult*effect.Xmult_mod);extras.mult = true  end' on target 'functions/state_events.lua' for pattern patch from Talisman\lovely.toml resulted in no matches
WARN - [♥] Pattern 'if effects[ii].message then' on target 'functions/state_events.lua' for pattern patch from Talisman\lovely.toml resulted in no matches
WARN - [♥] Pattern '--calculate the card edition effects' on target 'functions/state_events.lua' for pattern patch from Talisman\lovely.toml resulted in no matches
WARN - [♥] Pattern 'if effects[ii].edition.p_dollars_mod then' on target 'functions/state_events.lua' for pattern patch from Talisman\lovely.toml resulted in no matches
WARN - [♥] Pattern 'if edition_effects.jokers.x_mult_mod then' on target 'functions/state_events.lua' for pattern patch from Talisman\lovely.toml resulted in no matches
WARN - [♥] Pattern 'if SMODS.has_enhancement(scoring_hand[i], \'m_glass\') and not scoring_hand[i].debuff and pseudorandom(\'glass\') < G.GAME.probabilities.normal/(scoring_hand[i].ability.name == \'Glass Card\' and scoring_hand[i].ability.extra or G.P_CENTERS.m_glass.config.extra) then' on target 'functions/state_events.lua' for pattern patch from Cryptid\lovely\Probability.toml resulted in no matches
WARN - [♥] Regex '(?<indent>[\\t ]*)if destroyed then \\n' on target 'functions/state_events.lua' for regex patch from Cryptid\lovely\seal.toml resulted in no matches
WARN - [♥] Regex 'to_big\\(hand_chips\\)\\*mult' on target 'functions/state_events.lua' for regex patch from Jen\lovely.toml resulted in no matches
INFO - [♥] Applied 88 patches to 'functions/state_events.lua'
WARN - [♥] Pattern '{n=G.UIT.T, config={text = localize(\'$\')..config.dollars, scale = 1.2*scale, colour = G.C.WHITE, shadow = true, juice = true}}' on target 'functions/common_events.lua' for pattern patch from Cryptid\lovely\code.toml resulted in no matches
WARN - [♥] Pattern 'G.shop_jokers.T.w = G.GAME.shop.joker_max*1.01*G.CARD_W' on target 'functions/common_events.lua' for pattern patch from Cryptid\lovely\equilibrium.toml resulted in no matches
WARN - [♥] Pattern 'function generate_card_ui(_c, full_UI_table, specific_vars, card_type, badges, hide_desc, main_start, main_end)' on target 'functions/common_events.lua' for pattern patch from Cryptid\lovely\lib_misc.toml resulted in no matches
WARN - [♥] Pattern 'elseif v.boss.showdown and (G.GAME.round_resets.ante)%G.GAME.win_ante == 0 and G.GAME.round_resets.ante >= 2 then' on target 'functions/common_events.lua' for pattern patch from Cryptid\lovely\stake.toml resulted in no matches
WARN - [♥] Pattern 'if num_dollars > 60 then' on target 'functions/common_events.lua' for pattern patch from Talisman\lovely.toml resulted in no matches
WARN - [♥] Pattern 'func = (function() if eval_func(card) then if not first or first then card:juice_up(0.1, 0.1) end;juice_card_until(card, eval_func, nil, 0.8) end return true end)' on target 'functions/common_events.lua' for pattern patch from Talisman\lovely.toml resulted in no matches
WARN - [♥] Pattern 'if context.cardarea == G.play then' on target 'functions/common_events.lua' for pattern patch from Jen\lovely.toml resulted in no matches
WARN - [♥] Pattern '        local chips = card:get_chip_bonus()\n        if chips > 0 then \n            ret.chips = chips\n        end\n\n        local mult = card:get_chip_mult()\n        if mult > 0 then \n            ret.mult = mult\n        end\n' on target 'functions/common_events.lua' for pattern patch from Jen\lovely.toml resulted in no matches
INFO - [♥] Applied 192 patches to 'functions/common_events.lua'
WARN - [♥] Pattern 'if ((G.GAME.dollars-G.GAME.bankrupt_at) - 10 >= 0) and' on target 'functions/button_callbacks.lua' for pattern patch from Talisman\lovely.toml resulted in no matches
WARN - [♥] Pattern 'if #G.hand.highlighted <= 0 or G.GAME.blind.block_play or #G.hand.highlighted > 5 then' on target 'functions/button_callbacks.lua' for pattern patch from CardSleeves\lovely\expected_to_fail.toml resulted in no matches
INFO - [♥] Applied 80 patches to 'functions/button_callbacks.lua'
WARN - [♥] Pattern 'if G.GAME.blind and G.GAME.blind.in_blind then G.E_MANAGER:add_event(Event({ func = function() G.GAME.blind:set_blind(nil, true, nil); return true end })) end' on target 'card.lua' for pattern patch from Steamodded\lovely\calculate_card_added.toml resulted in 2 matches, wanted 1
WARN - [♥] Ignoring excess matches
WARN - [♥] Pattern 'if self.ability.name == \'Campfire\' and G.GAME.blind.boss and not (G.GAME.blind.config and G.GAME.blind.config.bonus) and self.ability.x_mult > 1 then' on target 'card.lua' for pattern patch from Cryptid\lovely\misc.toml resulted in no matches
WARN - [♥] Pattern 'if self.ability.name:find(\'Arcana\') then' on target 'card.lua' for pattern patch from Cryptid\lovely\misprint.toml resulted in no matches
WARN - [♥] Pattern 'if self.ability.name == \'The Hermit\' or self.ability.consumeable.hand_type or self.ability.name == \'Temperance\' or self.ability.name == \'Black Hole\' then' on target 'card.lua' for pattern patch from Cryptid\lovely\stake.toml resulted in no matches
WARN - [♥] Pattern 'if self.ability.queue_negative_removal then' on target 'card.lua' for pattern patch from Cryptid\lovely\sticker.toml resulted in no matches
WARN - [♥] Pattern 'G.GAME.current_round.voucher = nil' on target 'card.lua' for pattern patch from Cryptid\lovely\Voucher.toml resulted in no matches
WARN - [♥] Pattern 'Xmult_mod = G.P_CENTERS.v_observatory.config.extra' on target 'card.lua' for pattern patch from Incantation\lovely.toml resulted in no matches
WARN - [♥] Pattern 'if G.GAME.blind then G.E_MANAGER:add_event(Event({ func = function() G.GAME.blind:set_blind(nil, true, nil); return true end })) end' on target 'card.lua' for pattern patch from Talisman\lovely.toml resulted in no matches
WARN - [♥] Pattern 'x_mult = center.config.Xmult or 1,' on target 'card.lua' for pattern patch from Talisman\lovely.toml resulted in no matches
WARN - [♥] Pattern 'elseif self.ability.name == \'Business Card\' then loc_vars = {\'\'..(G.GAME and G.GAME.probabilities.normal or 1), self.ability.extra}' on target 'card.lua' for pattern patch from Cryptid\lovely\Probability.toml resulted in no matches
WARN - [♥] Pattern 'pseudorandom(\'business\') < G.GAME.probabilities.normal/self.ability.extra then' on target 'card.lua' for pattern patch from Cryptid\lovely\Probability.toml resulted in no matches
WARN - [♥] Pattern 'local currentBack = self.params.viewed_back and G.GAME.viewed_back or G.GAME.selected_back' on target 'card.lua' for pattern patch from Galdur\lovely.toml resulted in no matches
WARN - [♥] Regex 'self.params.viewed_back and G.GAME.viewed_back or G.GAME.selected_back' on target 'card.lua' for regex patch from CardSleeves\lovely\expected_to_fail.toml resulted in no matches
INFO - [♥] Applied 258 patches to 'card.lua'
WARN - [♥] Pattern 'local stay_flipped = G.GAME and G.GAME.blind and G.GAME.blind:stay_flipped(self, card)' on target 'cardarea.lua' for pattern patch from Cartomancer\lovely\limit-deck-size.toml resulted in no matches
INFO - [♥] Applied 28 patches to 'cardarea.lua'
INFO - [♥] Applied 41 patches to 'blind.lua'
INFO - [♥] Applied 2 patches to 'card_character.lua'
INFO - [♥] Applied 6 patches to 'engine/text.lua'
INFO - [♥] Applied 4 patches to '=[SMODS _ "src/utils.lua"]'
INFO - [♥] Applied 8 patches to '=[SMODS _ "src/overrides.lua"]'
INFO - [♥] Applied 1 patch to '=[SMODS _ "src/game_object.lua"]'
INFO - [G] Failed to connect to the debug server 
INFO - [G] 2025-04-11 11:32:34 :: DEBUG :: DebugConsole :: Steamodded Debug Socket started ! 
INFO - [G] 2025-04-11 11:32:34 :: INFO  :: SMODS :: Steamodded v1.0.0~BETA-0401a 
INFO - [G] [Blueprint] Starting to load config 
INFO - [G] [Blueprint] Reading config file:  
INFO - [G] [Blueprint] return {
	["INTERNAL_debug"] = false,
	["hello"] = true,
} 
INFO - [♥] Applied 3 patches to 'engine/save_manager.lua'
INFO - [♥] Applied 9 patches to 'engine/sound_manager.lua'
INFO - [♥] Applied 3 patches to 'engine/string_packer.lua'
INFO - [G] Loaded all Blueprint mod shaders successfully 
INFO - [G] {
  [1] = table: 0x02209850   {
     [1] = 0.99607843137255,
     [2] = 0.37254901960784,
     [3] = 0.33333333333333,
     [4] = 1,
   },
  [2] = table: 0x022098a0   {
     [1] = 0,
     [2] = 0.6156862745098,
     [3] = 1,
     [4] = 1,
   },
} 
INFO - [♥] Applied 4 patches to '=[SMODS _ "src/card_draw.lua"]'
INFO - [G] 2025-04-11 11:32:40 :: TRACE :: Loader :: Processing Mod file (Legacy header): Aurinko.lua 
INFO - [G] 2025-04-11 11:32:40 :: TRACE :: Loader :: Saving Mod Info: aurinko 
INFO - [G] 2025-04-11 11:32:40 :: TRACE :: Loader :: Processing Mod file (Legacy header): BetterMouseAndGamepad_v1.0.6c.lua 
INFO - [G] 2025-04-11 11:32:40 :: TRACE :: Loader :: Saving Mod Info: BetterMouseAndGamepad 
INFO - [G] 2025-04-11 11:32:40 :: TRACE :: Loader :: Processing Mod file (Legacy header): BetterMouseAndGamepad_v1.0.5d.lua 
INFO - [G] 2025-04-11 11:32:40 :: WARN  :: Loader :: Duplicate Mod ID: BetterMouseAndGamepad 
INFO - [G] 2025-04-11 11:32:40 :: WARN  :: Loader :: Duplicate Mod prefix bmag_k used by BetterMouseAndGamepad, BetterMouseAndGamepad 
INFO - [G] 2025-04-11 11:32:40 :: TRACE :: Loader :: Processing Mod file (Legacy header): mod.lua 
INFO - [G] 2025-04-11 11:32:40 :: TRACE :: Loader :: Saving Mod Info: blueprint 
INFO - [G] 2025-04-11 11:32:40 :: ERROR :: Loader :: Found invalid metadata JSON file at C:\Users\easto\AppData\Roaming\Balatro\Mods/Brainstorm/manifest.json, ignoring: [SMODS _ "src/loader.lua"]:226: id 
INFO - [G] 2025-04-11 11:32:40 :: INFO  :: Loader :: Valid JSON file found 
INFO - [G] 2025-04-11 11:32:40 :: TRACE :: Loader :: Processing Mod file (Legacy header): mod.lua 
INFO - [G] 2025-04-11 11:32:40 :: TRACE :: Loader :: Saving Mod Info: cartomancer 
INFO - [G] 2025-04-11 11:32:40 :: INFO  :: Loader :: Valid JSON file found 
INFO - [G] 2025-04-11 11:32:40 :: INFO  :: Loader :: Valid JSON file found 
INFO - [G] 2025-04-11 11:32:40 :: INFO  :: Loader :: Valid JSON file found 
INFO - [G] 2025-04-11 11:32:40 :: INFO  :: Loader :: Valid JSON file found 
INFO - [G] 2025-04-11 11:32:40 :: INFO  :: Loader :: Valid JSON file found 
INFO - [G] 2025-04-11 11:32:40 :: TRACE :: Loader :: Processing Mod file (Legacy header): steamodded.lua 
INFO - [G] 2025-04-11 11:32:40 :: WARN  :: Loader :: Duplicate Mod ID: Handy 
INFO - [G] 2025-04-11 11:32:40 :: INFO  :: Loader :: Valid JSON file found 
INFO - [G] 2025-04-11 11:32:40 :: INFO  :: Loader :: Valid JSON file found 
INFO - [G] 2025-04-11 11:32:40 :: TRACE :: Loader :: Processing Mod file (Legacy header): JenLib.lua 
INFO - [G] 2025-04-11 11:32:40 :: TRACE :: Loader :: Saving Mod Info: JenLib 
INFO - [G] 2025-04-11 11:32:40 :: INFO  :: Loader :: Valid JSON file found 
INFO - [G] 2025-04-11 11:32:40 :: TRACE :: Loader :: Processing Mod file (Legacy header): LocalPoolFix.lua 
INFO - [G] 2025-04-11 11:32:40 :: TRACE :: Loader :: Saving Mod Info: jen_localpoolfix 
INFO - [G] 2025-04-11 11:32:40 :: TRACE :: Loader :: Processing Mod file (Legacy header): MoreFluff.lua 
INFO - [G] 2025-04-11 11:32:40 :: TRACE :: Loader :: Saving Mod Info: MoreFluff 
INFO - [G] 2025-04-11 11:32:42 :: TRACE :: Loader :: Processing Mod file (Legacy header): MoreJokerPacks.lua 
INFO - [G] 2025-04-11 11:32:42 :: TRACE :: Loader :: Saving Mod Info: MoreJokerPacks 
INFO - [G] 2025-04-11 11:32:42 :: TRACE :: Loader :: Processing Mod file (Legacy header): Nopeus.lua 
INFO - [G] 2025-04-11 11:32:42 :: TRACE :: Loader :: Saving Mod Info: nopeus 
INFO - [G] 2025-04-11 11:32:42 :: TRACE :: Loader :: Processing Mod file (Legacy header): main.lua 
INFO - [G] 2025-04-11 11:32:42 :: TRACE :: Loader :: Saving Mod Info: NotJustYet 
INFO - [G] 2025-04-11 11:32:42 :: TRACE :: Loader :: Processing Mod file (Legacy header): PreorderCards.lua 
INFO - [G] 2025-04-11 11:32:42 :: TRACE :: Loader :: Saving Mod Info: preorder_cards 
INFO - [G] 2025-04-11 11:32:42 :: TRACE :: Loader :: Processing Mod file (Legacy header): main.lua 
INFO - [G] 2025-04-11 11:32:42 :: TRACE :: Loader :: Saving Mod Info: sdm0sstuff 
INFO - [G] 2025-04-11 11:32:42 :: TRACE :: Loader :: Processing Mod file (Legacy header): steamodded_metadata.lua 
INFO - [G] 2025-04-11 11:32:42 :: TRACE :: Loader :: Saving Mod Info: Talisman 
INFO - [G] 2025-04-11 11:32:42 :: TRACE :: Loader :: Processing Mod file (Legacy header): IOSAdaptation.lua 
INFO - [G] 2025-04-11 11:32:42 :: TRACE :: Loader :: Saving Mod Info: IOSAdaptation 
INFO - [G] 2025-04-11 11:32:42 :: TRACE :: Loader :: Processing Mod file (Legacy header): UltraHand.lua 
INFO - [G] 2025-04-11 11:32:42 :: TRACE :: Loader :: Saving Mod Info: UltraHand 
INFO - [G] 2025-04-11 11:32:42 :: TRACE :: Loader :: Processing Mod file (Legacy header): multipack.lua 
INFO - [G] 2025-04-11 11:32:42 :: TRACE :: Loader :: Saving Mod Info: Multipack 
INFO - [G] 2025-04-11 11:32:42 :: INFO  :: CardSleeves :: CardSleeves v1.7.1 loaded~! 
INFO - [G] 2025-04-11 11:32:42 :: DEBUG :: DefaultLogger :: IOS Adaptation! 
INFO - [G] basepaul_card 
INFO - [G] clownfish 
INFO - [G] expansion_pack 
INFO - [G] hollow 
INFO - [G] jester 
INFO - [G] lollipop 
INFO - [G] luckycharm 
INFO - [G] monochrome 
INFO - [G] mspaint 
INFO - [G] simplified 
INFO - [G] spiral 
INFO - [G] treasuremap 
INFO - [G] philosophical 
INFO - [G] badlegaldefence 
INFO - [G] clipart 
INFO - [G] dropkick 
INFO - [G] bladedance 
INFO - [G] hyperbeam 
INFO - [G] blasphemy 
INFO - [G] dramaticentrance 
INFO - [G] coupon_catalogue 
INFO - [G] css 
INFO - [G] globe 
INFO - [G] goldencarrot 
INFO - [G] hallofmirrors 
INFO - [G] impostor 
INFO - [G] tonersoup 
INFO - [G] loadeddisk 
INFO - [G] stylemeter 
INFO - [G] teacup 
INFO - [G] recycling 
INFO - [G] virtual 
INFO - [G] bloodpact 
INFO - [G] bowlingball 
INFO - [G] cba 
INFO - [G] fleshprison 
INFO - [G] hugejoker 
INFO - [G] jankman 
INFO - [G] mashupalbum 
INFO - [G] pixeljoker 
INFO - [G] rainbowjoker 
INFO - [G] rosetinted 
INFO - [G] the_solo 
INFO - [G] triangle 
INFO - [G] colorem 
INFO - [G] 2025-04-11 11:32:43 :: WARN  :: Atlas :: Detected duplicate register call on object njy_modicon 
INFO - [G] 2025-04-11 11:32:43 :: TRACE :: Loader :: Mod extracredit was unable to load: Missing Dependencies: 1: Steamodded (>=1.0.0~ALPHA-1423g) (<=1.0.0~BETA-0312b)

 
INFO - [G] [CRYPTID] Loading library file ascended.lua 
INFO - [G] [CRYPTID] Loading library file calculate.lua 
INFO - [G] [CRYPTID] Loading library file content.lua 
INFO - [G] [CRYPTID] Loading library file cross-mod.lua 
INFO - [G] [CRYPTID] Loading library file d20.lua 
INFO - [G] [CRYPTID] Loading library file event.lua 
INFO - [G] [CRYPTID] Loading library file gameset.lua 
INFO - [G] [CRYPTID] Loading library file https.lua 
INFO - [G] 2025-04-11 11:32:43 :: DEBUG :: SMODS.https :: Using https module backend 
INFO - [G] [CRYPTID] Loading library file misc.lua 
INFO - [G] [CRYPTID] Loading library file misprintize.lua 
INFO - [G] [CRYPTID] Loading library file modifiers.lua 
INFO - [G] 2025-04-11 11:32:43 :: WARN  :: Sticker :: Detected duplicate register call on object perishable 
INFO - [G] 2025-04-11 11:32:43 :: WARN  :: Sticker :: Detected duplicate register call on object pinned 
INFO - [G] 2025-04-11 11:32:43 :: WARN  :: Sticker :: Detected duplicate register call on object eternal 
INFO - [G] 2025-04-11 11:32:43 :: WARN  :: Sticker :: Detected duplicate register call on object rental 
INFO - [G] [CRYPTID] Loading library file notifications.lua 
INFO - [G] [CRYPTID] Loading library file overrides.lua 
INFO - [G] [CRYPTID] Loading library file ui.lua 
INFO - [G] [CRYPTID] Loading file achievement.lua 
INFO - [G] [CRYPTID] Loading file blind.lua 
INFO - [G] [CRYPTID] Loading file challenge.lua 
INFO - [G] [CRYPTID] Loading file code.lua 
INFO - [G] [CRYPTID] Loading file deck.lua 
INFO - [G] [CRYPTID] Loading file enhanced.lua 
INFO - [G] [CRYPTID] Loading file epic.lua 
INFO - [G] [CRYPTID] Loading file exotic.lua 
INFO - [G] [CRYPTID] Loading file joker_display.lua 
INFO - [G] [CRYPTID] Loading file m.lua 
INFO - [G] [CRYPTID] Loading file misc.lua 
INFO - [G] [CRYPTID] Loading file misc_joker.lua 
INFO - [G] [CRYPTID] Loading file planet.lua 
INFO - [G] [CRYPTID] Loading file sleeve.lua 
INFO - [G] [CRYPTID] Loading file spectral.lua 
INFO - [G] [CRYPTID] Loading file spooky.lua 
INFO - [G] [CRYPTID] Loading file stake.lua 
INFO - [G] [CRYPTID] Loading file tag.lua 
INFO - [G] [CRYPTID] Loading file test.lua 
INFO - [G] [CRYPTID] Loading file voucher.lua 
INFO - [G] 2025-04-11 11:32:43 :: WARN  :: Atlas :: Object cry_effarcire has the same key as an existing object, not registering. 
INFO - [G] 2025-04-11 11:32:43 :: WARN  :: Atlas :: If you want to modify an existing object, use take_ownership() 
INFO - [G] 2025-04-11 11:32:43 :: INFO  :: TIMER :: [0000] Injected Language in 0.001 ms 
INFO - [G] 2025-04-11 11:32:43 :: INFO  :: TIMER :: [0000] Injected [INTERNAL] in 1.903 ms 
INFO - [G] 2025-04-11 11:32:45 :: INFO  :: TIMER :: [0201] Injected Atlas in 1731.934 ms 
INFO - [G] 2025-04-11 11:32:45 :: INFO  :: TIMER :: [0116] Injected Sound in 127.360 ms 
INFO - [G] 2025-04-11 11:32:45 :: INFO  :: TIMER :: [0032] Injected Stake in 4.826 ms 
INFO - [G] 2025-04-11 11:32:45 :: INFO  :: TIMER :: [0016] Injected Rarity in 0.328 ms 
INFO - [G] 2025-04-11 11:32:45 :: INFO  :: TIMER :: [0015] Injected ObjectType in 0.526 ms 
INFO - [G] 2025-04-11 11:32:45 :: INFO  :: TIMER :: [1027] Injected Center in 9.753 ms 
INFO - [G] 2025-04-11 11:32:45 :: INFO  :: TIMER :: [0010] Injected Undiscovered Sprite in 0.038 ms 
INFO - [G] 2025-04-11 11:32:45 :: INFO  :: TIMER :: [0047] Injected Blind in 0.328 ms 
INFO - [G] 2025-04-11 11:32:45 :: INFO  :: TIMER :: [0006] Injected Seal in 1.360 ms 
INFO - [G] 2025-04-11 11:32:45 :: INFO  :: TIMER :: [0004] Injected Suit in 0.601 ms 
INFO - [G] 2025-04-11 11:32:45 :: INFO  :: TIMER :: [0013] Injected Rank in 9.107 ms 
INFO - [G] 2025-04-11 11:32:45 :: INFO  :: TIMER :: [0028] Injected DeckSkin in 7.588 ms 
INFO - [G] 2025-04-11 11:32:45 :: INFO  :: TIMER :: [0016] Injected PokerHand in 4.727 ms 
INFO - [G] 2025-04-11 11:32:45 :: INFO  :: TIMER :: [0036] Injected Challenge in 0.149 ms 
INFO - [G] 2025-04-11 11:32:45 :: INFO  :: TIMER :: [0028] Injected Tag in 0.238 ms 
INFO - [G] 2025-04-11 11:32:45 :: INFO  :: TIMER :: [0010] Injected Sticker in 4.764 ms 
INFO - [G] 2025-04-11 11:32:48 :: INFO  :: TIMER :: [0036] Injected Shader in 2249.377 ms 
INFO - [G] 2025-04-11 11:32:48 :: INFO  :: TIMER :: [0002] Injected Keybind in 0.027 ms 
INFO - [G] 2025-04-11 11:32:48 :: INFO  :: TIMER :: [0027] Injected Achievement in 0.292 ms 
INFO - [G] 2025-04-11 11:32:48 :: INFO  :: TIMER :: [0002] Injected nil in 0.014 ms 
INFO - [G] 2025-04-11 11:32:48 :: INFO  :: TIMER :: [0023] Injected Draw Step in 0.369 ms 
INFO - [G] 2025-04-11 11:32:48 :: INFO  :: TIMER :: [0000] Injected [INTERNAL] in 94.327 ms 
INFO - [G] 2025-04-11 11:32:48 :: INFO  :: TIMER :: [0011] Injected Other in 0.034 ms 
INFO - [G] Deleting center : j_mf_colorem 
INFO - [G] Deleting center : j_cry_pity_prize 
INFO - [G] Deleting center : j_cry_formidiulosus 
INFO - [G] Deleting center : j_cry_oil_lamp 
INFO - [G] Deleting center : j_cry_tropical_smoothie 
INFO - [G] Deleting center : j_cry_necromancer 
INFO - [G] Deleting center : j_cry_mask 
INFO - [G] Deleting center : j_cry_exposed 
INFO - [G] Deleting center : j_cry_equilib 
INFO - [G] Deleting center : j_cry_error 
INFO - [G] Deleting center : j_cry_ghost 
INFO - [G] Deleting center : j_cry_copypaste 
INFO - [G] Deleting center : j_cry_crustulum 
INFO - [G] Deleting center : j_sdm_cupidon 
INFO - [G] Deleting center : j_sdm_0 
INFO - [G] Deleting center : p_mupack_favoritepack 
INFO - [G] Deleting center : c_cry_crash 
INFO - [G] Deleting center : c_cry_rework 
INFO - [G] Deleting center : c_cry_multiply 
INFO - [G] Deleting center : c_cry_ctrl_v 
INFO - [G] Deleting center : c_cry_ritual 
INFO - [G] Deleting center : c_cry_adversary 
INFO - [G] Deleting center : c_cry_chambered 
INFO - [G] Deleting center : v_cry_curate 
INFO - [G] Deleting center : b_cry_e_deck 
INFO - [G] Deleting center : b_cry_et_deck 
INFO - [G] Deleting center : b_cry_sk_deck 
INFO - [G] Deleting center : b_cry_st_deck 
INFO - [G] Deleting center : b_cry_sl_deck 
INFO - [G] [DebugPlus] Press [/] to toggle console and press [shift] + [/] to toggle new log previews 
INFO - [♥] Applied 1 patch to '=[SMODS _ "smods-https-thread.lua"]'
INFO - [G] 2025-04-11 11:32:53 :: DEBUG :: SMODS.https(1) :: Using https module backend 
INFO - [G] ERROR LOADING GAME: Card area 'shop_vouchers' not instantiated before load 
INFO - [G] ERROR LOADING GAME: Card area 'shop_jokers' not instantiated before load 
INFO - [G] ERROR LOADING GAME: Card area 'shop_booster' not instantiated before load 
INFO - [G] line not found
INFO - [G] file not found: main.lua: No such file or directory
INFO - [G] file not found: main.lua: No such file or directory
INFO - [G] 2025-04-11 11:33:53 :: ERROR :: StackTrace :: Oops! The game crashed
functions/UI_definitions.lua:858: attempt to perform arithmetic on a nil value
Stack Traceback
===============
(1) Lua upvalue 'orig' at file 'main.lua:612'
	Local variables:
	 msg = string: "functions/UI_definitions.lua:858: attempt to perform arithmetic on a nil value"
	 (*temporary) = Lua function '?' (defined at line 31 of chunk [SMODS _ "src/logging.lua"])
	 (*temporary) = string: "Oops! The game crashed\
"
(2) Lua local 'handler' at file 'debugplus/console.lua:576' (from lovely module debugplus.console)
	Local variables:
	 msg = string: "functions/UI_definitions.lua:858: attempt to perform arithmetic on a nil value"
(3) LÖVE metamethod at file 'boot.lua:352'
	Local variables:
	 errhand = Lua function '(LÖVE Function)' (defined at line 575 of chunk [lovely debugplus.console "debugplus/console.lua"])
	 handler = Lua function '(LÖVE Function)' (defined at line 575 of chunk [lovely debugplus.console "debugplus/console.lua"])
(4) Lua global 'create_card_for_shop' at file 'functions/UI_definitions.lua:858'
	Local variables:
	 area = table: 0x05b0b328  {click_offset:table: 0x05b0a0c0, static_rotation:false, shuffle_amt:0, parent:table: 0x05b269d0, T:table: 0x05b0a098, offset:table: 0x05b0b6e0 (more...)}
	 forced_tag = nil
	 total_rate = number: 28
	 (for generator) = C function: builtin#6
	 (for state) = table: 0x02725df8  {1:Tarot, 2:Planet, 3:Spectral, 4:Colour, 5:Unique, 6:Code, 7:jen_tokens, 8:jen_uno, 9:jen_ability, 10:jen_omegaconsumable}
	 (for control) = number: 4
	 _ = number: 4
	 v = string: "Colour"
	 (*temporary) = nil
	 (*temporary) = string: "colour_rate"
	 (*temporary) = string: "_rate"
	 (*temporary) = string: "Planet"
	 (*temporary) = table: 0x03a95110  {}
	 (*temporary) = string: "NULL"
	 (*temporary) = table: 0x043bed68  {}
	 (*temporary) = string: "NULL"
	 (*temporary) = table: 0x033e5308  {Flush House:table: 0x03bfc6e8, top:table: 0x03bfc770, Pair:table: 0x033a6b10, cry_WholeDeck:table: 0x03bfc770, Two Pair:table: 0x03bfc928, Full House:table: 0x03bfc748 (more...)}
	 (*temporary) = table: 0x03a95110  {}
	 (*temporary) = number: 1
	 (*temporary) = table: 0x033e5308  {Flush House:table: 0x03bfc6e8, top:table: 0x03bfc770, Pair:table: 0x033a6b10, cry_WholeDeck:table: 0x03bfc770, Two Pair:table: 0x03bfc928, Full House:table: 0x03bfc748 (more...)}
	 (*temporary) = string: "attempt to perform arithmetic on a nil value"
(5) Lua field 'func' at file 'functions/button_callbacks.lua:2983'
	Local variables:
	 final_free = boolean: false
	 (for index) = number: 1
	 (for limit) = number: 5
	 (for step) = number: 1
	 i = number: 1
(6) Lua method 'handle' at file 'engine/event.lua:99'
	Local variables:
	 self = table: 0x035290c0  {start_timer:true, timer:TOTAL, blockable:true, trigger:immediate, created_on_pause:false, delay:0, complete:false, time:380.96406534786, blocking:true (more...)}
	 _results = table: 0x029add40  {blocking:true, pause_skip:false, time_done:false, completed:false}
(7) Lua method 'update' at file 'engine/event.lua:182'
	Local variables:
	 self = table: 0x026b6080  {queue_last_processed:64.849999999998, queues:table: 0x026b60a8, queue_dt:0.016666666666667, queue_timer:64.9511872949}
	 dt = number: 0.0166439
	 forced = nil
	 (for generator) = C function: next
	 (for state) = table: 0x026b60a8  {unlock:table: 0x026b60d0, galdur:table: 0x02364a38, other:table: 0x026b6548, tutorial:table: 0x026b6120, base:table: 0x026b60f8, achievement:table: 0x026b6520 (more...)}
	 (for control) = number: nan
	 k = string: "base"
	 v = table: 0x026b60f8  {1:table: 0x0574f390, 2:table: 0x035290c0, 3:table: 0x03529530, 4:table: 0x035295b8, 5:table: 0x05548ec0, 6:table: 0x0568efe0, 7:table: 0x05de6c10 (more...)}
	 blocked = boolean: false
	 i = number: 2
	 results = table: 0x029add40  {blocking:true, pause_skip:false, time_done:false, completed:false}
(8) Lua upvalue 'gameUpdateRef' at file 'game.lua:2735'
	Local variables:
	 self = table: 0x01e610b0  {F_GUIDE:false, F_CRASH_REPORTS:false, F_QUIT_BUTTON:true, HUD_tags:table: 0x05ac1cd0, F_ENGLISH_ONLY:false, viewed_stake:1, HUD:table: 0x05a2efe8 (more...)}
	 dt = number: 0.0166439
	 http_resp = nil
	 njy_red = table: 0x01f70e30  {1:0.99607843137255, 2:0.37254901960784, 3:0.33333333333333, 4:1}
	 njy_green = table: 0x01ece478  {1:0.29411764705882, 2:0.76078431372549, 3:0.57254901960784, 4:1}
(9) Lua upvalue 'upd' at Steamodded file 'src/ui.lua:84' 
	Local variables:
	 self = table: 0x01e610b0  {F_GUIDE:false, F_CRASH_REPORTS:false, F_QUIT_BUTTON:true, HUD_tags:table: 0x05ac1cd0, F_ENGLISH_ONLY:false, viewed_stake:1, HUD:table: 0x05a2efe8 (more...)}
	 dt = number: 0.0166439
(10) Lua upvalue 'game_updateref' at file 'main.lua:5024'
	Local variables:
	 self = table: 0x01e610b0  {F_GUIDE:false, F_CRASH_REPORTS:false, F_QUIT_BUTTON:true, HUD_tags:table: 0x05ac1cd0, F_ENGLISH_ONLY:false, viewed_stake:1, HUD:table: 0x05a2efe8 (more...)}
	 dt = number: 0.0166439
(11) Lua upvalue 'game_updateref' at file 'other/colours.lua:1066' (from mod with id MoreFluff)
	Local variables:
	 self = table: 0x01e610b0  {F_GUIDE:false, F_CRASH_REPORTS:false, F_QUIT_BUTTON:true, HUD_tags:table: 0x05ac1cd0, F_ENGLISH_ONLY:false, viewed_stake:1, HUD:table: 0x05a2efe8 (more...)}
	 dt = number: 0.0166439
(12) Lua upvalue 'gu' at file 'multipack.lua:554' (from mod with id Multipack)
	Local variables:
	 self = table: 0x01e610b0  {F_GUIDE:false, F_CRASH_REPORTS:false, F_QUIT_BUTTON:true, HUD_tags:table: 0x05ac1cd0, F_ENGLISH_ONLY:false, viewed_stake:1, HUD:table: 0x05a2efe8 (more...)}
	 dt = number: 0.0166439
(13) Lua upvalue 'upd' at file 'lib/gameset.lua:27' (from mod with id Cryptid)
	Local variables:
	 self = table: 0x01e610b0  {F_GUIDE:false, F_CRASH_REPORTS:false, F_QUIT_BUTTON:true, HUD_tags:table: 0x05ac1cd0, F_ENGLISH_ONLY:false, viewed_stake:1, HUD:table: 0x05a2efe8 (more...)}
	 dt = number: 0.0166439
(14) Lua upvalue 'game_updateref' at file 'lib/overrides.lua:259' (from mod with id Cryptid)
	Local variables:
	 self = table: 0x01e610b0  {F_GUIDE:false, F_CRASH_REPORTS:false, F_QUIT_BUTTON:true, HUD_tags:table: 0x05ac1cd0, F_ENGLISH_ONLY:false, viewed_stake:1, HUD:table: 0x05a2efe8 (more...)}
	 dt = number: 0.0166439
(15) Lua method 'update' at file 'Jen.lua:2402' (from mod with id jen)
	Local variables:
	 self = table: 0x01e610b0  {F_GUIDE:false, F_CRASH_REPORTS:false, F_QUIT_BUTTON:true, HUD_tags:table: 0x05ac1cd0, F_ENGLISH_ONLY:false, viewed_stake:1, HUD:table: 0x05a2efe8 (more...)}
	 dt = number: 0.0166439
(16) Lua upvalue 'love_update_ref' at file 'main.lua:1011'
	Local variables:
	 dt = number: 0.0166439
(17) Lua upvalue 'oldupd' at file 'main.lua:3624'
	Local variables:
	 dt = number: 0.0166439
(18) Lua field 'update' at file 'main.lua:5057'
	Local variables:
	 dt = number: 0.0166439
(19) Lua function '?' at file 'main.lua:938' (best guess)
(20) global C function 'xpcall'
(21) LÖVE function at file 'boot.lua:377' (best guess)
	Local variables:
	 func = Lua function '?' (defined at line 909 of chunk main.lua)
	 inerror = boolean: true
	 deferErrhand = Lua function '(LÖVE Function)' (defined at line 348 of chunk [love "boot.lua"])
	 earlyinit = Lua function '(LÖVE Function)' (defined at line 355 of chunk [love "boot.lua"])
 
INFO - [G] file not found: main.lua: No such file or directory
INFO - [G] file not found: main.lua: No such file or directory
INFO - [G] 2025-04-11 11:33:53 :: INFO  :: StackTrace :: Additional Context:
Balatro Version: 1.0.1o-FULL
Modded Version: 1.0.0~BETA-0401a-STEAMODDED
LÖVE Version: 11.5.0
Lovely Version: 0.7.1
Platform: Windows
Steamodded Mods:
    1: Aurinko by jenwalter666 [ID: aurinko, Priority: 9.9e+301, Version: 0.4.14]
    2: More Fluff by notmario [ID: MoreFluff, Version: 1.1.0]
    3: Card Sleeves by Larswijn [ID: CardSleeves, Priority: -10, Version: 1.7.1, Uses Lovely]
    4: More Joker Packs by Samario [ID: MoreJokerPacks, Priority: 10000, Version: 0.0.2]
    5: Galdur by Eremel_ [ID: galdur, Priority: -10000, Version: 1.2, Uses Lovely]
    6: Talisman by MathIsFun_, Mathguy24, jenwalter666, cg-223 [ID: Talisman, Version: 2.2.0~dev, Uses Lovely]
        Break Infinity: omeganum
    7: Almanac (0.0.8) by jenwalter666 [ID: jen, Priority: inf, Version: 0.0.8, Uses Lovely]
    8: iOS adaptation by Xioxin [ID: IOSAdaptation]
    9: Jen's Library by jenwalter666 [ID: JenLib, Version: 0.4.0]
    10: Local Pool Fix by jenwalter666 [ID: jen_localpoolfix]
    11: Multipack by sishui [ID: Multipack, Version: 2.1.0]
    12: UltraHand by Xioxin [ID: UltraHand]
    13: SDM_0's Stuff by SDM_0 [ID: sdm0sstuff, Version: 1.6.4l, Uses Lovely]
    14: Handy by SleepyG11 [ID: Handy, Version: 1.4.1a, Uses Lovely]
    15: Preorder Cards by asd123cqp [ID: preorder_cards]
    16: Nopeus by jenwalter666, stupxd [ID: nopeus, Version: 2.2.5, Uses Lovely]
    17: Better Mouse And Gamepad by Kooluve [ID: BetterMouseAndGamepad, Priority: -10000, Version: 1.0.6c]
    18: JokerDisplay by nh6574 [ID: JokerDisplay, Priority: -100000, Version: 1.8.3]
    19: Cryptid by MathIsFun_, Cryptid and Balatro Discords [ID: Cryptid, Priority: 114, Version: 0.5.5a~dev2, Uses Lovely]
    20: NotJustYet by toneblock [ID: NotJustYet, Priority: 1, Version: 0.5.4, Uses Lovely]
    21: DebugPlus by WilsontheWolf [ID: DebugPlus, Version: 1.4.1, Uses Lovely]
    22: Incantation by jenwalter666, MathIsFun_ [ID: incantation, Priority: 9e+301, Version: 0.7.0, Uses Lovely]
    23: Cartomancer by stupxd aka stupid [ID: cartomancer, Priority: 69, Version: 4.13, Uses Lovely]
    24: Blueprint by stupxd aka stupid, Jonathan [ID: blueprint, Priority: 69, Version: 3.2, Uses Lovely]
Lovely Mods:
    1: Brainstorm
    2: Trance 
