INFO - [♥] Lovely 0.7.1
INFO - [♥] Game directory is at "C:\\Users\\easto\\Downloads\\Balatro.v1.0.1o\\Balatro.v1.0.1o\\game"
INFO - [♥] Writing logs to "C:\\Users\\easto\\AppData\\Roaming\\Balatro\\Mods\\lovely\\log"
INFO - [♥] Using mod directory at "C:\\Users\\easto\\AppData\\Roaming\\Balatro\\Mods"
INFO - [♥] Found .lovelyignore in 'CardSleeves', skipping it.
INFO - [♥] Found .lovelyignore in 'ExtraCredit', skipping it.
WARN - [♥] Unknown key `patches.2.?.match_indent` found in patch file at "C:\\Users\\easto\\AppData\\Roaming\\Balatro\\Mods\\Cartomancer\\lovely\\stackable-deck-steamodded.toml", ignoring it
WARN - [♥] Unknown key `patches.21.?.match_indent` found in patch file at "C:\\Users\\easto\\AppData\\Roaming\\Balatro\\Mods\\Cryptid\\lovely\\code.toml", ignoring it
WARN - [♥] Unknown key `patches.17.?.match_indent` found in patch file at "C:\\Users\\easto\\AppData\\Roaming\\Balatro\\Mods\\HandyBalatro\\lovely.toml", ignoring it
WARN - [♥] Unknown key `patches.17.?.overwrite` found in patch file at "C:\\Users\\easto\\AppData\\Roaming\\Balatro\\Mods\\HandyBalatro\\lovely.toml", ignoring it
WARN - [♥] Unknown key `patches.9.?.match_indent` found in patch file at "C:\\Users\\easto\\AppData\\Roaming\\Balatro\\Mods\\Jen\\lovely.toml", ignoring it
WARN - [♥] Unknown key `patches.10.?.match_indent` found in patch file at "C:\\Users\\easto\\AppData\\Roaming\\Balatro\\Mods\\Jen\\lovely.toml", ignoring it
WARN - [♥] Unknown key `patches.49.?.match_indent` found in patch file at "C:\\Users\\easto\\AppData\\Roaming\\Balatro\\Mods\\Talisman\\lovely.toml", ignoring it
WARN - [♥] Unknown key `patches.52.?.match_indent` found in patch file at "C:\\Users\\easto\\AppData\\Roaming\\Balatro\\Mods\\Talisman\\lovely.toml", ignoring it
INFO - [♥] Cleaning up dumps directory at "C:\\Users\\easto\\AppData\\Roaming\\Balatro\\Mods\\lovely\\dump"
INFO - [♥] Initialization complete in 6718ms
INFO - [♥] Applied 1 patch to 'conf.lua'
WARN - [♥] Pattern 'G.ARGS.score_intensity.organ = G.video_organ or G.ARGS.score_intensity.required_score > 0 and math.max(math.min(0.4, 0.1*math.log(G.ARGS.score_intensity.earned_score/(G.ARGS.score_intensity.required_score+1), 5)),0.) or 0' on target 'main.lua' for pattern patch from Talisman\lovely.toml resulted in no matches
WARN - [♥] Pattern 'if type(G.GAME.current_round.current_hand.chips) ~= \'number\' or type(G.GAME.current_round.current_hand.mult) ~= \'number\' then' on target 'main.lua' for pattern patch from Talisman\lovely.toml resulted in no matches
WARN - [♥] Pattern 'assert(load(nfs.read(Saturn.PATH .. \"/core/logic/hide_played.lua\")))()' on target 'main.lua' for pattern patch from Cartomancer\lovely\saturn-compat.toml resulted in no matches
WARN - [♥] Pattern 'modded and {' on target 'main.lua' for pattern patch from Cartomancer\lovely\stackable-deck-steamodded-0.9.8.toml resulted in no matches
INFO - [♥] Applied 43 patches to 'main.lua'
INFO - [♥] Applied 3 patches to 'engine/string_packer.lua'
INFO - [♥] Applied 20 patches to 'engine/controller.lua'
INFO - [♥] Applied 21 patches to 'back.lua'
INFO - [♥] Applied 18 patches to 'tag.lua'
INFO - [♥] Applied 1 patch to 'engine/node.lua'
INFO - [♥] Applied 2 patches to 'engine/moveable.lua'
INFO - [♥] Applied 2 patches to 'engine/sprite.lua'
INFO - [♥] Applied 2 patches to 'engine/animatedsprite.lua'
WARN - [♥] Pattern 'assembled_string = assembled_string..(type(subpart) == \'string\' and subpart or args.vars[tonumber(subpart[1])] or \'ERROR\')' on target 'functions/misc_functions.lua' for pattern patch from Talisman\lovely.toml resulted in no matches
WARN - [♥] Pattern 'G.ARGS.score_intensity.organ = G.video_organ or G.ARGS.score_intensity.required_score > 0 and math.max(math.min(0.4, 0.1*math.log(G.ARGS.score_intensity.earned_score/(G.ARGS.score_intensity.required_score+1), 5)),0.) or 0' on target 'functions/misc_functions.lua' for pattern patch from Jen\lovely.toml resulted in no matches
INFO - [♥] Applied 61 patches to 'functions/misc_functions.lua'
WARN - [♥] Pattern 'for i = 1, 2 do' on target 'game.lua' for pattern patch from Cryptid\lovely\stake.toml resulted in no matches
WARN - [♥] Pattern 'create_shop_card_ui(card, \'Voucher\', G.shop_vouchers)' on target 'game.lua' for pattern patch from Cryptid\lovely\stake.toml resulted in no matches
WARN - [♥] Pattern 'self.GAME.current_round.voucher = G.SETTINGS.tutorial_progress and G.SETTINGS.tutorial_progress.forced_voucher or SMODS.get_next_vouchers()' on target 'game.lua' for pattern patch from Cryptid\lovely\very_fair.toml resulted in no matches
WARN - [♥] Pattern 'self.GAME.current_round.voucher = G.SETTINGS.tutorial_progress and G.SETTINGS.tutorial_progress.forced_voucher or get_next_voucher_key()' on target 'game.lua' for pattern patch from Cryptid\lovely\Voucher.toml resulted in no matches
WARN - [♥] Pattern 'if Big:new(G.GAME.chips) >= Big:new(G.GAME.blind.chips) or G.GAME.current_round.hands_left < 1 then' on target 'game.lua' for pattern patch from NotJustYet\lovely.toml resulted in no matches
WARN - [♥] Pattern 'if to_big(G.GAME.chips) >= to_big(G.GAME.blind.chips) or G.GAME.current_round.hands_left <= 0 then' on target 'game.lua' for pattern patch from NotJustYet\lovely.toml resulted in no matches
WARN - [♥] Pattern 'if G.GAME.chips - G.GAME.blind.chips >= 0 or G.GAME.current_round.hands_left < 1 then' on target 'game.lua' for pattern patch from Talisman\lovely.toml resulted in no matches
WARN - [♥] Regex 'card\\:start_materialize\\(\\)\\n\\s+G\\.shop_vouchers\\:emplace\\(card\\)\\n\\s+end' on target 'game.lua' for regex patch from Cryptid\lovely\Voucher.toml resulted in no matches
INFO - [♥] Applied 117 patches to 'game.lua'
INFO - [♥] Applied 4 patches to 'globals.lua'
WARN - [♥] Pattern 'self.config.chosen = true' on target 'engine/ui.lua' for pattern patch from Cartomancer\lovely\vanilla-ui.toml resulted in no matches
INFO - [♥] Applied 7 patches to 'engine/ui.lua'
WARN - [♥] Pattern 'G.GAME.shop.joker_max*1.02*G.CARD_W,' on target 'functions/UI_definitions.lua' for pattern patch from Cryptid\lovely\equilibrium.toml resulted in no matches
WARN - [♥] Pattern '{n=G.UIT.T, config={text = G.GAME.hands[handname].chips, scale = 0.45, colour = G.C.UI.TEXT_LIGHT}},' on target 'functions/UI_definitions.lua' for pattern patch from Talisman\lovely.toml resulted in no matches
WARN - [♥] Pattern '{n=G.UIT.T, config={text = G.GAME.hands[handname].mult, scale = 0.45, colour = G.C.UI.TEXT_LIGHT}}' on target 'functions/UI_definitions.lua' for pattern patch from Talisman\lovely.toml resulted in no matches
WARN - [♥] Pattern 'create_option_cycle({label = localize(\'b_set_gamespeed\'),scale = 0.8, options = {0.5, 1, 2, 4}, opt_callback = \'change_gamespeed\', current_option = (G.SETTINGS.GAMESPEED == 0.5 and 1 or G.SETTINGS.GAMESPEED == 4 and 4 or G.SETTINGS.GAMESPEED + 1)}),' on target 'functions/UI_definitions.lua' for pattern patch from Nopeus\lovely.toml resulted in no matches
WARN - [♥] Pattern 'button = not G.SETTINGS.tutorial_complete and \"start_run\" or \"setup_run\"' on target 'functions/UI_definitions.lua' for pattern patch from Jen\lovely.toml resulted in no matches
WARN - [♥] Pattern 'label = {localize(\'b_play_cap\')}' on target 'functions/UI_definitions.lua' for pattern patch from Jen\lovely.toml resulted in no matches
INFO - [♥] Applied 141 patches to 'functions/UI_definitions.lua'
WARN - [♥] Pattern 'ease_to = G.GAME.chips + math.floor(hand_chips * mult) * (e and e.antiscore and -1 or 1),' on target 'functions/state_events.lua' for pattern patch from Cryptid\lovely\blind.toml resulted in no matches
WARN - [♥] Pattern 'if reps[j] ~= 1 then' on target 'functions/state_events.lua' for pattern patch from Cryptid\lovely\misc.toml resulted in no matches
WARN - [♥] Pattern 'for i=1, #G.jokers.cards + #G.consumeables.cards do' on target 'functions/state_events.lua' for pattern patch from Cryptid\lovely\misc.toml resulted in no matches
WARN - [♥] Pattern 'local effects = {[1] = {playing_card = G.hand.cards[i]:get_end_of_round_effect()}}' on target 'functions/state_events.lua' for pattern patch from Cryptid\lovely\stake.toml resulted in no matches
WARN - [♥] Pattern 'G.GAME.current_round.voucher = get_next_voucher_key()' on target 'functions/state_events.lua' for pattern patch from Cryptid\lovely\sticker.toml resulted in no matches
WARN - [♥] Pattern 'G.GAME.current_round.voucher = get_next_voucher_key()' on target 'functions/state_events.lua' for pattern patch from Cryptid\lovely\Voucher.toml resulted in no matches
WARN - [♥] Pattern 'if effects[ii].card then' on target 'functions/state_events.lua' for pattern patch from Talisman\lovely.toml resulted in no matches
WARN - [♥] Pattern 'if effects.jokers.Xmult_mod then mult = mod_mult(mult*effects.jokers.Xmult_mod);extras.mult = true  end' on target 'functions/state_events.lua' for pattern patch from Talisman\lovely.toml resulted in no matches
WARN - [♥] Pattern 'if effect.Xmult_mod then mult = mod_mult(mult*effect.Xmult_mod);extras.mult = true  end' on target 'functions/state_events.lua' for pattern patch from Talisman\lovely.toml resulted in no matches
WARN - [♥] Pattern 'if effects[ii].message then' on target 'functions/state_events.lua' for pattern patch from Talisman\lovely.toml resulted in no matches
WARN - [♥] Pattern '--calculate the card edition effects' on target 'functions/state_events.lua' for pattern patch from Talisman\lovely.toml resulted in no matches
WARN - [♥] Pattern 'if effects[ii].edition.p_dollars_mod then' on target 'functions/state_events.lua' for pattern patch from Talisman\lovely.toml resulted in no matches
WARN - [♥] Pattern 'if edition_effects.jokers.x_mult_mod then' on target 'functions/state_events.lua' for pattern patch from Talisman\lovely.toml resulted in no matches
WARN - [♥] Pattern 'if SMODS.has_enhancement(scoring_hand[i], \'m_glass\') and not scoring_hand[i].debuff and pseudorandom(\'glass\') < G.GAME.probabilities.normal/(scoring_hand[i].ability.name == \'Glass Card\' and scoring_hand[i].ability.extra or G.P_CENTERS.m_glass.config.extra) then' on target 'functions/state_events.lua' for pattern patch from Cryptid\lovely\Probability.toml resulted in no matches
WARN - [♥] Regex '(?<indent>[\\t ]*)if destroyed then \\n' on target 'functions/state_events.lua' for regex patch from Cryptid\lovely\seal.toml resulted in no matches
WARN - [♥] Regex 'to_big\\(hand_chips\\)\\*mult' on target 'functions/state_events.lua' for regex patch from Jen\lovely.toml resulted in no matches
INFO - [♥] Applied 88 patches to 'functions/state_events.lua'
WARN - [♥] Pattern '{n=G.UIT.T, config={text = localize(\'$\')..config.dollars, scale = 1.2*scale, colour = G.C.WHITE, shadow = true, juice = true}}' on target 'functions/common_events.lua' for pattern patch from Cryptid\lovely\code.toml resulted in no matches
WARN - [♥] Pattern 'G.shop_jokers.T.w = G.GAME.shop.joker_max*1.01*G.CARD_W' on target 'functions/common_events.lua' for pattern patch from Cryptid\lovely\equilibrium.toml resulted in no matches
WARN - [♥] Pattern 'function generate_card_ui(_c, full_UI_table, specific_vars, card_type, badges, hide_desc, main_start, main_end)' on target 'functions/common_events.lua' for pattern patch from Cryptid\lovely\lib_misc.toml resulted in no matches
WARN - [♥] Pattern 'elseif v.boss.showdown and (G.GAME.round_resets.ante)%G.GAME.win_ante == 0 and G.GAME.round_resets.ante >= 2 then' on target 'functions/common_events.lua' for pattern patch from Cryptid\lovely\stake.toml resulted in no matches
WARN - [♥] Pattern 'if num_dollars > 60 then' on target 'functions/common_events.lua' for pattern patch from Talisman\lovely.toml resulted in no matches
WARN - [♥] Pattern 'func = (function() if eval_func(card) then if not first or first then card:juice_up(0.1, 0.1) end;juice_card_until(card, eval_func, nil, 0.8) end return true end)' on target 'functions/common_events.lua' for pattern patch from Talisman\lovely.toml resulted in no matches
WARN - [♥] Pattern 'if context.cardarea == G.play then' on target 'functions/common_events.lua' for pattern patch from Jen\lovely.toml resulted in no matches
WARN - [♥] Pattern '        local chips = card:get_chip_bonus()\n        if chips > 0 then \n            ret.chips = chips\n        end\n\n        local mult = card:get_chip_mult()\n        if mult > 0 then \n            ret.mult = mult\n        end\n' on target 'functions/common_events.lua' for pattern patch from Jen\lovely.toml resulted in no matches
INFO - [♥] Applied 192 patches to 'functions/common_events.lua'
WARN - [♥] Pattern 'if ((G.GAME.dollars-G.GAME.bankrupt_at) - 10 >= 0) and' on target 'functions/button_callbacks.lua' for pattern patch from Talisman\lovely.toml resulted in no matches
INFO - [♥] Applied 80 patches to 'functions/button_callbacks.lua'
WARN - [♥] Pattern 'if G.GAME.blind and G.GAME.blind.in_blind then G.E_MANAGER:add_event(Event({ func = function() G.GAME.blind:set_blind(nil, true, nil); return true end })) end' on target 'card.lua' for pattern patch from Steamodded\lovely\calculate_card_added.toml resulted in 2 matches, wanted 1
WARN - [♥] Ignoring excess matches
WARN - [♥] Pattern 'if self.ability.name == \'Campfire\' and G.GAME.blind.boss and not (G.GAME.blind.config and G.GAME.blind.config.bonus) and self.ability.x_mult > 1 then' on target 'card.lua' for pattern patch from Cryptid\lovely\misc.toml resulted in no matches
WARN - [♥] Pattern 'if self.ability.name:find(\'Arcana\') then' on target 'card.lua' for pattern patch from Cryptid\lovely\misprint.toml resulted in no matches
WARN - [♥] Pattern 'if self.ability.name == \'The Hermit\' or self.ability.consumeable.hand_type or self.ability.name == \'Temperance\' or self.ability.name == \'Black Hole\' then' on target 'card.lua' for pattern patch from Cryptid\lovely\stake.toml resulted in no matches
WARN - [♥] Pattern 'if self.ability.queue_negative_removal then' on target 'card.lua' for pattern patch from Cryptid\lovely\sticker.toml resulted in no matches
WARN - [♥] Pattern 'G.GAME.current_round.voucher = nil' on target 'card.lua' for pattern patch from Cryptid\lovely\Voucher.toml resulted in no matches
WARN - [♥] Pattern 'Xmult_mod = G.P_CENTERS.v_observatory.config.extra' on target 'card.lua' for pattern patch from Incantation\lovely.toml resulted in no matches
WARN - [♥] Pattern 'if G.GAME.blind then G.E_MANAGER:add_event(Event({ func = function() G.GAME.blind:set_blind(nil, true, nil); return true end })) end' on target 'card.lua' for pattern patch from Talisman\lovely.toml resulted in no matches
WARN - [♥] Pattern 'x_mult = center.config.Xmult or 1,' on target 'card.lua' for pattern patch from Talisman\lovely.toml resulted in no matches
WARN - [♥] Pattern 'elseif self.ability.name == \'Business Card\' then loc_vars = {\'\'..(G.GAME and G.GAME.probabilities.normal or 1), self.ability.extra}' on target 'card.lua' for pattern patch from Cryptid\lovely\Probability.toml resulted in no matches
WARN - [♥] Pattern 'pseudorandom(\'business\') < G.GAME.probabilities.normal/self.ability.extra then' on target 'card.lua' for pattern patch from Cryptid\lovely\Probability.toml resulted in no matches
WARN - [♥] Pattern 'local currentBack = self.params.viewed_back and G.GAME.viewed_back or G.GAME.selected_back' on target 'card.lua' for pattern patch from Galdur\lovely.toml resulted in no matches
INFO - [♥] Applied 257 patches to 'card.lua'
WARN - [♥] Pattern 'local stay_flipped = G.GAME and G.GAME.blind and G.GAME.blind:stay_flipped(self, card)' on target 'cardarea.lua' for pattern patch from Cartomancer\lovely\limit-deck-size.toml resulted in no matches
INFO - [♥] Applied 28 patches to 'cardarea.lua'
INFO - [♥] Applied 41 patches to 'blind.lua'
INFO - [♥] Applied 2 patches to 'card_character.lua'
INFO - [♥] Applied 6 patches to 'engine/text.lua'
INFO - [♥] Applied 4 patches to '=[SMODS _ "src/utils.lua"]'
INFO - [♥] Applied 8 patches to '=[SMODS _ "src/overrides.lua"]'
INFO - [♥] Applied 1 patch to '=[SMODS _ "src/game_object.lua"]'
INFO - [G] Failed to connect to the debug server 
INFO - [G] 2025-04-13 20:37:20 :: DEBUG :: DebugConsole :: Steamodded Debug Socket started ! 
INFO - [G] 2025-04-13 20:37:20 :: INFO  :: SMODS :: Steamodded v1.0.0~BETA-0401a 
INFO - [G] [Blueprint] Starting to load config 
INFO - [G] [Blueprint] Reading config file:  
INFO - [G] [Blueprint] return {
	["INTERNAL_debug"] = false,
	["hello"] = true,
} 
INFO - [♥] Applied 9 patches to 'engine/sound_manager.lua'
INFO - [♥] Applied 3 patches to 'engine/save_manager.lua'
INFO - [♥] Applied 3 patches to 'engine/string_packer.lua'
INFO - [G] Loaded all Blueprint mod shaders successfully 
INFO - [G] {
  [1] = table: 0x25ca3590   {
     [1] = 0.99607843137255,
     [2] = 0.37254901960784,
     [3] = 0.33333333333333,
     [4] = 1,
   },
  [2] = table: 0x25c43cf8   {
     [1] = 0,
     [2] = 0.6156862745098,
     [3] = 1,
     [4] = 1,
   },
} 
INFO - [♥] Applied 4 patches to '=[SMODS _ "src/card_draw.lua"]'
INFO - [G] 2025-04-13 20:37:24 :: TRACE :: Loader :: Processing Mod file (Legacy header): Aurinko.lua 
INFO - [G] 2025-04-13 20:37:24 :: TRACE :: Loader :: Saving Mod Info: aurinko 
INFO - [G] 2025-04-13 20:37:24 :: TRACE :: Loader :: Processing Mod file (Legacy header): BetterMouseAndGamepad_v1.0.6c.lua 
INFO - [G] 2025-04-13 20:37:24 :: TRACE :: Loader :: Saving Mod Info: BetterMouseAndGamepad 
INFO - [G] 2025-04-13 20:37:24 :: TRACE :: Loader :: Processing Mod file (Legacy header): BetterMouseAndGamepad_v1.0.5d.lua 
INFO - [G] 2025-04-13 20:37:24 :: WARN  :: Loader :: Duplicate Mod ID: BetterMouseAndGamepad 
INFO - [G] 2025-04-13 20:37:24 :: WARN  :: Loader :: Duplicate Mod prefix bmag_k used by BetterMouseAndGamepad, BetterMouseAndGamepad 
INFO - [G] 2025-04-13 20:37:24 :: TRACE :: Loader :: Processing Mod file (Legacy header): mod.lua 
INFO - [G] 2025-04-13 20:37:24 :: TRACE :: Loader :: Saving Mod Info: blueprint 
INFO - [G] 2025-04-13 20:37:24 :: ERROR :: Loader :: Found invalid metadata JSON file at C:\Users\easto\AppData\Roaming\Balatro\Mods/Brainstorm/manifest.json, ignoring: [SMODS _ "src/loader.lua"]:226: id 
INFO - [G] 2025-04-13 20:37:24 :: INFO  :: Loader :: Valid JSON file found 
INFO - [G] 2025-04-13 20:37:25 :: TRACE :: Loader :: Processing Mod file (Legacy header): mod.lua 
INFO - [G] 2025-04-13 20:37:25 :: TRACE :: Loader :: Saving Mod Info: cartomancer 
INFO - [G] 2025-04-13 20:37:25 :: INFO  :: Loader :: Valid JSON file found 
INFO - [G] 2025-04-13 20:37:25 :: INFO  :: Loader :: Valid JSON file found 
INFO - [G] 2025-04-13 20:37:26 :: INFO  :: Loader :: Valid JSON file found 
INFO - [G] 2025-04-13 20:37:26 :: INFO  :: Loader :: Valid JSON file found 
INFO - [G] 2025-04-13 20:37:26 :: INFO  :: Loader :: Valid JSON file found 
INFO - [G] 2025-04-13 20:37:26 :: TRACE :: Loader :: Processing Mod file (Legacy header): steamodded.lua 
INFO - [G] 2025-04-13 20:37:26 :: WARN  :: Loader :: Duplicate Mod ID: Handy 
INFO - [G] 2025-04-13 20:37:26 :: INFO  :: Loader :: Valid JSON file found 
INFO - [G] 2025-04-13 20:37:26 :: INFO  :: Loader :: Valid JSON file found 
INFO - [G] 2025-04-13 20:37:26 :: TRACE :: Loader :: Processing Mod file (Legacy header): JenLib.lua 
INFO - [G] 2025-04-13 20:37:26 :: TRACE :: Loader :: Saving Mod Info: JenLib 
INFO - [G] 2025-04-13 20:37:26 :: INFO  :: Loader :: Valid JSON file found 
INFO - [G] 2025-04-13 20:37:26 :: TRACE :: Loader :: Processing Mod file (Legacy header): LocalPoolFix.lua 
INFO - [G] 2025-04-13 20:37:26 :: TRACE :: Loader :: Saving Mod Info: jen_localpoolfix 
INFO - [G] 2025-04-13 20:37:26 :: TRACE :: Loader :: Processing Mod file (Legacy header): MoreFluff.lua 
INFO - [G] 2025-04-13 20:37:26 :: TRACE :: Loader :: Saving Mod Info: MoreFluff 
INFO - [G] 2025-04-13 20:37:27 :: TRACE :: Loader :: Processing Mod file (Legacy header): MoreJokerPacks.lua 
INFO - [G] 2025-04-13 20:37:27 :: TRACE :: Loader :: Saving Mod Info: MoreJokerPacks 
INFO - [G] 2025-04-13 20:37:27 :: TRACE :: Loader :: Processing Mod file (Legacy header): Nopeus.lua 
INFO - [G] 2025-04-13 20:37:27 :: TRACE :: Loader :: Saving Mod Info: nopeus 
INFO - [G] 2025-04-13 20:37:27 :: TRACE :: Loader :: Processing Mod file (Legacy header): main.lua 
INFO - [G] 2025-04-13 20:37:27 :: TRACE :: Loader :: Saving Mod Info: NotJustYet 
INFO - [G] 2025-04-13 20:37:27 :: TRACE :: Loader :: Processing Mod file (Legacy header): PreorderCards.lua 
INFO - [G] 2025-04-13 20:37:27 :: TRACE :: Loader :: Saving Mod Info: preorder_cards 
INFO - [G] 2025-04-13 20:37:28 :: TRACE :: Loader :: Processing Mod file (Legacy header): main.lua 
INFO - [G] 2025-04-13 20:37:28 :: TRACE :: Loader :: Saving Mod Info: sdm0sstuff 
INFO - [G] 2025-04-13 20:37:28 :: TRACE :: Loader :: Processing Mod file (Legacy header): steamodded_metadata.lua 
INFO - [G] 2025-04-13 20:37:28 :: TRACE :: Loader :: Saving Mod Info: Talisman 
INFO - [G] 2025-04-13 20:37:28 :: TRACE :: Loader :: Processing Mod file (Legacy header): IOSAdaptation.lua 
INFO - [G] 2025-04-13 20:37:28 :: TRACE :: Loader :: Saving Mod Info: IOSAdaptation 
INFO - [G] 2025-04-13 20:37:28 :: TRACE :: Loader :: Processing Mod file (Legacy header): UltraHand.lua 
INFO - [G] 2025-04-13 20:37:28 :: TRACE :: Loader :: Saving Mod Info: UltraHand 
INFO - [G] 2025-04-13 20:37:29 :: TRACE :: Loader :: Processing Mod file (Legacy header): multipack.lua 
INFO - [G] 2025-04-13 20:37:29 :: TRACE :: Loader :: Saving Mod Info: Multipack 
INFO - [G] 2025-04-13 20:37:29 :: TRACE :: Loader :: Mod CardSleeves was unable to load:  
INFO - [G] 2025-04-13 20:37:29 :: DEBUG :: DefaultLogger :: IOS Adaptation! 
INFO - [G] basepaul_card 
INFO - [G] clownfish 
INFO - [G] expansion_pack 
INFO - [G] hollow 
INFO - [G] jester 
INFO - [G] lollipop 
INFO - [G] luckycharm 
INFO - [G] monochrome 
INFO - [G] mspaint 
INFO - [G] simplified 
INFO - [G] spiral 
INFO - [G] treasuremap 
INFO - [G] philosophical 
INFO - [G] badlegaldefence 
INFO - [G] clipart 
INFO - [G] dropkick 
INFO - [G] bladedance 
INFO - [G] hyperbeam 
INFO - [G] blasphemy 
INFO - [G] dramaticentrance 
INFO - [G] coupon_catalogue 
INFO - [G] css 
INFO - [G] globe 
INFO - [G] goldencarrot 
INFO - [G] hallofmirrors 
INFO - [G] impostor 
INFO - [G] tonersoup 
INFO - [G] loadeddisk 
INFO - [G] stylemeter 
INFO - [G] teacup 
INFO - [G] recycling 
INFO - [G] virtual 
INFO - [G] bloodpact 
INFO - [G] bowlingball 
INFO - [G] cba 
INFO - [G] fleshprison 
INFO - [G] hugejoker 
INFO - [G] jankman 
INFO - [G] mashupalbum 
INFO - [G] pixeljoker 
INFO - [G] rainbowjoker 
INFO - [G] rosetinted 
INFO - [G] the_solo 
INFO - [G] triangle 
INFO - [G] colorem 
INFO - [G] 2025-04-13 20:37:29 :: WARN  :: Atlas :: Detected duplicate register call on object njy_modicon 
INFO - [G] 2025-04-13 20:37:29 :: TRACE :: Loader :: Mod extracredit was unable to load: Missing Dependencies: 1: Steamodded (>=1.0.0~ALPHA-1423g) (<=1.0.0~BETA-0312b)

 
INFO - [G] [CRYPTID] Loading library file ascended.lua 
INFO - [G] [CRYPTID] Loading library file calculate.lua 
INFO - [G] [CRYPTID] Loading library file content.lua 
INFO - [G] [CRYPTID] Loading library file cross-mod.lua 
INFO - [G] [CRYPTID] Loading library file d20.lua 
INFO - [G] [CRYPTID] Loading library file event.lua 
INFO - [G] [CRYPTID] Loading library file gameset.lua 
INFO - [G] [CRYPTID] Loading library file https.lua 
INFO - [G] 2025-04-13 20:37:29 :: DEBUG :: SMODS.https :: Using https module backend 
INFO - [G] [CRYPTID] Loading library file misc.lua 
INFO - [G] [CRYPTID] Loading library file misprintize.lua 
INFO - [G] [CRYPTID] Loading library file modifiers.lua 
INFO - [G] 2025-04-13 20:37:29 :: WARN  :: Sticker :: Detected duplicate register call on object perishable 
INFO - [G] 2025-04-13 20:37:29 :: WARN  :: Sticker :: Detected duplicate register call on object pinned 
INFO - [G] 2025-04-13 20:37:29 :: WARN  :: Sticker :: Detected duplicate register call on object eternal 
INFO - [G] 2025-04-13 20:37:29 :: WARN  :: Sticker :: Detected duplicate register call on object rental 
INFO - [G] [CRYPTID] Loading library file notifications.lua 
INFO - [G] [CRYPTID] Loading library file overrides.lua 
INFO - [G] [CRYPTID] Loading library file ui.lua 
INFO - [G] [CRYPTID] Loading file achievement.lua 
INFO - [G] [CRYPTID] Loading file blind.lua 
INFO - [G] [CRYPTID] Loading file challenge.lua 
INFO - [G] [CRYPTID] Loading file code.lua 
INFO - [G] [CRYPTID] Loading file deck.lua 
INFO - [G] [CRYPTID] Loading file enhanced.lua 
INFO - [G] [CRYPTID] Loading file epic.lua 
INFO - [G] [CRYPTID] Loading file exotic.lua 
INFO - [G] [CRYPTID] Loading file joker_display.lua 
INFO - [G] [CRYPTID] Loading file m.lua 
INFO - [G] [CRYPTID] Loading file misc.lua 
INFO - [G] [CRYPTID] Loading file misc_joker.lua 
INFO - [G] [CRYPTID] Loading file planet.lua 
INFO - [G] [CRYPTID] Loading file sleeve.lua 
INFO - [G] [CRYPTID] Loading file spectral.lua 
INFO - [G] [CRYPTID] Loading file spooky.lua 
INFO - [G] [CRYPTID] Loading file stake.lua 
INFO - [G] [CRYPTID] Loading file tag.lua 
INFO - [G] [CRYPTID] Loading file test.lua 
INFO - [G] [CRYPTID] Loading file voucher.lua 
INFO - [G] 2025-04-13 20:37:29 :: WARN  :: Atlas :: Object cry_effarcire has the same key as an existing object, not registering. 
INFO - [G] 2025-04-13 20:37:29 :: WARN  :: Atlas :: If you want to modify an existing object, use take_ownership() 
INFO - [G] 2025-04-13 20:37:30 :: INFO  :: TIMER :: [0000] Injected Language in 0.007 ms 
INFO - [G] 2025-04-13 20:37:30 :: INFO  :: TIMER :: [0000] Injected [INTERNAL] in 28.694 ms 
INFO - [G] 2025-04-13 20:37:39 :: INFO  :: TIMER :: [0197] Injected Atlas in 8633.423 ms 
INFO - [G] 2025-04-13 20:37:43 :: INFO  :: TIMER :: [0116] Injected Sound in 4468.366 ms 
INFO - [G] 2025-04-13 20:37:43 :: INFO  :: TIMER :: [0032] Injected Stake in 4.801 ms 
INFO - [G] 2025-04-13 20:37:43 :: INFO  :: TIMER :: [0016] Injected Rarity in 0.802 ms 
INFO - [G] 2025-04-13 20:37:43 :: INFO  :: TIMER :: [0015] Injected ObjectType in 0.831 ms 
INFO - [G] 2025-04-13 20:37:43 :: INFO  :: TIMER :: [0981] Injected Center in 10.867 ms 
INFO - [G] 2025-04-13 20:37:43 :: INFO  :: TIMER :: [0010] Injected Undiscovered Sprite in 0.052 ms 
INFO - [G] 2025-04-13 20:37:43 :: INFO  :: TIMER :: [0047] Injected Blind in 0.160 ms 
INFO - [G] 2025-04-13 20:37:43 :: INFO  :: TIMER :: [0006] Injected Seal in 1.029 ms 
INFO - [G] 2025-04-13 20:37:43 :: INFO  :: TIMER :: [0004] Injected Suit in 10.502 ms 
INFO - [G] 2025-04-13 20:37:43 :: INFO  :: TIMER :: [0013] Injected Rank in 4.252 ms 
INFO - [G] 2025-04-13 20:37:43 :: INFO  :: TIMER :: [0028] Injected DeckSkin in 7.856 ms 
INFO - [G] 2025-04-13 20:37:43 :: INFO  :: TIMER :: [0016] Injected PokerHand in 2.608 ms 
INFO - [G] 2025-04-13 20:37:43 :: INFO  :: TIMER :: [0036] Injected Challenge in 0.191 ms 
INFO - [G] 2025-04-13 20:37:43 :: INFO  :: TIMER :: [0028] Injected Tag in 2.139 ms 
INFO - [G] 2025-04-13 20:37:43 :: INFO  :: TIMER :: [0010] Injected Sticker in 12.003 ms 
INFO - [G] 2025-04-13 20:37:47 :: INFO  :: TIMER :: [0036] Injected Shader in 3509.355 ms 
INFO - [G] 2025-04-13 20:37:47 :: INFO  :: TIMER :: [0002] Injected Keybind in 0.020 ms 
INFO - [G] 2025-04-13 20:37:47 :: INFO  :: TIMER :: [0027] Injected Achievement in 0.180 ms 
INFO - [G] 2025-04-13 20:37:47 :: INFO  :: TIMER :: [0002] Injected nil in 0.034 ms 
INFO - [G] 2025-04-13 20:37:47 :: INFO  :: TIMER :: [0023] Injected Draw Step in 0.116 ms 
INFO - [G] 2025-04-13 20:37:47 :: INFO  :: TIMER :: [0000] Injected [INTERNAL] in 223.796 ms 
INFO - [G] 2025-04-13 20:37:47 :: INFO  :: TIMER :: [0011] Injected Other in 0.046 ms 
INFO - [G] Deleting center : j_mf_colorem 
INFO - [G] Deleting center : j_cry_pity_prize 
INFO - [G] Deleting center : j_cry_formidiulosus 
INFO - [G] Deleting center : j_cry_oil_lamp 
INFO - [G] Deleting center : j_cry_tropical_smoothie 
INFO - [G] Deleting center : j_cry_necromancer 
INFO - [G] Deleting center : j_cry_mask 
INFO - [G] Deleting center : j_cry_exposed 
INFO - [G] Deleting center : j_cry_equilib 
INFO - [G] Deleting center : j_cry_error 
INFO - [G] Deleting center : j_cry_ghost 
INFO - [G] Deleting center : j_cry_copypaste 
INFO - [G] Deleting center : j_cry_crustulum 
INFO - [G] Deleting center : j_sdm_cupidon 
INFO - [G] Deleting center : j_sdm_0 
INFO - [G] Deleting center : p_mupack_favoritepack 
INFO - [G] Deleting center : c_cry_crash 
INFO - [G] Deleting center : c_cry_rework 
INFO - [G] Deleting center : c_cry_multiply 
INFO - [G] Deleting center : c_cry_ctrl_v 
INFO - [G] Deleting center : c_cry_ritual 
INFO - [G] Deleting center : c_cry_adversary 
INFO - [G] Deleting center : c_cry_chambered 
INFO - [G] Deleting center : v_cry_curate 
INFO - [G] Deleting center : b_cry_e_deck 
INFO - [G] Deleting center : b_cry_et_deck 
INFO - [G] Deleting center : b_cry_sk_deck 
INFO - [G] Deleting center : b_cry_st_deck 
INFO - [G] Deleting center : b_cry_sl_deck 
INFO - [G] [DebugPlus] Press [/] to toggle console and press [shift] + [/] to toggle new log previews 
INFO - [♥] Applied 1 patch to '=[SMODS _ "smods-https-thread.lua"]'
INFO - [G] 2025-04-13 20:37:53 :: DEBUG :: SMODS.https(1) :: Using https module backend 
INFO - [♥] Applied 1 patch to '=[SMODS _ "smods-https-thread.lua"]'
INFO - [G] 2025-04-13 20:38:54 :: DEBUG :: SMODS.https(2) :: Using https module backend 
INFO - [♥] Applied 1 patch to '=[SMODS _ "smods-https-thread.lua"]'
INFO - [G] 2025-04-13 20:39:56 :: DEBUG :: SMODS.https(3) :: Using https module backend 
INFO - [♥] Applied 1 patch to '=[SMODS _ "smods-https-thread.lua"]'
INFO - [G] 2025-04-13 20:40:57 :: DEBUG :: SMODS.https(4) :: Using https module backend 
INFO - [♥] Applied 1 patch to '=[SMODS _ "smods-https-thread.lua"]'
INFO - [G] 2025-04-13 20:41:58 :: DEBUG :: SMODS.https(5) :: Using https module backend 
INFO - [♥] Applied 1 patch to '=[SMODS _ "smods-https-thread.lua"]'
INFO - [G] 2025-04-13 20:42:59 :: DEBUG :: SMODS.https(6) :: Using https module backend 
INFO - [♥] Applied 1 patch to '=[SMODS _ "smods-https-thread.lua"]'
INFO - [G] 2025-04-13 20:43:59 :: DEBUG :: SMODS.https(7) :: Using https module backend 
INFO - [G] line not found
INFO - [G] file not found: main.lua: No such file or directory
INFO - [G] file not found: main.lua: No such file or directory
INFO - [G] 2025-04-13 20:44:19 :: ERROR :: StackTrace :: Oops! The game crashed
engine/ui.lua:698: attempt to index field 'colour' (a nil value)
Stack Traceback
===============
(1) Lua upvalue 'orig' at file 'main.lua:612'
	Local variables:
	 msg = string: "engine/ui.lua:698: attempt to index field 'colour' (a nil value)"
	 (*temporary) = Lua function '?' (defined at line 31 of chunk [SMODS _ "src/logging.lua"])
	 (*temporary) = string: "Oops! The game crashed\
"
(2) Lua local 'handler' at file 'debugplus/console.lua:576' (from lovely module debugplus.console)
	Local variables:
	 msg = string: "engine/ui.lua:698: attempt to index field 'colour' (a nil value)"
(3) LÖVE metamethod at file 'boot.lua:352'
	Local variables:
	 errhand = Lua function '(LÖVE Function)' (defined at line 575 of chunk [lovely debugplus.console "debugplus/console.lua"])
	 handler = Lua function '(LÖVE Function)' (defined at line 575 of chunk [lovely debugplus.console "debugplus/console.lua"])
(4) Lua method 'draw_self' at file 'engine/ui.lua:698'
	Local variables:
	 self = table: 0x264d9530  {click_offset:table: 0x298fb670, children:table: 0x26693dd8, parent:table: 0x275ecbc8, T:table: 0x298fb648, offset:table: 0x298fb940, role:table: 0x2c78dce0 (more...)}
	 button_active = boolean: true
	 parallax_dist = number: 1.5
	 button_being_pressed = boolean: false
	 (*temporary) = nil
	 (*temporary) = table: 0x26e02d90  {click_offset:table: 0x298fb0f8, children:table: 0x270322b8, parent:table: 0x275ecbc8, T:table: 0x298fb0d0, offset:table: 0x298fb3f0, role:table: 0x2c78d6f0 (more...)}
	 (*temporary) = boolean: false
	 (*temporary) = number: 1.53971e-126
	 (*temporary) = table: 0x26bfb8a0  {click_offset:table: 0x26f74548, children:table: 0x273e4d10, pop_in_rate:3, font:table: 0x25d3f9c8, T:table: 0x26b56728, offset:table: 0x27106330 (more...)}
	 (*temporary) = boolean: false
	 (*temporary) = nil
	 (*temporary) = nil
	 (*temporary) = number: 0
	 (*temporary) = number: -0
	 (*temporary) = number: 1
	 (*temporary) = number: 1
	 (*temporary) = number: 1
	 (*temporary) = string: "attempt to index field 'colour' (a nil value)"
(5) Lua method 'draw_children' at file 'engine/ui.lua:545'
	Local variables:
	 self = table: 0x275ecbc8  {click_offset:table: 0x298fbad0, children:table: 0x273d79c0, parent:table: 0x26431008, T:table: 0x298fbaa8, offset:table: 0x298fbdc8, role:table: 0x2c78e060 (more...)}
	 layer = nil
	 (for generator) = C function: next
	 (for state) = table: 0x273d79c0  {1:table: 0x26349668, 2:table: 0x25dd4918, 3:table: 0x26e02d90, 4:table: 0x264d9530}
	 (for control) = number: nan
	 k = number: 4
	 v = table: 0x264d9530  {click_offset:table: 0x298fb670, children:table: 0x26693dd8, parent:table: 0x275ecbc8, T:table: 0x298fb648, offset:table: 0x298fb940, role:table: 0x2c78dce0 (more...)}
(6) Lua method 'draw_children' at file 'engine/ui.lua:546'
	Local variables:
	 self = table: 0x26431008  {click_offset:table: 0x298ff568, children:table: 0x262ba018, parent:table: 0x270576b0, T:table: 0x298ff540, offset:table: 0x298ff860, role:table: 0x28434040 (more...)}
	 layer = nil
	 (for generator) = C function: next
	 (for state) = table: 0x262ba018  {1:table: 0x275ecbc8, 2:table: 0x26e52f90}
	 (for control) = number: nan
	 k = number: 1
	 v = table: 0x275ecbc8  {click_offset:table: 0x298fbad0, children:table: 0x273d79c0, parent:table: 0x26431008, T:table: 0x298fbaa8, offset:table: 0x298fbdc8, role:table: 0x2c78e060 (more...)}
(7) Lua method 'draw_children' at file 'engine/ui.lua:546'
	Local variables:
	 self = table: 0x270576b0  {pixellated_rect:table: 0x26c06628, click_offset:table: 0x298ff9f0, children:table: 0x265b39e0, parent:table: 0x26da60e0, T:table: 0x298ff9c8 (more...)}
	 layer = nil
	 (for generator) = C function: next
	 (for state) = table: 0x265b39e0  {1:table: 0x26431008}
	 (for control) = number: nan
	 k = number: 1
	 v = table: 0x26431008  {click_offset:table: 0x298ff568, children:table: 0x262ba018, parent:table: 0x270576b0, T:table: 0x298ff540, offset:table: 0x298ff860, role:table: 0x28434040 (more...)}
(8) Lua method 'draw_children' at file 'engine/ui.lua:546'
	Local variables:
	 self = table: 0x26da60e0  {pixellated_rect:table: 0x272767f0, click_offset:table: 0x2b3cc5d8, children:table: 0x26d02218, parent:table: 0x26d83e28, T:table: 0x2b640d28 (more...)}
	 layer = nil
	 (for generator) = C function: next
	 (for state) = table: 0x26d02218  {1:table: 0x261460d8, 2:table: 0x274ccee0, 3:table: 0x2740ce18, 4:table: 0x270576b0, 5:table: 0x25f18908}
	 (for control) = number: nan
	 k = number: 4
	 v = table: 0x270576b0  {pixellated_rect:table: 0x26c06628, click_offset:table: 0x298ff9f0, children:table: 0x265b39e0, parent:table: 0x26da60e0, T:table: 0x298ff9c8 (more...)}
(9) Lua method 'draw_children' at file 'engine/ui.lua:546'
	Local variables:
	 self = table: 0x26d83e28  {pixellated_rect:table: 0x27460758, click_offset:table: 0x2b43ae30, children:table: 0x26042fb0, parent:table: 0x271777d0, T:table: 0x2b438390 (more...)}
	 layer = nil
	 (for generator) = C function: next
	 (for state) = table: 0x26042fb0  {1:table: 0x26da60e0}
	 (for control) = number: nan
	 k = number: 1
	 v = table: 0x26da60e0  {pixellated_rect:table: 0x272767f0, click_offset:table: 0x2b3cc5d8, children:table: 0x26d02218, parent:table: 0x26d83e28, T:table: 0x2b640d28 (more...)}
(10) Lua method 'draw_children' at file 'engine/ui.lua:546'
	Local variables:
	 self = table: 0x271777d0  {click_offset:table: 0x2af4f158, children:table: 0x272d7828, parent:table: 0x26ae3678, T:table: 0x2afee080, offset:table: 0x2ae50bd0, role:table: 0x2823dfa8 (more...)}
	 layer = nil
	 (for generator) = C function: next
	 (for state) = table: 0x272d7828  {1:table: 0x26d83e28}
	 (for control) = number: nan
	 k = number: 1
	 v = table: 0x26d83e28  {pixellated_rect:table: 0x27460758, click_offset:table: 0x2b43ae30, children:table: 0x26042fb0, parent:table: 0x271777d0, T:table: 0x2b438390 (more...)}
(11) Lua method 'draw' at file 'engine/ui.lua:300'
	Local variables:
	 self = table: 0x26ae3678  {click_offset:table: 0x269c1ec0, static_rotation:false, CALCING:true, T:table: 0x2687a398, offset:table: 0x270d1090, role:table: 0x25fc4750, last_aligned:-1 (more...)}
(12) Lua method 'draw' at file 'game.lua:3053'
	Local variables:
	 self = table: 0x25a2ef08  {F_GUIDE:false, F_CRASH_REPORTS:false, F_QUIT_BUTTON:true, HUD_tags:table: 0x275079f8, F_ENGLISH_ONLY:false, viewed_stake:1, HUD:table: 0x26ae3678 (more...)}
	 (for generator) = C function: next
	 (for state) = table: 0x25923768  {1:table: 0x26ae3678, 2:table: 0x26dd7390, 3:table: 0x2747bae0, 4:table: 0x26dc6e38, 5:table: 0x26c05390, 6:table: 0x2fd909d8, 7:table: 0x33aaaf48 (more...)}
	 (for control) = number: nan
	 k = number: 1
	 v = table: 0x26ae3678  {click_offset:table: 0x269c1ec0, static_rotation:false, CALCING:true, T:table: 0x2687a398, offset:table: 0x270d1090, role:table: 0x25fc4750, last_aligned:-1 (more...)}
(13) Lua field 'draw' at file 'main.lua:1017'
(14) Lua function '?' at file 'main.lua:941' (best guess)
(15) global C function 'xpcall'
(16) LÖVE function at file 'boot.lua:377' (best guess)
	Local variables:
	 func = Lua function '?' (defined at line 909 of chunk main.lua)
	 inerror = boolean: true
	 deferErrhand = Lua function '(LÖVE Function)' (defined at line 348 of chunk [love "boot.lua"])
	 earlyinit = Lua function '(LÖVE Function)' (defined at line 355 of chunk [love "boot.lua"])
 
INFO - [G] file not found: main.lua: No such file or directory
INFO - [G] file not found: main.lua: No such file or directory
INFO - [G] 2025-04-13 20:44:19 :: INFO  :: StackTrace :: Additional Context:
Balatro Version: 1.0.1o-FULL
Modded Version: 1.0.0~BETA-0401a-STEAMODDED
LÖVE Version: 11.5.0
Lovely Version: 0.7.1
Platform: Windows
Steamodded Mods:
    1: Aurinko by jenwalter666 [ID: aurinko, Priority: 9.9e+301, Version: 0.4.14]
    2: More Fluff by notmario [ID: MoreFluff, Version: 1.1.0]
    3: More Joker Packs by Samario [ID: MoreJokerPacks, Priority: 10000, Version: 0.0.2]
    4: Galdur by Eremel_ [ID: galdur, Priority: -10000, Version: 1.2, Uses Lovely]
    5: Talisman by MathIsFun_, Mathguy24, jenwalter666, cg-223 [ID: Talisman, Version: 2.2.0~dev, Uses Lovely]
        Break Infinity: omeganum
    6: Almanac (0.0.8) by jenwalter666 [ID: jen, Priority: inf, Version: 0.0.8, Uses Lovely]
    7: iOS adaptation by Xioxin [ID: IOSAdaptation]
    8: Jen's Library by jenwalter666 [ID: JenLib, Version: 0.4.0]
    9: Local Pool Fix by jenwalter666 [ID: jen_localpoolfix]
    10: Multipack by sishui [ID: Multipack, Version: 2.1.0]
    11: UltraHand by Xioxin [ID: UltraHand]
    12: SDM_0's Stuff by SDM_0 [ID: sdm0sstuff, Version: 1.6.4l, Uses Lovely]
    13: Handy by SleepyG11 [ID: Handy, Version: 1.4.1a, Uses Lovely]
    14: Preorder Cards by asd123cqp [ID: preorder_cards]
    15: Nopeus by jenwalter666, stupxd [ID: nopeus, Version: 2.2.5, Uses Lovely]
    16: Better Mouse And Gamepad by Kooluve [ID: BetterMouseAndGamepad, Priority: -10000, Version: 1.0.6c]
    17: JokerDisplay by nh6574 [ID: JokerDisplay, Priority: -100000, Version: 1.8.3]
    18: Cryptid by MathIsFun_, Cryptid and Balatro Discords [ID: Cryptid, Priority: 114, Version: 0.5.5a~dev2, Uses Lovely]
    19: NotJustYet by toneblock [ID: NotJustYet, Priority: 1, Version: 0.5.4, Uses Lovely]
    20: DebugPlus by WilsontheWolf [ID: DebugPlus, Version: 1.4.1, Uses Lovely]
    21: Incantation by jenwalter666, MathIsFun_ [ID: incantation, Priority: 9e+301, Version: 0.7.0, Uses Lovely]
    22: Cartomancer by stupxd aka stupid [ID: cartomancer, Priority: 69, Version: 4.13, Uses Lovely]
    23: Blueprint by stupxd aka stupid, Jonathan [ID: blueprint, Priority: 69, Version: 3.2, Uses Lovely]
Lovely Mods:
    1: Brainstorm
    2: Trance 
