INFO - [♥] Lovely 0.7.1
INFO - [♥] Game directory is at "C:\\Users\\easto\\Downloads\\Balatro.v1.0.1o\\Balatro.v1.0.1o\\game"
INFO - [♥] Writing logs to "C:\\Users\\easto\\AppData\\Roaming\\Balatro\\Mods\\lovely\\log"
INFO - [♥] Using mod directory at "C:\\Users\\easto\\AppData\\Roaming\\Balatro\\Mods"
INFO - [♥] Found .lovelyignore in 'ExtraCredit', skipping it.
WARN - [♥] Unknown key `patches.2.?.match_indent` found in patch file at "C:\\Users\\easto\\AppData\\Roaming\\Balatro\\Mods\\Cartomancer\\lovely\\stackable-deck-steamodded.toml", ignoring it
WARN - [♥] Unknown key `patches.21.?.match_indent` found in patch file at "C:\\Users\\easto\\AppData\\Roaming\\Balatro\\Mods\\Cryptid\\lovely\\code.toml", ignoring it
WARN - [♥] Unknown key `patches.49.?.match_indent` found in patch file at "C:\\Users\\easto\\AppData\\Roaming\\Balatro\\Mods\\Talisman\\lovely.toml", ignoring it
WARN - [♥] Unknown key `patches.52.?.match_indent` found in patch file at "C:\\Users\\easto\\AppData\\Roaming\\Balatro\\Mods\\Talisman\\lovely.toml", ignoring it
INFO - [♥] Cleaning up dumps directory at "C:\\Users\\easto\\AppData\\Roaming\\Balatro\\Mods\\lovely\\dump"
INFO - [♥] Initialization complete in 5931ms
WARN - [♥] Pattern 'G.ARGS.score_intensity.organ = G.video_organ or G.ARGS.score_intensity.required_score > 0 and math.max(math.min(0.4, 0.1*math.log(G.ARGS.score_intensity.earned_score/(G.ARGS.score_intensity.required_score+1), 5)),0.) or 0' on target 'main.lua' for pattern patch from Talisman\lovely.toml resulted in no matches
WARN - [♥] Pattern 'if type(G.GAME.current_round.current_hand.chips) ~= \'number\' or type(G.GAME.current_round.current_hand.mult) ~= \'number\' then' on target 'main.lua' for pattern patch from Talisman\lovely.toml resulted in no matches
WARN - [♥] Pattern 'assert(load(nfs.read(Saturn.PATH .. \"/core/logic/hide_played.lua\")))()' on target 'main.lua' for pattern patch from Cartomancer\lovely\saturn-compat.toml resulted in no matches
WARN - [♥] Pattern 'modded and {' on target 'main.lua' for pattern patch from Cartomancer\lovely\stackable-deck-steamodded-0.9.8.toml resulted in no matches
INFO - [♥] Applied 25 patches to 'main.lua'
INFO - [♥] Applied 2 patches to 'engine/string_packer.lua'
INFO - [♥] Applied 9 patches to 'engine/controller.lua'
INFO - [♥] Applied 15 patches to 'back.lua'
INFO - [♥] Applied 18 patches to 'tag.lua'
INFO - [♥] Applied 1 patch to 'engine/node.lua'
INFO - [♥] Applied 2 patches to 'engine/moveable.lua'
INFO - [♥] Applied 2 patches to 'engine/sprite.lua'
INFO - [♥] Applied 2 patches to 'engine/animatedsprite.lua'
WARN - [♥] Pattern 'assembled_string = assembled_string..(type(subpart) == \'string\' and subpart or args.vars[tonumber(subpart[1])] or \'ERROR\')' on target 'functions/misc_functions.lua' for pattern patch from Talisman\lovely.toml resulted in no matches
INFO - [♥] Applied 58 patches to 'functions/misc_functions.lua'
WARN - [♥] Pattern 'for i = 1, 2 do' on target 'game.lua' for pattern patch from Cryptid\lovely\stake.toml resulted in no matches
WARN - [♥] Pattern 'create_shop_card_ui(card, \'Voucher\', G.shop_vouchers)' on target 'game.lua' for pattern patch from Cryptid\lovely\stake.toml resulted in no matches
WARN - [♥] Pattern 'self.GAME.current_round.voucher = G.SETTINGS.tutorial_progress and G.SETTINGS.tutorial_progress.forced_voucher or SMODS.get_next_vouchers()' on target 'game.lua' for pattern patch from Cryptid\lovely\very_fair.toml resulted in no matches
WARN - [♥] Pattern 'self.GAME.current_round.voucher = G.SETTINGS.tutorial_progress and G.SETTINGS.tutorial_progress.forced_voucher or get_next_voucher_key()' on target 'game.lua' for pattern patch from Cryptid\lovely\Voucher.toml resulted in no matches
WARN - [♥] Regex 'card\\:start_materialize\\(\\)\\n\\s+G\\.shop_vouchers\\:emplace\\(card\\)\\n\\s+end' on target 'game.lua' for regex patch from Cryptid\lovely\Voucher.toml resulted in no matches
INFO - [♥] Applied 92 patches to 'game.lua'
INFO - [♥] Applied 1 patch to 'globals.lua'
WARN - [♥] Pattern 'self.config.chosen = true' on target 'engine/ui.lua' for pattern patch from Cartomancer\lovely\vanilla-ui.toml resulted in no matches
INFO - [♥] Applied 7 patches to 'engine/ui.lua'
WARN - [♥] Pattern 'G.GAME.shop.joker_max*1.02*G.CARD_W,' on target 'functions/UI_definitions.lua' for pattern patch from Cryptid\lovely\equilibrium.toml resulted in no matches
WARN - [♥] Pattern '{n=G.UIT.T, config={text = G.GAME.hands[handname].chips, scale = 0.45, colour = G.C.UI.TEXT_LIGHT}},' on target 'functions/UI_definitions.lua' for pattern patch from Talisman\lovely.toml resulted in no matches
WARN - [♥] Pattern '{n=G.UIT.T, config={text = G.GAME.hands[handname].mult, scale = 0.45, colour = G.C.UI.TEXT_LIGHT}}' on target 'functions/UI_definitions.lua' for pattern patch from Talisman\lovely.toml resulted in no matches
INFO - [♥] Applied 124 patches to 'functions/UI_definitions.lua'
WARN - [♥] Pattern 'ease_to = G.GAME.chips + math.floor(hand_chips * mult) * (e and e.antiscore and -1 or 1),' on target 'functions/state_events.lua' for pattern patch from Cryptid\lovely\blind.toml resulted in no matches
WARN - [♥] Pattern 'if reps[j] ~= 1 then' on target 'functions/state_events.lua' for pattern patch from Cryptid\lovely\misc.toml resulted in no matches
WARN - [♥] Pattern 'for i=1, #G.jokers.cards + #G.consumeables.cards do' on target 'functions/state_events.lua' for pattern patch from Cryptid\lovely\misc.toml resulted in no matches
WARN - [♥] Pattern 'local effects = {[1] = {playing_card = G.hand.cards[i]:get_end_of_round_effect()}}' on target 'functions/state_events.lua' for pattern patch from Cryptid\lovely\stake.toml resulted in no matches
WARN - [♥] Pattern 'G.GAME.current_round.voucher = get_next_voucher_key()' on target 'functions/state_events.lua' for pattern patch from Cryptid\lovely\sticker.toml resulted in no matches
WARN - [♥] Pattern 'G.GAME.current_round.voucher = get_next_voucher_key()' on target 'functions/state_events.lua' for pattern patch from Cryptid\lovely\Voucher.toml resulted in no matches
WARN - [♥] Pattern 'if effects[ii].card then' on target 'functions/state_events.lua' for pattern patch from Talisman\lovely.toml resulted in no matches
WARN - [♥] Pattern 'if effects.jokers.Xmult_mod then mult = mod_mult(mult*effects.jokers.Xmult_mod);extras.mult = true  end' on target 'functions/state_events.lua' for pattern patch from Talisman\lovely.toml resulted in no matches
WARN - [♥] Pattern 'if effect.Xmult_mod then mult = mod_mult(mult*effect.Xmult_mod);extras.mult = true  end' on target 'functions/state_events.lua' for pattern patch from Talisman\lovely.toml resulted in no matches
WARN - [♥] Pattern 'if effects[ii].message then' on target 'functions/state_events.lua' for pattern patch from Talisman\lovely.toml resulted in no matches
WARN - [♥] Pattern '--calculate the card edition effects' on target 'functions/state_events.lua' for pattern patch from Talisman\lovely.toml resulted in no matches
WARN - [♥] Pattern 'if effects[ii].edition.p_dollars_mod then' on target 'functions/state_events.lua' for pattern patch from Talisman\lovely.toml resulted in no matches
WARN - [♥] Pattern 'if edition_effects.jokers.x_mult_mod then' on target 'functions/state_events.lua' for pattern patch from Talisman\lovely.toml resulted in no matches
WARN - [♥] Pattern 'if SMODS.has_enhancement(scoring_hand[i], \'m_glass\') and not scoring_hand[i].debuff and pseudorandom(\'glass\') < G.GAME.probabilities.normal/(scoring_hand[i].ability.name == \'Glass Card\' and scoring_hand[i].ability.extra or G.P_CENTERS.m_glass.config.extra) then' on target 'functions/state_events.lua' for pattern patch from Cryptid\lovely\Probability.toml resulted in no matches
WARN - [♥] Regex '(?<indent>[\\t ]*)if destroyed then \\n' on target 'functions/state_events.lua' for regex patch from Cryptid\lovely\seal.toml resulted in no matches
INFO - [♥] Applied 76 patches to 'functions/state_events.lua'
WARN - [♥] Pattern '{n=G.UIT.T, config={text = localize(\'$\')..config.dollars, scale = 1.2*scale, colour = G.C.WHITE, shadow = true, juice = true}}' on target 'functions/common_events.lua' for pattern patch from Cryptid\lovely\code.toml resulted in no matches
WARN - [♥] Pattern 'G.shop_jokers.T.w = G.GAME.shop.joker_max*1.01*G.CARD_W' on target 'functions/common_events.lua' for pattern patch from Cryptid\lovely\equilibrium.toml resulted in no matches
WARN - [♥] Pattern 'function generate_card_ui(_c, full_UI_table, specific_vars, card_type, badges, hide_desc, main_start, main_end)' on target 'functions/common_events.lua' for pattern patch from Cryptid\lovely\lib_misc.toml resulted in no matches
WARN - [♥] Pattern 'elseif v.boss.showdown and (G.GAME.round_resets.ante)%G.GAME.win_ante == 0 and G.GAME.round_resets.ante >= 2 then' on target 'functions/common_events.lua' for pattern patch from Cryptid\lovely\stake.toml resulted in no matches
WARN - [♥] Pattern 'if num_dollars > 60 then' on target 'functions/common_events.lua' for pattern patch from Talisman\lovely.toml resulted in no matches
WARN - [♥] Pattern 'func = (function() if eval_func(card) then if not first or first then card:juice_up(0.1, 0.1) end;juice_card_until(card, eval_func, nil, 0.8) end return true end)' on target 'functions/common_events.lua' for pattern patch from Talisman\lovely.toml resulted in no matches
INFO - [♥] Applied 177 patches to 'functions/common_events.lua'
WARN - [♥] Pattern 'if ((G.GAME.dollars-G.GAME.bankrupt_at) - 10 >= 0) and' on target 'functions/button_callbacks.lua' for pattern patch from Talisman\lovely.toml resulted in no matches
INFO - [♥] Applied 75 patches to 'functions/button_callbacks.lua'
WARN - [♥] Pattern 'if G.GAME.blind and G.GAME.blind.in_blind then G.E_MANAGER:add_event(Event({ func = function() G.GAME.blind:set_blind(nil, true, nil); return true end })) end' on target 'card.lua' for pattern patch from Steamodded\lovely\calculate_card_added.toml resulted in 2 matches, wanted 1
WARN - [♥] Ignoring excess matches
WARN - [♥] Pattern 'if self.ability.name == \'Campfire\' and G.GAME.blind.boss and not (G.GAME.blind.config and G.GAME.blind.config.bonus) and self.ability.x_mult > 1 then' on target 'card.lua' for pattern patch from Cryptid\lovely\misc.toml resulted in no matches
WARN - [♥] Pattern 'if self.ability.name:find(\'Arcana\') then' on target 'card.lua' for pattern patch from Cryptid\lovely\misprint.toml resulted in no matches
WARN - [♥] Pattern 'if self.ability.name == \'The Hermit\' or self.ability.consumeable.hand_type or self.ability.name == \'Temperance\' or self.ability.name == \'Black Hole\' then' on target 'card.lua' for pattern patch from Cryptid\lovely\stake.toml resulted in no matches
WARN - [♥] Pattern 'if self.ability.queue_negative_removal then' on target 'card.lua' for pattern patch from Cryptid\lovely\sticker.toml resulted in no matches
WARN - [♥] Pattern 'G.GAME.current_round.voucher = nil' on target 'card.lua' for pattern patch from Cryptid\lovely\Voucher.toml resulted in no matches
WARN - [♥] Pattern 'if G.GAME.blind then G.E_MANAGER:add_event(Event({ func = function() G.GAME.blind:set_blind(nil, true, nil); return true end })) end' on target 'card.lua' for pattern patch from Talisman\lovely.toml resulted in no matches
WARN - [♥] Pattern 'x_mult = center.config.Xmult or 1,' on target 'card.lua' for pattern patch from Talisman\lovely.toml resulted in no matches
WARN - [♥] Pattern 'elseif self.ability.name == \'Business Card\' then loc_vars = {\'\'..(G.GAME and G.GAME.probabilities.normal or 1), self.ability.extra}' on target 'card.lua' for pattern patch from Cryptid\lovely\Probability.toml resulted in no matches
WARN - [♥] Pattern 'pseudorandom(\'business\') < G.GAME.probabilities.normal/self.ability.extra then' on target 'card.lua' for pattern patch from Cryptid\lovely\Probability.toml resulted in no matches
INFO - [♥] Applied 249 patches to 'card.lua'
WARN - [♥] Pattern 'local stay_flipped = G.GAME and G.GAME.blind and G.GAME.blind:stay_flipped(self, card)' on target 'cardarea.lua' for pattern patch from Cartomancer\lovely\limit-deck-size.toml resulted in no matches
INFO - [♥] Applied 25 patches to 'cardarea.lua'
INFO - [♥] Applied 40 patches to 'blind.lua'
INFO - [♥] Applied 2 patches to 'card_character.lua'
INFO - [♥] Applied 5 patches to 'engine/text.lua'
INFO - [♥] Applied 2 patches to '=[SMODS _ "src/utils.lua"]'
INFO - [♥] Applied 8 patches to '=[SMODS _ "src/overrides.lua"]'
INFO - [♥] Applied 1 patch to '=[SMODS _ "src/game_object.lua"]'
INFO - [G] Failed to connect to the debug server
INFO - [G] 2025-04-03 13:49:04 :: DEBUG :: DebugConsole :: Steamodded Debug Socket started !
INFO - [G] 2025-04-03 13:49:04 :: INFO  :: SMODS :: Steamodded v1.0.0~BETA-0401a
INFO - [G] [Blueprint] Starting to load config
INFO - [G] [Blueprint] Reading config file: 
INFO - [G] [Blueprint] return {
	["INTERNAL_debug"] = false,
	["hello"] = true,
}
INFO - [♥] Applied 9 patches to 'engine/sound_manager.lua'
INFO - [♥] Applied 3 patches to 'engine/save_manager.lua'
INFO - [♥] Applied 2 patches to 'engine/string_packer.lua'
INFO - [G] Loaded all Blueprint mod shaders successfully
INFO - [♥] Applied 4 patches to '=[SMODS _ "src/card_draw.lua"]'
INFO - [G] 2025-04-03 13:49:11 :: TRACE :: Loader :: Processing Mod file (Legacy header): BetterMouseAndGamepad_v1.0.6c.lua
INFO - [G] 2025-04-03 13:49:11 :: TRACE :: Loader :: Saving Mod Info: BetterMouseAndGamepad
INFO - [G] 2025-04-03 13:49:11 :: TRACE :: Loader :: Processing Mod file (Legacy header): BetterMouseAndGamepad_v1.0.5d.lua
INFO - [G] 2025-04-03 13:49:11 :: WARN  :: Loader :: Duplicate Mod ID: BetterMouseAndGamepad
INFO - [G] 2025-04-03 13:49:11 :: WARN  :: Loader :: Duplicate Mod prefix bmag_k used by BetterMouseAndGamepad, BetterMouseAndGamepad
INFO - [G] 2025-04-03 13:49:11 :: TRACE :: Loader :: Processing Mod file (Legacy header): mod.lua
INFO - [G] 2025-04-03 13:49:11 :: TRACE :: Loader :: Saving Mod Info: blueprint
INFO - [G] 2025-04-03 13:49:11 :: ERROR :: Loader :: Found invalid metadata JSON file at C:\Users\easto\AppData\Roaming\Balatro\Mods/Brainstorm/manifest.json, ignoring: [SMODS _ "src/loader.lua"]:226: id
INFO - [G] 2025-04-03 13:49:11 :: TRACE :: Loader :: Processing Mod file (Legacy header): mod.lua
INFO - [G] 2025-04-03 13:49:11 :: TRACE :: Loader :: Saving Mod Info: cartomancer
INFO - [G] 2025-04-03 13:49:11 :: INFO  :: Loader :: Valid JSON file found
INFO - [G] 2025-04-03 13:49:12 :: INFO  :: Loader :: Valid JSON file found
INFO - [G] 2025-04-03 13:49:12 :: TRACE :: Loader :: Processing Mod file (Legacy header): PreorderCards.lua
INFO - [G] 2025-04-03 13:49:12 :: TRACE :: Loader :: Saving Mod Info: preorder_cards
INFO - [G] 2025-04-03 13:49:12 :: TRACE :: Loader :: Processing Mod file (Legacy header): steamodded_metadata.lua
INFO - [G] 2025-04-03 13:49:12 :: TRACE :: Loader :: Saving Mod Info: Talisman
INFO - [G] 2025-04-03 13:49:13 :: TRACE :: Loader :: Processing Mod file (Legacy header): IOSAdaptation.lua
INFO - [G] 2025-04-03 13:49:13 :: TRACE :: Loader :: Saving Mod Info: IOSAdaptation
INFO - [G] 2025-04-03 13:49:13 :: TRACE :: Loader :: Processing Mod file (Legacy header): UltraHand.lua
INFO - [G] 2025-04-03 13:49:13 :: TRACE :: Loader :: Saving Mod Info: UltraHand
INFO - [G] 2025-04-03 13:49:13 :: DEBUG :: DefaultLogger :: IOS Adaptation!
INFO - [G] 2025-04-03 13:49:13 :: TRACE :: Loader :: Mod extracredit was unable to load: Missing Dependencies: 1: Steamodded (>=1.0.0~ALPHA-1423g) (<=1.0.0~BETA-0312b)


INFO - [G] [CRYPTID] Loading library file ascended.lua
INFO - [G] [CRYPTID] Loading library file calculate.lua
INFO - [G] [CRYPTID] Loading library file content.lua
INFO - [G] [CRYPTID] Loading library file cross-mod.lua
INFO - [G] [CRYPTID] Loading library file d20.lua
INFO - [G] [CRYPTID] Loading library file event.lua
INFO - [G] [CRYPTID] Loading library file gameset.lua
INFO - [G] [CRYPTID] Loading library file https.lua
INFO - [G] 2025-04-03 13:49:13 :: DEBUG :: SMODS.https :: Using https module backend
INFO - [G] [CRYPTID] Loading library file misc.lua
INFO - [G] [CRYPTID] Loading library file misprintize.lua
INFO - [G] [CRYPTID] Loading library file modifiers.lua
INFO - [G] 2025-04-03 13:49:13 :: WARN  :: Sticker :: Detected duplicate register call on object perishable
INFO - [G] 2025-04-03 13:49:13 :: WARN  :: Sticker :: Detected duplicate register call on object pinned
INFO - [G] 2025-04-03 13:49:13 :: WARN  :: Sticker :: Detected duplicate register call on object eternal
INFO - [G] 2025-04-03 13:49:13 :: WARN  :: Sticker :: Detected duplicate register call on object rental
INFO - [G] [CRYPTID] Loading library file notifications.lua
INFO - [G] [CRYPTID] Loading library file overrides.lua
INFO - [G] [CRYPTID] Loading library file ui.lua
INFO - [G] [CRYPTID] Loading file achievement.lua
INFO - [G] [CRYPTID] Loading file blind.lua
INFO - [G] [CRYPTID] Loading file challenge.lua
INFO - [G] [CRYPTID] Loading file code.lua
INFO - [G] [CRYPTID] Loading file deck.lua
INFO - [G] [CRYPTID] Loading file enhanced.lua
INFO - [G] [CRYPTID] Loading file epic.lua
INFO - [G] [CRYPTID] Loading file exotic.lua
INFO - [G] [CRYPTID] Loading file joker_display.lua
INFO - [G] [CRYPTID] Loading file m.lua
INFO - [G] [CRYPTID] Loading file misc.lua
INFO - [G] [CRYPTID] Loading file misc_joker.lua
INFO - [G] [CRYPTID] Loading file planet.lua
INFO - [G] [CRYPTID] Loading file sleeve.lua
INFO - [G] [CRYPTID] Loading file spectral.lua
INFO - [G] [CRYPTID] Loading file spooky.lua
INFO - [G] [CRYPTID] Loading file stake.lua
INFO - [G] [CRYPTID] Loading file tag.lua
INFO - [G] [CRYPTID] Loading file test.lua
INFO - [G] [CRYPTID] Loading file voucher.lua
INFO - [G] 2025-04-03 13:49:13 :: WARN  :: Atlas :: Object cry_effarcire has the same key as an existing object, not registering.
INFO - [G] 2025-04-03 13:49:13 :: WARN  :: Atlas :: If you want to modify an existing object, use take_ownership()
INFO - [G] 2025-04-03 13:49:13 :: INFO  :: TIMER :: [0000] Injected Language in 0.002 ms
INFO - [G] 2025-04-03 13:49:13 :: INFO  :: TIMER :: [0000] Injected [INTERNAL] in 41.528 ms
INFO - [G] 2025-04-03 13:49:16 :: INFO  :: TIMER :: [0030] Injected Atlas in 2783.341 ms
INFO - [G] 2025-04-03 13:49:18 :: INFO  :: TIMER :: [0030] Injected Sound in 2427.561 ms
INFO - [G] 2025-04-03 13:49:18 :: INFO  :: TIMER :: [0032] Injected Stake in 1.999 ms
INFO - [G] 2025-04-03 13:49:18 :: INFO  :: TIMER :: [0008] Injected Rarity in 0.093 ms
INFO - [G] 2025-04-03 13:49:18 :: INFO  :: TIMER :: [0010] Injected ObjectType in 0.138 ms
INFO - [G] 2025-04-03 13:49:18 :: INFO  :: TIMER :: [0390] Injected Center in 4.383 ms
INFO - [G] 2025-04-03 13:49:18 :: INFO  :: TIMER :: [0009] Injected Undiscovered Sprite in 0.054 ms
INFO - [G] 2025-04-03 13:49:18 :: INFO  :: TIMER :: [0028] Injected Blind in 0.263 ms
INFO - [G] 2025-04-03 13:49:18 :: INFO  :: TIMER :: [0006] Injected Seal in 0.451 ms
INFO - [G] 2025-04-03 13:49:18 :: INFO  :: TIMER :: [0004] Injected Suit in 0.193 ms
INFO - [G] 2025-04-03 13:49:18 :: INFO  :: TIMER :: [0013] Injected Rank in 0.394 ms
INFO - [G] 2025-04-03 13:49:18 :: INFO  :: TIMER :: [0028] Injected DeckSkin in 0.654 ms
INFO - [G] 2025-04-03 13:49:18 :: INFO  :: TIMER :: [0016] Injected PokerHand in 0.379 ms
INFO - [G] 2025-04-03 13:49:18 :: INFO  :: TIMER :: [0031] Injected Challenge in 0.201 ms
INFO - [G] 2025-04-03 13:49:18 :: INFO  :: TIMER :: [0028] Injected Tag in 0.755 ms
INFO - [G] 2025-04-03 13:49:18 :: INFO  :: TIMER :: [0010] Injected Sticker in 2.076 ms
INFO - [G] 2025-04-03 13:49:19 :: INFO  :: TIMER :: [0009] Injected Shader in 891.250 ms
INFO - [G] 2025-04-03 13:49:19 :: INFO  :: TIMER :: [0002] Injected Keybind in 0.018 ms
INFO - [G] 2025-04-03 13:49:19 :: INFO  :: TIMER :: [0021] Injected Achievement in 0.259 ms
INFO - [G] 2025-04-03 13:49:19 :: INFO  :: TIMER :: [0002] Injected nil in 0.054 ms
INFO - [G] 2025-04-03 13:49:19 :: INFO  :: TIMER :: [0023] Injected Draw Step in 0.375 ms
INFO - [G] 2025-04-03 13:49:19 :: INFO  :: TIMER :: [0000] Injected [INTERNAL] in 100.827 ms
INFO - [G] 2025-04-03 13:49:19 :: INFO  :: TIMER :: [0011] Injected Other in 0.041 ms
INFO - [♥] Applied 1 patch to '=[SMODS _ "smods-https-thread.lua"]'
INFO - [G] 2025-04-03 13:49:26 :: DEBUG :: SMODS.https(1) :: Using https module backend
INFO - [♥] Applied 1 patch to '=[SMODS _ "smods-https-thread.lua"]'
INFO - [G] 2025-04-03 13:50:26 :: DEBUG :: SMODS.https(2) :: Using https module backend
INFO - [♥] Applied 1 patch to '=[SMODS _ "smods-https-thread.lua"]'
INFO - [G] 2025-04-03 13:51:26 :: DEBUG :: SMODS.https(3) :: Using https module backend
INFO - [♥] Applied 1 patch to '=[SMODS _ "smods-https-thread.lua"]'
INFO - [G] 2025-04-03 13:52:27 :: DEBUG :: SMODS.https(4) :: Using https module backend
INFO - [♥] Applied 1 patch to '=[SMODS _ "smods-https-thread.lua"]'
INFO - [G] 2025-04-03 13:53:27 :: DEBUG :: SMODS.https(5) :: Using https module backend
INFO - [♥] Applied 1 patch to '=[SMODS _ "smods-https-thread.lua"]'
INFO - [G] 2025-04-03 13:54:27 :: DEBUG :: SMODS.https(6) :: Using https module backend
INFO - [♥] Applied 1 patch to '=[SMODS _ "smods-https-thread.lua"]'
INFO - [G] 2025-04-03 13:55:28 :: DEBUG :: SMODS.https(7) :: Using https module backend
INFO - [♥] Applied 1 patch to '=[SMODS _ "smods-https-thread.lua"]'
INFO - [G] 2025-04-03 13:56:28 :: DEBUG :: SMODS.https(8) :: Using https module backend
INFO - [♥] Applied 1 patch to '=[SMODS _ "smods-https-thread.lua"]'
INFO - [G] 2025-04-03 13:57:29 :: DEBUG :: SMODS.https(9) :: Using https module backend
INFO - [♥] Applied 1 patch to '=[SMODS _ "smods-https-thread.lua"]'
INFO - [G] 2025-04-03 13:58:29 :: DEBUG :: SMODS.https(10) :: Using https module backend
INFO - [♥] Applied 1 patch to '=[SMODS _ "smods-https-thread.lua"]'
INFO - [G] 2025-04-03 13:59:29 :: DEBUG :: SMODS.https(11) :: Using https module backend
INFO - [♥] Applied 1 patch to '=[SMODS _ "smods-https-thread.lua"]'
INFO - [G] 2025-04-03 14:00:30 :: DEBUG :: SMODS.https(12) :: Using https module backend
INFO - [♥] Applied 1 patch to '=[SMODS _ "smods-https-thread.lua"]'
INFO - [G] 2025-04-03 14:01:30 :: DEBUG :: SMODS.https(13) :: Using https module backend
INFO - [♥] Applied 1 patch to '=[SMODS _ "smods-https-thread.lua"]'
INFO - [G] 2025-04-03 14:02:30 :: DEBUG :: SMODS.https(14) :: Using https module backend
INFO - [G] LONG DT @ 837: 0.054540750850956
INFO - [G] LONG DT @ 855: 0.1
INFO - [G] LONG DT @ 855: 0.1
INFO - [G] LONG DT @ 855: 0.1
INFO - [G] LONG DT @ 855: 0.1
INFO - [G] LONG DT @ 855: 0.1
INFO - [G] LONG DT @ 855: 0.1
INFO - [G] LONG DT @ 855: 0.1
INFO - [G] LONG DT @ 856: 0.1
INFO - [♥] Applied 1 patch to '=[SMODS _ "smods-https-thread.lua"]'
INFO - [G] 2025-04-03 14:03:44 :: DEBUG :: SMODS.https(15) :: Using https module backend
INFO - [G] LONG DT @ 856: 0.1
INFO - [G] LONG DT @ 856: 0.1
INFO - [G] LONG DT @ 856: 0.1
INFO - [G] LONG DT @ 856: 0.1
INFO - [G] LONG DT @ 856: 0.1
INFO - [G] LONG DT @ 856: 0.1
INFO - [G] LONG DT @ 856: 0.1
INFO - [G] LONG DT @ 856: 0.1
INFO - [G] LONG DT @ 856: 0.1
INFO - [G] LONG DT @ 857: 0.1
INFO - [G] LONG DT @ 857: 0.1
INFO - [G] LONG DT @ 857: 0.1
INFO - [G] LONG DT @ 857: 0.1
INFO - [G] LONG DT @ 857: 0.1
INFO - [G] LONG DT @ 857: 0.1
INFO - [G] LONG DT @ 857: 0.1
INFO - [G] LONG DT @ 857: 0.1
INFO - [G] LONG DT @ 857: 0.1
INFO - [G] LONG DT @ 857: 0.1
INFO - [G] LONG DT @ 858: 0.1
INFO - [G] LONG DT @ 858: 0.1
INFO - [G] LONG DT @ 858: 0.1
INFO - [G] LONG DT @ 858: 0.1
INFO - [G] LONG DT @ 858: 0.1
INFO - [G] LONG DT @ 858: 0.1
INFO - [G] LONG DT @ 858: 0.1
INFO - [G] LONG DT @ 858: 0.1
INFO - [G] LONG DT @ 858: 0.1
INFO - [G] LONG DT @ 858: 0.1
INFO - [G] LONG DT @ 859: 0.1
INFO - [G] LONG DT @ 859: 0.1
INFO - [G] LONG DT @ 859: 0.1
INFO - [G] LONG DT @ 859: 0.1
INFO - [G] LONG DT @ 859: 0.1
INFO - [G] LONG DT @ 859: 0.1
INFO - [G] LONG DT @ 859: 0.1
INFO - [G] LONG DT @ 859: 0.1
INFO - [G] LONG DT @ 859: 0.1
INFO - [G] LONG DT @ 859: 0.1
INFO - [G] LONG DT @ 860: 0.1
INFO - [G] LONG DT @ 860: 0.1
INFO - [G] LONG DT @ 860: 0.1
INFO - [G] LONG DT @ 860: 0.1
INFO - [G] LONG DT @ 860: 0.1
INFO - [G] LONG DT @ 860: 0.1
INFO - [G] LONG DT @ 860: 0.1
INFO - [G] LONG DT @ 860: 0.1
INFO - [G] LONG DT @ 860: 0.1
INFO - [G] LONG DT @ 860: 0.1
INFO - [G] LONG DT @ 861: 0.1
INFO - [G] LONG DT @ 861: 0.1
INFO - [G] LONG DT @ 861: 0.1
INFO - [G] LONG DT @ 861: 0.1
INFO - [G] LONG DT @ 861: 0.1
INFO - [G] LONG DT @ 861: 0.1
INFO - [G] LONG DT @ 861: 0.1
INFO - [G] LONG DT @ 861: 0.1
INFO - [G] LONG DT @ 861: 0.1
INFO - [G] LONG DT @ 861: 0.1
INFO - [G] LONG DT @ 862: 0.1
INFO - [G] LONG DT @ 862: 0.1
INFO - [G] LONG DT @ 862: 0.1
INFO - [G] LONG DT @ 862: 0.1
INFO - [G] LONG DT @ 862: 0.1
INFO - [G] LONG DT @ 862: 0.1
INFO - [G] LONG DT @ 862: 0.1
INFO - [G] LONG DT @ 862: 0.1
INFO - [G] LONG DT @ 862: 0.1
INFO - [G] LONG DT @ 862: 0.1
INFO - [G] LONG DT @ 863: 0.1
INFO - [G] LONG DT @ 863: 0.1
INFO - [G] LONG DT @ 863: 0.1
INFO - [G] LONG DT @ 863: 0.1
INFO - [G] LONG DT @ 863: 0.1
INFO - [G] LONG DT @ 863: 0.1
INFO - [G] LONG DT @ 863: 0.1
INFO - [G] LONG DT @ 863: 0.1
INFO - [G] LONG DT @ 863: 0.1
INFO - [G] LONG DT @ 863: 0.1
INFO - [G] LONG DT @ 864: 0.1
INFO - [G] LONG DT @ 864: 0.1
INFO - [G] LONG DT @ 864: 0.1
INFO - [G] LONG DT @ 864: 0.1
INFO - [G] LONG DT @ 864: 0.1
INFO - [G] LONG DT @ 864: 0.1
INFO - [G] LONG DT @ 864: 0.1
INFO - [G] LONG DT @ 864: 0.1
INFO - [G] LONG DT @ 864: 0.1
INFO - [G] LONG DT @ 864: 0.1
INFO - [G] LONG DT @ 865: 0.1
INFO - [G] LONG DT @ 865: 0.1
INFO - [G] LONG DT @ 865: 0.1
INFO - [G] LONG DT @ 865: 0.1
INFO - [G] LONG DT @ 865: 0.1
INFO - [G] LONG DT @ 865: 0.1
INFO - [G] LONG DT @ 865: 0.1
INFO - [G] LONG DT @ 865: 0.1
INFO - [G] LONG DT @ 865: 0.1
INFO - [G] LONG DT @ 865: 0.1
INFO - [G] LONG DT @ 866: 0.1
INFO - [G] LONG DT @ 866: 0.1
INFO - [G] LONG DT @ 866: 0.1
INFO - [G] LONG DT @ 866: 0.1
INFO - [G] LONG DT @ 866: 0.1
INFO - [G] LONG DT @ 866: 0.1
INFO - [G] LONG DT @ 866: 0.1
INFO - [G] LONG DT @ 866: 0.1
INFO - [G] LONG DT @ 866: 0.1
INFO - [G] LONG DT @ 866: 0.1
INFO - [G] LONG DT @ 867: 0.1
INFO - [G] LONG DT @ 867: 0.1
INFO - [G] LONG DT @ 867: 0.1
INFO - [G] LONG DT @ 867: 0.1
INFO - [G] LONG DT @ 867: 0.1
INFO - [G] LONG DT @ 867: 0.1
INFO - [G] LONG DT @ 867: 0.1
INFO - [G] LONG DT @ 867: 0.1
INFO - [G] LONG DT @ 867: 0.1
INFO - [G] LONG DT @ 867: 0.1
INFO - [G] LONG DT @ 868: 0.1
INFO - [G] LONG DT @ 868: 0.1
INFO - [G] LONG DT @ 868: 0.1
INFO - [G] LONG DT @ 868: 0.1
INFO - [G] LONG DT @ 868: 0.1
INFO - [G] LONG DT @ 868: 0.1
INFO - [G] LONG DT @ 868: 0.1
INFO - [G] LONG DT @ 868: 0.1
INFO - [G] LONG DT @ 868: 0.1
INFO - [G] LONG DT @ 868: 0.1
INFO - [G] LONG DT @ 869: 0.1
INFO - [G] LONG DT @ 869: 0.1
INFO - [G] LONG DT @ 869: 0.1
INFO - [G] LONG DT @ 869: 0.1
INFO - [G] LONG DT @ 869: 0.1
INFO - [G] LONG DT @ 869: 0.1
INFO - [G] LONG DT @ 869: 0.1
INFO - [G] LONG DT @ 869: 0.1
INFO - [G] LONG DT @ 869: 0.1
INFO - [G] LONG DT @ 869: 0.1
INFO - [G] LONG DT @ 870: 0.1
INFO - [G] LONG DT @ 870: 0.1
INFO - [G] LONG DT @ 870: 0.1
INFO - [G] LONG DT @ 870: 0.1
INFO - [G] LONG DT @ 870: 0.1
INFO - [G] LONG DT @ 870: 0.1
INFO - [G] LONG DT @ 870: 0.1
INFO - [G] LONG DT @ 870: 0.1
INFO - [G] LONG DT @ 870: 0.1
INFO - [G] LONG DT @ 870: 0.1
INFO - [G] LONG DT @ 871: 0.1
INFO - [G] LONG DT @ 871: 0.1
INFO - [G] LONG DT @ 871: 0.1
INFO - [G] LONG DT @ 871: 0.1
INFO - [G] LONG DT @ 871: 0.1
INFO - [G] LONG DT @ 871: 0.1
INFO - [G] LONG DT @ 871: 0.1
INFO - [G] LONG DT @ 871: 0.1
INFO - [G] LONG DT @ 871: 0.1
INFO - [G] LONG DT @ 871: 0.1
INFO - [G] LONG DT @ 872: 0.1
INFO - [G] LONG DT @ 872: 0.1
INFO - [G] LONG DT @ 872: 0.1
INFO - [G] LONG DT @ 872: 0.1
INFO - [G] LONG DT @ 872: 0.1
INFO - [G] LONG DT @ 872: 0.1
INFO - [G] LONG DT @ 872: 0.1
INFO - [G] LONG DT @ 872: 0.1
INFO - [G] LONG DT @ 872: 0.1
INFO - [G] LONG DT @ 872: 0.1
INFO - [G] LONG DT @ 873: 0.1
INFO - [G] LONG DT @ 873: 0.1
INFO - [G] LONG DT @ 873: 0.1
INFO - [G] LONG DT @ 873: 0.1
INFO - [G] LONG DT @ 873: 0.1
INFO - [G] LONG DT @ 873: 0.1
INFO - [G] LONG DT @ 873: 0.1
INFO - [G] LONG DT @ 873: 0.1
INFO - [G] LONG DT @ 873: 0.1
INFO - [G] LONG DT @ 873: 0.1
INFO - [G] LONG DT @ 874: 0.1
INFO - [G] LONG DT @ 874: 0.1
INFO - [G] LONG DT @ 874: 0.1
INFO - [G] LONG DT @ 874: 0.1
INFO - [G] LONG DT @ 874: 0.1
INFO - [G] LONG DT @ 874: 0.1
INFO - [G] LONG DT @ 874: 0.1
INFO - [G] LONG DT @ 874: 0.1
INFO - [G] LONG DT @ 874: 0.1
INFO - [G] LONG DT @ 874: 0.1
INFO - [G] LONG DT @ 875: 0.1
INFO - [G] LONG DT @ 875: 0.1
INFO - [G] LONG DT @ 875: 0.1
INFO - [G] LONG DT @ 875: 0.1
INFO - [G] LONG DT @ 875: 0.1
INFO - [G] LONG DT @ 875: 0.1
INFO - [G] LONG DT @ 875: 0.1
INFO - [G] LONG DT @ 875: 0.1
INFO - [G] LONG DT @ 875: 0.1
INFO - [G] LONG DT @ 875: 0.1
INFO - [G] LONG DT @ 876: 0.1
INFO - [G] LONG DT @ 876: 0.1
INFO - [G] LONG DT @ 876: 0.1
INFO - [G] LONG DT @ 876: 0.1
INFO - [G] LONG DT @ 876: 0.1
INFO - [G] LONG DT @ 876: 0.1
INFO - [G] LONG DT @ 876: 0.1
INFO - [G] LONG DT @ 876: 0.1
INFO - [G] LONG DT @ 876: 0.1
INFO - [G] LONG DT @ 876: 0.1
INFO - [G] LONG DT @ 877: 0.1
INFO - [G] LONG DT @ 877: 0.1
INFO - [♥] Applied 1 patch to '=[SMODS _ "smods-https-thread.lua"]'
INFO - [G] 2025-04-03 14:05:25 :: DEBUG :: SMODS.https(16) :: Using https module backend
INFO - [G] LONG DT @ 877: 0.1
INFO - [G] LONG DT @ 877: 0.1
INFO - [G] LONG DT @ 877: 0.1
INFO - [G] LONG DT @ 877: 0.1
INFO - [G] LONG DT @ 877: 0.1
INFO - [G] LONG DT @ 877: 0.1
INFO - [G] LONG DT @ 877: 0.1
INFO - [G] LONG DT @ 877: 0.1
INFO - [G] LONG DT @ 878: 0.1
INFO - [G] LONG DT @ 878: 0.1
INFO - [G] LONG DT @ 878: 0.1
INFO - [G] LONG DT @ 878: 0.1
INFO - [G] LONG DT @ 878: 0.1
INFO - [G] LONG DT @ 878: 0.1
INFO - [G] LONG DT @ 878: 0.1
INFO - [G] LONG DT @ 878: 0.1
INFO - [G] LONG DT @ 878: 0.1
INFO - [G] LONG DT @ 878: 0.1
INFO - [G] LONG DT @ 879: 0.1
INFO - [G] LONG DT @ 879: 0.1
INFO - [G] LONG DT @ 879: 0.1
INFO - [G] LONG DT @ 879: 0.1
INFO - [G] LONG DT @ 879: 0.1
INFO - [G] LONG DT @ 879: 0.1
INFO - [G] LONG DT @ 879: 0.1
INFO - [G] LONG DT @ 879: 0.1
INFO - [G] LONG DT @ 879: 0.1
INFO - [G] LONG DT @ 879: 0.1
INFO - [G] LONG DT @ 880: 0.1
INFO - [G] LONG DT @ 880: 0.1
INFO - [G] LONG DT @ 880: 0.1
INFO - [G] LONG DT @ 880: 0.1
INFO - [G] LONG DT @ 880: 0.1
INFO - [G] LONG DT @ 880: 0.1
INFO - [G] LONG DT @ 880: 0.1
INFO - [G] LONG DT @ 880: 0.1
INFO - [G] LONG DT @ 880: 0.1
INFO - [G] LONG DT @ 880: 0.1
INFO - [G] LONG DT @ 881: 0.1
INFO - [G] LONG DT @ 881: 0.1
INFO - [G] LONG DT @ 881: 0.1
INFO - [G] LONG DT @ 881: 0.1
INFO - [G] LONG DT @ 881: 0.1
INFO - [G] LONG DT @ 881: 0.1
INFO - [G] LONG DT @ 881: 0.1
INFO - [G] LONG DT @ 881: 0.1
INFO - [G] LONG DT @ 881: 0.1
INFO - [G] LONG DT @ 881: 0.1
INFO - [G] LONG DT @ 882: 0.1
INFO - [G] LONG DT @ 882: 0.1
INFO - [G] LONG DT @ 882: 0.1
INFO - [G] LONG DT @ 882: 0.1
INFO - [G] LONG DT @ 882: 0.1
INFO - [G] LONG DT @ 882: 0.1
INFO - [G] LONG DT @ 882: 0.1
INFO - [G] LONG DT @ 882: 0.1
INFO - [G] LONG DT @ 882: 0.1
INFO - [G] LONG DT @ 882: 0.1
INFO - [G] LONG DT @ 883: 0.1
INFO - [G] LONG DT @ 883: 0.1
INFO - [G] LONG DT @ 883: 0.1
INFO - [G] LONG DT @ 883: 0.1
INFO - [G] LONG DT @ 883: 0.1
INFO - [G] LONG DT @ 883: 0.1
INFO - [G] LONG DT @ 883: 0.1
INFO - [G] LONG DT @ 883: 0.1
INFO - [G] LONG DT @ 883: 0.1
INFO - [G] LONG DT @ 883: 0.1
INFO - [G] LONG DT @ 884: 0.1
INFO - [G] LONG DT @ 884: 0.1
INFO - [G] LONG DT @ 884: 0.1
INFO - [G] LONG DT @ 884: 0.1
INFO - [G] LONG DT @ 884: 0.1
INFO - [G] LONG DT @ 884: 0.1
INFO - [G] LONG DT @ 884: 0.1
INFO - [G] LONG DT @ 884: 0.1
INFO - [G] LONG DT @ 884: 0.1
INFO - [G] LONG DT @ 884: 0.1
INFO - [G] LONG DT @ 885: 0.1
INFO - [G] LONG DT @ 885: 0.1
INFO - [G] LONG DT @ 885: 0.1
INFO - [G] LONG DT @ 885: 0.1
INFO - [G] LONG DT @ 885: 0.1
INFO - [G] LONG DT @ 885: 0.1
INFO - [G] LONG DT @ 885: 0.1
INFO - [G] LONG DT @ 885: 0.1
INFO - [G] LONG DT @ 885: 0.1
INFO - [G] LONG DT @ 885: 0.1
INFO - [G] LONG DT @ 886: 0.1
INFO - [G] LONG DT @ 886: 0.1
INFO - [G] LONG DT @ 886: 0.1
INFO - [G] LONG DT @ 886: 0.1
INFO - [G] LONG DT @ 886: 0.1
INFO - [G] LONG DT @ 886: 0.1
INFO - [G] LONG DT @ 886: 0.1
INFO - [G] LONG DT @ 886: 0.1
INFO - [G] LONG DT @ 886: 0.1
INFO - [G] LONG DT @ 886: 0.1
INFO - [G] LONG DT @ 887: 0.1
INFO - [G] LONG DT @ 887: 0.1
INFO - [G] LONG DT @ 887: 0.1
INFO - [G] LONG DT @ 887: 0.1
INFO - [G] LONG DT @ 887: 0.1
INFO - [G] LONG DT @ 887: 0.1
INFO - [G] LONG DT @ 887: 0.1
INFO - [G] LONG DT @ 887: 0.1
INFO - [G] LONG DT @ 887: 0.1
INFO - [G] LONG DT @ 887: 0.1
INFO - [G] LONG DT @ 888: 0.1
INFO - [G] LONG DT @ 888: 0.1
INFO - [G] LONG DT @ 888: 0.1
INFO - [G] LONG DT @ 888: 0.1
INFO - [G] LONG DT @ 888: 0.1
INFO - [G] LONG DT @ 888: 0.1
INFO - [G] LONG DT @ 888: 0.1
INFO - [G] LONG DT @ 888: 0.1
INFO - [G] LONG DT @ 888: 0.1
INFO - [G] LONG DT @ 888: 0.1
INFO - [G] LONG DT @ 889: 0.1
INFO - [G] LONG DT @ 889: 0.1
INFO - [G] LONG DT @ 889: 0.1
INFO - [G] LONG DT @ 889: 0.1
INFO - [G] LONG DT @ 889: 0.1
INFO - [G] LONG DT @ 889: 0.1
INFO - [G] LONG DT @ 889: 0.1
INFO - [G] LONG DT @ 889: 0.1
INFO - [G] LONG DT @ 889: 0.1
INFO - [G] LONG DT @ 889: 0.1
INFO - [G] LONG DT @ 890: 0.1
INFO - [G] LONG DT @ 890: 0.1
INFO - [G] LONG DT @ 890: 0.1
INFO - [G] LONG DT @ 890: 0.1
INFO - [G] LONG DT @ 890: 0.1
INFO - [G] LONG DT @ 890: 0.1
INFO - [G] LONG DT @ 890: 0.1
INFO - [G] LONG DT @ 890: 0.1
INFO - [G] LONG DT @ 890: 0.1
INFO - [G] LONG DT @ 890: 0.1
INFO - [G] LONG DT @ 891: 0.1
INFO - [G] LONG DT @ 891: 0.1
INFO - [G] LONG DT @ 891: 0.1
INFO - [G] LONG DT @ 891: 0.1
INFO - [G] LONG DT @ 891: 0.1
INFO - [G] LONG DT @ 891: 0.1
INFO - [G] LONG DT @ 891: 0.1
INFO - [G] LONG DT @ 891: 0.1
INFO - [G] LONG DT @ 891: 0.1
INFO - [G] LONG DT @ 891: 0.1
INFO - [G] LONG DT @ 892: 0.1
INFO - [G] LONG DT @ 892: 0.1
INFO - [G] LONG DT @ 892: 0.1
INFO - [G] LONG DT @ 892: 0.1
INFO - [G] LONG DT @ 892: 0.1
INFO - [G] LONG DT @ 892: 0.1
INFO - [G] LONG DT @ 892: 0.1
INFO - [G] LONG DT @ 892: 0.1
INFO - [G] LONG DT @ 892: 0.1
