INFO - [♥] Lovely 0.7.1
INFO - [♥] Game directory is at "C:\\Users\\easto\\Downloads\\Balatro.v1.0.1o\\Balatro.v1.0.1o\\game"
INFO - [♥] Writing logs to "C:\\Users\\easto\\AppData\\Roaming\\Balatro\\Mods\\lovely\\log"
INFO - [♥] Using mod directory at "C:\\Users\\easto\\AppData\\Roaming\\Balatro\\Mods"
INFO - [♥] Found .lovelyignore in 'ExtraCredit', skipping it.
WARN - [♥] Unknown key `patches.21.?.match_indent` found in patch file at "C:\\Users\\easto\\AppData\\Roaming\\Balatro\\Mods\\Cryptid\\lovely\\code.toml", ignoring it
WARN - [♥] Unknown key `patches.17.?.match_indent` found in patch file at "C:\\Users\\easto\\AppData\\Roaming\\Balatro\\Mods\\HandyBalatro\\lovely.toml", ignoring it
WARN - [♥] Unknown key `patches.17.?.overwrite` found in patch file at "C:\\Users\\easto\\AppData\\Roaming\\Balatro\\Mods\\HandyBalatro\\lovely.toml", ignoring it
WARN - [♥] Unknown key `patches.9.?.match_indent` found in patch file at "C:\\Users\\easto\\AppData\\Roaming\\Balatro\\Mods\\Jen\\lovely.toml", ignoring it
WARN - [♥] Unknown key `patches.10.?.match_indent` found in patch file at "C:\\Users\\easto\\AppData\\Roaming\\Balatro\\Mods\\Jen\\lovely.toml", ignoring it
WARN - [♥] Unknown key `patches.49.?.match_indent` found in patch file at "C:\\Users\\easto\\AppData\\Roaming\\Balatro\\Mods\\Talisman\\lovely.toml", ignoring it
WARN - [♥] Unknown key `patches.52.?.match_indent` found in patch file at "C:\\Users\\easto\\AppData\\Roaming\\Balatro\\Mods\\Talisman\\lovely.toml", ignoring it
INFO - [♥] Cleaning up dumps directory at "C:\\Users\\easto\\AppData\\Roaming\\Balatro\\Mods\\lovely\\dump"
INFO - [♥] Initialization complete in 12614ms
INFO - [♥] Applied 1 patch to 'conf.lua'
WARN - [♥] Pattern 'G.ARGS.score_intensity.organ = G.video_organ or G.ARGS.score_intensity.required_score > 0 and math.max(math.min(0.4, 0.1*math.log(G.ARGS.score_intensity.earned_score/(G.ARGS.score_intensity.required_score+1), 5)),0.) or 0' on target 'main.lua' for pattern patch from Talisman\lovely.toml resulted in no matches
WARN - [♥] Pattern 'if type(G.GAME.current_round.current_hand.chips) ~= \'number\' or type(G.GAME.current_round.current_hand.mult) ~= \'number\' then' on target 'main.lua' for pattern patch from Talisman\lovely.toml resulted in no matches
WARN - [♥] Pattern 'assert(load(nfs.read(Saturn.PATH .. \"/core/logic/hide_played.lua\")))()' on target 'main.lua' for pattern patch from Cartomancer\lovely\saturn-compat.toml resulted in no matches
WARN - [♥] Pattern 'modded and {' on target 'main.lua' for pattern patch from Cartomancer\lovely\stackable-deck-steamodded-0.9.8.toml resulted in no matches
INFO - [♥] Applied 43 patches to 'main.lua'
INFO - [♥] Applied 3 patches to 'engine/string_packer.lua'
INFO - [♥] Applied 20 patches to 'engine/controller.lua'
INFO - [♥] Applied 21 patches to 'back.lua'
INFO - [♥] Applied 18 patches to 'tag.lua'
INFO - [♥] Applied 1 patch to 'engine/node.lua'
INFO - [♥] Applied 2 patches to 'engine/moveable.lua'
INFO - [♥] Applied 2 patches to 'engine/sprite.lua'
INFO - [♥] Applied 2 patches to 'engine/animatedsprite.lua'
WARN - [♥] Pattern 'assembled_string = assembled_string..(type(subpart) == \'string\' and subpart or args.vars[tonumber(subpart[1])] or \'ERROR\')' on target 'functions/misc_functions.lua' for pattern patch from Talisman\lovely.toml resulted in no matches
WARN - [♥] Pattern 'G.ARGS.score_intensity.organ = G.video_organ or G.ARGS.score_intensity.required_score > 0 and math.max(math.min(0.4, 0.1*math.log(G.ARGS.score_intensity.earned_score/(G.ARGS.score_intensity.required_score+1), 5)),0.) or 0' on target 'functions/misc_functions.lua' for pattern patch from Jen\lovely.toml resulted in no matches
INFO - [♥] Applied 62 patches to 'functions/misc_functions.lua'
WARN - [♥] Pattern 'for i = 1, 2 do' on target 'game.lua' for pattern patch from Cryptid\lovely\stake.toml resulted in no matches
WARN - [♥] Pattern 'create_shop_card_ui(card, \'Voucher\', G.shop_vouchers)' on target 'game.lua' for pattern patch from Cryptid\lovely\stake.toml resulted in no matches
WARN - [♥] Pattern 'self.GAME.current_round.voucher = G.SETTINGS.tutorial_progress and G.SETTINGS.tutorial_progress.forced_voucher or SMODS.get_next_vouchers()' on target 'game.lua' for pattern patch from Cryptid\lovely\very_fair.toml resulted in no matches
WARN - [♥] Pattern 'self.GAME.current_round.voucher = G.SETTINGS.tutorial_progress and G.SETTINGS.tutorial_progress.forced_voucher or get_next_voucher_key()' on target 'game.lua' for pattern patch from Cryptid\lovely\Voucher.toml resulted in no matches
WARN - [♥] Pattern 'if Big:new(G.GAME.chips) >= Big:new(G.GAME.blind.chips) or G.GAME.current_round.hands_left < 1 then' on target 'game.lua' for pattern patch from NotJustYet\lovely.toml resulted in no matches
WARN - [♥] Pattern 'if to_big(G.GAME.chips) >= to_big(G.GAME.blind.chips) or G.GAME.current_round.hands_left <= 0 then' on target 'game.lua' for pattern patch from NotJustYet\lovely.toml resulted in no matches
WARN - [♥] Pattern 'if G.GAME.chips - G.GAME.blind.chips >= 0 or G.GAME.current_round.hands_left < 1 then' on target 'game.lua' for pattern patch from Talisman\lovely.toml resulted in no matches
WARN - [♥] Regex 'card\\:start_materialize\\(\\)\\n\\s+G\\.shop_vouchers\\:emplace\\(card\\)\\n\\s+end' on target 'game.lua' for regex patch from Cryptid\lovely\Voucher.toml resulted in no matches
INFO - [♥] Applied 122 patches to 'game.lua'
INFO - [♥] Applied 4 patches to 'globals.lua'
WARN - [♥] Pattern 'self.config.chosen = true' on target 'engine/ui.lua' for pattern patch from Cartomancer\lovely\vanilla-ui.toml resulted in no matches
INFO - [♥] Applied 7 patches to 'engine/ui.lua'
WARN - [♥] Pattern 'G.GAME.shop.joker_max*1.02*G.CARD_W,' on target 'functions/UI_definitions.lua' for pattern patch from Cryptid\lovely\equilibrium.toml resulted in no matches
WARN - [♥] Pattern '{n=G.UIT.T, config={text = G.GAME.hands[handname].chips, scale = 0.45, colour = G.C.UI.TEXT_LIGHT}},' on target 'functions/UI_definitions.lua' for pattern patch from Talisman\lovely.toml resulted in no matches
WARN - [♥] Pattern '{n=G.UIT.T, config={text = G.GAME.hands[handname].mult, scale = 0.45, colour = G.C.UI.TEXT_LIGHT}}' on target 'functions/UI_definitions.lua' for pattern patch from Talisman\lovely.toml resulted in no matches
WARN - [♥] Pattern 'create_option_cycle({label = localize(\'b_set_gamespeed\'),scale = 0.8, options = {0.5, 1, 2, 4}, opt_callback = \'change_gamespeed\', current_option = (G.SETTINGS.GAMESPEED == 0.5 and 1 or G.SETTINGS.GAMESPEED == 4 and 4 or G.SETTINGS.GAMESPEED + 1)}),' on target 'functions/UI_definitions.lua' for pattern patch from Nopeus\lovely.toml resulted in no matches
WARN - [♥] Pattern 'button = not G.SETTINGS.tutorial_complete and \"start_run\" or \"setup_run\"' on target 'functions/UI_definitions.lua' for pattern patch from Jen\lovely.toml resulted in no matches
WARN - [♥] Pattern 'label = {localize(\'b_play_cap\')}' on target 'functions/UI_definitions.lua' for pattern patch from Jen\lovely.toml resulted in no matches
INFO - [♥] Applied 142 patches to 'functions/UI_definitions.lua'
WARN - [♥] Pattern 'ease_to = G.GAME.chips + math.floor(hand_chips * mult) * (e and e.antiscore and -1 or 1),' on target 'functions/state_events.lua' for pattern patch from Cryptid\lovely\blind.toml resulted in no matches
WARN - [♥] Pattern 'if reps[j] ~= 1 then' on target 'functions/state_events.lua' for pattern patch from Cryptid\lovely\misc.toml resulted in no matches
WARN - [♥] Pattern 'for i=1, #G.jokers.cards + #G.consumeables.cards do' on target 'functions/state_events.lua' for pattern patch from Cryptid\lovely\misc.toml resulted in no matches
WARN - [♥] Pattern 'local effects = {[1] = {playing_card = G.hand.cards[i]:get_end_of_round_effect()}}' on target 'functions/state_events.lua' for pattern patch from Cryptid\lovely\stake.toml resulted in no matches
WARN - [♥] Pattern 'G.GAME.current_round.voucher = get_next_voucher_key()' on target 'functions/state_events.lua' for pattern patch from Cryptid\lovely\sticker.toml resulted in no matches
WARN - [♥] Pattern 'G.GAME.current_round.voucher = get_next_voucher_key()' on target 'functions/state_events.lua' for pattern patch from Cryptid\lovely\Voucher.toml resulted in no matches
WARN - [♥] Pattern 'if effects[ii].card then' on target 'functions/state_events.lua' for pattern patch from Talisman\lovely.toml resulted in no matches
WARN - [♥] Pattern 'if effects.jokers.Xmult_mod then mult = mod_mult(mult*effects.jokers.Xmult_mod);extras.mult = true  end' on target 'functions/state_events.lua' for pattern patch from Talisman\lovely.toml resulted in no matches
WARN - [♥] Pattern 'if effect.Xmult_mod then mult = mod_mult(mult*effect.Xmult_mod);extras.mult = true  end' on target 'functions/state_events.lua' for pattern patch from Talisman\lovely.toml resulted in no matches
WARN - [♥] Pattern 'if effects[ii].message then' on target 'functions/state_events.lua' for pattern patch from Talisman\lovely.toml resulted in no matches
WARN - [♥] Pattern '--calculate the card edition effects' on target 'functions/state_events.lua' for pattern patch from Talisman\lovely.toml resulted in no matches
WARN - [♥] Pattern 'if effects[ii].edition.p_dollars_mod then' on target 'functions/state_events.lua' for pattern patch from Talisman\lovely.toml resulted in no matches
WARN - [♥] Pattern 'if edition_effects.jokers.x_mult_mod then' on target 'functions/state_events.lua' for pattern patch from Talisman\lovely.toml resulted in no matches
WARN - [♥] Pattern 'if SMODS.has_enhancement(scoring_hand[i], \'m_glass\') and not scoring_hand[i].debuff and pseudorandom(\'glass\') < G.GAME.probabilities.normal/(scoring_hand[i].ability.name == \'Glass Card\' and scoring_hand[i].ability.extra or G.P_CENTERS.m_glass.config.extra) then' on target 'functions/state_events.lua' for pattern patch from Cryptid\lovely\Probability.toml resulted in no matches
WARN - [♥] Regex '(?<indent>[\\t ]*)if destroyed then \\n' on target 'functions/state_events.lua' for regex patch from Cryptid\lovely\seal.toml resulted in no matches
WARN - [♥] Regex 'to_big\\(hand_chips\\)\\*mult' on target 'functions/state_events.lua' for regex patch from Jen\lovely.toml resulted in no matches
INFO - [♥] Applied 89 patches to 'functions/state_events.lua'
WARN - [♥] Pattern '{n=G.UIT.T, config={text = localize(\'$\')..config.dollars, scale = 1.2*scale, colour = G.C.WHITE, shadow = true, juice = true}}' on target 'functions/common_events.lua' for pattern patch from Cryptid\lovely\code.toml resulted in no matches
WARN - [♥] Pattern 'G.shop_jokers.T.w = G.GAME.shop.joker_max*1.01*G.CARD_W' on target 'functions/common_events.lua' for pattern patch from Cryptid\lovely\equilibrium.toml resulted in no matches
WARN - [♥] Pattern 'function generate_card_ui(_c, full_UI_table, specific_vars, card_type, badges, hide_desc, main_start, main_end)' on target 'functions/common_events.lua' for pattern patch from Cryptid\lovely\lib_misc.toml resulted in no matches
WARN - [♥] Pattern 'elseif v.boss.showdown and (G.GAME.round_resets.ante)%G.GAME.win_ante == 0 and G.GAME.round_resets.ante >= 2 then' on target 'functions/common_events.lua' for pattern patch from Cryptid\lovely\stake.toml resulted in no matches
WARN - [♥] Pattern 'if num_dollars > 60 then' on target 'functions/common_events.lua' for pattern patch from Talisman\lovely.toml resulted in no matches
WARN - [♥] Pattern 'func = (function() if eval_func(card) then if not first or first then card:juice_up(0.1, 0.1) end;juice_card_until(card, eval_func, nil, 0.8) end return true end)' on target 'functions/common_events.lua' for pattern patch from Talisman\lovely.toml resulted in no matches
WARN - [♥] Pattern 'if context.cardarea == G.play then' on target 'functions/common_events.lua' for pattern patch from Jen\lovely.toml resulted in no matches
WARN - [♥] Pattern '        local chips = card:get_chip_bonus()\n        if chips > 0 then \n            ret.chips = chips\n        end\n\n        local mult = card:get_chip_mult()\n        if mult > 0 then \n            ret.mult = mult\n        end\n' on target 'functions/common_events.lua' for pattern patch from Jen\lovely.toml resulted in no matches
INFO - [♥] Applied 193 patches to 'functions/common_events.lua'
WARN - [♥] Pattern 'if ((G.GAME.dollars-G.GAME.bankrupt_at) - 10 >= 0) and' on target 'functions/button_callbacks.lua' for pattern patch from Talisman\lovely.toml resulted in no matches
WARN - [♥] Pattern 'if #G.hand.highlighted <= 0 or G.GAME.blind.block_play or #G.hand.highlighted > 5 then' on target 'functions/button_callbacks.lua' for pattern patch from CardSleeves\lovely\expected_to_fail.toml resulted in no matches
INFO - [♥] Applied 81 patches to 'functions/button_callbacks.lua'
WARN - [♥] Pattern 'if G.GAME.blind and G.GAME.blind.in_blind then G.E_MANAGER:add_event(Event({ func = function() G.GAME.blind:set_blind(nil, true, nil); return true end })) end' on target 'card.lua' for pattern patch from Steamodded\lovely\calculate_card_added.toml resulted in 2 matches, wanted 1
WARN - [♥] Ignoring excess matches
WARN - [♥] Pattern 'if self.ability.name == \'Campfire\' and G.GAME.blind.boss and not (G.GAME.blind.config and G.GAME.blind.config.bonus) and self.ability.x_mult > 1 then' on target 'card.lua' for pattern patch from Cryptid\lovely\misc.toml resulted in no matches
WARN - [♥] Pattern 'if self.ability.name:find(\'Arcana\') then' on target 'card.lua' for pattern patch from Cryptid\lovely\misprint.toml resulted in no matches
WARN - [♥] Pattern 'if self.ability.name == \'The Hermit\' or self.ability.consumeable.hand_type or self.ability.name == \'Temperance\' or self.ability.name == \'Black Hole\' then' on target 'card.lua' for pattern patch from Cryptid\lovely\stake.toml resulted in no matches
WARN - [♥] Pattern 'if self.ability.queue_negative_removal then' on target 'card.lua' for pattern patch from Cryptid\lovely\sticker.toml resulted in no matches
WARN - [♥] Pattern 'G.GAME.current_round.voucher = nil' on target 'card.lua' for pattern patch from Cryptid\lovely\Voucher.toml resulted in no matches
WARN - [♥] Pattern 'Xmult_mod = G.P_CENTERS.v_observatory.config.extra' on target 'card.lua' for pattern patch from Incantation\lovely.toml resulted in no matches
WARN - [♥] Pattern 'if G.GAME.blind then G.E_MANAGER:add_event(Event({ func = function() G.GAME.blind:set_blind(nil, true, nil); return true end })) end' on target 'card.lua' for pattern patch from Talisman\lovely.toml resulted in no matches
WARN - [♥] Pattern 'x_mult = center.config.Xmult or 1,' on target 'card.lua' for pattern patch from Talisman\lovely.toml resulted in no matches
WARN - [♥] Pattern 'elseif self.ability.name == \'Business Card\' then loc_vars = {\'\'..(G.GAME and G.GAME.probabilities.normal or 1), self.ability.extra}' on target 'card.lua' for pattern patch from Cryptid\lovely\Probability.toml resulted in no matches
WARN - [♥] Pattern 'pseudorandom(\'business\') < G.GAME.probabilities.normal/self.ability.extra then' on target 'card.lua' for pattern patch from Cryptid\lovely\Probability.toml resulted in no matches
WARN - [♥] Pattern 'local currentBack = self.params.viewed_back and G.GAME.viewed_back or G.GAME.selected_back' on target 'card.lua' for pattern patch from Galdur\lovely.toml resulted in no matches
WARN - [♥] Regex 'self.params.viewed_back and G.GAME.viewed_back or G.GAME.selected_back' on target 'card.lua' for regex patch from CardSleeves\lovely\expected_to_fail.toml resulted in no matches
INFO - [♥] Applied 259 patches to 'card.lua'
WARN - [♥] Pattern 'local stay_flipped = G.GAME and G.GAME.blind and G.GAME.blind:stay_flipped(self, card)' on target 'cardarea.lua' for pattern patch from Cartomancer\lovely\limit-deck-size.toml resulted in no matches
INFO - [♥] Applied 28 patches to 'cardarea.lua'
INFO - [♥] Applied 41 patches to 'blind.lua'
INFO - [♥] Applied 2 patches to 'card_character.lua'
INFO - [♥] Applied 6 patches to 'engine/text.lua'
INFO - [♥] Applied 4 patches to '=[SMODS _ "src/utils.lua"]'
INFO - [♥] Applied 8 patches to '=[SMODS _ "src/overrides.lua"]'
INFO - [♥] Applied 1 patch to '=[SMODS _ "src/game_object.lua"]'
INFO - [G] Failed to connect to the debug server 
INFO - [G] 2025-04-18 14:48:52 :: DEBUG :: DebugConsole :: Steamodded Debug Socket started ! 
INFO - [G] [Blueprint] Starting to load config 
INFO - [G] [Blueprint] Reading config file:  
INFO - [G] [Blueprint] return {
	["INTERNAL_debug"] = false,
	["hello"] = true,
	["brainstorm"] = true,
	["blueprint"] = true,
} 
INFO - [G] [Blueprint] Removing setting `brainstorm` because it is not in default config 
INFO - [G] [Blueprint] Removing setting `blueprint` because it is not in default config 
INFO - [♥] Applied 9 patches to 'engine/sound_manager.lua'
INFO - [♥] Applied 3 patches to 'engine/save_manager.lua'
INFO - [♥] Applied 3 patches to 'engine/string_packer.lua'
INFO - [G] Loaded all Blueprint mod shaders successfully 
INFO - [G] {
  [1] = table: 0x31ca2518   {
     [1] = 0.99607843137255,
     [2] = 0.37254901960784,
     [3] = 0.33333333333333,
     [4] = 1,
   },
  [2] = table: 0x31ca2568   {
     [1] = 0,
     [2] = 0.6156862745098,
     [3] = 1,
     [4] = 1,
   },
} 
INFO - [♥] Applied 4 patches to '=[SMODS _ "src/card_draw.lua"]'
INFO - [G] 2025-04-18 14:48:59 :: TRACE :: Loader :: Processing Mod file (Legacy header): Aurinko.lua 
INFO - [G] 2025-04-18 14:48:59 :: TRACE :: Loader :: Saving Mod Info: aurinko 
INFO - [G] 2025-04-18 14:48:59 :: TRACE :: Loader :: Processing Mod file (Legacy header): BetterMouseAndGamepad_v1.0.6c.lua 
INFO - [G] 2025-04-18 14:48:59 :: TRACE :: Loader :: Saving Mod Info: BetterMouseAndGamepad 
INFO - [G] 2025-04-18 14:48:59 :: TRACE :: Loader :: Processing Mod file (Legacy header): BetterMouseAndGamepad_v1.0.5d.lua 
INFO - [G] 2025-04-18 14:49:00 :: WARN  :: Loader :: Duplicate Mod ID: BetterMouseAndGamepad 
INFO - [G] 2025-04-18 14:49:00 :: WARN  :: Loader :: Duplicate Mod prefix bmag_k used by BetterMouseAndGamepad, BetterMouseAndGamepad 
INFO - [G] 2025-04-18 14:49:00 :: TRACE :: Loader :: Processing Mod file (Legacy header): mod.lua 
INFO - [G] 2025-04-18 14:49:00 :: TRACE :: Loader :: Saving Mod Info: blueprint 
INFO - [G] 2025-04-18 14:49:00 :: ERROR :: Loader :: Found invalid metadata JSON file at C:\Users\easto\AppData\Roaming\Balatro\Mods/Brainstorm/manifest.json, ignoring: [SMODS _ "src/loader.lua"]:226: id 
INFO - [G] 2025-04-18 14:49:00 :: INFO  :: DefaultLogger :: Valid JSON file found 
INFO - [G] 2025-04-18 14:49:00 :: TRACE :: Loader :: Processing Mod file (Legacy header): mod.lua 
INFO - [G] 2025-04-18 14:49:00 :: TRACE :: Loader :: Saving Mod Info: cartomancer 
INFO - [G] 2025-04-18 14:49:00 :: INFO  :: DefaultLogger :: Valid JSON file found 
INFO - [G] 2025-04-18 14:49:02 :: INFO  :: DefaultLogger :: Valid JSON file found 
INFO - [G] 2025-04-18 14:49:02 :: INFO  :: DefaultLogger :: Valid JSON file found 
INFO - [G] 2025-04-18 14:49:02 :: INFO  :: DefaultLogger :: Valid JSON file found 
INFO - [G] 2025-04-18 14:49:02 :: INFO  :: DefaultLogger :: Valid JSON file found 
INFO - [G] 2025-04-18 14:49:02 :: TRACE :: Loader :: Processing Mod file (Legacy header): steamodded.lua 
INFO - [G] 2025-04-18 14:49:02 :: WARN  :: Loader :: Duplicate Mod ID: Handy 
INFO - [G] 2025-04-18 14:49:02 :: INFO  :: DefaultLogger :: Valid JSON file found 
INFO - [G] 2025-04-18 14:49:03 :: INFO  :: DefaultLogger :: Valid JSON file found 
INFO - [G] 2025-04-18 14:49:03 :: TRACE :: Loader :: Processing Mod file (Legacy header): JenLib.lua 
INFO - [G] 2025-04-18 14:49:03 :: TRACE :: Loader :: Saving Mod Info: JenLib 
INFO - [G] 2025-04-18 14:49:03 :: INFO  :: DefaultLogger :: Valid JSON file found 
INFO - [G] 2025-04-18 14:49:03 :: TRACE :: Loader :: Processing Mod file (Legacy header): LocalPoolFix.lua 
INFO - [G] 2025-04-18 14:49:03 :: TRACE :: Loader :: Saving Mod Info: jen_localpoolfix 
INFO - [G] 2025-04-18 14:49:03 :: TRACE :: Loader :: Processing Mod file (Legacy header): MoreFluff.lua 
INFO - [G] 2025-04-18 14:49:03 :: TRACE :: Loader :: Saving Mod Info: MoreFluff 
INFO - [G] 2025-04-18 14:49:07 :: TRACE :: Loader :: Processing Mod file (Legacy header): MoreJokerPacks.lua 
INFO - [G] 2025-04-18 14:49:07 :: TRACE :: Loader :: Saving Mod Info: MoreJokerPacks 
INFO - [G] 2025-04-18 14:49:07 :: TRACE :: Loader :: Processing Mod file (Legacy header): Nopeus.lua 
INFO - [G] 2025-04-18 14:49:07 :: TRACE :: Loader :: Saving Mod Info: nopeus 
INFO - [G] 2025-04-18 14:49:07 :: TRACE :: Loader :: Processing Mod file (Legacy header): main.lua 
INFO - [G] 2025-04-18 14:49:07 :: TRACE :: Loader :: Saving Mod Info: NotJustYet 
INFO - [G] 2025-04-18 14:49:07 :: TRACE :: Loader :: Processing Mod file (Legacy header): PreorderCards.lua 
INFO - [G] 2025-04-18 14:49:07 :: TRACE :: Loader :: Saving Mod Info: preorder_cards 
INFO - [G] 2025-04-18 14:49:08 :: TRACE :: Loader :: Processing Mod file (Legacy header): main.lua 
INFO - [G] 2025-04-18 14:49:08 :: TRACE :: Loader :: Saving Mod Info: sdm0sstuff 
INFO - [G] 2025-04-18 14:49:08 :: TRACE :: Loader :: Processing Mod file (Legacy header): steamodded_metadata.lua 
INFO - [G] 2025-04-18 14:49:08 :: TRACE :: Loader :: Saving Mod Info: Talisman 
INFO - [G] 2025-04-18 14:49:09 :: TRACE :: Loader :: Processing Mod file (Legacy header): IOSAdaptation.lua 
INFO - [G] 2025-04-18 14:49:09 :: TRACE :: Loader :: Saving Mod Info: IOSAdaptation 
INFO - [G] 2025-04-18 14:49:09 :: TRACE :: Loader :: Processing Mod file (Legacy header): UltraHand.lua 
INFO - [G] 2025-04-18 14:49:09 :: TRACE :: Loader :: Saving Mod Info: UltraHand 
INFO - [G] 2025-04-18 14:49:10 :: TRACE :: Loader :: Processing Mod file (Legacy header): multipack.lua 
INFO - [G] 2025-04-18 14:49:10 :: TRACE :: Loader :: Saving Mod Info: Multipack 
INFO - [G] 2025-04-18 14:49:10 :: INFO  :: CardSleeves :: CardSleeves v1.7.1 loaded~! 
INFO - [G] 2025-04-18 14:49:10 :: DEBUG :: DefaultLogger :: IOS Adaptation! 
INFO - [G] basepaul_card 
INFO - [G] clownfish 
INFO - [G] expansion_pack 
INFO - [G] hollow 
INFO - [G] jester 
INFO - [G] lollipop 
INFO - [G] luckycharm 
INFO - [G] monochrome 
INFO - [G] mspaint 
INFO - [G] simplified 
INFO - [G] spiral 
INFO - [G] treasuremap 
INFO - [G] philosophical 
INFO - [G] badlegaldefence 
INFO - [G] clipart 
INFO - [G] dropkick 
INFO - [G] bladedance 
INFO - [G] hyperbeam 
INFO - [G] blasphemy 
INFO - [G] dramaticentrance 
INFO - [G] coupon_catalogue 
INFO - [G] css 
INFO - [G] globe 
INFO - [G] goldencarrot 
INFO - [G] hallofmirrors 
INFO - [G] impostor 
INFO - [G] tonersoup 
INFO - [G] loadeddisk 
INFO - [G] stylemeter 
INFO - [G] teacup 
INFO - [G] recycling 
INFO - [G] virtual 
INFO - [G] bloodpact 
INFO - [G] bowlingball 
INFO - [G] cba 
INFO - [G] fleshprison 
INFO - [G] hugejoker 
INFO - [G] jankman 
INFO - [G] mashupalbum 
INFO - [G] pixeljoker 
INFO - [G] rainbowjoker 
INFO - [G] rosetinted 
INFO - [G] the_solo 
INFO - [G] triangle 
INFO - [G] colorem 
INFO - [G] 2025-04-18 14:49:10 :: WARN  :: Atlas :: Detected duplicate register call on object njy_modicon 
INFO - [G] 2025-04-18 14:49:10 :: TRACE :: Loader :: Mod extracredit was unable to load: Missing Dependencies: 1: Steamodded (>=1.0.0~ALPHA-1423g) (<=1.0.0~BETA-0312b)

 
INFO - [G] [CRYPTID] Loading library file ascended.lua 
INFO - [G] [CRYPTID] Loading library file calculate.lua 
INFO - [G] [CRYPTID] Loading library file content.lua 
INFO - [G] [CRYPTID] Loading library file cross-mod.lua 
INFO - [G] [CRYPTID] Loading library file d20.lua 
INFO - [G] [CRYPTID] Loading library file event.lua 
INFO - [G] [CRYPTID] Loading library file gameset.lua 
INFO - [G] [CRYPTID] Loading library file https.lua 
INFO - [G] 2025-04-18 14:49:11 :: DEBUG :: SMODS.https :: Using https module backend 
INFO - [G] [CRYPTID] Loading library file misc.lua 
INFO - [G] [CRYPTID] Loading library file misprintize.lua 
INFO - [G] [CRYPTID] Loading library file modifiers.lua 
INFO - [G] 2025-04-18 14:49:11 :: WARN  :: Sticker :: Detected duplicate register call on object perishable 
INFO - [G] 2025-04-18 14:49:11 :: WARN  :: Sticker :: Detected duplicate register call on object pinned 
INFO - [G] 2025-04-18 14:49:11 :: WARN  :: Sticker :: Detected duplicate register call on object eternal 
INFO - [G] 2025-04-18 14:49:11 :: WARN  :: Sticker :: Detected duplicate register call on object rental 
INFO - [G] [CRYPTID] Loading library file notifications.lua 
INFO - [G] [CRYPTID] Loading library file overrides.lua 
INFO - [G] [CRYPTID] Loading library file ui.lua 
INFO - [G] [CRYPTID] Loading file achievement.lua 
INFO - [G] [CRYPTID] Loading file blind.lua 
INFO - [G] [CRYPTID] Loading file challenge.lua 
INFO - [G] [CRYPTID] Loading file code.lua 
INFO - [G] [CRYPTID] Loading file deck.lua 
INFO - [G] [CRYPTID] Loading file enhanced.lua 
INFO - [G] [CRYPTID] Loading file epic.lua 
INFO - [G] [CRYPTID] Loading file exotic.lua 
INFO - [G] [CRYPTID] Loading file joker_display.lua 
INFO - [G] [CRYPTID] Loading file m.lua 
INFO - [G] [CRYPTID] Loading file misc.lua 
INFO - [G] [CRYPTID] Loading file misc_joker.lua 
INFO - [G] [CRYPTID] Loading file planet.lua 
INFO - [G] [CRYPTID] Loading file sleeve.lua 
INFO - [G] [CRYPTID] Loading file spectral.lua 
INFO - [G] [CRYPTID] Loading file spooky.lua 
INFO - [G] [CRYPTID] Loading file stake.lua 
INFO - [G] [CRYPTID] Loading file tag.lua 
INFO - [G] [CRYPTID] Loading file test.lua 
INFO - [G] [CRYPTID] Loading file voucher.lua 
INFO - [G] 2025-04-18 14:49:11 :: WARN  :: Atlas :: Object cry_effarcire has the same key as an existing object, not registering. 
INFO - [G] 2025-04-18 14:49:11 :: WARN  :: Atlas :: If you want to modify an existing object, use take_ownership() 
INFO - [G] 2025-04-18 14:49:13 :: INFO  :: TIMER :: [0000] Injected Language in 0.003 ms 
INFO - [G] 2025-04-18 14:49:13 :: INFO  :: TIMER :: [0000] Injected [INTERNAL] in 113.770 ms 
INFO - [G] 2025-04-18 14:49:30 :: INFO  :: TIMER :: [0201] Injected Atlas in 17513.884 ms 
INFO - [G] 2025-04-18 14:49:37 :: INFO  :: TIMER :: [0116] Injected Sound in 6335.994 ms 
INFO - [G] 2025-04-18 14:49:37 :: INFO  :: TIMER :: [0032] Injected Stake in 7.199 ms 
INFO - [G] 2025-04-18 14:49:37 :: INFO  :: TIMER :: [0016] Injected Rarity in 0.577 ms 
INFO - [G] 2025-04-18 14:49:37 :: INFO  :: TIMER :: [0015] Injected ObjectType in 1.071 ms 
INFO - [G] 2025-04-18 14:49:37 :: INFO  :: TIMER :: [1025] Injected Center in 31.799 ms 
INFO - [G] 2025-04-18 14:49:37 :: INFO  :: TIMER :: [0010] Injected Undiscovered Sprite in 0.078 ms 
INFO - [G] 2025-04-18 14:49:37 :: INFO  :: TIMER :: [0047] Injected Blind in 0.404 ms 
INFO - [G] 2025-04-18 14:49:37 :: INFO  :: TIMER :: [0006] Injected Seal in 2.125 ms 
INFO - [G] 2025-04-18 14:49:37 :: INFO  :: TIMER :: [0004] Injected Suit in 7.047 ms 
INFO - [G] 2025-04-18 14:49:37 :: INFO  :: TIMER :: [0013] Injected Rank in 17.292 ms 
INFO - [G] 2025-04-18 14:49:37 :: INFO  :: TIMER :: [0028] Injected DeckSkin in 16.273 ms 
INFO - [G] 2025-04-18 14:49:37 :: INFO  :: TIMER :: [0016] Injected PokerHand in 3.581 ms 
INFO - [G] 2025-04-18 14:49:37 :: INFO  :: TIMER :: [0036] Injected Challenge in 0.131 ms 
INFO - [G] 2025-04-18 14:49:37 :: INFO  :: TIMER :: [0028] Injected Tag in 0.130 ms 
INFO - [G] 2025-04-18 14:49:37 :: INFO  :: TIMER :: [0010] Injected Sticker in 22.345 ms 
INFO - [G] 2025-04-18 14:49:43 :: INFO  :: TIMER :: [0036] Injected Shader in 6525.001 ms 
INFO - [G] 2025-04-18 14:49:43 :: INFO  :: TIMER :: [0002] Injected Keybind in 0.305 ms 
INFO - [G] 2025-04-18 14:49:43 :: INFO  :: TIMER :: [0027] Injected Achievement in 0.775 ms 
INFO - [G] 2025-04-18 14:49:44 :: INFO  :: TIMER :: [0002] Injected nil in 0.055 ms 
INFO - [G] 2025-04-18 14:49:44 :: INFO  :: TIMER :: [0023] Injected Draw Step in 0.709 ms 
INFO - [G] 2025-04-18 14:49:44 :: INFO  :: TIMER :: [0000] Injected [INTERNAL] in 588.614 ms 
INFO - [G] 2025-04-18 14:49:44 :: INFO  :: TIMER :: [0011] Injected Other in 0.083 ms 
INFO - [G] Deleting center : j_mf_colorem 
INFO - [G] Deleting center : j_cry_pity_prize 
INFO - [G] Deleting center : j_cry_formidiulosus 
INFO - [G] Deleting center : j_cry_oil_lamp 
INFO - [G] Deleting center : j_cry_tropical_smoothie 
INFO - [G] Deleting center : j_cry_necromancer 
INFO - [G] Deleting center : j_cry_mask 
INFO - [G] Deleting center : j_cry_exposed 
INFO - [G] Deleting center : j_cry_equilib 
INFO - [G] Deleting center : j_cry_error 
INFO - [G] Deleting center : j_cry_ghost 
INFO - [G] Deleting center : j_cry_copypaste 
INFO - [G] Deleting center : j_cry_crustulum 
INFO - [G] Deleting center : j_sdm_cupidon 
INFO - [G] Deleting center : j_sdm_0 
INFO - [G] Deleting center : p_mupack_favoritepack 
INFO - [G] Deleting center : c_cry_crash 
INFO - [G] Deleting center : c_cry_rework 
INFO - [G] Deleting center : c_cry_multiply 
INFO - [G] Deleting center : c_cry_ctrl_v 
INFO - [G] Deleting center : c_cry_ritual 
INFO - [G] Deleting center : c_cry_adversary 
INFO - [G] Deleting center : c_cry_chambered 
INFO - [G] Deleting center : v_cry_curate 
INFO - [G] Deleting center : b_cry_e_deck 
INFO - [G] Deleting center : b_cry_et_deck 
INFO - [G] Deleting center : b_cry_sk_deck 
INFO - [G] Deleting center : b_cry_st_deck 
INFO - [G] Deleting center : b_cry_sl_deck 
INFO - [G] [DebugPlus] Press [/] to toggle console and press [shift] + [/] to toggle new log previews 
INFO - [♥] Applied 1 patch to '=[SMODS _ "smods-https-thread.lua"]'
INFO - [G] 2025-04-18 14:49:51 :: DEBUG :: SMODS.https(1) :: Using https module backend 
INFO - [G] ERROR LOADING GAME: Card area 'shop_vouchers' not instantiated before load 
INFO - [G] ERROR LOADING GAME: Card area 'shop_jokers' not instantiated before load 
INFO - [G] ERROR LOADING GAME: Card area 'shop_booster' not instantiated before load 
INFO - [♥] Applied 1 patch to '=[SMODS _ "smods-https-thread.lua"]'
INFO - [G] 2025-04-18 14:50:59 :: DEBUG :: SMODS.https(2) :: Using https module backend 
INFO - [G] 2025-04-18 14:51:32 :: WARN  :: Util :: SMODS.eval_this is deprecated. All calculation stages now support returning effects directly. Effects evaluated using this function are out of order and may not use the correct sound pitch. 
INFO - [G] 2025-04-18 14:51:32 :: WARN  :: Util :: SMODS.eval_this is deprecated. All calculation stages now support returning effects directly. Effects evaluated using this function are out of order and may not use the correct sound pitch. 
INFO - [♥] Applied 1 patch to '=[SMODS _ "smods-https-thread.lua"]'
INFO - [G] 2025-04-18 14:52:02 :: DEBUG :: SMODS.https(3) :: Using https module backend 
INFO - [♥] Applied 1 patch to '=[SMODS _ "smods-https-thread.lua"]'
INFO - [G] 2025-04-18 14:53:02 :: DEBUG :: SMODS.https(4) :: Using https module backend 
INFO - [♥] Applied 1 patch to '=[SMODS _ "smods-https-thread.lua"]'
INFO - [G] 2025-04-18 14:54:06 :: DEBUG :: SMODS.https(5) :: Using https module backend 
INFO - [♥] Applied 1 patch to '=[SMODS _ "smods-https-thread.lua"]'
INFO - [G] 2025-04-18 14:55:07 :: DEBUG :: SMODS.https(6) :: Using https module backend 
INFO - [♥] Applied 1 patch to '=[SMODS _ "smods-https-thread.lua"]'
INFO - [G] 2025-04-18 14:56:09 :: DEBUG :: SMODS.https(7) :: Using https module backend 
INFO - [♥] Applied 1 patch to '=[SMODS _ "smods-https-thread.lua"]'
INFO - [G] 2025-04-18 14:57:09 :: DEBUG :: SMODS.https(8) :: Using https module backend 
INFO - [♥] Applied 1 patch to '=[SMODS _ "smods-https-thread.lua"]'
INFO - [G] 2025-04-18 14:58:12 :: DEBUG :: SMODS.https(9) :: Using https module backend 
INFO - [♥] Applied 1 patch to '=[SMODS _ "smods-https-thread.lua"]'
INFO - [G] 2025-04-18 14:59:12 :: DEBUG :: SMODS.https(10) :: Using https module backend 
INFO - [♥] Applied 1 patch to '=[SMODS _ "smods-https-thread.lua"]'
INFO - [G] 2025-04-18 15:00:14 :: DEBUG :: SMODS.https(11) :: Using https module backend 
INFO - [♥] Applied 1 patch to '=[SMODS _ "smods-https-thread.lua"]'
INFO - [G] 2025-04-18 15:01:15 :: DEBUG :: SMODS.https(12) :: Using https module backend 
INFO - [♥] Applied 1 patch to '=[SMODS _ "smods-https-thread.lua"]'
INFO - [G] 2025-04-18 15:02:17 :: DEBUG :: SMODS.https(13) :: Using https module backend 
INFO - [♥] Applied 1 patch to '=[SMODS _ "smods-https-thread.lua"]'
INFO - [G] 2025-04-18 15:03:19 :: DEBUG :: SMODS.https(14) :: Using https module backend 
INFO - [♥] Applied 1 patch to '=[SMODS _ "smods-https-thread.lua"]'
INFO - [G] 2025-04-18 15:04:22 :: DEBUG :: SMODS.https(15) :: Using https module backend 
INFO - [♥] Applied 1 patch to '=[SMODS _ "smods-https-thread.lua"]'
INFO - [G] 2025-04-18 15:05:24 :: DEBUG :: SMODS.https(16) :: Using https module backend 
INFO - [♥] Applied 1 patch to '=[SMODS _ "smods-https-thread.lua"]'
INFO - [G] 2025-04-18 15:06:27 :: DEBUG :: SMODS.https(17) :: Using https module backend 
INFO - [♥] Applied 1 patch to '=[SMODS _ "smods-https-thread.lua"]'
INFO - [G] 2025-04-18 15:07:29 :: DEBUG :: SMODS.https(18) :: Using https module backend 
INFO - [♥] Applied 1 patch to '=[SMODS _ "smods-https-thread.lua"]'
INFO - [G] 2025-04-18 15:08:31 :: DEBUG :: SMODS.https(19) :: Using https module backend 
INFO - [♥] Applied 1 patch to '=[SMODS _ "smods-https-thread.lua"]'
INFO - [G] 2025-04-18 15:09:33 :: DEBUG :: SMODS.https(20) :: Using https module backend 
INFO - [♥] Applied 1 patch to '=[SMODS _ "smods-https-thread.lua"]'
INFO - [G] 2025-04-18 15:10:35 :: DEBUG :: SMODS.https(21) :: Using https module backend 
INFO - [♥] Applied 1 patch to '=[SMODS _ "smods-https-thread.lua"]'
INFO - [G] 2025-04-18 15:11:38 :: DEBUG :: SMODS.https(22) :: Using https module backend 
INFO - [♥] Applied 1 patch to '=[SMODS _ "smods-https-thread.lua"]'
INFO - [G] 2025-04-18 15:12:41 :: DEBUG :: SMODS.https(23) :: Using https module backend 
INFO - [♥] Applied 1 patch to '=[SMODS _ "smods-https-thread.lua"]'
INFO - [G] 2025-04-18 15:14:41 :: DEBUG :: SMODS.https(24) :: Using https module backend 
INFO - [♥] Applied 1 patch to '=[SMODS _ "smods-https-thread.lua"]'
INFO - [G] 2025-04-18 15:15:43 :: DEBUG :: SMODS.https(25) :: Using https module backend 
INFO - [♥] Applied 1 patch to '=[SMODS _ "smods-https-thread.lua"]'
INFO - [G] 2025-04-18 15:16:45 :: DEBUG :: SMODS.https(26) :: Using https module backend 
INFO - [♥] Applied 1 patch to '=[SMODS _ "smods-https-thread.lua"]'
INFO - [G] 2025-04-18 15:17:47 :: DEBUG :: SMODS.https(27) :: Using https module backend 
INFO - [♥] Applied 1 patch to '=[SMODS _ "smods-https-thread.lua"]'
INFO - [G] 2025-04-18 15:18:49 :: DEBUG :: SMODS.https(28) :: Using https module backend 
INFO - [♥] Applied 1 patch to '=[SMODS _ "smods-https-thread.lua"]'
INFO - [G] 2025-04-18 15:19:52 :: DEBUG :: SMODS.https(29) :: Using https module backend 
INFO - [♥] Applied 1 patch to '=[SMODS _ "smods-https-thread.lua"]'
INFO - [G] 2025-04-18 15:20:55 :: DEBUG :: SMODS.https(30) :: Using https module backend 
INFO - [♥] Applied 1 patch to '=[SMODS _ "smods-https-thread.lua"]'
INFO - [G] 2025-04-18 15:21:58 :: DEBUG :: SMODS.https(31) :: Using https module backend 
INFO - [♥] Applied 1 patch to '=[SMODS _ "smods-https-thread.lua"]'
INFO - [G] 2025-04-18 15:23:03 :: DEBUG :: SMODS.https(32) :: Using https module backend 
INFO - [♥] Applied 1 patch to '=[SMODS _ "smods-https-thread.lua"]'
INFO - [G] 2025-04-18 15:24:07 :: DEBUG :: SMODS.https(33) :: Using https module backend 
INFO - [♥] Applied 1 patch to '=[SMODS _ "smods-https-thread.lua"]'
INFO - [G] 2025-04-18 15:25:08 :: DEBUG :: SMODS.https(34) :: Using https module backend 
INFO - [♥] Applied 1 patch to '=[SMODS _ "smods-https-thread.lua"]'
INFO - [G] 2025-04-18 15:26:12 :: DEBUG :: SMODS.https(35) :: Using https module backend 
INFO - [♥] Applied 1 patch to '=[SMODS _ "smods-https-thread.lua"]'
INFO - [G] 2025-04-18 15:27:13 :: DEBUG :: SMODS.https(36) :: Using https module backend 
INFO - [♥] Applied 1 patch to '=[SMODS _ "smods-https-thread.lua"]'
INFO - [G] 2025-04-18 15:28:15 :: DEBUG :: SMODS.https(37) :: Using https module backend 
INFO - [♥] Applied 1 patch to '=[SMODS _ "smods-https-thread.lua"]'
INFO - [G] 2025-04-18 15:29:18 :: DEBUG :: SMODS.https(38) :: Using https module backend 
INFO - [♥] Applied 1 patch to '=[SMODS _ "smods-https-thread.lua"]'
INFO - [G] 2025-04-18 15:30:20 :: DEBUG :: SMODS.https(39) :: Using https module backend 
INFO - [♥] Applied 1 patch to '=[SMODS _ "smods-https-thread.lua"]'
INFO - [G] 2025-04-18 15:31:20 :: DEBUG :: SMODS.https(40) :: Using https module backend 
INFO - [♥] Applied 1 patch to '=[SMODS _ "smods-https-thread.lua"]'
INFO - [G] 2025-04-18 15:32:23 :: DEBUG :: SMODS.https(41) :: Using https module backend 
INFO - [♥] Applied 1 patch to '=[SMODS _ "smods-https-thread.lua"]'
INFO - [G] 2025-04-18 16:14:45 :: DEBUG :: SMODS.https(42) :: Using https module backend 
INFO - [♥] Applied 1 patch to '=[SMODS _ "smods-https-thread.lua"]'
INFO - [G] 2025-04-18 16:15:47 :: DEBUG :: SMODS.https(43) :: Using https module backend 
INFO - [♥] Applied 1 patch to '=[SMODS _ "smods-https-thread.lua"]'
INFO - [G] 2025-04-18 16:16:48 :: DEBUG :: SMODS.https(44) :: Using https module backend 
INFO - [♥] Applied 1 patch to '=[SMODS _ "smods-https-thread.lua"]'
INFO - [G] 2025-04-18 16:17:50 :: DEBUG :: SMODS.https(45) :: Using https module backend 
INFO - [♥] Applied 1 patch to '=[SMODS _ "smods-https-thread.lua"]'
INFO - [G] 2025-04-18 16:18:51 :: DEBUG :: SMODS.https(46) :: Using https module backend 
INFO - [♥] Applied 1 patch to '=[SMODS _ "smods-https-thread.lua"]'
INFO - [G] 2025-04-18 16:19:52 :: DEBUG :: SMODS.https(47) :: Using https module backend 
INFO - [♥] Applied 1 patch to '=[SMODS _ "smods-https-thread.lua"]'
INFO - [G] 2025-04-18 16:20:53 :: DEBUG :: SMODS.https(48) :: Using https module backend 
INFO - [♥] Applied 1 patch to '=[SMODS _ "smods-https-thread.lua"]'
INFO - [G] 2025-04-18 16:21:54 :: DEBUG :: SMODS.https(49) :: Using https module backend 
INFO - [♥] Applied 1 patch to '=[SMODS _ "smods-https-thread.lua"]'
INFO - [G] 2025-04-18 16:22:55 :: DEBUG :: SMODS.https(50) :: Using https module backend 
INFO - [♥] Applied 1 patch to '=[SMODS _ "smods-https-thread.lua"]'
INFO - [G] 2025-04-18 16:23:56 :: DEBUG :: SMODS.https(51) :: Using https module backend 
INFO - [♥] Applied 1 patch to '=[SMODS _ "smods-https-thread.lua"]'
INFO - [G] 2025-04-18 16:24:57 :: DEBUG :: SMODS.https(52) :: Using https module backend 
INFO - [♥] Applied 1 patch to '=[SMODS _ "smods-https-thread.lua"]'
INFO - [G] 2025-04-18 16:25:59 :: DEBUG :: SMODS.https(53) :: Using https module backend 
INFO - [♥] Applied 1 patch to '=[SMODS _ "smods-https-thread.lua"]'
INFO - [G] 2025-04-18 16:27:00 :: DEBUG :: SMODS.https(54) :: Using https module backend 
INFO - [♥] Applied 1 patch to '=[SMODS _ "smods-https-thread.lua"]'
INFO - [G] 2025-04-18 16:28:02 :: DEBUG :: SMODS.https(55) :: Using https module backend 
INFO - [♥] Applied 1 patch to '=[SMODS _ "smods-https-thread.lua"]'
INFO - [G] 2025-04-18 16:29:03 :: DEBUG :: SMODS.https(56) :: Using https module backend 
INFO - [♥] Applied 1 patch to '=[SMODS _ "smods-https-thread.lua"]'
INFO - [G] 2025-04-18 16:30:05 :: DEBUG :: SMODS.https(57) :: Using https module backend 
INFO - [♥] Applied 1 patch to '=[SMODS _ "smods-https-thread.lua"]'
INFO - [G] 2025-04-18 16:31:06 :: DEBUG :: SMODS.https(58) :: Using https module backend 
INFO - [♥] Applied 1 patch to '=[SMODS _ "smods-https-thread.lua"]'
INFO - [G] 2025-04-18 16:32:09 :: DEBUG :: SMODS.https(59) :: Using https module backend 
INFO - [♥] Applied 1 patch to '=[SMODS _ "smods-https-thread.lua"]'
INFO - [G] 2025-04-18 16:33:10 :: DEBUG :: SMODS.https(60) :: Using https module backend 
INFO - [♥] Applied 1 patch to '=[SMODS _ "smods-https-thread.lua"]'
INFO - [G] 2025-04-18 16:34:11 :: DEBUG :: SMODS.https(61) :: Using https module backend 
INFO - [♥] Applied 1 patch to '=[SMODS _ "smods-https-thread.lua"]'
INFO - [G] 2025-04-18 16:35:15 :: DEBUG :: SMODS.https(62) :: Using https module backend 
INFO - [♥] Applied 1 patch to '=[SMODS _ "smods-https-thread.lua"]'
INFO - [G] 2025-04-18 16:36:16 :: DEBUG :: SMODS.https(63) :: Using https module backend 
INFO - [♥] Applied 1 patch to '=[SMODS _ "smods-https-thread.lua"]'
INFO - [G] 2025-04-18 16:37:19 :: DEBUG :: SMODS.https(64) :: Using https module backend 
INFO - [♥] Applied 1 patch to '=[SMODS _ "smods-https-thread.lua"]'
INFO - [G] 2025-04-18 16:38:20 :: DEBUG :: SMODS.https(65) :: Using https module backend 
INFO - [♥] Applied 1 patch to '=[SMODS _ "smods-https-thread.lua"]'
INFO - [G] 2025-04-18 16:39:21 :: DEBUG :: SMODS.https(66) :: Using https module backend 
INFO - [♥] Applied 1 patch to '=[SMODS _ "smods-https-thread.lua"]'
INFO - [G] 2025-04-18 16:40:23 :: DEBUG :: SMODS.https(67) :: Using https module backend 
INFO - [♥] Applied 1 patch to '=[SMODS _ "smods-https-thread.lua"]'
INFO - [G] 2025-04-18 16:41:25 :: DEBUG :: SMODS.https(68) :: Using https module backend 
INFO - [♥] Applied 1 patch to '=[SMODS _ "smods-https-thread.lua"]'
INFO - [G] 2025-04-18 16:42:26 :: DEBUG :: SMODS.https(69) :: Using https module backend 
INFO - [♥] Applied 1 patch to '=[SMODS _ "smods-https-thread.lua"]'
INFO - [G] 2025-04-18 16:43:28 :: DEBUG :: SMODS.https(70) :: Using https module backend 
INFO - [♥] Applied 1 patch to '=[SMODS _ "smods-https-thread.lua"]'
INFO - [G] 2025-04-18 16:44:29 :: DEBUG :: SMODS.https(71) :: Using https module backend 
INFO - [♥] Applied 1 patch to '=[SMODS _ "smods-https-thread.lua"]'
INFO - [G] 2025-04-18 16:45:30 :: DEBUG :: SMODS.https(72) :: Using https module backend 
INFO - [♥] Applied 1 patch to '=[SMODS _ "smods-https-thread.lua"]'
INFO - [G] 2025-04-18 16:46:31 :: DEBUG :: SMODS.https(73) :: Using https module backend 
INFO - [♥] Applied 1 patch to '=[SMODS _ "smods-https-thread.lua"]'
INFO - [G] 2025-04-18 16:47:32 :: DEBUG :: SMODS.https(74) :: Using https module backend 
