INFO - [♥] Lovely 0.7.1
INFO - [♥] Game directory is at "C:\\Users\\easto\\Downloads\\Balatro.v1.0.1o\\Balatro.v1.0.1o\\game"
INFO - [♥] Writing logs to "C:\\Users\\easto\\AppData\\Roaming\\Balatro\\Mods\\lovely\\log"
INFO - [♥] Using mod directory at "C:\\Users\\easto\\AppData\\Roaming\\Balatro\\Mods"
INFO - [♥] Found .lovelyignore in 'ExtraCredit', skipping it.
WARN - [♥] Unknown key `patches.21.?.match_indent` found in patch file at "C:\\Users\\easto\\AppData\\Roaming\\Balatro\\Mods\\Cryptid\\lovely\\code.toml", ignoring it
WARN - [♥] Unknown key `patches.49.?.match_indent` found in patch file at "C:\\Users\\easto\\AppData\\Roaming\\Balatro\\Mods\\Talisman\\lovely.toml", ignoring it
WARN - [♥] Unknown key `patches.52.?.match_indent` found in patch file at "C:\\Users\\easto\\AppData\\Roaming\\Balatro\\Mods\\Talisman\\lovely.toml", ignoring it
INFO - [♥] Cleaning up dumps directory at "C:\\Users\\easto\\AppData\\Roaming\\Balatro\\Mods\\lovely\\dump"
INFO - [♥] Initialization complete in 912ms
WARN - [♥] Pattern 'G.ARGS.score_intensity.organ = G.video_organ or G.ARGS.score_intensity.required_score > 0 and math.max(math.min(0.4, 0.1*math.log(G.ARGS.score_intensity.earned_score/(G.ARGS.score_intensity.required_score+1), 5)),0.) or 0' on target 'main.lua' for pattern patch from Talisman\lovely.toml resulted in no matches
WARN - [♥] Pattern 'if type(G.GAME.current_round.current_hand.chips) ~= \'number\' or type(G.GAME.current_round.current_hand.mult) ~= \'number\' then' on target 'main.lua' for pattern patch from Talisman\lovely.toml resulted in no matches
INFO - [♥] Applied 20 patches to 'main.lua'
INFO - [♥] Applied 2 patches to 'engine/string_packer.lua'
INFO - [♥] Applied 7 patches to 'engine/controller.lua'
INFO - [♥] Applied 15 patches to 'back.lua'
INFO - [♥] Applied 18 patches to 'tag.lua'
INFO - [♥] Applied 1 patch to 'engine/node.lua'
INFO - [♥] Applied 2 patches to 'engine/moveable.lua'
INFO - [♥] Applied 2 patches to 'engine/sprite.lua'
INFO - [♥] Applied 2 patches to 'engine/animatedsprite.lua'
WARN - [♥] Pattern 'assembled_string = assembled_string..(type(subpart) == \'string\' and subpart or args.vars[tonumber(subpart[1])] or \'ERROR\')' on target 'functions/misc_functions.lua' for pattern patch from Talisman\lovely.toml resulted in no matches
INFO - [♥] Applied 57 patches to 'functions/misc_functions.lua'
WARN - [♥] Pattern 'for i = 1, 2 do' on target 'game.lua' for pattern patch from Cryptid\lovely\stake.toml resulted in no matches
WARN - [♥] Pattern 'create_shop_card_ui(card, \'Voucher\', G.shop_vouchers)' on target 'game.lua' for pattern patch from Cryptid\lovely\stake.toml resulted in no matches
WARN - [♥] Pattern 'self.GAME.current_round.voucher = G.SETTINGS.tutorial_progress and G.SETTINGS.tutorial_progress.forced_voucher or SMODS.get_next_vouchers()' on target 'game.lua' for pattern patch from Cryptid\lovely\very_fair.toml resulted in no matches
WARN - [♥] Pattern 'self.GAME.current_round.voucher = G.SETTINGS.tutorial_progress and G.SETTINGS.tutorial_progress.forced_voucher or get_next_voucher_key()' on target 'game.lua' for pattern patch from Cryptid\lovely\Voucher.toml resulted in no matches
WARN - [♥] Regex 'card\\:start_materialize\\(\\)\\n\\s+G\\.shop_vouchers\\:emplace\\(card\\)\\n\\s+end' on target 'game.lua' for regex patch from Cryptid\lovely\Voucher.toml resulted in no matches
INFO - [♥] Applied 87 patches to 'game.lua'
INFO - [♥] Applied 1 patch to 'globals.lua'
INFO - [♥] Applied 6 patches to 'engine/ui.lua'
WARN - [♥] Pattern 'G.GAME.shop.joker_max*1.02*G.CARD_W,' on target 'functions/UI_definitions.lua' for pattern patch from Cryptid\lovely\equilibrium.toml resulted in no matches
WARN - [♥] Pattern '{n=G.UIT.T, config={text = G.GAME.hands[handname].chips, scale = 0.45, colour = G.C.UI.TEXT_LIGHT}},' on target 'functions/UI_definitions.lua' for pattern patch from Talisman\lovely.toml resulted in no matches
WARN - [♥] Pattern '{n=G.UIT.T, config={text = G.GAME.hands[handname].mult, scale = 0.45, colour = G.C.UI.TEXT_LIGHT}}' on target 'functions/UI_definitions.lua' for pattern patch from Talisman\lovely.toml resulted in no matches
INFO - [♥] Applied 104 patches to 'functions/UI_definitions.lua'
WARN - [♥] Pattern 'ease_to = G.GAME.chips + math.floor(hand_chips * mult) * (e and e.antiscore and -1 or 1),' on target 'functions/state_events.lua' for pattern patch from Cryptid\lovely\blind.toml resulted in no matches
WARN - [♥] Pattern 'if reps[j] ~= 1 then' on target 'functions/state_events.lua' for pattern patch from Cryptid\lovely\misc.toml resulted in no matches
WARN - [♥] Pattern 'for i=1, #G.jokers.cards + #G.consumeables.cards do' on target 'functions/state_events.lua' for pattern patch from Cryptid\lovely\misc.toml resulted in no matches
WARN - [♥] Pattern 'local effects = {[1] = {playing_card = G.hand.cards[i]:get_end_of_round_effect()}}' on target 'functions/state_events.lua' for pattern patch from Cryptid\lovely\stake.toml resulted in no matches
WARN - [♥] Pattern 'G.GAME.current_round.voucher = get_next_voucher_key()' on target 'functions/state_events.lua' for pattern patch from Cryptid\lovely\sticker.toml resulted in no matches
WARN - [♥] Pattern 'G.GAME.current_round.voucher = get_next_voucher_key()' on target 'functions/state_events.lua' for pattern patch from Cryptid\lovely\Voucher.toml resulted in no matches
WARN - [♥] Pattern 'if effects[ii].card then' on target 'functions/state_events.lua' for pattern patch from Talisman\lovely.toml resulted in no matches
WARN - [♥] Pattern 'if effects.jokers.Xmult_mod then mult = mod_mult(mult*effects.jokers.Xmult_mod);extras.mult = true  end' on target 'functions/state_events.lua' for pattern patch from Talisman\lovely.toml resulted in no matches
WARN - [♥] Pattern 'if effect.Xmult_mod then mult = mod_mult(mult*effect.Xmult_mod);extras.mult = true  end' on target 'functions/state_events.lua' for pattern patch from Talisman\lovely.toml resulted in no matches
WARN - [♥] Pattern 'if effects[ii].message then' on target 'functions/state_events.lua' for pattern patch from Talisman\lovely.toml resulted in no matches
WARN - [♥] Pattern '--calculate the card edition effects' on target 'functions/state_events.lua' for pattern patch from Talisman\lovely.toml resulted in no matches
WARN - [♥] Pattern 'if effects[ii].edition.p_dollars_mod then' on target 'functions/state_events.lua' for pattern patch from Talisman\lovely.toml resulted in no matches
WARN - [♥] Pattern 'if edition_effects.jokers.x_mult_mod then' on target 'functions/state_events.lua' for pattern patch from Talisman\lovely.toml resulted in no matches
WARN - [♥] Pattern 'if SMODS.has_enhancement(scoring_hand[i], \'m_glass\') and not scoring_hand[i].debuff and pseudorandom(\'glass\') < G.GAME.probabilities.normal/(scoring_hand[i].ability.name == \'Glass Card\' and scoring_hand[i].ability.extra or G.P_CENTERS.m_glass.config.extra) then' on target 'functions/state_events.lua' for pattern patch from Cryptid\lovely\Probability.toml resulted in no matches
WARN - [♥] Regex '(?<indent>[\\t ]*)if destroyed then \\n' on target 'functions/state_events.lua' for regex patch from Cryptid\lovely\seal.toml resulted in no matches
INFO - [♥] Applied 76 patches to 'functions/state_events.lua'
WARN - [♥] Pattern '{n=G.UIT.T, config={text = localize(\'$\')..config.dollars, scale = 1.2*scale, colour = G.C.WHITE, shadow = true, juice = true}}' on target 'functions/common_events.lua' for pattern patch from Cryptid\lovely\code.toml resulted in no matches
WARN - [♥] Pattern 'G.shop_jokers.T.w = G.GAME.shop.joker_max*1.01*G.CARD_W' on target 'functions/common_events.lua' for pattern patch from Cryptid\lovely\equilibrium.toml resulted in no matches
WARN - [♥] Pattern 'function generate_card_ui(_c, full_UI_table, specific_vars, card_type, badges, hide_desc, main_start, main_end)' on target 'functions/common_events.lua' for pattern patch from Cryptid\lovely\lib_misc.toml resulted in no matches
WARN - [♥] Pattern 'elseif v.boss.showdown and (G.GAME.round_resets.ante)%G.GAME.win_ante == 0 and G.GAME.round_resets.ante >= 2 then' on target 'functions/common_events.lua' for pattern patch from Cryptid\lovely\stake.toml resulted in no matches
WARN - [♥] Pattern 'if num_dollars > 60 then' on target 'functions/common_events.lua' for pattern patch from Talisman\lovely.toml resulted in no matches
WARN - [♥] Pattern 'func = (function() if eval_func(card) then if not first or first then card:juice_up(0.1, 0.1) end;juice_card_until(card, eval_func, nil, 0.8) end return true end)' on target 'functions/common_events.lua' for pattern patch from Talisman\lovely.toml resulted in no matches
INFO - [♥] Applied 176 patches to 'functions/common_events.lua'
WARN - [♥] Pattern 'if ((G.GAME.dollars-G.GAME.bankrupt_at) - 10 >= 0) and' on target 'functions/button_callbacks.lua' for pattern patch from Talisman\lovely.toml resulted in no matches
INFO - [♥] Applied 71 patches to 'functions/button_callbacks.lua'
WARN - [♥] Pattern 'if G.GAME.blind and G.GAME.blind.in_blind then G.E_MANAGER:add_event(Event({ func = function() G.GAME.blind:set_blind(nil, true, nil); return true end })) end' on target 'card.lua' for pattern patch from Steamodded\lovely\calculate_card_added.toml resulted in 2 matches, wanted 1
WARN - [♥] Ignoring excess matches
WARN - [♥] Pattern 'if self.ability.name == \'Campfire\' and G.GAME.blind.boss and not (G.GAME.blind.config and G.GAME.blind.config.bonus) and self.ability.x_mult > 1 then' on target 'card.lua' for pattern patch from Cryptid\lovely\misc.toml resulted in no matches
WARN - [♥] Pattern 'if self.ability.name:find(\'Arcana\') then' on target 'card.lua' for pattern patch from Cryptid\lovely\misprint.toml resulted in no matches
WARN - [♥] Pattern 'if self.ability.name == \'The Hermit\' or self.ability.consumeable.hand_type or self.ability.name == \'Temperance\' or self.ability.name == \'Black Hole\' then' on target 'card.lua' for pattern patch from Cryptid\lovely\stake.toml resulted in no matches
WARN - [♥] Pattern 'if self.ability.queue_negative_removal then' on target 'card.lua' for pattern patch from Cryptid\lovely\sticker.toml resulted in no matches
WARN - [♥] Pattern 'G.GAME.current_round.voucher = nil' on target 'card.lua' for pattern patch from Cryptid\lovely\Voucher.toml resulted in no matches
WARN - [♥] Pattern 'if G.GAME.blind then G.E_MANAGER:add_event(Event({ func = function() G.GAME.blind:set_blind(nil, true, nil); return true end })) end' on target 'card.lua' for pattern patch from Talisman\lovely.toml resulted in no matches
WARN - [♥] Pattern 'x_mult = center.config.Xmult or 1,' on target 'card.lua' for pattern patch from Talisman\lovely.toml resulted in no matches
WARN - [♥] Pattern 'elseif self.ability.name == \'Business Card\' then loc_vars = {\'\'..(G.GAME and G.GAME.probabilities.normal or 1), self.ability.extra}' on target 'card.lua' for pattern patch from Cryptid\lovely\Probability.toml resulted in no matches
WARN - [♥] Pattern 'pseudorandom(\'business\') < G.GAME.probabilities.normal/self.ability.extra then' on target 'card.lua' for pattern patch from Cryptid\lovely\Probability.toml resulted in no matches
INFO - [♥] Applied 248 patches to 'card.lua'
INFO - [♥] Applied 18 patches to 'cardarea.lua'
INFO - [♥] Applied 40 patches to 'blind.lua'
INFO - [♥] Applied 2 patches to 'card_character.lua'
INFO - [♥] Applied 5 patches to 'engine/text.lua'
INFO - [♥] Applied 2 patches to '=[SMODS _ "src/utils.lua"]'
INFO - [♥] Applied 4 patches to '=[SMODS _ "src/overrides.lua"]'
INFO - [♥] Applied 1 patch to '=[SMODS _ "src/game_object.lua"]'
INFO - [G] Failed to connect to the debug server
INFO - [G] 2025-04-02 14:20:30 :: DEBUG :: DebugConsole :: Steamodded Debug Socket started !
INFO - [G] [Blueprint] Starting to load config
INFO - [G] [Blueprint] Reading config file: 
INFO - [G] [Blueprint] return {
	["INTERNAL_debug"] = false,
	["hello"] = true,
}
INFO - [♥] Applied 3 patches to 'engine/save_manager.lua'
INFO - [♥] Applied 9 patches to 'engine/sound_manager.lua'
INFO - [♥] Applied 2 patches to 'engine/string_packer.lua'
INFO - [G] Loaded all Blueprint mod shaders successfully
INFO - [♥] Applied 4 patches to '=[SMODS _ "src/card_draw.lua"]'
INFO - [G] 2025-04-02 14:20:35 :: TRACE :: Loader :: Processing Mod file (Legacy header): BetterMouseAndGamepad_v1.0.6c.lua
INFO - [G] 2025-04-02 14:20:35 :: TRACE :: Loader :: Saving Mod Info: BetterMouseAndGamepad
INFO - [G] 2025-04-02 14:20:35 :: TRACE :: Loader :: Processing Mod file (Legacy header): BetterMouseAndGamepad_v1.0.5d.lua
INFO - [G] 2025-04-02 14:20:35 :: WARN  :: Loader :: Duplicate Mod ID: BetterMouseAndGamepad
INFO - [G] 2025-04-02 14:20:35 :: WARN  :: Loader :: Duplicate Mod prefix bmag_k used by BetterMouseAndGamepad, BetterMouseAndGamepad
INFO - [G] 2025-04-02 14:20:35 :: TRACE :: Loader :: Processing Mod file (Legacy header): mod.lua
INFO - [G] 2025-04-02 14:20:35 :: TRACE :: Loader :: Saving Mod Info: blueprint
INFO - [G] 2025-04-02 14:20:35 :: INFO  :: DefaultLogger :: Valid JSON file found
INFO - [G] 2025-04-02 14:20:35 :: INFO  :: DefaultLogger :: Valid JSON file found
INFO - [G] 2025-04-02 14:20:35 :: TRACE :: Loader :: Processing Mod file (Legacy header): PreorderCards.lua
INFO - [G] 2025-04-02 14:20:35 :: TRACE :: Loader :: Saving Mod Info: preorder_cards
INFO - [G] 2025-04-02 14:20:35 :: TRACE :: Loader :: Processing Mod file (Legacy header): steamodded_metadata.lua
INFO - [G] 2025-04-02 14:20:35 :: TRACE :: Loader :: Saving Mod Info: Talisman
INFO - [G] 2025-04-02 14:20:35 :: TRACE :: Loader :: Mod extracredit was unable to load: Missing Dependencies: 1: Steamodded (>=1.0.0~ALPHA-1423g) (<=1.0.0~BETA-0312b)


INFO - [G] [CRYPTID] Loading library file ascended.lua
INFO - [G] [CRYPTID] Loading library file calculate.lua
INFO - [G] [CRYPTID] Loading library file content.lua
INFO - [G] [CRYPTID] Loading library file cross-mod.lua
INFO - [G] [CRYPTID] Loading library file d20.lua
INFO - [G] [CRYPTID] Loading library file event.lua
INFO - [G] [CRYPTID] Loading library file gameset.lua
INFO - [G] [CRYPTID] Loading library file https.lua
INFO - [G] 2025-04-02 14:20:35 :: DEBUG :: SMODS.https :: Using https module backend
INFO - [G] [CRYPTID] Loading library file misc.lua
INFO - [G] [CRYPTID] Loading library file misprintize.lua
INFO - [G] [CRYPTID] Loading library file modifiers.lua
INFO - [G] 2025-04-02 14:20:35 :: WARN  :: Sticker :: Detected duplicate register call on object perishable
INFO - [G] 2025-04-02 14:20:35 :: WARN  :: Sticker :: Detected duplicate register call on object pinned
INFO - [G] 2025-04-02 14:20:35 :: WARN  :: Sticker :: Detected duplicate register call on object eternal
INFO - [G] 2025-04-02 14:20:35 :: WARN  :: Sticker :: Detected duplicate register call on object rental
INFO - [G] [CRYPTID] Loading library file notifications.lua
INFO - [G] [CRYPTID] Loading library file overrides.lua
INFO - [G] [CRYPTID] Loading library file ui.lua
INFO - [G] [CRYPTID] Loading file achievement.lua
INFO - [G] [CRYPTID] Loading file blind.lua
INFO - [G] [CRYPTID] Loading file challenge.lua
INFO - [G] [CRYPTID] Loading file code.lua
INFO - [G] [CRYPTID] Loading file deck.lua
INFO - [G] [CRYPTID] Loading file enhanced.lua
INFO - [G] [CRYPTID] Loading file epic.lua
INFO - [G] [CRYPTID] Loading file exotic.lua
INFO - [G] [CRYPTID] Loading file joker_display.lua
INFO - [G] [CRYPTID] Loading file m.lua
INFO - [G] [CRYPTID] Loading file misc.lua
INFO - [G] [CRYPTID] Loading file misc_joker.lua
INFO - [G] [CRYPTID] Loading file planet.lua
INFO - [G] [CRYPTID] Loading file sleeve.lua
INFO - [G] [CRYPTID] Loading file spectral.lua
INFO - [G] [CRYPTID] Loading file spooky.lua
INFO - [G] [CRYPTID] Loading file stake.lua
INFO - [G] [CRYPTID] Loading file tag.lua
INFO - [G] [CRYPTID] Loading file test.lua
INFO - [G] [CRYPTID] Loading file voucher.lua
INFO - [G] 2025-04-02 14:20:35 :: WARN  :: Atlas :: Object cry_effarcire has the same key as an existing object, not registering.
INFO - [G] 2025-04-02 14:20:35 :: WARN  :: Atlas :: If you want to modify an existing object, use take_ownership()
INFO - [G] 2025-04-02 14:20:35 :: INFO  :: TIMER :: [0000] Injected Language in 0.001 ms
INFO - [G] 2025-04-02 14:20:35 :: INFO  :: TIMER :: [0000] Injected [INTERNAL] in 1.458 ms
INFO - [G] 2025-04-02 14:20:37 :: INFO  :: TIMER :: [0030] Injected Atlas in 1959.029 ms
INFO - [G] 2025-04-02 14:20:37 :: INFO  :: TIMER :: [0030] Injected Sound in 36.037 ms
INFO - [G] 2025-04-02 14:20:37 :: INFO  :: TIMER :: [0032] Injected Stake in 1.093 ms
INFO - [G] 2025-04-02 14:20:37 :: INFO  :: TIMER :: [0008] Injected Rarity in 0.047 ms
INFO - [G] 2025-04-02 14:20:37 :: INFO  :: TIMER :: [0010] Injected ObjectType in 0.080 ms
INFO - [G] 2025-04-02 14:20:37 :: INFO  :: TIMER :: [0389] Injected Center in 3.746 ms
INFO - [G] 2025-04-02 14:20:37 :: INFO  :: TIMER :: [0009] Injected Undiscovered Sprite in 0.035 ms
INFO - [G] 2025-04-02 14:20:37 :: INFO  :: TIMER :: [0028] Injected Blind in 0.143 ms
INFO - [G] 2025-04-02 14:20:37 :: INFO  :: TIMER :: [0006] Injected Seal in 0.416 ms
INFO - [G] 2025-04-02 14:20:37 :: INFO  :: TIMER :: [0004] Injected Suit in 0.170 ms
INFO - [G] 2025-04-02 14:20:38 :: INFO  :: TIMER :: [0013] Injected Rank in 0.231 ms
INFO - [G] 2025-04-02 14:20:38 :: INFO  :: TIMER :: [0028] Injected DeckSkin in 0.481 ms
INFO - [G] 2025-04-02 14:20:38 :: INFO  :: TIMER :: [0016] Injected PokerHand in 0.972 ms
INFO - [G] 2025-04-02 14:20:38 :: INFO  :: TIMER :: [0031] Injected Challenge in 0.591 ms
INFO - [G] 2025-04-02 14:20:38 :: INFO  :: TIMER :: [0028] Injected Tag in 0.530 ms
INFO - [G] 2025-04-02 14:20:38 :: INFO  :: TIMER :: [0010] Injected Sticker in 2.349 ms
INFO - [G] 2025-04-02 14:20:38 :: INFO  :: TIMER :: [0009] Injected Shader in 593.730 ms
INFO - [G] 2025-04-02 14:20:38 :: INFO  :: TIMER :: [0002] Injected Keybind in 0.283 ms
INFO - [G] 2025-04-02 14:20:38 :: INFO  :: TIMER :: [0021] Injected Achievement in 0.115 ms
INFO - [G] 2025-04-02 14:20:38 :: INFO  :: TIMER :: [0002] Injected nil in 0.012 ms
INFO - [G] 2025-04-02 14:20:38 :: INFO  :: TIMER :: [0023] Injected Draw Step in 0.418 ms
INFO - [G] 2025-04-02 14:20:38 :: INFO  :: TIMER :: [0000] Injected [INTERNAL] in 8.838 ms
INFO - [G] 2025-04-02 14:20:38 :: INFO  :: TIMER :: [0011] Injected Other in 0.041 ms
INFO - [♥] Applied 1 patch to '=[SMODS _ "smods-https-thread.lua"]'
INFO - [G] 2025-04-02 14:20:43 :: DEBUG :: SMODS.https(1) :: Using https module backend
INFO - [G] LONG DT @ 65: 0.077442686499291
INFO - [G] LONG DT @ 65: 0.063339929199434
INFO - [G] LONG DT @ 65: 0.052411443359547
INFO - [G] LONG DT @ 85: 0.064228086220378
INFO - [G] LONG DT @ 85: 0.053545348976302
INFO - [G] LONG DT @ 116: 0.08246940692012
INFO - [G] LONG DT @ 116: 0.068092085536097
INFO - [G] LONG DT @ 117: 0.057451528428877
INFO - [G] LONG DT @ 147: 0.068036407265949
INFO - [G] LONG DT @ 148: 0.057550205812759
INFO - [♥] Applied 1 patch to '=[SMODS _ "smods-https-thread.lua"]'
INFO - [G] 2025-04-02 14:22:56 :: DEBUG :: SMODS.https(2) :: Using https module backend
INFO - [♥] Applied 1 patch to '=[SMODS _ "smods-https-thread.lua"]'
INFO - [G] 2025-04-02 14:23:56 :: DEBUG :: SMODS.https(3) :: Using https module backend
INFO - [G] LONG DT @ 243: 0.063622027678187
INFO - [G] LONG DT @ 244: 0.052820982142545
INFO - [G] LONG DT @ 248: 0.061476230949387
INFO - [G] LONG DT @ 248: 0.051963524759508
INFO - [♥] Applied 1 patch to '=[SMODS _ "smods-https-thread.lua"]'
INFO - [G] 2025-04-02 14:24:57 :: DEBUG :: SMODS.https(4) :: Using https module backend
INFO - [♥] Applied 1 patch to '=[SMODS _ "smods-https-thread.lua"]'
INFO - [G] 2025-04-02 14:25:57 :: DEBUG :: SMODS.https(5) :: Using https module backend
INFO - [♥] Applied 1 patch to '=[SMODS _ "smods-https-thread.lua"]'
INFO - [G] 2025-04-02 14:26:58 :: DEBUG :: SMODS.https(6) :: Using https module backend
INFO - [G] LONG DT @ 417: 0.083203290620243
INFO - [G] LONG DT @ 417: 0.069723412496191
INFO - [G] LONG DT @ 417: 0.058327049996958
INFO - [G] LONG DT @ 421: 0.065946404086529
INFO - [G] LONG DT @ 422: 0.054800943269218
INFO - [G] LONG DT @ 439: 0.050660552059214
INFO - [♥] Applied 1 patch to '=[SMODS _ "smods-https-thread.lua"]'
INFO - [G] 2025-04-02 14:27:57 :: DEBUG :: SMODS.https(7) :: Using https module backend
INFO - [G] LONG DT @ 501: 0.06392699111521
INFO - [G] LONG DT @ 501: 0.052821932892175
INFO - [♥] Applied 1 patch to '=[SMODS _ "smods-https-thread.lua"]'
INFO - [G] 2025-04-02 14:28:58 :: DEBUG :: SMODS.https(8) :: Using https module backend
INFO - [G] line not found
INFO - [G] file not found: main.lua: No such file or directory
INFO - [G] file not found: main.lua: No such file or directory
INFO - [G] file not found: main.lua: No such file or directory
INFO - [G] file not found: main.lua: No such file or directory
INFO - [G] 2025-04-02 14:29:06 :: ERROR :: StackTrace :: Oops! The game crashed
card.lua:2361: bad argument #1 to 'sqrt' (number expected, got nil)
Stack Traceback
===============
(1) Lua local 'handler' at file 'main.lua:612'
	Local variables:
	 msg = string: "card.lua:2361: bad argument #1 to 'sqrt' (number expected, got nil)"
	 (*temporary) = Lua function '?' (defined at line 31 of chunk [SMODS _ "src/logging.lua"])
	 (*temporary) = string: "Oops! The game crashed\
"
(2) LÖVE function at file 'boot.lua:352' (best guess)
	Local variables:
	 errhand = Lua function '?' (defined at line 598 of chunk main.lua)
	 handler = Lua function '?' (defined at line 598 of chunk main.lua)
(3) field C function 'sqrt'
(4) Lua method 'explode' at file 'card.lua:2361'
	Local variables:
	 self = table: 0x312b81b0  {click_offset:table: 0x312b8490, static_rotation:false, ambient_tilt:0.2, parent:table: 0x2a0e85d0, T:table: 0x312b83a0, bypass_discovery_center:true (more...)}
	 dissolve_colours = nil
	 explode_time_fac = nil
	 (*temporary) = number: 1.3
(5) Lua field 'func' at file 'card.lua:2072'
(6) Lua method 'handle' at file 'engine/event.lua:55'
	Local variables:
	 self = table: 0x2fbafbb0  {start_timer:true, timer:TOTAL, blockable:true, trigger:after, func:function: 0x2d350980, delay:0.4, complete:false, time:9887.4778044899, blocking:true (more...)}
	 _results = table: 0x2887c2b8  {blocking:true, pause_skip:false, time_done:true, completed:false}
(7) Lua method 'update' at file 'engine/event.lua:182'
	Local variables:
	 self = table: 0x28266c30  {queue_last_processed:426.86666666661, queues:table: 0x28266c58, queue_dt:0.016666666666667, queue_timer:508.01953901142}
	 dt = number: 0.017365
	 forced = nil
	 (for generator) = C function: next
	 (for state) = table: 0x28266c58  {unlock:table: 0x27f6f1a8, other:table: 0x27f6f248, tutorial:table: 0x27f6f1f8, base:table: 0x27f6f1d0, achievement:table: 0x27f6f220}
	 (for control) = number: nan
	 k = string: "base"
	 v = table: 0x27f6f1d0  {1:table: 0x398c53f0, 2:table: 0x2fbafbb0, 3:table: 0x2fbbe848, 4:table: 0x2fb2e930, 5:table: 0x35597c78}
	 blocked = boolean: false
	 i = number: 2
	 results = table: 0x2887c2b8  {blocking:true, pause_skip:false, time_done:true, completed:false}
(8) Lua upvalue 'gameUpdateRef' at file 'game.lua:2665'
	Local variables:
	 self = table: 0x27fed808  {F_GUIDE:false, F_CRASH_REPORTS:false, F_QUIT_BUTTON:true, HUD_tags:table: 0x2878d1f0, F_ENGLISH_ONLY:false, viewed_stake:1, HUD:table: 0x3024a658 (more...)}
	 dt = number: 0.017365
	 http_resp = nil
(9) Lua upvalue 'upd' at Steamodded file 'src/ui.lua:84' 
	Local variables:
	 self = table: 0x27fed808  {F_GUIDE:false, F_CRASH_REPORTS:false, F_QUIT_BUTTON:true, HUD_tags:table: 0x2878d1f0, F_ENGLISH_ONLY:false, viewed_stake:1, HUD:table: 0x3024a658 (more...)}
	 dt = number: 0.017365
(10) Lua upvalue 'gu' at file 'main.lua:1790'
	Local variables:
	 self = table: 0x27fed808  {F_GUIDE:false, F_CRASH_REPORTS:false, F_QUIT_BUTTON:true, HUD_tags:table: 0x2878d1f0, F_ENGLISH_ONLY:false, viewed_stake:1, HUD:table: 0x3024a658 (more...)}
	 dt = number: 0.017365
(11) Lua upvalue 'upd' at file 'lib/gameset.lua:27' (from mod with id Cryptid)
	Local variables:
	 self = table: 0x27fed808  {F_GUIDE:false, F_CRASH_REPORTS:false, F_QUIT_BUTTON:true, HUD_tags:table: 0x2878d1f0, F_ENGLISH_ONLY:false, viewed_stake:1, HUD:table: 0x3024a658 (more...)}
	 dt = number: 0.017365
(12) Lua method 'update' at file 'lib/overrides.lua:259' (from mod with id Cryptid)
	Local variables:
	 self = table: 0x27fed808  {F_GUIDE:false, F_CRASH_REPORTS:false, F_QUIT_BUTTON:true, HUD_tags:table: 0x2878d1f0, F_ENGLISH_ONLY:false, viewed_stake:1, HUD:table: 0x3024a658 (more...)}
	 dt = number: 0.017365
(13) Lua upvalue 'oldupd' at file 'main.lua:1006'
	Local variables:
	 dt = number: 0.017365
(14) Lua field 'update' at file 'main.lua:1819'
	Local variables:
	 dt = number: 0.017365
(15) Lua function '?' at file 'main.lua:934' (best guess)
(16) global C function 'xpcall'
(17) LÖVE function at file 'boot.lua:377' (best guess)
	Local variables:
	 func = Lua function '?' (defined at line 905 of chunk main.lua)
	 inerror = boolean: true
	 deferErrhand = Lua function '(LÖVE Function)' (defined at line 348 of chunk [love "boot.lua"])
	 earlyinit = Lua function '(LÖVE Function)' (defined at line 355 of chunk [love "boot.lua"])

INFO - [G] file not found: main.lua: No such file or directory
INFO - [G] file not found: main.lua: No such file or directory
INFO - [G] 2025-04-02 14:29:06 :: INFO  :: StackTrace :: Additional Context:
Balatro Version: 1.0.1o-FULL
Modded Version: 1.0.0~BETA-0323b-STEAMODDED
LÖVE Version: 11.5.0
Lovely Version: 0.7.1
Platform: Windows
Steamodded Mods:
    1: Preorder Cards by asd123cqp [ID: preorder_cards]
    2: Cryptid by MathIsFun_, Cryptid and Balatro Discords [ID: Cryptid, Priority: 114, Version: 0.5.5a~dev2, Uses Lovely]
    3: Talisman by MathIsFun_, Mathguy24, jenwalter666, cg-223 [ID: Talisman, Version: 2.1.0~dev, Uses Lovely]
        Break Infinity: omeganum
    4: Better Mouse And Gamepad by Kooluve [ID: BetterMouseAndGamepad, Priority: -10000, Version: 1.0.6c]
    5: Blueprint by stupxd aka stupid, Jonathan [ID: blueprint, Priority: 69, Version: 3.2, Uses Lovely]
Lovely Mods:
