INFO - [♥] Lovely 0.7.1
INFO - [♥] Game directory is at "C:\\Users\\easto\\Downloads\\Balatro.v1.0.1o\\Balatro.v1.0.1o\\game"
INFO - [♥] Writing logs to "C:\\Users\\easto\\AppData\\Roaming\\Balatro\\Mods\\lovely\\log"
INFO - [♥] Using mod directory at "C:\\Users\\easto\\AppData\\Roaming\\Balatro\\Mods"
INFO - [♥] Cleaning up dumps directory at "C:\\Users\\easto\\AppData\\Roaming\\Balatro\\Mods\\lovely\\dump"
INFO - [♥] Initialization complete in 3843ms
WARN - [♥] Pattern 'modded and {' on target 'main.lua' for pattern patch from Cartomancer\lovely\stackable-deck-steamodded-0.9.8.toml resulted in no matches
INFO - [♥] Applied 24 patches to 'main.lua'
INFO - [♥] Applied 8 patches to 'engine/controller.lua'
INFO - [♥] Applied 15 patches to 'back.lua'
INFO - [♥] Applied 7 patches to 'tag.lua'
INFO - [♥] Applied 1 patch to 'engine/moveable.lua'
INFO - [♥] Applied 2 patches to 'engine/sprite.lua'
INFO - [♥] Applied 2 patches to 'engine/animatedsprite.lua'
INFO - [♥] Applied 48 patches to 'functions/misc_functions.lua'
INFO - [♥] Applied 40 patches to 'game.lua'
INFO - [♥] Applied 1 patch to 'globals.lua'
WARN - [♥] Pattern 'self.config.chosen = true' on target 'engine/ui.lua' for pattern patch from Cartomancer\lovely\vanilla-ui.toml resulted in no matches
INFO - [♥] Applied 4 patches to 'engine/ui.lua'
WARN - [♥] Pattern 'create_option_cycle({label = localize(\'b_set_gamespeed\'),scale = 0.8, options = {0.5, 1, 2, 4}, opt_callback = \'change_gamespeed\', current_option = (G.SETTINGS.GAMESPEED == 0.5 and 1 or G.SETTINGS.GAMESPEED == 4 and 4 or G.SETTINGS.GAMESPEED + 1)}),' on target 'functions/UI_definitions.lua' for pattern patch from Saturn\lovely\core.toml resulted in no matches
INFO - [♥] Applied 93 patches to 'functions/UI_definitions.lua'
WARN - [♥] Pattern 'if effects[ii].card then' on target 'functions/state_events.lua' for pattern patch from Saturn\lovely\rem_anim.toml resulted in no matches
INFO - [♥] Applied 44 patches to 'functions/state_events.lua'
WARN - [♥] Pattern 'func = (function() if eval_func(card) then if not first or first then card:juice_up(0.1, 0.1) end;juice_card_until(card, eval_func, nil, 0.8) end return true end)' on target 'functions/common_events.lua' for pattern patch from Saturn\lovely\rem_anim.toml resulted in no matches
WARN - [♥] Pattern 'local stay_flipped = G.GAME and G.GAME.blind and G.GAME.blind:stay_flipped(to, card)' on target 'functions/common_events.lua' for pattern patch from Cartomancer\lovely\limit-deck-size.toml resulted in no matches
INFO - [♥] Applied 108 patches to 'functions/common_events.lua'
INFO - [♥] Applied 48 patches to 'functions/button_callbacks.lua'
WARN - [♥] Pattern 'if G.GAME.blind and G.GAME.blind.in_blind then G.E_MANAGER:add_event(Event({ func = function() G.GAME.blind:set_blind(nil, true, nil); return true end })) end' on target 'card.lua' for pattern patch from Steamodded\lovely\calculate_card_added.toml resulted in 2 matches, wanted 1
WARN - [♥] Ignoring excess matches
WARN - [♥] Pattern 'if G.GAME.blind then G.E_MANAGER:add_event(Event({ func = function() G.GAME.blind:set_blind(nil, true, nil); return true end })) end' on target 'card.lua' for pattern patch from Saturn\lovely\rem_anim.toml resulted in no matches
WARN - [♥] Pattern 'Xmult_mod = G.P_CENTERS.v_observatory.config.extra' on target 'card.lua' for pattern patch from Saturn\lovely\stack.toml resulted in no matches
INFO - [♥] Applied 157 patches to 'card.lua'
WARN - [♥] Pattern 'local stay_flipped = G.GAME and G.GAME.blind and G.GAME.blind:stay_flipped(self, card)' on target 'cardarea.lua' for pattern patch from Cartomancer\lovely\limit-deck-size.toml resulted in no matches
INFO - [♥] Applied 13 patches to 'cardarea.lua'
INFO - [♥] Applied 36 patches to 'blind.lua'
INFO - [♥] Applied 2 patches to 'engine/text.lua'
INFO - [♥] Applied 4 patches to '=[SMODS _ "src/overrides.lua"]'
INFO - [G] Failed to connect to the debug server
INFO - [G] 2025-03-25 20:56:22 :: DEBUG :: DebugConsole :: Steamodded Debug Socket started !
INFO - [G] [Blueprint] Starting to load config
INFO - [G] [Blueprint] Reading config file: 
INFO - [G] [Blueprint] return {
	["INTERNAL_debug"] = false,
	["hello"] = true,
}
INFO - [♥] Applied 1 patch to 'engine/save_manager.lua'
INFO - [♥] Applied 9 patches to 'engine/sound_manager.lua'
INFO - [G] Loaded all Blueprint mod shaders successfully
INFO - [G] 2025-03-25 20:56:30 :: TRACE :: Loader :: Processing Mod file (Legacy header): PreorderCards.lua
INFO - [G] 2025-03-25 20:56:30 :: TRACE :: Loader :: Saving Mod Info: preorder_cards
INFO - [G] 2025-03-25 20:56:30 :: TRACE :: Loader :: Processing Mod file (Legacy header): mod.lua
INFO - [G] 2025-03-25 20:56:30 :: TRACE :: Loader :: Saving Mod Info: blueprint
INFO - [G] 2025-03-25 20:56:30 :: ERROR :: Loader :: Found invalid metadata JSON file at C:\Users\easto\AppData\Roaming\Balatro\Mods/Brainstorm/manifest.json, ignoring: [SMODS _ "src/loader.lua"]:226: id
INFO - [G] 2025-03-25 20:56:30 :: TRACE :: Loader :: Processing Mod file (Legacy header): mod.lua
INFO - [G] 2025-03-25 20:56:30 :: TRACE :: Loader :: Saving Mod Info: cartomancer
INFO - [G] 2025-03-25 20:56:30 :: ERROR :: Loader :: Found invalid metadata JSON file at C:\Users\easto\AppData\Roaming\Balatro\Mods/Saturn/.vscode/settings.json, ignoring: [lovely json "libs/json/json.lua"]:185: expected string for key at line 4 col 3
INFO - [G] 2025-03-25 20:56:30 :: INFO  :: TIMER :: [0000] Injected Language in 0.002 ms
INFO - [G] 2025-03-25 20:56:30 :: INFO  :: TIMER :: [0000] Injected [INTERNAL] in 70.334 ms
INFO - [G] 2025-03-25 20:56:32 :: INFO  :: TIMER :: [0002] Injected Atlas in 1639.461 ms
INFO - [G] 2025-03-25 20:56:32 :: INFO  :: TIMER :: [0001] Injected Sound in 21.309 ms
INFO - [G] 2025-03-25 20:56:32 :: INFO  :: TIMER :: [0008] Injected Stake in 0.448 ms
INFO - [G] 2025-03-25 20:56:32 :: INFO  :: TIMER :: [0004] Injected Rarity in 0.085 ms
INFO - [G] 2025-03-25 20:56:32 :: INFO  :: TIMER :: [0004] Injected ObjectType in 0.054 ms
INFO - [G] 2025-03-25 20:56:32 :: INFO  :: TIMER :: [0048] Injected Center in 1.480 ms
INFO - [G] 2025-03-25 20:56:32 :: INFO  :: TIMER :: [0007] Injected Undiscovered Sprite in 0.113 ms
INFO - [G] 2025-03-25 20:56:32 :: INFO  :: TIMER :: [0002] Injected Blind in 0.036 ms
INFO - [G] 2025-03-25 20:56:32 :: INFO  :: TIMER :: [0004] Injected Seal in 1.230 ms
INFO - [G] 2025-03-25 20:56:32 :: INFO  :: TIMER :: [0004] Injected Suit in 0.554 ms
INFO - [G] 2025-03-25 20:56:32 :: INFO  :: TIMER :: [0013] Injected Rank in 0.304 ms
INFO - [G] 2025-03-25 20:56:32 :: INFO  :: TIMER :: [0028] Injected DeckSkin in 0.448 ms
INFO - [G] 2025-03-25 20:56:32 :: INFO  :: TIMER :: [0012] Injected PokerHand in 0.278 ms
INFO - [G] 2025-03-25 20:56:32 :: INFO  :: TIMER :: [0020] Injected Challenge in 0.319 ms
INFO - [G] 2025-03-25 20:56:32 :: INFO  :: TIMER :: [0000] Injected Tag in 0.003 ms
INFO - [G] 2025-03-25 20:56:32 :: INFO  :: TIMER :: [0004] Injected Sticker in 0.245 ms
INFO - [G] 2025-03-25 20:56:32 :: INFO  :: TIMER :: [0000] Injected Shader in 0.003 ms
INFO - [G] 2025-03-25 20:56:32 :: INFO  :: TIMER :: [0002] Injected Keybind in 0.032 ms
INFO - [G] 2025-03-25 20:56:32 :: INFO  :: TIMER :: [0000] Injected Achievement in 0.151 ms
INFO - [G] 2025-03-25 20:56:32 :: INFO  :: TIMER :: [0002] Injected nil in 0.033 ms
INFO - [G] 2025-03-25 20:56:32 :: INFO  :: TIMER :: [0021] Injected Draw Step in 0.519 ms
INFO - [G] 2025-03-25 20:56:32 :: INFO  :: TIMER :: [0000] Injected [INTERNAL] in 36.905 ms
INFO - [G] ERROR LOADING GAME: Card area 'shop_booster' not instantiated before load
INFO - [G] ERROR LOADING GAME: Card area 'shop_vouchers' not instantiated before load
INFO - [G] ERROR LOADING GAME: Card area 'shop_jokers' not instantiated before load
INFO - [G] LONG DT @ 20: 0.1
INFO - [G] LONG DT @ 20: 0.08210998
INFO - [G] LONG DT @ 20: 0.067733504
INFO - [G] LONG DT @ 20: 0.0559224632
INFO - [G] LONG DT @ 31: 0.1
INFO - [G] LONG DT @ 32: 0.08266598
INFO - [G] LONG DT @ 32: 0.068981384
INFO - [G] LONG DT @ 32: 0.0582815272
INFO - [G] LONG DT @ 32: 0.05086896176
INFO - [G] line not found
INFO - [G] file not found: main.lua: No such file or directory
INFO - [G] file not found: main.lua: No such file or directory
INFO - [G] file not found: main.lua: No such file or directory
INFO - [G] file not found: main.lua: No such file or directory
INFO - [G] 2025-03-25 20:58:16 :: ERROR :: StackTrace :: Oops! The game crashed
[SMODS _ "src/utils.lua"]:1489: attempt to index local 'edition' (a nil value)
Stack Traceback
===============
(1) Lua local 'handler' at file 'main.lua:612'
	Local variables:
	 msg = string: "[SMODS _ \"src/utils.lua\"]:1489: attempt to index local 'edition' (a nil value)"
	 (*temporary) = Lua function '?' (defined at line 31 of chunk [SMODS _ "src/logging.lua"])
	 (*temporary) = string: "Oops! The game crashed\
"
(2) LÖVE metamethod at file 'boot.lua:352'
	Local variables:
	 errhand = Lua function '?' (defined at line 598 of chunk main.lua)
	 handler = Lua function '?' (defined at line 598 of chunk main.lua)
(3) Lua method 'calculate_edition' at Steamodded file 'src/utils.lua:1489' 
	Local variables:
	 self = table: 0x0e4d8670  {click_offset:table: 0x0e1bdf38, children:table: 0x0e3f77a8, ambient_tilt:0.2, parent:table: 0x0e2c27b0, edition:table: 0x0eb5e050, T:table: 0x0e4d8888 (more...)}
	 context = table: 0x0e4402c8  {main_eval:true, debuff_card:table: 0x0eaf2588, ignore_debuff:true, cardarea:table: 0x0e2c27b0}
	 edition = nil
	 (*temporary) = nil
	 (*temporary) = number: 1
	 (*temporary) = nil
	 (*temporary) = nil
	 (*temporary) = string: "attempt to index local 'edition' (a nil value)"
(4) Lua global 'eval_card' at file 'functions/common_events.lua:701'
	Local variables:
	 card = table: 0x0e4d8670  {click_offset:table: 0x0e1bdf38, children:table: 0x0e3f77a8, ambient_tilt:0.2, parent:table: 0x0e2c27b0, edition:table: 0x0eb5e050, T:table: 0x0e4d8888 (more...)}
	 context = table: 0x0e4402c8  {main_eval:true, debuff_card:table: 0x0eaf2588, ignore_debuff:true, cardarea:table: 0x0e2c27b0}
	 ret = table: 0x0e7905b0  {}
(5) Lua field 'calculate_card_areas' at Steamodded file 'src/utils.lua:1506' 
	Local variables:
	 _type = string: "jokers"
	 context = table: 0x0e4402c8  {main_eval:true, debuff_card:table: 0x0eaf2588, ignore_debuff:true, cardarea:table: 0x0e2c27b0}
	 return_table = nil
	 args = table: 0x0edbcf48  {joker_area:true}
	 flags = table: 0x0edbcf70  {}
	 (for generator) = C function: builtin#6
	 (for state) = table: 0x0edbcf98  {1:table: 0x0dea4e90, 2:table: 0x0e2c27b0, 3:table: 0x0e2b9a88}
	 (for control) = number: 2
	 _ = number: 2
	 area = table: 0x0e2c27b0  {click_offset:table: 0x0dc4cc20, children:table: 0x0e4d8648, shuffle_amt:0, T:table: 0x0df0fdf0, offset:table: 0x0ddf79f8, role:table: 0x0e06e5c0 (more...)}
	 (for generator) = C function: builtin#6
	 (for state) = table: 0x0e4d8620  {1:table: 0x0e4d8670, 2:table: 0x0e4ade60}
	 (for control) = number: 1
	 _ = number: 1
	 _card = table: 0x0e4d8670  {click_offset:table: 0x0e1bdf38, children:table: 0x0e3f77a8, ambient_tilt:0.2, parent:table: 0x0e2c27b0, edition:table: 0x0eb5e050, T:table: 0x0e4d8888 (more...)}
(6) Lua field 'calculate_context' at Steamodded file 'src/utils.lua:1616' 
	Local variables:
	 context = table: 0x0e4402c8  {main_eval:true, debuff_card:table: 0x0eaf2588, ignore_debuff:true, cardarea:table: 0x0e2c27b0}
	 return_table = nil
	 flags = table: 0x0edc3140  {}
	 (*temporary) = number: 1
(7) Lua method 'debuff_card' at Steamodded file 'src/overrides.lua:1901' 
	Local variables:
	 self = table: 0x0e82ce48  {click_offset:table: 0x0e82cf48, static_rotation:false, ambient_tilt:0.3, parent:table: 0x0e8bc060, in_blind:false, T:table: 0x0e82d038, offset:table: 0x0e82d428 (more...)}
	 card = table: 0x0eaf2588  {click_offset:table: 0x0e9e1260, children:table: 0x0e626cb0, ambient_tilt:0.2, T:table: 0x0eaf0b70, offset:table: 0x0e9e1380, role:table: 0x0e9e1940 (more...)}
	 from_blind = nil
(8) Lua method 'set_ability' at file 'card.lua:453'
	Local variables:
	 self = table: 0x0eaf2588  {click_offset:table: 0x0e9e1260, children:table: 0x0e626cb0, ambient_tilt:0.2, T:table: 0x0eaf0b70, offset:table: 0x0e9e1380, role:table: 0x0e9e1940 (more...)}
	 center = table: 0x0e259b48  {alerted:true, _saved_d_u:true, unlocked:true, freq:1, effect:Hand Upgrade, cost:3, order:1, _d:false, set:Planet, consumeable:true, discovered:true (more...)}
	 initial = nil
	 delay_sprites = nil
	 X = number: 15.0333
	 Y = number: -0.0404203
	 W = number: 2.04878
	 H = number: 2.75122
	 old_center = table: 0x0e23d748  {max:500, unlocked:true, key:c_base, set:Default, config:table: 0x0e23d958, _saved_d_u:true, effect:Base, discovered:true, line:base, pos:table: 0x0e23d8f8 (more...)}
	 new_ability = table: 0x0e440230  {h_mult:0, perma_h_chips:0, x_mult:1, h_chips:0, perma_h_mult:0, mult:0, perma_h_x_mult:0, h_size:0, perma_h_dollars:0, h_x_chips:1, perma_x_mult:0 (more...)}
	 reset_keys = table: 0x0e440258  {1:name, 2:effect, 3:set, 4:extra, 5:played_this_ante, 6:perma_debuff}
	 obj = table: 0x0e259b48  {alerted:true, _saved_d_u:true, unlocked:true, freq:1, effect:Hand Upgrade, cost:3, order:1, _d:false, set:Planet, consumeable:true, discovered:true (more...)}
(9) Lua global 'copy_card' at file 'functions/common_events.lua:2367'
	Local variables:
	 other = table: 0x0e4d8670  {click_offset:table: 0x0e1bdf38, children:table: 0x0e3f77a8, ambient_tilt:0.2, parent:table: 0x0e2c27b0, edition:table: 0x0eb5e050, T:table: 0x0e4d8888 (more...)}
	 new_card = nil
	 card_scale = nil
	 playing_card = nil
	 strip_edition = nil
	 new_card = table: 0x0eaf2588  {click_offset:table: 0x0e9e1260, children:table: 0x0e626cb0, ambient_tilt:0.2, T:table: 0x0eaf0b70, offset:table: 0x0e9e1380, role:table: 0x0e9e1940 (more...)}
(10) Lua field 'func' at file 'card.lua:2681'
	Local variables:
	 total = number: 2
	 checked = number: 1
	 center = table: 0x0e4d8670  {click_offset:table: 0x0e1bdf38, children:table: 0x0e3f77a8, ambient_tilt:0.2, parent:table: 0x0e2c27b0, edition:table: 0x0eb5e050, T:table: 0x0e4d8888 (more...)}
	 poll = number: 0.413587
(11) Lua method 'handle' at file 'engine/event.lua:99'
	Local variables:
	 self = table: 0x0ef10bd8  {start_timer:true, timer:TOTAL, blockable:true, trigger:immediate, func:function: 0x0e1c38d0, delay:0, complete:false, time:1318.9928596644, blocking:true (more...)}
	 _results = table: 0x0e342f08  {blocking:true, pause_skip:false, time_done:false, completed:false}
(12) Lua method 'update' at file 'engine/event.lua:182'
	Local variables:
	 self = table: 0x0e2b9310  {queue_last_processed:84.366666666663, queues:table: 0x0e2b9338, queue_dt:0.016666666666667, queue_timer:101.75212627309}
	 dt = number: 0.0213958
	 forced = nil
	 (for generator) = C function: next
	 (for state) = table: 0x0e2b9338  {unlock:table: 0x0e2b9360, other:table: 0x0e2b97e0, tutorial:table: 0x0e2b9790, base:table: 0x0e2b9388, achievement:table: 0x0e2b97b8}
	 (for control) = number: nan
	 k = string: "base"
	 v = table: 0x0e2b9388  {1:table: 0x0e3b5398, 2:table: 0x0ef10bd8, 3:table: 0x0e6363d0, 4:table: 0x0e636898, 5:table: 0x0e636c98, 6:table: 0x0ea88718, 7:table: 0x0ea88b88 (more...)}
	 blocked = boolean: false
	 i = number: 2
	 results = table: 0x0e342f08  {blocking:true, pause_skip:false, time_done:false, completed:false}
(13) Lua upvalue 'gameUpdateRef' at file 'game.lua:2555'
	Local variables:
	 self = table: 0x0dc80a90  {F_GUIDE:false, F_CRASH_REPORTS:false, F_QUIT_BUTTON:true, HUD_tags:table: 0x0e8b9640, F_ENGLISH_ONLY:false, viewed_stake:1, HUD:table: 0x0e849968 (more...)}
	 dt = number: 0.0213958
	 http_resp = nil
(14) Lua upvalue 'gameUpdateRef' at Steamodded file 'src/ui.lua:84' 
	Local variables:
	 self = table: 0x0dc80a90  {F_GUIDE:false, F_CRASH_REPORTS:false, F_QUIT_BUTTON:true, HUD_tags:table: 0x0e8b9640, F_ENGLISH_ONLY:false, viewed_stake:1, HUD:table: 0x0e849968 (more...)}
	 dt = number: 0.0213958
(15) Lua method 'update' at line 22 of chunk '"11585"]'
	Local variables:
	 self = table: 0x0dc80a90  {F_GUIDE:false, F_CRASH_REPORTS:false, F_QUIT_BUTTON:true, HUD_tags:table: 0x0e8b9640, F_ENGLISH_ONLY:false, viewed_stake:1, HUD:table: 0x0e849968 (more...)}
	 dt = number: 0.0213958
(16) Lua field 'update' at file 'main.lua:995'
	Local variables:
	 dt = number: 0.0213958
(17) Lua function '?' at file 'main.lua:934' (best guess)
(18) global C function 'xpcall'
(19) LÖVE function at file 'boot.lua:377' (best guess)
	Local variables:
	 func = Lua function '?' (defined at line 905 of chunk main.lua)
	 inerror = boolean: true
	 deferErrhand = Lua function '(LÖVE Function)' (defined at line 348 of chunk [love "boot.lua"])
	 earlyinit = Lua function '(LÖVE Function)' (defined at line 355 of chunk [love "boot.lua"])

INFO - [G] file not found: main.lua: No such file or directory
INFO - [G] file not found: main.lua: No such file or directory
INFO - [G] 2025-03-25 20:58:16 :: INFO  :: StackTrace :: Additional Context:
Balatro Version: 1.0.1o-FULL
Modded Version: 1.0.0~BETA-0323b-STEAMODDED
LÖVE Version: 11.5.0
Lovely Version: 0.7.1
Platform: Windows
Steamodded Mods:
    1: Blueprint by stupxd aka stupid, Jonathan [ID: blueprint, Priority: 69, Version: 3.2, Uses Lovely]
    2: Preorder Cards by asd123cqp [ID: preorder_cards]
    3: Cartomancer by stupxd aka stupid [ID: cartomancer, Priority: 69, Version: 4.11, Uses Lovely]
Lovely Mods:
    1: Saturn
    2: Brainstorm
