INFO - [♥] Lovely 0.7.1
INFO - [♥] Game directory is at "C:\\Users\\easto\\Downloads\\Balatro.v1.0.1o\\Balatro.v1.0.1o\\game"
INFO - [♥] Writing logs to "C:\\Users\\easto\\AppData\\Roaming\\Balatro\\Mods\\lovely\\log"
INFO - [♥] Using mod directory at "C:\\Users\\easto\\AppData\\Roaming\\Balatro\\Mods"
INFO - [♥] Found .lovelyignore in 'ExtraCredit', skipping it.
WARN - [♥] Unknown key `patches.2.?.match_indent` found in patch file at "C:\\Users\\easto\\AppData\\Roaming\\Balatro\\Mods\\Cartomancer\\lovely\\stackable-deck-steamodded.toml", ignoring it
WARN - [♥] Unknown key `patches.21.?.match_indent` found in patch file at "C:\\Users\\easto\\AppData\\Roaming\\Balatro\\Mods\\Cryptid\\lovely\\code.toml", ignoring it
WARN - [♥] Unknown key `patches.17.?.match_indent` found in patch file at "C:\\Users\\easto\\AppData\\Roaming\\Balatro\\Mods\\HandyBalatro\\lovely.toml", ignoring it
WARN - [♥] Unknown key `patches.17.?.overwrite` found in patch file at "C:\\Users\\easto\\AppData\\Roaming\\Balatro\\Mods\\HandyBalatro\\lovely.toml", ignoring it
WARN - [♥] Unknown key `patches.49.?.match_indent` found in patch file at "C:\\Users\\easto\\AppData\\Roaming\\Balatro\\Mods\\Talisman\\lovely.toml", ignoring it
WARN - [♥] Unknown key `patches.52.?.match_indent` found in patch file at "C:\\Users\\easto\\AppData\\Roaming\\Balatro\\Mods\\Talisman\\lovely.toml", ignoring it
INFO - [♥] Cleaning up dumps directory at "C:\\Users\\easto\\AppData\\Roaming\\Balatro\\Mods\\lovely\\dump"
INFO - [♥] Initialization complete in 3571ms
WARN - [♥] Pattern 'G.ARGS.score_intensity.organ = G.video_organ or G.ARGS.score_intensity.required_score > 0 and math.max(math.min(0.4, 0.1*math.log(G.ARGS.score_intensity.earned_score/(G.ARGS.score_intensity.required_score+1), 5)),0.) or 0' on target 'main.lua' for pattern patch from Talisman\lovely.toml resulted in no matches
WARN - [♥] Pattern 'if type(G.GAME.current_round.current_hand.chips) ~= \'number\' or type(G.GAME.current_round.current_hand.mult) ~= \'number\' then' on target 'main.lua' for pattern patch from Talisman\lovely.toml resulted in no matches
WARN - [♥] Pattern 'assert(load(nfs.read(Saturn.PATH .. \"/core/logic/hide_played.lua\")))()' on target 'main.lua' for pattern patch from Cartomancer\lovely\saturn-compat.toml resulted in no matches
WARN - [♥] Pattern 'modded and {' on target 'main.lua' for pattern patch from Cartomancer\lovely\stackable-deck-steamodded-0.9.8.toml resulted in no matches
INFO - [♥] Applied 31 patches to 'main.lua'
INFO - [♥] Applied 2 patches to 'engine/string_packer.lua'
INFO - [♥] Applied 11 patches to 'engine/controller.lua'
INFO - [♥] Applied 15 patches to 'back.lua'
INFO - [♥] Applied 18 patches to 'tag.lua'
INFO - [♥] Applied 1 patch to 'engine/node.lua'
INFO - [♥] Applied 2 patches to 'engine/moveable.lua'
INFO - [♥] Applied 2 patches to 'engine/sprite.lua'
INFO - [♥] Applied 2 patches to 'engine/animatedsprite.lua'
WARN - [♥] Pattern 'assembled_string = assembled_string..(type(subpart) == \'string\' and subpart or args.vars[tonumber(subpart[1])] or \'ERROR\')' on target 'functions/misc_functions.lua' for pattern patch from Talisman\lovely.toml resulted in no matches
INFO - [♥] Applied 58 patches to 'functions/misc_functions.lua'
WARN - [♥] Pattern 'for i = 1, 2 do' on target 'game.lua' for pattern patch from Cryptid\lovely\stake.toml resulted in no matches
WARN - [♥] Pattern 'create_shop_card_ui(card, \'Voucher\', G.shop_vouchers)' on target 'game.lua' for pattern patch from Cryptid\lovely\stake.toml resulted in no matches
WARN - [♥] Pattern 'self.GAME.current_round.voucher = G.SETTINGS.tutorial_progress and G.SETTINGS.tutorial_progress.forced_voucher or SMODS.get_next_vouchers()' on target 'game.lua' for pattern patch from Cryptid\lovely\very_fair.toml resulted in no matches
WARN - [♥] Pattern 'self.GAME.current_round.voucher = G.SETTINGS.tutorial_progress and G.SETTINGS.tutorial_progress.forced_voucher or get_next_voucher_key()' on target 'game.lua' for pattern patch from Cryptid\lovely\Voucher.toml resulted in no matches
WARN - [♥] Regex 'card\\:start_materialize\\(\\)\\n\\s+G\\.shop_vouchers\\:emplace\\(card\\)\\n\\s+end' on target 'game.lua' for regex patch from Cryptid\lovely\Voucher.toml resulted in no matches
INFO - [♥] Applied 98 patches to 'game.lua'
INFO - [♥] Applied 1 patch to 'globals.lua'
WARN - [♥] Pattern 'self.config.chosen = true' on target 'engine/ui.lua' for pattern patch from Cartomancer\lovely\vanilla-ui.toml resulted in no matches
INFO - [♥] Applied 7 patches to 'engine/ui.lua'
WARN - [♥] Pattern 'G.GAME.shop.joker_max*1.02*G.CARD_W,' on target 'functions/UI_definitions.lua' for pattern patch from Cryptid\lovely\equilibrium.toml resulted in no matches
WARN - [♥] Pattern '{n=G.UIT.T, config={text = G.GAME.hands[handname].chips, scale = 0.45, colour = G.C.UI.TEXT_LIGHT}},' on target 'functions/UI_definitions.lua' for pattern patch from Talisman\lovely.toml resulted in no matches
WARN - [♥] Pattern '{n=G.UIT.T, config={text = G.GAME.hands[handname].mult, scale = 0.45, colour = G.C.UI.TEXT_LIGHT}}' on target 'functions/UI_definitions.lua' for pattern patch from Talisman\lovely.toml resulted in no matches
INFO - [♥] Applied 127 patches to 'functions/UI_definitions.lua'
WARN - [♥] Pattern 'ease_to = G.GAME.chips + math.floor(hand_chips * mult) * (e and e.antiscore and -1 or 1),' on target 'functions/state_events.lua' for pattern patch from Cryptid\lovely\blind.toml resulted in no matches
WARN - [♥] Pattern 'if reps[j] ~= 1 then' on target 'functions/state_events.lua' for pattern patch from Cryptid\lovely\misc.toml resulted in no matches
WARN - [♥] Pattern 'for i=1, #G.jokers.cards + #G.consumeables.cards do' on target 'functions/state_events.lua' for pattern patch from Cryptid\lovely\misc.toml resulted in no matches
WARN - [♥] Pattern 'local effects = {[1] = {playing_card = G.hand.cards[i]:get_end_of_round_effect()}}' on target 'functions/state_events.lua' for pattern patch from Cryptid\lovely\stake.toml resulted in no matches
WARN - [♥] Pattern 'G.GAME.current_round.voucher = get_next_voucher_key()' on target 'functions/state_events.lua' for pattern patch from Cryptid\lovely\sticker.toml resulted in no matches
WARN - [♥] Pattern 'G.GAME.current_round.voucher = get_next_voucher_key()' on target 'functions/state_events.lua' for pattern patch from Cryptid\lovely\Voucher.toml resulted in no matches
WARN - [♥] Pattern 'if effects[ii].card then' on target 'functions/state_events.lua' for pattern patch from Talisman\lovely.toml resulted in no matches
WARN - [♥] Pattern 'if effects.jokers.Xmult_mod then mult = mod_mult(mult*effects.jokers.Xmult_mod);extras.mult = true  end' on target 'functions/state_events.lua' for pattern patch from Talisman\lovely.toml resulted in no matches
WARN - [♥] Pattern 'if effect.Xmult_mod then mult = mod_mult(mult*effect.Xmult_mod);extras.mult = true  end' on target 'functions/state_events.lua' for pattern patch from Talisman\lovely.toml resulted in no matches
WARN - [♥] Pattern 'if effects[ii].message then' on target 'functions/state_events.lua' for pattern patch from Talisman\lovely.toml resulted in no matches
WARN - [♥] Pattern '--calculate the card edition effects' on target 'functions/state_events.lua' for pattern patch from Talisman\lovely.toml resulted in no matches
WARN - [♥] Pattern 'if effects[ii].edition.p_dollars_mod then' on target 'functions/state_events.lua' for pattern patch from Talisman\lovely.toml resulted in no matches
WARN - [♥] Pattern 'if edition_effects.jokers.x_mult_mod then' on target 'functions/state_events.lua' for pattern patch from Talisman\lovely.toml resulted in no matches
WARN - [♥] Pattern 'if SMODS.has_enhancement(scoring_hand[i], \'m_glass\') and not scoring_hand[i].debuff and pseudorandom(\'glass\') < G.GAME.probabilities.normal/(scoring_hand[i].ability.name == \'Glass Card\' and scoring_hand[i].ability.extra or G.P_CENTERS.m_glass.config.extra) then' on target 'functions/state_events.lua' for pattern patch from Cryptid\lovely\Probability.toml resulted in no matches
WARN - [♥] Regex '(?<indent>[\\t ]*)if destroyed then \\n' on target 'functions/state_events.lua' for regex patch from Cryptid\lovely\seal.toml resulted in no matches
INFO - [♥] Applied 76 patches to 'functions/state_events.lua'
WARN - [♥] Pattern '{n=G.UIT.T, config={text = localize(\'$\')..config.dollars, scale = 1.2*scale, colour = G.C.WHITE, shadow = true, juice = true}}' on target 'functions/common_events.lua' for pattern patch from Cryptid\lovely\code.toml resulted in no matches
WARN - [♥] Pattern 'G.shop_jokers.T.w = G.GAME.shop.joker_max*1.01*G.CARD_W' on target 'functions/common_events.lua' for pattern patch from Cryptid\lovely\equilibrium.toml resulted in no matches
WARN - [♥] Pattern 'function generate_card_ui(_c, full_UI_table, specific_vars, card_type, badges, hide_desc, main_start, main_end)' on target 'functions/common_events.lua' for pattern patch from Cryptid\lovely\lib_misc.toml resulted in no matches
WARN - [♥] Pattern 'elseif v.boss.showdown and (G.GAME.round_resets.ante)%G.GAME.win_ante == 0 and G.GAME.round_resets.ante >= 2 then' on target 'functions/common_events.lua' for pattern patch from Cryptid\lovely\stake.toml resulted in no matches
WARN - [♥] Pattern 'if num_dollars > 60 then' on target 'functions/common_events.lua' for pattern patch from Talisman\lovely.toml resulted in no matches
WARN - [♥] Pattern 'func = (function() if eval_func(card) then if not first or first then card:juice_up(0.1, 0.1) end;juice_card_until(card, eval_func, nil, 0.8) end return true end)' on target 'functions/common_events.lua' for pattern patch from Talisman\lovely.toml resulted in no matches
INFO - [♥] Applied 177 patches to 'functions/common_events.lua'
WARN - [♥] Pattern 'if ((G.GAME.dollars-G.GAME.bankrupt_at) - 10 >= 0) and' on target 'functions/button_callbacks.lua' for pattern patch from Talisman\lovely.toml resulted in no matches
INFO - [♥] Applied 78 patches to 'functions/button_callbacks.lua'
WARN - [♥] Pattern 'if G.GAME.blind and G.GAME.blind.in_blind then G.E_MANAGER:add_event(Event({ func = function() G.GAME.blind:set_blind(nil, true, nil); return true end })) end' on target 'card.lua' for pattern patch from Steamodded\lovely\calculate_card_added.toml resulted in 2 matches, wanted 1
WARN - [♥] Ignoring excess matches
WARN - [♥] Pattern 'if self.ability.name == \'Campfire\' and G.GAME.blind.boss and not (G.GAME.blind.config and G.GAME.blind.config.bonus) and self.ability.x_mult > 1 then' on target 'card.lua' for pattern patch from Cryptid\lovely\misc.toml resulted in no matches
WARN - [♥] Pattern 'if self.ability.name:find(\'Arcana\') then' on target 'card.lua' for pattern patch from Cryptid\lovely\misprint.toml resulted in no matches
WARN - [♥] Pattern 'if self.ability.name == \'The Hermit\' or self.ability.consumeable.hand_type or self.ability.name == \'Temperance\' or self.ability.name == \'Black Hole\' then' on target 'card.lua' for pattern patch from Cryptid\lovely\stake.toml resulted in no matches
WARN - [♥] Pattern 'if self.ability.queue_negative_removal then' on target 'card.lua' for pattern patch from Cryptid\lovely\sticker.toml resulted in no matches
WARN - [♥] Pattern 'G.GAME.current_round.voucher = nil' on target 'card.lua' for pattern patch from Cryptid\lovely\Voucher.toml resulted in no matches
WARN - [♥] Pattern 'if G.GAME.blind then G.E_MANAGER:add_event(Event({ func = function() G.GAME.blind:set_blind(nil, true, nil); return true end })) end' on target 'card.lua' for pattern patch from Talisman\lovely.toml resulted in no matches
WARN - [♥] Pattern 'x_mult = center.config.Xmult or 1,' on target 'card.lua' for pattern patch from Talisman\lovely.toml resulted in no matches
WARN - [♥] Pattern 'elseif self.ability.name == \'Business Card\' then loc_vars = {\'\'..(G.GAME and G.GAME.probabilities.normal or 1), self.ability.extra}' on target 'card.lua' for pattern patch from Cryptid\lovely\Probability.toml resulted in no matches
WARN - [♥] Pattern 'pseudorandom(\'business\') < G.GAME.probabilities.normal/self.ability.extra then' on target 'card.lua' for pattern patch from Cryptid\lovely\Probability.toml resulted in no matches
WARN - [♥] Pattern 'local currentBack = self.params.viewed_back and G.GAME.viewed_back or G.GAME.selected_back' on target 'card.lua' for pattern patch from Galdur\lovely.toml resulted in no matches
INFO - [♥] Applied 253 patches to 'card.lua'
WARN - [♥] Pattern 'local stay_flipped = G.GAME and G.GAME.blind and G.GAME.blind:stay_flipped(self, card)' on target 'cardarea.lua' for pattern patch from Cartomancer\lovely\limit-deck-size.toml resulted in no matches
INFO - [♥] Applied 25 patches to 'cardarea.lua'
INFO - [♥] Applied 40 patches to 'blind.lua'
INFO - [♥] Applied 2 patches to 'card_character.lua'
INFO - [♥] Applied 5 patches to 'engine/text.lua'
INFO - [♥] Applied 2 patches to '=[SMODS _ "src/utils.lua"]'
INFO - [♥] Applied 8 patches to '=[SMODS _ "src/overrides.lua"]'
INFO - [♥] Applied 1 patch to '=[SMODS _ "src/game_object.lua"]'
INFO - [G] Failed to connect to the debug server
INFO - [G] 2025-04-10 11:17:58 :: DEBUG :: DebugConsole :: Steamodded Debug Socket started !
INFO - [G] 2025-04-10 11:17:58 :: INFO  :: SMODS :: Steamodded v1.0.0~BETA-0401a
INFO - [G] [Blueprint] Starting to load config
INFO - [G] [Blueprint] Reading config file: 
INFO - [G] [Blueprint] return {
	["INTERNAL_debug"] = false,
	["hello"] = true,
}
INFO - [♥] Applied 9 patches to 'engine/sound_manager.lua'
INFO - [♥] Applied 3 patches to 'engine/save_manager.lua'
INFO - [♥] Applied 2 patches to 'engine/string_packer.lua'
INFO - [G] Loaded all Blueprint mod shaders successfully
INFO - [♥] Applied 4 patches to '=[SMODS _ "src/card_draw.lua"]'
INFO - [G] 2025-04-10 11:18:03 :: TRACE :: Loader :: Processing Mod file (Legacy header): BetterMouseAndGamepad_v1.0.6c.lua
INFO - [G] 2025-04-10 11:18:03 :: TRACE :: Loader :: Saving Mod Info: BetterMouseAndGamepad
INFO - [G] 2025-04-10 11:18:03 :: TRACE :: Loader :: Processing Mod file (Legacy header): BetterMouseAndGamepad_v1.0.5d.lua
INFO - [G] 2025-04-10 11:18:03 :: WARN  :: Loader :: Duplicate Mod ID: BetterMouseAndGamepad
INFO - [G] 2025-04-10 11:18:03 :: WARN  :: Loader :: Duplicate Mod prefix bmag_k used by BetterMouseAndGamepad, BetterMouseAndGamepad
INFO - [G] 2025-04-10 11:18:03 :: TRACE :: Loader :: Processing Mod file (Legacy header): mod.lua
INFO - [G] 2025-04-10 11:18:03 :: TRACE :: Loader :: Saving Mod Info: blueprint
INFO - [G] 2025-04-10 11:18:03 :: ERROR :: Loader :: Found invalid metadata JSON file at C:\Users\easto\AppData\Roaming\Balatro\Mods/Brainstorm/manifest.json, ignoring: [SMODS _ "src/loader.lua"]:226: id
INFO - [G] 2025-04-10 11:18:03 :: TRACE :: Loader :: Processing Mod file (Legacy header): mod.lua
INFO - [G] 2025-04-10 11:18:03 :: TRACE :: Loader :: Saving Mod Info: cartomancer
INFO - [G] 2025-04-10 11:18:04 :: INFO  :: Loader :: Valid JSON file found
INFO - [G] 2025-04-10 11:18:04 :: INFO  :: Loader :: Valid JSON file found
INFO - [G] 2025-04-10 11:18:05 :: INFO  :: Loader :: Valid JSON file found
INFO - [G] 2025-04-10 11:18:05 :: INFO  :: Loader :: Valid JSON file found
INFO - [G] 2025-04-10 11:18:05 :: TRACE :: Loader :: Processing Mod file (Legacy header): steamodded.lua
INFO - [G] 2025-04-10 11:18:05 :: WARN  :: Loader :: Duplicate Mod ID: Handy
INFO - [G] 2025-04-10 11:18:05 :: INFO  :: Loader :: Valid JSON file found
INFO - [G] 2025-04-10 11:18:05 :: TRACE :: Loader :: Processing Mod file (Legacy header): PreorderCards.lua
INFO - [G] 2025-04-10 11:18:05 :: TRACE :: Loader :: Saving Mod Info: preorder_cards
INFO - [G] 2025-04-10 11:18:05 :: TRACE :: Loader :: Processing Mod file (Legacy header): steamodded_metadata.lua
INFO - [G] 2025-04-10 11:18:05 :: TRACE :: Loader :: Saving Mod Info: Talisman
INFO - [G] 2025-04-10 11:18:05 :: TRACE :: Loader :: Processing Mod file (Legacy header): IOSAdaptation.lua
INFO - [G] 2025-04-10 11:18:05 :: TRACE :: Loader :: Saving Mod Info: IOSAdaptation
INFO - [G] 2025-04-10 11:18:05 :: TRACE :: Loader :: Processing Mod file (Legacy header): UltraHand.lua
INFO - [G] 2025-04-10 11:18:05 :: TRACE :: Loader :: Saving Mod Info: UltraHand
INFO - [G] 2025-04-10 11:18:05 :: DEBUG :: DefaultLogger :: IOS Adaptation!
INFO - [G] 2025-04-10 11:18:05 :: TRACE :: Loader :: Mod extracredit was unable to load: Missing Dependencies: 1: Steamodded (>=1.0.0~ALPHA-1423g) (<=1.0.0~BETA-0312b)


INFO - [G] [CRYPTID] Loading library file ascended.lua
INFO - [G] [CRYPTID] Loading library file calculate.lua
INFO - [G] [CRYPTID] Loading library file content.lua
INFO - [G] [CRYPTID] Loading library file cross-mod.lua
INFO - [G] [CRYPTID] Loading library file d20.lua
INFO - [G] [CRYPTID] Loading library file event.lua
INFO - [G] [CRYPTID] Loading library file gameset.lua
INFO - [G] [CRYPTID] Loading library file https.lua
INFO - [G] 2025-04-10 11:18:05 :: DEBUG :: SMODS.https :: Using https module backend
INFO - [G] [CRYPTID] Loading library file misc.lua
INFO - [G] [CRYPTID] Loading library file misprintize.lua
INFO - [G] [CRYPTID] Loading library file modifiers.lua
INFO - [G] 2025-04-10 11:18:05 :: WARN  :: Sticker :: Detected duplicate register call on object perishable
INFO - [G] 2025-04-10 11:18:05 :: WARN  :: Sticker :: Detected duplicate register call on object pinned
INFO - [G] 2025-04-10 11:18:05 :: WARN  :: Sticker :: Detected duplicate register call on object eternal
INFO - [G] 2025-04-10 11:18:05 :: WARN  :: Sticker :: Detected duplicate register call on object rental
INFO - [G] [CRYPTID] Loading library file notifications.lua
INFO - [G] [CRYPTID] Loading library file overrides.lua
INFO - [G] [CRYPTID] Loading library file ui.lua
INFO - [G] [CRYPTID] Loading file achievement.lua
INFO - [G] [CRYPTID] Loading file blind.lua
INFO - [G] [CRYPTID] Loading file challenge.lua
INFO - [G] [CRYPTID] Loading file code.lua
INFO - [G] [CRYPTID] Loading file deck.lua
INFO - [G] [CRYPTID] Loading file enhanced.lua
INFO - [G] [CRYPTID] Loading file epic.lua
INFO - [G] [CRYPTID] Loading file exotic.lua
INFO - [G] [CRYPTID] Loading file joker_display.lua
INFO - [G] [CRYPTID] Loading file m.lua
INFO - [G] [CRYPTID] Loading file misc.lua
INFO - [G] [CRYPTID] Loading file misc_joker.lua
INFO - [G] [CRYPTID] Loading file planet.lua
INFO - [G] [CRYPTID] Loading file sleeve.lua
INFO - [G] [CRYPTID] Loading file spectral.lua
INFO - [G] [CRYPTID] Loading file spooky.lua
INFO - [G] [CRYPTID] Loading file stake.lua
INFO - [G] [CRYPTID] Loading file tag.lua
INFO - [G] [CRYPTID] Loading file test.lua
INFO - [G] [CRYPTID] Loading file voucher.lua
INFO - [G] 2025-04-10 11:18:05 :: WARN  :: Atlas :: Object cry_effarcire has the same key as an existing object, not registering.
INFO - [G] 2025-04-10 11:18:05 :: WARN  :: Atlas :: If you want to modify an existing object, use take_ownership()
INFO - [G] 2025-04-10 11:18:05 :: INFO  :: TIMER :: [0000] Injected Language in 0.001 ms
INFO - [G] 2025-04-10 11:18:05 :: INFO  :: TIMER :: [0000] Injected [INTERNAL] in 64.046 ms
INFO - [G] 2025-04-10 11:18:06 :: INFO  :: TIMER :: [0033] Injected Atlas in 673.191 ms
INFO - [G] 2025-04-10 11:18:06 :: INFO  :: TIMER :: [0030] Injected Sound in 486.617 ms
INFO - [G] 2025-04-10 11:18:06 :: INFO  :: TIMER :: [0032] Injected Stake in 2.226 ms
INFO - [G] 2025-04-10 11:18:06 :: INFO  :: TIMER :: [0008] Injected Rarity in 0.051 ms
INFO - [G] 2025-04-10 11:18:06 :: INFO  :: TIMER :: [0010] Injected ObjectType in 0.259 ms
INFO - [G] 2025-04-10 11:18:06 :: INFO  :: TIMER :: [0390] Injected Center in 5.202 ms
INFO - [G] 2025-04-10 11:18:06 :: INFO  :: TIMER :: [0009] Injected Undiscovered Sprite in 0.324 ms
INFO - [G] 2025-04-10 11:18:06 :: INFO  :: TIMER :: [0028] Injected Blind in 0.772 ms
INFO - [G] 2025-04-10 11:18:06 :: INFO  :: TIMER :: [0006] Injected Seal in 0.509 ms
INFO - [G] 2025-04-10 11:18:06 :: INFO  :: TIMER :: [0004] Injected Suit in 0.517 ms
INFO - [G] 2025-04-10 11:18:06 :: INFO  :: TIMER :: [0013] Injected Rank in 0.404 ms
INFO - [G] 2025-04-10 11:18:07 :: INFO  :: TIMER :: [0028] Injected DeckSkin in 0.610 ms
INFO - [G] 2025-04-10 11:18:07 :: INFO  :: TIMER :: [0016] Injected PokerHand in 0.451 ms
INFO - [G] 2025-04-10 11:18:07 :: INFO  :: TIMER :: [0031] Injected Challenge in 0.163 ms
INFO - [G] 2025-04-10 11:18:07 :: INFO  :: TIMER :: [0028] Injected Tag in 0.412 ms
INFO - [G] 2025-04-10 11:18:07 :: INFO  :: TIMER :: [0010] Injected Sticker in 0.559 ms
INFO - [G] 2025-04-10 11:18:07 :: INFO  :: TIMER :: [0009] Injected Shader in 684.154 ms
INFO - [G] 2025-04-10 11:18:07 :: INFO  :: TIMER :: [0002] Injected Keybind in 0.028 ms
INFO - [G] 2025-04-10 11:18:07 :: INFO  :: TIMER :: [0021] Injected Achievement in 0.134 ms
INFO - [G] 2025-04-10 11:18:07 :: INFO  :: TIMER :: [0002] Injected nil in 0.082 ms
INFO - [G] 2025-04-10 11:18:07 :: INFO  :: TIMER :: [0023] Injected Draw Step in 0.159 ms
INFO - [G] 2025-04-10 11:18:07 :: INFO  :: TIMER :: [0000] Injected [INTERNAL] in 80.071 ms
INFO - [G] 2025-04-10 11:18:07 :: INFO  :: TIMER :: [0011] Injected Other in 0.074 ms
INFO - [♥] Applied 1 patch to '=[SMODS _ "smods-https-thread.lua"]'
INFO - [G] 2025-04-10 11:18:14 :: DEBUG :: SMODS.https(1) :: Using https module backend
INFO - [G] LONG DT @ 26: 0.1
INFO - [G] LONG DT @ 26: 0.085515459999999
INFO - [G] LONG DT @ 26: 0.098319528
INFO - [G] LONG DT @ 26: 0.0828521624
INFO - [G] LONG DT @ 26: 0.069292489919999
INFO - [G] LONG DT @ 26: 0.058149911935999
INFO - [G] LONG DT @ 26: 0.0506732495488
INFO - [G] LONG DT @ 45: 0.1
INFO - [G] LONG DT @ 45: 0.1
INFO - [G] LONG DT @ 45: 0.087138699999999
INFO - [G] LONG DT @ 45: 0.079470880000001
INFO - [G] LONG DT @ 45: 0.068020403999999
INFO - [G] LONG DT @ 46: 0.062852503200001
INFO - [G] LONG DT @ 46: 0.051443062559999
INFO - [♥] Applied 1 patch to '=[SMODS _ "smods-https-thread.lua"]'
INFO - [G] 2025-04-10 11:19:26 :: DEBUG :: SMODS.https(2) :: Using https module backend
INFO - [G] LONG DT @ 109: 0.1
INFO - [G] LONG DT @ 109: 0.082206740000003
INFO - [G] LONG DT @ 109: 0.068488172000001
INFO - [G] LONG DT @ 110: 0.056988897600001
INFO - [G] LONG DT @ 257: 0.1
INFO - [G] LONG DT @ 257: 0.08244874
INFO - [G] LONG DT @ 257: 0.068215111999993
INFO - [G] LONG DT @ 258: 0.057127709599992
INFO - [G] LONG DT @ 262: 0.067134795320088
INFO - [G] LONG DT @ 262: 0.056283496256073
INFO - [♥] Applied 1 patch to '=[SMODS _ "smods-https-thread.lua"]'
INFO - [G] 2025-04-10 11:22:53 :: DEBUG :: SMODS.https(3) :: Using https module backend
INFO - [♥] Applied 1 patch to '=[SMODS _ "smods-https-thread.lua"]'
INFO - [G] 2025-04-10 11:23:53 :: DEBUG :: SMODS.https(4) :: Using https module backend
INFO - [♥] Applied 1 patch to '=[SMODS _ "smods-https-thread.lua"]'
INFO - [G] 2025-04-10 11:24:54 :: DEBUG :: SMODS.https(5) :: Using https module backend
INFO - [♥] Applied 1 patch to '=[SMODS _ "smods-https-thread.lua"]'
INFO - [G] 2025-04-10 11:25:54 :: DEBUG :: SMODS.https(6) :: Using https module backend
INFO - [G] LONG DT @ 508: 0.1
INFO - [G] LONG DT @ 508: 0.1
INFO - [G] LONG DT @ 508: 0.098411620000006
INFO - [G] LONG DT @ 509: 0.092933656000013
INFO - [G] LONG DT @ 509: 0.08051492479999
INFO - [G] LONG DT @ 509: 0.098486319840007
INFO - [G] LONG DT @ 509: 0.1
INFO - [G] LONG DT @ 509: 0.089231040000009
INFO - [G] LONG DT @ 509: 0.076618271999991
INFO - [G] LONG DT @ 509: 0.069848637600012
INFO - [G] LONG DT @ 509: 0.060985050080008
INFO - [G] LONG DT @ 509: 0.052604680063997
INFO - [G] LONG DT @ 519: 0.1
INFO - [G] LONG DT @ 519: 0.1
INFO - [G] LONG DT @ 519: 0.1
INFO - [G] LONG DT @ 519: 0.090904179999989
INFO - [G] LONG DT @ 520: 0.077458324000003
INFO - [G] LONG DT @ 520: 0.069024319199989
INFO - [G] LONG DT @ 520: 0.060138655360009
INFO - [G] LONG DT @ 520: 0.054370544287999
INFO - [G] LONG DT @ 520: 0.054978135430389
INFO - [♥] Applied 1 patch to '=[SMODS _ "smods-https-thread.lua"]'
INFO - [G] 2025-04-10 11:26:57 :: DEBUG :: SMODS.https(7) :: Using https module backend
INFO - [G] LONG DT @ 544: 0.067960788568625
INFO - [G] LONG DT @ 544: 0.056261630854895
INFO - [♥] Applied 1 patch to '=[SMODS _ "smods-https-thread.lua"]'
INFO - [G] 2025-04-10 11:27:57 :: DEBUG :: SMODS.https(8) :: Using https module backend
INFO - [♥] Applied 1 patch to '=[SMODS _ "smods-https-thread.lua"]'
INFO - [G] 2025-04-10 11:28:58 :: DEBUG :: SMODS.https(9) :: Using https module backend
INFO - [♥] Applied 1 patch to '=[SMODS _ "smods-https-thread.lua"]'
INFO - [G] 2025-04-10 11:29:58 :: DEBUG :: SMODS.https(10) :: Using https module backend
INFO - [G] LONG DT @ 729: 0.057696132880924
INFO - [♥] Applied 1 patch to '=[SMODS _ "smods-https-thread.lua"]'
INFO - [G] 2025-04-10 11:30:59 :: DEBUG :: SMODS.https(11) :: Using https module backend
INFO - [♥] Applied 1 patch to '=[SMODS _ "smods-https-thread.lua"]'
INFO - [G] 2025-04-10 11:31:59 :: DEBUG :: SMODS.https(12) :: Using https module backend
INFO - [G] LONG DT @ 883: 0.1
INFO - [G] LONG DT @ 883: 0.1
INFO - [G] LONG DT @ 883: 0.087297160000007
INFO - [G] LONG DT @ 884: 0.091024727999992
INFO - [G] LONG DT @ 884: 0.0851479024
INFO - [G] LONG DT @ 884: 0.09360614191999
INFO - [G] LONG DT @ 884: 0.096641813536006
INFO - [G] LONG DT @ 884: 0.082667350828805
INFO - [G] LONG DT @ 884: 0.071449640663029
INFO - [G] LONG DT @ 884: 0.06291601253043
INFO - [G] LONG DT @ 884: 0.055526530024355
INFO - [♥] Applied 1 patch to '=[SMODS _ "smods-https-thread.lua"]'
INFO - [G] 2025-04-10 11:32:59 :: DEBUG :: SMODS.https(13) :: Using https module backend
INFO - [G] LONG DT @ 887: 0.1
INFO - [G] LONG DT @ 887: 0.1
INFO - [G] LONG DT @ 888: 0.1
INFO - [G] LONG DT @ 888: 0.089390180000014
INFO - [G] LONG DT @ 888: 0.07896206400001
INFO - [G] LONG DT @ 888: 0.072764291200009
INFO - [G] LONG DT @ 888: 0.067985132959989
INFO - [G] LONG DT @ 888: 0.063003006367989
INFO - [G] LONG DT @ 888: 0.058607665094414
INFO - [G] LONG DT @ 888: 0.053031552075515
INFO - [G] LONG DT @ 888: 0.050028481660415
INFO - [G] LONG DT @ 888: 0.052314888262679
INFO - [G] LONG DT @ 930: 0.074700751025788
INFO - [G] LONG DT @ 930: 0.063032140820622
INFO - [G] LONG DT @ 930: 0.053613332656492
INFO - [♥] Applied 1 patch to '=[SMODS _ "smods-https-thread.lua"]'
INFO - [G] 2025-04-10 11:34:01 :: DEBUG :: SMODS.https(14) :: Using https module backend
INFO - [♥] Applied 1 patch to '=[SMODS _ "smods-https-thread.lua"]'
INFO - [G] 2025-04-10 11:35:01 :: DEBUG :: SMODS.https(15) :: Using https module backend
INFO - [♥] Applied 1 patch to '=[SMODS _ "smods-https-thread.lua"]'
INFO - [G] 2025-04-10 11:36:01 :: DEBUG :: SMODS.https(16) :: Using https module backend
INFO - [♥] Applied 1 patch to '=[SMODS _ "smods-https-thread.lua"]'
INFO - [G] 2025-04-10 11:37:01 :: DEBUG :: SMODS.https(17) :: Using https module backend
INFO - [♥] Applied 1 patch to '=[SMODS _ "smods-https-thread.lua"]'
INFO - [G] 2025-04-10 11:38:02 :: DEBUG :: SMODS.https(18) :: Using https module backend
INFO - [♥] Applied 1 patch to '=[SMODS _ "smods-https-thread.lua"]'
INFO - [G] 2025-04-10 11:39:02 :: DEBUG :: SMODS.https(19) :: Using https module backend
INFO - [♥] Applied 1 patch to '=[SMODS _ "smods-https-thread.lua"]'
INFO - [G] 2025-04-10 11:40:02 :: DEBUG :: SMODS.https(20) :: Using https module backend
INFO - [♥] Applied 1 patch to '=[SMODS _ "smods-https-thread.lua"]'
INFO - [G] 2025-04-10 11:41:02 :: DEBUG :: SMODS.https(21) :: Using https module backend
INFO - [♥] Applied 1 patch to '=[SMODS _ "smods-https-thread.lua"]'
INFO - [G] 2025-04-10 11:42:03 :: DEBUG :: SMODS.https(22) :: Using https module backend
INFO - [♥] Applied 1 patch to '=[SMODS _ "smods-https-thread.lua"]'
INFO - [G] 2025-04-10 11:43:03 :: DEBUG :: SMODS.https(23) :: Using https module backend
INFO - [♥] Applied 1 patch to '=[SMODS _ "smods-https-thread.lua"]'
INFO - [G] 2025-04-10 11:44:03 :: DEBUG :: SMODS.https(24) :: Using https module backend
INFO - [♥] Applied 1 patch to '=[SMODS _ "smods-https-thread.lua"]'
INFO - [G] 2025-04-10 11:45:03 :: DEBUG :: SMODS.https(25) :: Using https module backend
INFO - [♥] Applied 1 patch to '=[SMODS _ "smods-https-thread.lua"]'
INFO - [G] 2025-04-10 11:46:04 :: DEBUG :: SMODS.https(26) :: Using https module backend
INFO - [♥] Applied 1 patch to '=[SMODS _ "smods-https-thread.lua"]'
INFO - [G] 2025-04-10 11:47:04 :: DEBUG :: SMODS.https(27) :: Using https module backend
INFO - [♥] Applied 1 patch to '=[SMODS _ "smods-https-thread.lua"]'
INFO - [G] 2025-04-10 11:48:04 :: DEBUG :: SMODS.https(28) :: Using https module backend
INFO - [♥] Applied 1 patch to '=[SMODS _ "smods-https-thread.lua"]'
INFO - [G] 2025-04-10 11:49:04 :: DEBUG :: SMODS.https(29) :: Using https module backend
INFO - [♥] Applied 1 patch to '=[SMODS _ "smods-https-thread.lua"]'
INFO - [G] 2025-04-10 11:50:05 :: DEBUG :: SMODS.https(30) :: Using https module backend
INFO - [♥] Applied 1 patch to '=[SMODS _ "smods-https-thread.lua"]'
INFO - [G] 2025-04-10 11:51:05 :: DEBUG :: SMODS.https(31) :: Using https module backend
INFO - [♥] Applied 1 patch to '=[SMODS _ "smods-https-thread.lua"]'
INFO - [G] 2025-04-10 11:52:05 :: DEBUG :: SMODS.https(32) :: Using https module backend
INFO - [♥] Applied 1 patch to '=[SMODS _ "smods-https-thread.lua"]'
INFO - [G] 2025-04-10 11:53:05 :: DEBUG :: SMODS.https(33) :: Using https module backend
INFO - [♥] Applied 1 patch to '=[SMODS _ "smods-https-thread.lua"]'
INFO - [G] 2025-04-10 11:54:06 :: DEBUG :: SMODS.https(34) :: Using https module backend
INFO - [♥] Applied 1 patch to '=[SMODS _ "smods-https-thread.lua"]'
INFO - [G] 2025-04-10 11:55:06 :: DEBUG :: SMODS.https(35) :: Using https module backend
INFO - [♥] Applied 1 patch to '=[SMODS _ "smods-https-thread.lua"]'
INFO - [G] 2025-04-10 11:56:06 :: DEBUG :: SMODS.https(36) :: Using https module backend
INFO - [♥] Applied 1 patch to '=[SMODS _ "smods-https-thread.lua"]'
INFO - [G] 2025-04-10 11:57:06 :: DEBUG :: SMODS.https(37) :: Using https module backend
INFO - [♥] Applied 1 patch to '=[SMODS _ "smods-https-thread.lua"]'
INFO - [G] 2025-04-10 11:58:06 :: DEBUG :: SMODS.https(38) :: Using https module backend
INFO - [♥] Applied 1 patch to '=[SMODS _ "smods-https-thread.lua"]'
INFO - [G] 2025-04-10 11:59:07 :: DEBUG :: SMODS.https(39) :: Using https module backend
INFO - [♥] Applied 1 patch to '=[SMODS _ "smods-https-thread.lua"]'
INFO - [G] 2025-04-10 12:00:07 :: DEBUG :: SMODS.https(40) :: Using https module backend
INFO - [♥] Applied 1 patch to '=[SMODS _ "smods-https-thread.lua"]'
INFO - [G] 2025-04-10 12:01:07 :: DEBUG :: SMODS.https(41) :: Using https module backend
INFO - [♥] Applied 1 patch to '=[SMODS _ "smods-https-thread.lua"]'
INFO - [G] 2025-04-10 12:02:07 :: DEBUG :: SMODS.https(42) :: Using https module backend
INFO - [♥] Applied 1 patch to '=[SMODS _ "smods-https-thread.lua"]'
INFO - [G] 2025-04-10 12:03:08 :: DEBUG :: SMODS.https(43) :: Using https module backend
INFO - [♥] Applied 1 patch to '=[SMODS _ "smods-https-thread.lua"]'
INFO - [G] 2025-04-10 12:04:08 :: DEBUG :: SMODS.https(44) :: Using https module backend
INFO - [♥] Applied 1 patch to '=[SMODS _ "smods-https-thread.lua"]'
INFO - [G] 2025-04-10 12:05:08 :: DEBUG :: SMODS.https(45) :: Using https module backend
INFO - [♥] Applied 1 patch to '=[SMODS _ "smods-https-thread.lua"]'
INFO - [G] 2025-04-10 12:06:08 :: DEBUG :: SMODS.https(46) :: Using https module backend
INFO - [♥] Applied 1 patch to '=[SMODS _ "smods-https-thread.lua"]'
INFO - [G] 2025-04-10 12:07:09 :: DEBUG :: SMODS.https(47) :: Using https module backend
INFO - [♥] Applied 1 patch to '=[SMODS _ "smods-https-thread.lua"]'
INFO - [G] 2025-04-10 12:08:09 :: DEBUG :: SMODS.https(48) :: Using https module backend
INFO - [♥] Applied 1 patch to '=[SMODS _ "smods-https-thread.lua"]'
INFO - [G] 2025-04-10 12:09:09 :: DEBUG :: SMODS.https(49) :: Using https module backend
INFO - [♥] Applied 1 patch to '=[SMODS _ "smods-https-thread.lua"]'
INFO - [G] 2025-04-10 12:10:09 :: DEBUG :: SMODS.https(50) :: Using https module backend
INFO - [♥] Applied 1 patch to '=[SMODS _ "smods-https-thread.lua"]'
INFO - [G] 2025-04-10 12:11:10 :: DEBUG :: SMODS.https(51) :: Using https module backend
INFO - [♥] Applied 1 patch to '=[SMODS _ "smods-https-thread.lua"]'
INFO - [G] 2025-04-10 12:12:10 :: DEBUG :: SMODS.https(52) :: Using https module backend
INFO - [♥] Applied 1 patch to '=[SMODS _ "smods-https-thread.lua"]'
INFO - [G] 2025-04-10 12:13:10 :: DEBUG :: SMODS.https(53) :: Using https module backend
INFO - [♥] Applied 1 patch to '=[SMODS _ "smods-https-thread.lua"]'
INFO - [G] 2025-04-10 12:14:10 :: DEBUG :: SMODS.https(54) :: Using https module backend
INFO - [♥] Applied 1 patch to '=[SMODS _ "smods-https-thread.lua"]'
INFO - [G] 2025-04-10 12:15:11 :: DEBUG :: SMODS.https(55) :: Using https module backend
INFO - [♥] Applied 1 patch to '=[SMODS _ "smods-https-thread.lua"]'
INFO - [G] 2025-04-10 12:16:11 :: DEBUG :: SMODS.https(56) :: Using https module backend
INFO - [♥] Applied 1 patch to '=[SMODS _ "smods-https-thread.lua"]'
INFO - [G] 2025-04-10 12:17:11 :: DEBUG :: SMODS.https(57) :: Using https module backend
INFO - [♥] Applied 1 patch to '=[SMODS _ "smods-https-thread.lua"]'
INFO - [G] 2025-04-10 12:18:11 :: DEBUG :: SMODS.https(58) :: Using https module backend
INFO - [♥] Applied 1 patch to '=[SMODS _ "smods-https-thread.lua"]'
INFO - [G] 2025-04-10 12:19:12 :: DEBUG :: SMODS.https(59) :: Using https module backend
INFO - [♥] Applied 1 patch to '=[SMODS _ "smods-https-thread.lua"]'
INFO - [G] 2025-04-10 12:20:12 :: DEBUG :: SMODS.https(60) :: Using https module backend
INFO - [♥] Applied 1 patch to '=[SMODS _ "smods-https-thread.lua"]'
INFO - [G] 2025-04-10 12:21:12 :: DEBUG :: SMODS.https(61) :: Using https module backend
INFO - [♥] Applied 1 patch to '=[SMODS _ "smods-https-thread.lua"]'
INFO - [G] 2025-04-10 12:22:12 :: DEBUG :: SMODS.https(62) :: Using https module backend
INFO - [♥] Applied 1 patch to '=[SMODS _ "smods-https-thread.lua"]'
INFO - [G] 2025-04-10 12:23:12 :: DEBUG :: SMODS.https(63) :: Using https module backend
INFO - [♥] Applied 1 patch to '=[SMODS _ "smods-https-thread.lua"]'
INFO - [G] 2025-04-10 12:24:13 :: DEBUG :: SMODS.https(64) :: Using https module backend
INFO - [♥] Applied 1 patch to '=[SMODS _ "smods-https-thread.lua"]'
INFO - [G] 2025-04-10 12:25:13 :: DEBUG :: SMODS.https(65) :: Using https module backend
INFO - [♥] Applied 1 patch to '=[SMODS _ "smods-https-thread.lua"]'
INFO - [G] 2025-04-10 12:26:13 :: DEBUG :: SMODS.https(66) :: Using https module backend
INFO - [♥] Applied 1 patch to '=[SMODS _ "smods-https-thread.lua"]'
INFO - [G] 2025-04-10 12:27:13 :: DEBUG :: SMODS.https(67) :: Using https module backend
INFO - [♥] Applied 1 patch to '=[SMODS _ "smods-https-thread.lua"]'
INFO - [G] 2025-04-10 12:28:14 :: DEBUG :: SMODS.https(68) :: Using https module backend
INFO - [♥] Applied 1 patch to '=[SMODS _ "smods-https-thread.lua"]'
INFO - [G] 2025-04-10 12:29:14 :: DEBUG :: SMODS.https(69) :: Using https module backend
INFO - [♥] Applied 1 patch to '=[SMODS _ "smods-https-thread.lua"]'
INFO - [G] 2025-04-10 12:30:14 :: DEBUG :: SMODS.https(70) :: Using https module backend
INFO - [♥] Applied 1 patch to '=[SMODS _ "smods-https-thread.lua"]'
INFO - [G] 2025-04-10 12:31:14 :: DEBUG :: SMODS.https(71) :: Using https module backend
INFO - [♥] Applied 1 patch to '=[SMODS _ "smods-https-thread.lua"]'
INFO - [G] 2025-04-10 12:32:15 :: DEBUG :: SMODS.https(72) :: Using https module backend
INFO - [♥] Applied 1 patch to '=[SMODS _ "smods-https-thread.lua"]'
INFO - [G] 2025-04-10 12:33:15 :: DEBUG :: SMODS.https(73) :: Using https module backend
INFO - [♥] Applied 1 patch to '=[SMODS _ "smods-https-thread.lua"]'
INFO - [G] 2025-04-10 12:34:15 :: DEBUG :: SMODS.https(74) :: Using https module backend
INFO - [♥] Applied 1 patch to '=[SMODS _ "smods-https-thread.lua"]'
INFO - [G] 2025-04-10 12:35:15 :: DEBUG :: SMODS.https(75) :: Using https module backend
INFO - [♥] Applied 1 patch to '=[SMODS _ "smods-https-thread.lua"]'
INFO - [G] 2025-04-10 12:36:16 :: DEBUG :: SMODS.https(76) :: Using https module backend
INFO - [♥] Applied 1 patch to '=[SMODS _ "smods-https-thread.lua"]'
INFO - [G] 2025-04-10 12:37:16 :: DEBUG :: SMODS.https(77) :: Using https module backend
INFO - [♥] Applied 1 patch to '=[SMODS _ "smods-https-thread.lua"]'
INFO - [G] 2025-04-10 12:38:16 :: DEBUG :: SMODS.https(78) :: Using https module backend
INFO - [♥] Applied 1 patch to '=[SMODS _ "smods-https-thread.lua"]'
INFO - [G] 2025-04-10 12:39:16 :: DEBUG :: SMODS.https(79) :: Using https module backend
INFO - [♥] Applied 1 patch to '=[SMODS _ "smods-https-thread.lua"]'
INFO - [G] 2025-04-10 12:40:17 :: DEBUG :: SMODS.https(80) :: Using https module backend
INFO - [♥] Applied 1 patch to '=[SMODS _ "smods-https-thread.lua"]'
INFO - [G] 2025-04-10 12:41:17 :: DEBUG :: SMODS.https(81) :: Using https module backend
INFO - [♥] Applied 1 patch to '=[SMODS _ "smods-https-thread.lua"]'
INFO - [G] 2025-04-10 12:42:17 :: DEBUG :: SMODS.https(82) :: Using https module backend
INFO - [♥] Applied 1 patch to '=[SMODS _ "smods-https-thread.lua"]'
INFO - [G] 2025-04-10 12:43:17 :: DEBUG :: SMODS.https(83) :: Using https module backend
INFO - [♥] Applied 1 patch to '=[SMODS _ "smods-https-thread.lua"]'
INFO - [G] 2025-04-10 12:44:18 :: DEBUG :: SMODS.https(84) :: Using https module backend
INFO - [♥] Applied 1 patch to '=[SMODS _ "smods-https-thread.lua"]'
INFO - [G] 2025-04-10 12:45:18 :: DEBUG :: SMODS.https(85) :: Using https module backend
INFO - [♥] Applied 1 patch to '=[SMODS _ "smods-https-thread.lua"]'
INFO - [G] 2025-04-10 12:46:18 :: DEBUG :: SMODS.https(86) :: Using https module backend
INFO - [♥] Applied 1 patch to '=[SMODS _ "smods-https-thread.lua"]'
INFO - [G] 2025-04-10 12:47:18 :: DEBUG :: SMODS.https(87) :: Using https module backend
INFO - [♥] Applied 1 patch to '=[SMODS _ "smods-https-thread.lua"]'
INFO - [G] 2025-04-10 12:48:19 :: DEBUG :: SMODS.https(88) :: Using https module backend
INFO - [♥] Applied 1 patch to '=[SMODS _ "smods-https-thread.lua"]'
INFO - [G] 2025-04-10 12:49:19 :: DEBUG :: SMODS.https(89) :: Using https module backend
INFO - [♥] Applied 1 patch to '=[SMODS _ "smods-https-thread.lua"]'
INFO - [G] 2025-04-10 12:50:19 :: DEBUG :: SMODS.https(90) :: Using https module backend
INFO - [♥] Applied 1 patch to '=[SMODS _ "smods-https-thread.lua"]'
INFO - [G] 2025-04-10 12:51:19 :: DEBUG :: SMODS.https(91) :: Using https module backend
INFO - [♥] Applied 1 patch to '=[SMODS _ "smods-https-thread.lua"]'
INFO - [G] 2025-04-10 12:52:19 :: DEBUG :: SMODS.https(92) :: Using https module backend
INFO - [♥] Applied 1 patch to '=[SMODS _ "smods-https-thread.lua"]'
INFO - [G] 2025-04-10 12:53:20 :: DEBUG :: SMODS.https(93) :: Using https module backend
INFO - [♥] Applied 1 patch to '=[SMODS _ "smods-https-thread.lua"]'
INFO - [G] 2025-04-10 12:54:20 :: DEBUG :: SMODS.https(94) :: Using https module backend
INFO - [♥] Applied 1 patch to '=[SMODS _ "smods-https-thread.lua"]'
INFO - [G] 2025-04-10 12:55:20 :: DEBUG :: SMODS.https(95) :: Using https module backend
INFO - [♥] Applied 1 patch to '=[SMODS _ "smods-https-thread.lua"]'
INFO - [G] 2025-04-10 12:56:20 :: DEBUG :: SMODS.https(96) :: Using https module backend
INFO - [♥] Applied 1 patch to '=[SMODS _ "smods-https-thread.lua"]'
INFO - [G] 2025-04-10 12:57:21 :: DEBUG :: SMODS.https(97) :: Using https module backend
INFO - [♥] Applied 1 patch to '=[SMODS _ "smods-https-thread.lua"]'
INFO - [G] 2025-04-10 12:58:21 :: DEBUG :: SMODS.https(98) :: Using https module backend
INFO - [♥] Applied 1 patch to '=[SMODS _ "smods-https-thread.lua"]'
INFO - [G] 2025-04-10 12:59:21 :: DEBUG :: SMODS.https(99) :: Using https module backend
INFO - [♥] Applied 1 patch to '=[SMODS _ "smods-https-thread.lua"]'
INFO - [G] 2025-04-10 13:00:21 :: DEBUG :: SMODS.https(100) :: Using https module backend
INFO - [♥] Applied 1 patch to '=[SMODS _ "smods-https-thread.lua"]'
INFO - [G] 2025-04-10 13:01:22 :: DEBUG :: SMODS.https(101) :: Using https module backend
INFO - [♥] Applied 1 patch to '=[SMODS _ "smods-https-thread.lua"]'
INFO - [G] 2025-04-10 13:02:22 :: DEBUG :: SMODS.https(102) :: Using https module backend
INFO - [♥] Applied 1 patch to '=[SMODS _ "smods-https-thread.lua"]'
INFO - [G] 2025-04-10 13:03:22 :: DEBUG :: SMODS.https(103) :: Using https module backend
INFO - [♥] Applied 1 patch to '=[SMODS _ "smods-https-thread.lua"]'
INFO - [G] 2025-04-10 13:04:22 :: DEBUG :: SMODS.https(104) :: Using https module backend
INFO - [♥] Applied 1 patch to '=[SMODS _ "smods-https-thread.lua"]'
INFO - [G] 2025-04-10 13:05:23 :: DEBUG :: SMODS.https(105) :: Using https module backend
INFO - [♥] Applied 1 patch to '=[SMODS _ "smods-https-thread.lua"]'
INFO - [G] 2025-04-10 13:06:23 :: DEBUG :: SMODS.https(106) :: Using https module backend
INFO - [♥] Applied 1 patch to '=[SMODS _ "smods-https-thread.lua"]'
INFO - [G] 2025-04-10 13:07:23 :: DEBUG :: SMODS.https(107) :: Using https module backend
INFO - [♥] Applied 1 patch to '=[SMODS _ "smods-https-thread.lua"]'
INFO - [G] 2025-04-10 13:08:23 :: DEBUG :: SMODS.https(108) :: Using https module backend
INFO - [♥] Applied 1 patch to '=[SMODS _ "smods-https-thread.lua"]'
INFO - [G] 2025-04-10 13:09:24 :: DEBUG :: SMODS.https(109) :: Using https module backend
INFO - [♥] Applied 1 patch to '=[SMODS _ "smods-https-thread.lua"]'
INFO - [G] 2025-04-10 13:10:24 :: DEBUG :: SMODS.https(110) :: Using https module backend
INFO - [♥] Applied 1 patch to '=[SMODS _ "smods-https-thread.lua"]'
INFO - [G] 2025-04-10 13:11:24 :: DEBUG :: SMODS.https(111) :: Using https module backend
INFO - [♥] Applied 1 patch to '=[SMODS _ "smods-https-thread.lua"]'
INFO - [G] 2025-04-10 13:12:24 :: DEBUG :: SMODS.https(112) :: Using https module backend
INFO - [♥] Applied 1 patch to '=[SMODS _ "smods-https-thread.lua"]'
INFO - [G] 2025-04-10 13:13:25 :: DEBUG :: SMODS.https(113) :: Using https module backend
INFO - [♥] Applied 1 patch to '=[SMODS _ "smods-https-thread.lua"]'
INFO - [G] 2025-04-10 13:14:25 :: DEBUG :: SMODS.https(114) :: Using https module backend
INFO - [♥] Applied 1 patch to '=[SMODS _ "smods-https-thread.lua"]'
INFO - [G] 2025-04-10 13:15:25 :: DEBUG :: SMODS.https(115) :: Using https module backend
INFO - [♥] Applied 1 patch to '=[SMODS _ "smods-https-thread.lua"]'
INFO - [G] 2025-04-10 13:16:25 :: DEBUG :: SMODS.https(116) :: Using https module backend
INFO - [♥] Applied 1 patch to '=[SMODS _ "smods-https-thread.lua"]'
INFO - [G] 2025-04-10 13:17:26 :: DEBUG :: SMODS.https(117) :: Using https module backend
INFO - [♥] Applied 1 patch to '=[SMODS _ "smods-https-thread.lua"]'
INFO - [G] 2025-04-10 13:18:26 :: DEBUG :: SMODS.https(118) :: Using https module backend
INFO - [♥] Applied 1 patch to '=[SMODS _ "smods-https-thread.lua"]'
INFO - [G] 2025-04-10 13:19:26 :: DEBUG :: SMODS.https(119) :: Using https module backend
INFO - [♥] Applied 1 patch to '=[SMODS _ "smods-https-thread.lua"]'
INFO - [G] 2025-04-10 13:20:26 :: DEBUG :: SMODS.https(120) :: Using https module backend
INFO - [♥] Applied 1 patch to '=[SMODS _ "smods-https-thread.lua"]'
INFO - [G] 2025-04-10 13:21:27 :: DEBUG :: SMODS.https(121) :: Using https module backend
INFO - [♥] Applied 1 patch to '=[SMODS _ "smods-https-thread.lua"]'
INFO - [G] 2025-04-10 13:22:27 :: DEBUG :: SMODS.https(122) :: Using https module backend
INFO - [♥] Applied 1 patch to '=[SMODS _ "smods-https-thread.lua"]'
INFO - [G] 2025-04-10 13:23:27 :: DEBUG :: SMODS.https(123) :: Using https module backend
INFO - [♥] Applied 1 patch to '=[SMODS _ "smods-https-thread.lua"]'
INFO - [G] 2025-04-10 13:24:27 :: DEBUG :: SMODS.https(124) :: Using https module backend
INFO - [♥] Applied 1 patch to '=[SMODS _ "smods-https-thread.lua"]'
INFO - [G] 2025-04-10 13:25:28 :: DEBUG :: SMODS.https(125) :: Using https module backend
INFO - [♥] Applied 1 patch to '=[SMODS _ "smods-https-thread.lua"]'
INFO - [G] 2025-04-10 13:26:28 :: DEBUG :: SMODS.https(126) :: Using https module backend
INFO - [♥] Applied 1 patch to '=[SMODS _ "smods-https-thread.lua"]'
INFO - [G] 2025-04-10 13:27:28 :: DEBUG :: SMODS.https(127) :: Using https module backend
INFO - [♥] Applied 1 patch to '=[SMODS _ "smods-https-thread.lua"]'
INFO - [G] 2025-04-10 13:28:28 :: DEBUG :: SMODS.https(128) :: Using https module backend
INFO - [♥] Applied 1 patch to '=[SMODS _ "smods-https-thread.lua"]'
INFO - [G] 2025-04-10 13:29:29 :: DEBUG :: SMODS.https(129) :: Using https module backend
INFO - [♥] Applied 1 patch to '=[SMODS _ "smods-https-thread.lua"]'
INFO - [G] 2025-04-10 13:30:29 :: DEBUG :: SMODS.https(130) :: Using https module backend
INFO - [♥] Applied 1 patch to '=[SMODS _ "smods-https-thread.lua"]'
INFO - [G] 2025-04-10 13:31:29 :: DEBUG :: SMODS.https(131) :: Using https module backend
INFO - [♥] Applied 1 patch to '=[SMODS _ "smods-https-thread.lua"]'
INFO - [G] 2025-04-10 13:32:29 :: DEBUG :: SMODS.https(132) :: Using https module backend
INFO - [♥] Applied 1 patch to '=[SMODS _ "smods-https-thread.lua"]'
INFO - [G] 2025-04-10 13:33:30 :: DEBUG :: SMODS.https(133) :: Using https module backend
INFO - [♥] Applied 1 patch to '=[SMODS _ "smods-https-thread.lua"]'
INFO - [G] 2025-04-10 13:34:30 :: DEBUG :: SMODS.https(134) :: Using https module backend
INFO - [♥] Applied 1 patch to '=[SMODS _ "smods-https-thread.lua"]'
INFO - [G] 2025-04-10 13:35:30 :: DEBUG :: SMODS.https(135) :: Using https module backend
INFO - [♥] Applied 1 patch to '=[SMODS _ "smods-https-thread.lua"]'
INFO - [G] 2025-04-10 13:36:30 :: DEBUG :: SMODS.https(136) :: Using https module backend
INFO - [♥] Applied 1 patch to '=[SMODS _ "smods-https-thread.lua"]'
INFO - [G] 2025-04-10 13:37:31 :: DEBUG :: SMODS.https(137) :: Using https module backend
INFO - [♥] Applied 1 patch to '=[SMODS _ "smods-https-thread.lua"]'
INFO - [G] 2025-04-10 13:38:31 :: DEBUG :: SMODS.https(138) :: Using https module backend
INFO - [♥] Applied 1 patch to '=[SMODS _ "smods-https-thread.lua"]'
INFO - [G] 2025-04-10 13:39:31 :: DEBUG :: SMODS.https(139) :: Using https module backend
INFO - [♥] Applied 1 patch to '=[SMODS _ "smods-https-thread.lua"]'
INFO - [G] 2025-04-10 13:40:31 :: DEBUG :: SMODS.https(140) :: Using https module backend
INFO - [♥] Applied 1 patch to '=[SMODS _ "smods-https-thread.lua"]'
INFO - [G] 2025-04-10 13:41:32 :: DEBUG :: SMODS.https(141) :: Using https module backend
INFO - [♥] Applied 1 patch to '=[SMODS _ "smods-https-thread.lua"]'
INFO - [G] 2025-04-10 13:42:32 :: DEBUG :: SMODS.https(142) :: Using https module backend
INFO - [♥] Applied 1 patch to '=[SMODS _ "smods-https-thread.lua"]'
INFO - [G] 2025-04-10 13:43:32 :: DEBUG :: SMODS.https(143) :: Using https module backend
INFO - [♥] Applied 1 patch to '=[SMODS _ "smods-https-thread.lua"]'
INFO - [G] 2025-04-10 13:44:32 :: DEBUG :: SMODS.https(144) :: Using https module backend
INFO - [♥] Applied 1 patch to '=[SMODS _ "smods-https-thread.lua"]'
INFO - [G] 2025-04-10 13:45:33 :: DEBUG :: SMODS.https(145) :: Using https module backend
INFO - [♥] Applied 1 patch to '=[SMODS _ "smods-https-thread.lua"]'
INFO - [G] 2025-04-10 13:46:33 :: DEBUG :: SMODS.https(146) :: Using https module backend
INFO - [♥] Applied 1 patch to '=[SMODS _ "smods-https-thread.lua"]'
INFO - [G] 2025-04-10 13:47:33 :: DEBUG :: SMODS.https(147) :: Using https module backend
INFO - [♥] Applied 1 patch to '=[SMODS _ "smods-https-thread.lua"]'
INFO - [G] 2025-04-10 13:48:33 :: DEBUG :: SMODS.https(148) :: Using https module backend
INFO - [♥] Applied 1 patch to '=[SMODS _ "smods-https-thread.lua"]'
INFO - [G] 2025-04-10 13:49:33 :: DEBUG :: SMODS.https(149) :: Using https module backend
INFO - [♥] Applied 1 patch to '=[SMODS _ "smods-https-thread.lua"]'
INFO - [G] 2025-04-10 13:50:34 :: DEBUG :: SMODS.https(150) :: Using https module backend
INFO - [♥] Applied 1 patch to '=[SMODS _ "smods-https-thread.lua"]'
INFO - [G] 2025-04-10 13:51:34 :: DEBUG :: SMODS.https(151) :: Using https module backend
INFO - [♥] Applied 1 patch to '=[SMODS _ "smods-https-thread.lua"]'
INFO - [G] 2025-04-10 13:52:34 :: DEBUG :: SMODS.https(152) :: Using https module backend
INFO - [♥] Applied 1 patch to '=[SMODS _ "smods-https-thread.lua"]'
INFO - [G] 2025-04-10 13:53:34 :: DEBUG :: SMODS.https(153) :: Using https module backend
INFO - [♥] Applied 1 patch to '=[SMODS _ "smods-https-thread.lua"]'
INFO - [G] 2025-04-10 13:54:35 :: DEBUG :: SMODS.https(154) :: Using https module backend
INFO - [♥] Applied 1 patch to '=[SMODS _ "smods-https-thread.lua"]'
INFO - [G] 2025-04-10 13:55:35 :: DEBUG :: SMODS.https(155) :: Using https module backend
INFO - [♥] Applied 1 patch to '=[SMODS _ "smods-https-thread.lua"]'
INFO - [G] 2025-04-10 13:56:35 :: DEBUG :: SMODS.https(156) :: Using https module backend
INFO - [♥] Applied 1 patch to '=[SMODS _ "smods-https-thread.lua"]'
INFO - [G] 2025-04-10 13:57:35 :: DEBUG :: SMODS.https(157) :: Using https module backend
INFO - [♥] Applied 1 patch to '=[SMODS _ "smods-https-thread.lua"]'
INFO - [G] 2025-04-10 13:58:36 :: DEBUG :: SMODS.https(158) :: Using https module backend
INFO - [♥] Applied 1 patch to '=[SMODS _ "smods-https-thread.lua"]'
INFO - [G] 2025-04-10 13:59:36 :: DEBUG :: SMODS.https(159) :: Using https module backend
INFO - [♥] Applied 1 patch to '=[SMODS _ "smods-https-thread.lua"]'
INFO - [G] 2025-04-10 14:00:36 :: DEBUG :: SMODS.https(160) :: Using https module backend
INFO - [♥] Applied 1 patch to '=[SMODS _ "smods-https-thread.lua"]'
INFO - [G] 2025-04-10 14:01:36 :: DEBUG :: SMODS.https(161) :: Using https module backend
INFO - [♥] Applied 1 patch to '=[SMODS _ "smods-https-thread.lua"]'
INFO - [G] 2025-04-10 14:02:37 :: DEBUG :: SMODS.https(162) :: Using https module backend
INFO - [G] LONG DT @ 85885: 0.1
INFO - [G] LONG DT @ 85885: 0.1
INFO - [G] LONG DT @ 85885: 0.095560619998723
INFO - [G] LONG DT @ 85885: 0.082960255998536
INFO - [G] LONG DT @ 85885: 0.076710484797996
INFO - [G] LONG DT @ 85885: 0.064918647840191
INFO - [G] LONG DT @ 85886: 0.056406358271332
INFO - [G] LONG DT @ 85886: 0.0522120266162
INFO - [♥] Applied 1 patch to '=[SMODS _ "smods-https-thread.lua"]'
INFO - [G] 2025-04-11 11:10:00 :: DEBUG :: SMODS.https(163) :: Using https module backend
INFO - [♥] Applied 1 patch to '=[SMODS _ "smods-https-thread.lua"]'
INFO - [G] 2025-04-11 11:11:00 :: DEBUG :: SMODS.https(164) :: Using https module backend
INFO - [♥] Applied 1 patch to '=[SMODS _ "smods-https-thread.lua"]'
INFO - [G] 2025-04-11 11:12:01 :: DEBUG :: SMODS.https(165) :: Using https module backend
INFO - [G] LONG DT @ 86079: 0.054355848442689
INFO - [G] LONG DT @ 86079: 0.1
INFO - [G] LONG DT @ 86079: 0.1
INFO - [G] LONG DT @ 86079: 0.098876239997917
INFO - [G] LONG DT @ 86079: 0.094057311999844
INFO - [G] LONG DT @ 86079: 0.08820838960032
INFO - [G] LONG DT @ 86080: 0.076187851679386
INFO - [G] LONG DT @ 86080: 0.065436561345092
INFO - [G] LONG DT @ 86080: 0.057272409074799
INFO - [♥] Applied 1 patch to '=[SMODS _ "smods-https-thread.lua"]'
INFO - [G] 2025-04-11 11:13:01 :: DEBUG :: SMODS.https(166) :: Using https module backend
INFO - [♥] Applied 1 patch to '=[SMODS _ "smods-https-thread.lua"]'
INFO - [G] 2025-04-11 11:14:02 :: DEBUG :: SMODS.https(167) :: Using https module backend
INFO - [♥] Applied 1 patch to '=[SMODS _ "smods-https-thread.lua"]'
INFO - [G] 2025-04-11 11:15:02 :: DEBUG :: SMODS.https(168) :: Using https module backend
INFO - [♥] Applied 1 patch to '=[SMODS _ "smods-https-thread.lua"]'
INFO - [G] 2025-04-11 11:16:02 :: DEBUG :: SMODS.https(169) :: Using https module backend
INFO - [♥] Applied 1 patch to '=[SMODS _ "smods-https-thread.lua"]'
INFO - [G] 2025-04-11 11:17:03 :: DEBUG :: SMODS.https(170) :: Using https module backend
INFO - [♥] Applied 1 patch to '=[SMODS _ "smods-https-thread.lua"]'
INFO - [G] 2025-04-11 11:18:03 :: DEBUG :: SMODS.https(171) :: Using https module backend
INFO - [♥] Applied 1 patch to '=[SMODS _ "smods-https-thread.lua"]'
INFO - [G] 2025-04-11 11:19:04 :: DEBUG :: SMODS.https(172) :: Using https module backend
