INFO - [♥] Lovely 0.8.0
INFO - [♥] Game directory is at "C:\\games\\Balatro.v1.0.1o\\Balatro.v1.0.1o\\game"
INFO - [♥] Writing logs to "C:\\Users\\easto\\AppData\\Roaming\\Balatro\\Mods\\lovely\\log"
INFO - [♥] Using mod directory at "C:\\Users\\easto\\AppData\\Roaming\\Balatro\\Mods"
INFO - [♥] Found .lovelyignore in 'Aikoyori'sShenanigans', skipping it.
INFO - [♥] Found .lovelyignore in 'Cryptid-MoreMarioJokers', skipping it.
INFO - [♥] Found .lovelyignore in 'Cryptposting', skipping it.
INFO - [♥] Found .lovelyignore in 'CustomSuitOrder', skipping it.
INFO - [♥] Found .lovelyignore in 'ExtraCredit', skipping it.
INFO - [♥] Found .lovelyignore in 'Jen', skipping it.
INFO - [♥] Found .lovelyignore in 'Kino', skipping it.
INFO - [♥] Found .lovelyignore in 'Malverk', skipping it.
INFO - [♥] Found .lovelyignore in 'MoreFluff', skipping it.
INFO - [♥] Found .lovelyignore in 'MoreJokerPacks', skipping it.
INFO - [♥] Found .lovelyignore in 'multipack', skipping it.
INFO - [♥] Found .lovelyignore in 'SDM_0'sStuff', skipping it.
INFO - [♥] Found .lovelyignore in 'StickyFingers', skipping it.
INFO - [♥] Found .lovelyignore in 'Trance', skipping it.
INFO - [♥] Found .lovelyignore in 'Yggdrasil', skipping it.
WARN - [♥] Unknown key `patches.1.?.match_indent` found in patch file at "C:\\Users\\easto\\AppData\\Roaming\\Balatro\\Mods\\Cartomancer\\lovely\\blinds-info.toml", ignoring it
WARN - [♥] Unknown key `patches.2.?.match_indent` found in patch file at "C:\\Users\\easto\\AppData\\Roaming\\Balatro\\Mods\\Cartomancer\\lovely\\stackable-deck-steamodded.toml", ignoring it
WARN - [♥] Unknown key `patches.4.?.match_indent` found in patch file at "C:\\Users\\easto\\AppData\\Roaming\\Balatro\\Mods\\Cartomancer\\lovely\\stackable-deck-steamodded.toml", ignoring it
WARN - [♥] Unknown key `patches.6.?.match_indent` found in patch file at "C:\\Users\\easto\\AppData\\Roaming\\Balatro\\Mods\\Cartomancer\\lovely\\stackable-deck-steamodded.toml", ignoring it
WARN - [♥] Unknown key `patches.20.?.match_indent` found in patch file at "C:\\Users\\easto\\AppData\\Roaming\\Balatro\\Mods\\Cryptid\\lovely\\code.toml", ignoring it
WARN - [♥] Unknown key `patches.1.?.match_indent` found in patch file at "C:\\Users\\easto\\AppData\\Roaming\\Balatro\\Mods\\HandyBalatro\\lovely\\controls_misc.toml", ignoring it
WARN - [♥] Unknown key `patches.1.?.overwrite` found in patch file at "C:\\Users\\easto\\AppData\\Roaming\\Balatro\\Mods\\HandyBalatro\\lovely\\controls_misc.toml", ignoring it
WARN - [♥] Unknown key `patches.0.?.overwrite` found in patch file at "C:\\Users\\easto\\AppData\\Roaming\\Balatro\\Mods\\HandyBalatro\\lovely\\controls_show_deck_preview.toml", ignoring it
WARN - [♥] Unknown key `patches.35.?.match_indent` found in patch file at "C:\\Users\\easto\\AppData\\Roaming\\Balatro\\Mods\\Talisman\\lovely.toml", ignoring it
WARN - [♥] Unknown key `patches.35.?.overwrite` found in patch file at "C:\\Users\\easto\\AppData\\Roaming\\Balatro\\Mods\\Talisman\\lovely.toml", ignoring it
WARN - [♥] Unknown key `patches.52.?.match_indent` found in patch file at "C:\\Users\\easto\\AppData\\Roaming\\Balatro\\Mods\\Talisman\\lovely.toml", ignoring it
WARN - [♥] Unknown key `patches.55.?.match_indent` found in patch file at "C:\\Users\\easto\\AppData\\Roaming\\Balatro\\Mods\\Talisman\\lovely.toml", ignoring it
INFO - [♥] Cleaning up dumps directory at "C:\\Users\\easto\\AppData\\Roaming\\Balatro\\Mods\\lovely\\dump"
INFO - [♥] Initialization complete in 428ms
INFO - [♥] Applied 1 patch to 'conf.lua'
WARN - [♥] Pattern 'G.ARGS.score_intensity.organ = G.video_organ or G.ARGS.score_intensity.required_score > 0 and math.max(math.min(0.4, 0.1*math.log(G.ARGS.score_intensity.earned_score/(G.ARGS.score_intensity.required_score+1), 5)),0.) or 0' on target 'main.lua' for pattern patch from Talisman\lovely.toml resulted in no matches
WARN - [♥] Pattern 'if type(G.GAME.current_round.current_hand.chips) ~= \'number\' or type(G.GAME.current_round.current_hand.mult) ~= \'number\' then' on target 'main.lua' for pattern patch from Talisman\lovely.toml resulted in no matches
WARN - [♥] Pattern 'assert(load(nfs.read(Saturn.PATH .. \"/core/logic/hide_played.lua\")))()' on target 'main.lua' for pattern patch from Cartomancer\lovely\saturn-compat.toml resulted in no matches
WARN - [♥] Pattern 'modded and {' on target 'main.lua' for pattern patch from Cartomancer\lovely\stackable-deck-steamodded-0.9.8.toml resulted in no matches
INFO - [♥] Applied 25 patches to 'main.lua'
INFO - [♥] Applied 2 patches to 'engine/string_packer.lua'
INFO - [♥] Applied 21 patches to 'engine/controller.lua'
INFO - [♥] Applied 15 patches to 'back.lua'
INFO - [♥] Applied 18 patches to 'tag.lua'
INFO - [♥] Applied 1 patch to 'engine/event.lua'
INFO - [♥] Applied 1 patch to 'engine/node.lua'
INFO - [♥] Applied 3 patches to 'engine/moveable.lua'
INFO - [♥] Applied 3 patches to 'engine/sprite.lua'
INFO - [♥] Applied 2 patches to 'engine/animatedsprite.lua'
WARN - [♥] Pattern 'assembled_string = assembled_string..(type(subpart) == \'string\' and subpart or args.vars[tonumber(subpart[1])] or \'ERROR\')' on target 'functions/misc_functions.lua' for pattern patch from Talisman\lovely.toml resulted in no matches
INFO - [♥] Applied 86 patches to 'functions/misc_functions.lua'
WARN - [♥] Pattern 'if Big:new(G.GAME.chips) >= Big:new(G.GAME.blind.chips) or G.GAME.current_round.hands_left < 1 then' on target 'game.lua' for pattern patch from NotJustYet\lovely.toml resulted in no matches
WARN - [♥] Pattern 'if to_big(G.GAME.chips) >= to_big(G.GAME.blind.chips) or G.GAME.current_round.hands_left <= 0 then' on target 'game.lua' for pattern patch from NotJustYet\lovely.toml resulted in no matches
WARN - [♥] Pattern 'if #G.hand.cards < 1 and #G.deck.cards < 1 and #G.play.cards < 1 then' on target 'game.lua' for pattern patch from NotJustYet\lovely.toml resulted in no matches
WARN - [♥] Pattern 'if #G.hand.cards < 1 and #G.deck.cards < 1 then' on target 'game.lua' for pattern patch from NotJustYet\lovely.toml resulted in no matches
WARN - [♥] Pattern 'if G.GAME.chips - G.GAME.blind.chips >= 0 or G.GAME.current_round.hands_left < 1 then' on target 'game.lua' for pattern patch from Talisman\lovely.toml resulted in no matches
WARN - [♥] Regex 'card\\:start_materialize\\(\\)\\n\\s+G\\.shop_vouchers\\:emplace\\(card\\)\\n\\s+end' on target 'game.lua' for regex patch from Cryptid\lovely\Voucher.toml resulted in no matches
INFO - [♥] Applied 113 patches to 'game.lua'
INFO - [♥] Applied 3 patches to 'globals.lua'
WARN - [♥] Pattern 'self.config.chosen = true' on target 'engine/ui.lua' for pattern patch from Cartomancer\lovely\vanilla-ui.toml resulted in no matches
INFO - [♥] Applied 9 patches to 'engine/ui.lua'
WARN - [♥] Pattern '{n=G.UIT.T, config={text = G.GAME.hands[handname].chips, scale = 0.45, colour = G.C.UI.TEXT_LIGHT}},' on target 'functions/UI_definitions.lua' for pattern patch from Talisman\lovely.toml resulted in no matches
WARN - [♥] Pattern '{n=G.UIT.T, config={text = G.GAME.hands[handname].mult, scale = 0.45, colour = G.C.UI.TEXT_LIGHT}}' on target 'functions/UI_definitions.lua' for pattern patch from Talisman\lovely.toml resulted in no matches
INFO - [♥] Applied 159 patches to 'functions/UI_definitions.lua'
WARN - [♥] Pattern 'ease_to = G.GAME.chips + math.floor(hand_chips * mult) * (e and e.antiscore and -1 or 1),' on target 'functions/state_events.lua' for pattern patch from Cryptid\lovely\blind.toml resulted in no matches
WARN - [♥] Pattern 'if reps[j] ~= 1 then' on target 'functions/state_events.lua' for pattern patch from Cryptid\lovely\misc.toml resulted in no matches
WARN - [♥] Pattern 'if effects[ii].card then' on target 'functions/state_events.lua' for pattern patch from HandyBalatro\lovely\controls_animation_skip.toml resulted in no matches
WARN - [♥] Pattern 'if effects[ii].card then' on target 'functions/state_events.lua' for pattern patch from Talisman\lovely.toml resulted in no matches
WARN - [♥] Pattern 'if effects.jokers.Xmult_mod then mult = mod_mult(mult*effects.jokers.Xmult_mod);extras.mult = true  end' on target 'functions/state_events.lua' for pattern patch from Talisman\lovely.toml resulted in no matches
WARN - [♥] Pattern 'if effect.Xmult_mod then mult = mod_mult(mult*effect.Xmult_mod);extras.mult = true  end' on target 'functions/state_events.lua' for pattern patch from Talisman\lovely.toml resulted in no matches
WARN - [♥] Pattern 'if effects[ii].message then' on target 'functions/state_events.lua' for pattern patch from Talisman\lovely.toml resulted in no matches
WARN - [♥] Pattern '--calculate the card edition effects' on target 'functions/state_events.lua' for pattern patch from Talisman\lovely.toml resulted in no matches
WARN - [♥] Pattern 'if effects[ii].edition.p_dollars_mod then' on target 'functions/state_events.lua' for pattern patch from Talisman\lovely.toml resulted in no matches
WARN - [♥] Pattern 'if edition_effects.jokers.x_mult_mod then' on target 'functions/state_events.lua' for pattern patch from Talisman\lovely.toml resulted in no matches
WARN - [♥] Pattern '\tfunc = (function() G.GAME.current_round.current_hand.handname = \'\';return true end)\n}))\ndelay(0.3)\n' on target 'functions/state_events.lua' for pattern patch from Talisman\lovely.toml resulted in no matches
WARN - [♥] Pattern 'if SMODS.has_enhancement(scoring_hand[i], \'m_glass\') and scoring_hand[i]:can_calculate() and pseudorandom(\'glass\') < G.GAME.probabilities.normal/(scoring_hand[i].ability.name == \'Glass Card\' and scoring_hand[i].ability.extra or G.P_CENTERS.m_glass.config.extra) then' on target 'functions/state_events.lua' for pattern patch from Cryptid\lovely\Probability.toml resulted in no matches
WARN - [♥] Regex '(?<indent>[\\t ]*)if destroyed then \\n' on target 'functions/state_events.lua' for regex patch from Cryptid\lovely\seal.toml resulted in no matches
INFO - [♥] Applied 101 patches to 'functions/state_events.lua'
WARN - [♥] Pattern 'func = (function() if eval_func(card) then if not first or first then card:juice_up(0.1, 0.1) end;juice_card_until(card, eval_func, nil, 0.8) end return true end)' on target 'functions/common_events.lua' for pattern patch from HandyBalatro\lovely\controls_animation_skip.toml resulted in no matches
WARN - [♥] Pattern 'func = (function() if eval_func(card) then if not first or first then card:juice_up(0.1, 0.1) end;juice_card_until(card, eval_func, nil, 0.8) end return true end)' on target 'functions/common_events.lua' for pattern patch from HandyBalatro\lovely\controls_animation_skip.toml resulted in no matches
WARN - [♥] Pattern 'if num_dollars > 60 then' on target 'functions/common_events.lua' for pattern patch from Talisman\lovely.toml resulted in no matches
WARN - [♥] Pattern 'func = (function() card:juice_up(0.7);return true end)' on target 'functions/common_events.lua' for pattern patch from Talisman\lovely.toml resulted in no matches
WARN - [♥] Pattern 'if card then card:juice_up(0.8, 0.5) end' on target 'functions/common_events.lua' for pattern patch from Talisman\lovely.toml resulted in no matches
WARN - [♥] Pattern 'card:juice_up(0.6, 0.1)' on target 'functions/common_events.lua' for pattern patch from Talisman\lovely.toml resulted in no matches
WARN - [♥] Pattern 'func = (function() if eval_func(card) then if not first or first then card:juice_up(0.1, 0.1) end;juice_card_until(card, eval_func, nil, 0.8) end return true end)' on target 'functions/common_events.lua' for pattern patch from Talisman\lovely.toml resulted in no matches
WARN - [♥] Pattern 'func = (function() if eval_func(card) then if not first or first then card:juice_up(0.1, 0.1) end;juice_card_until(card, eval_func, nil, 0.8) end return true end)' on target 'functions/common_events.lua' for pattern patch from Talisman\lovely.toml resulted in no matches
WARN - [♥] Pattern 'if amt > 0 or amt < 0 then' on target 'functions/common_events.lua' for pattern patch from Talisman\lovely.toml resulted in no matches
WARN - [♥] Pattern 'if amt > 0 or amt < 0 then' on target 'functions/common_events.lua' for pattern patch from Talisman\lovely.toml resulted in no matches
INFO - [♥] Applied 204 patches to 'functions/common_events.lua'
WARN - [♥] Pattern 'if ((G.GAME.dollars-G.GAME.bankrupt_at) - 10 >= 0) and' on target 'functions/button_callbacks.lua' for pattern patch from Talisman\lovely.toml resulted in no matches
WARN - [♥] Pattern 'if #G.hand.highlighted <= 0 or G.GAME.blind.block_play or #G.hand.highlighted > 5 then' on target 'functions/button_callbacks.lua' for pattern patch from CardSleeves\lovely\expected_to_fail.toml resulted in no matches
INFO - [♥] Applied 90 patches to 'functions/button_callbacks.lua'
WARN - [♥] Pattern 'Xmult_mod = G.P_CENTERS.v_observatory.config.extra' on target 'card.lua' for pattern patch from Incantation\lovely.toml resulted in no matches
WARN - [♥] Pattern 'G.E_MANAGER:add_event(Event({func = (function() G.GAME.dollar_buffer = 0; return true end)}))' on target 'card.lua' for pattern patch from Talisman\lovely.toml resulted in no matches
WARN - [♥] Pattern 'if G.GAME.blind then G.E_MANAGER:add_event(Event({ func = function() G.GAME.blind:set_blind(nil, true, nil); return true end })) end' on target 'card.lua' for pattern patch from Talisman\lovely.toml resulted in no matches
WARN - [♥] Pattern 'x_mult = center.config.Xmult or 1,' on target 'card.lua' for pattern patch from Talisman\lovely.toml resulted in no matches
WARN - [♥] Pattern 'local currentBack = self.params.viewed_back and G.GAME.viewed_back or G.GAME.selected_back' on target 'card.lua' for pattern patch from Galdur\lovely.toml resulted in no matches
WARN - [♥] Regex 'self.params.viewed_back and G.GAME.viewed_back or G.GAME.selected_back' on target 'card.lua' for regex patch from CardSleeves\lovely\expected_to_fail.toml resulted in no matches
INFO - [♥] Applied 288 patches to 'card.lua'
INFO - [♥] Applied 33 patches to 'cardarea.lua'
INFO - [♥] Applied 45 patches to 'blind.lua'
INFO - [♥] Applied 2 patches to 'card_character.lua'
WARN - [♥] Pattern 'if self.strings[k].W > self.config.W then' on target 'engine/text.lua' for pattern patch from Talisman\lovely.toml resulted in no matches
WARN - [♥] Pattern 'local letter = self.strings[self.focused_string].letters[k]' on target 'engine/text.lua' for pattern patch from Talisman\lovely.toml resulted in no matches
INFO - [♥] Applied 6 patches to 'engine/text.lua'
WARN - [♥] Pattern 'if eff.retrigger_flag then SMODS.calculate_effect(eff, eff.card); j = j+1; _, eff = next(reps[j]) end' on target '=[SMODS _ "src/utils.lua"]' for pattern patch from Cryptid\lovely\misc.toml resulted in no matches
INFO - [♥] Applied 12 patches to '=[SMODS _ "src/utils.lua"]'
WARN - [♥] Pattern '    for _, v in ipairs(G.handlist) do\n\t\tif G.GAME.hands[v].visible then\n\t\t\ttable.insert(visible_hands, v)\n\t\tend\n\tend\n' on target '=[SMODS _ "src/overrides.lua"]' for pattern patch from Overflow\lovely\fixes.toml resulted in no matches
WARN - [♥] Pattern 'for _, v in ipairs(G.handlist) do
WARN - [♥] ' on target '=[SMODS _ "src/overrides.lua"]' for pattern patch from Overflow\lovely\fixes.toml resulted in 5 matches, wanted 4
WARN - [♥] Ignoring excess matches
WARN - [♥] Pattern 'card_limit = #SUITS[suit_map[j]],' on target '=[SMODS _ "src/overrides.lua"]' for pattern patch from Cartomancer\lovely\stackable-deck-steamodded.toml resulted in no matches
WARN - [♥] Pattern 'card_limit = #SUITS[visible_suit[j]],' on target '=[SMODS _ "src/overrides.lua"]' for pattern patch from Cartomancer\lovely\stackable-deck-steamodded.toml resulted in no matches
WARN - [♥] Regex '\t\t\tfor i = 1\\, \\#SUITS\\[suit_map\\[j\\]\\] do\n\t\t\t\tif SUITS\\[suit_map\\[j\\]\\]\\[i\\] then\n\t\t\t\t\tlocal greyed\\, _scale = nil\\, 0\\.7\n\t\t\t\t\tif unplayed_only and not \\(\\(SUITS\\[suit_map\\[j\\]\\]\\[i\\]\\.area and SUITS\\[suit_map\\[j\\]\\]\\[i\\]\\.area == G\\.deck\\) or SUITS\\[suit_map\\[j\\]\\]\\[i\\]\\.ability\\.wheel_flipped\\) then\n\t\t\t\t\t\tgreyed = true\n\t\t\t\t\tend\n\t\t\t\t\tlocal copy = copy_card\\(SUITS\\[suit_map\\[j\\]\\]\\[i\\]\\, nil\\, _scale[^\\)\\n]*\\)\n\t\t\t\t\tcopy\\.greyed = greyed\n\t\t\t\t\tcopy\\.T\\.x = view_deck\\.T\\.x \\+ view_deck\\.T\\.w \\/ 2\n\t\t\t\t\tcopy\\.T\\.y = view_deck\\.T\\.y\n\n\t\t\t\t\tcopy:hard_set_T\\(\\)\n\t\t\t\t\tview_deck:emplace\\(copy\\)\n\t\t\t\tend\n\t\t\tend' on target '=[SMODS _ "src/overrides.lua"]' for regex patch from Cartomancer\lovely\stackable-deck-steamodded.toml resulted in no matches
INFO - [♥] Applied 15 patches to '=[SMODS _ "src/overrides.lua"]'
INFO - [♥] Applied 2 patches to '=[SMODS _ "src/game_object.lua"]'
INFO - [G] Failed to connect to the debug server 
INFO - [G] 2025-08-20 23:10:23 :: DEBUG :: DebugConsole :: Steamodded Debug Socket started ! 
INFO - [G] 2025-08-20 23:10:23 :: INFO  :: SMODS :: Steamodded v1.0.0~BETA-0711a 
INFO - [G] Order not set for config dictionary: misc_quick_restart 
INFO - [G] Order not set for config dictionary: speed_multiplier_default_value 
INFO - [G] Order not set for config dictionary: misc_save_run 
INFO - [G] Order not set for config dictionary: animation_skip_default_value 
INFO - [G] [Blueprint] Starting to load config 
INFO - [G] [Blueprint] Reading config file:  
INFO - [G] [Blueprint] return {
	["INTERNAL_debug"] = false,
	["hello"] = true,
	["brainstorm"] = true,
	["blueprint"] = true,
} 
INFO - [G] [Blueprint] Removing setting `hello` because it is not in default config 
INFO - [♥] Applied 3 patches to 'engine/save_manager.lua'
INFO - [♥] Applied 9 patches to 'engine/sound_manager.lua'
INFO - [♥] Applied 2 patches to 'engine/string_packer.lua'
INFO - [G] Loaded all Blueprint mod shaders successfully 
INFO - [♥] Applied 4 patches to '=[SMODS _ "src/card_draw.lua"]'
INFO - [G] 2025-08-20 23:10:26 :: ERROR :: Loader :: Found invalid metadata JSON file at C:\Users\easto\AppData\Roaming\Balatro\Mods/Aikoyori'sShenanigans/.luarc.json, ignoring: [SMODS _ "src/loader.lua"]:226: id 
INFO - [G] 2025-08-20 23:10:26 :: ERROR :: Loader :: Found invalid metadata JSON file at C:\Users\easto\AppData\Roaming\Balatro\Mods/Aikoyori'sShenanigans/.vscode/settings.json, ignoring: [SMODS _ "src/loader.lua"]:226: id 
INFO - [G] 2025-08-20 23:10:26 :: INFO  :: Loader :: Valid JSON file found 
INFO - [G] 2025-08-20 23:10:26 :: TRACE :: Loader :: Processing Mod file (Legacy header): Aurinko.lua 
INFO - [G] 2025-08-20 23:10:26 :: TRACE :: Loader :: Saving Mod Info: aurinko 
INFO - [G] 2025-08-20 23:10:26 :: TRACE :: Loader :: Processing Mod file (Legacy header): BetterMouseAndGamepad.lua 
INFO - [G] 2025-08-20 23:10:26 :: TRACE :: Loader :: Saving Mod Info: BetterMouseAndGamepad 
INFO - [G] 2025-08-20 23:10:26 :: INFO  :: Loader :: Valid JSON file found 
INFO - [G] 2025-08-20 23:10:26 :: TRACE :: Loader :: Processing Mod file (Legacy header): steamodded_compat.lua 
INFO - [G] 2025-08-20 23:10:26 :: TRACE :: Loader :: Saving Mod Info: Brainstorm 
INFO - [G] 2025-08-20 23:10:26 :: INFO  :: Loader :: Valid JSON file found 
INFO - [G] 2025-08-20 23:10:26 :: TRACE :: Loader :: Processing Mod file (Legacy header): mod.lua 
INFO - [G] 2025-08-20 23:10:26 :: TRACE :: Loader :: Saving Mod Info: cartomancer 
INFO - [G] 2025-08-20 23:10:26 :: INFO  :: Loader :: Valid JSON file found 
INFO - [G] 2025-08-20 23:10:26 :: INFO  :: Loader :: Valid JSON file found 
INFO - [G] 2025-08-20 23:10:26 :: INFO  :: Loader :: Valid JSON file found 
INFO - [G] 2025-08-20 23:10:26 :: INFO  :: Loader :: Valid JSON file found 
INFO - [G] 2025-08-20 23:10:26 :: INFO  :: Loader :: Valid JSON file found 
INFO - [G] 2025-08-20 23:10:26 :: INFO  :: Loader :: Valid JSON file found 
INFO - [G] 2025-08-20 23:10:26 :: INFO  :: Loader :: Valid JSON file found 
INFO - [G] 2025-08-20 23:10:26 :: INFO  :: Loader :: Valid JSON file found 
INFO - [G] 2025-08-20 23:10:26 :: TRACE :: Loader :: Processing Mod file (Legacy header): steamodded.lua 
INFO - [G] 2025-08-20 23:10:26 :: WARN  :: Loader :: Duplicate Mod ID: Handy 
INFO - [G] 2025-08-20 23:10:27 :: INFO  :: Loader :: Valid JSON file found 
INFO - [G] 2025-08-20 23:10:27 :: INFO  :: Loader :: Valid JSON file found 
INFO - [G] 2025-08-20 23:10:27 :: TRACE :: Loader :: Processing Mod file (Legacy header): JenLib.lua 
INFO - [G] 2025-08-20 23:10:27 :: TRACE :: Loader :: Saving Mod Info: JenLib 
INFO - [G] 2025-08-20 23:10:27 :: INFO  :: Loader :: Valid JSON file found 
INFO - [G] 2025-08-20 23:10:27 :: INFO  :: Loader :: Valid JSON file found 
INFO - [G] 2025-08-20 23:10:27 :: TRACE :: Loader :: Processing Mod file (Legacy header): LocalPoolFix.lua 
INFO - [G] 2025-08-20 23:10:27 :: TRACE :: Loader :: Saving Mod Info: jen_localpoolfix 
INFO - [G] 2025-08-20 23:10:27 :: TRACE :: Loader :: Processing Mod file (Legacy header): Loop.lua 
INFO - [G] 2025-08-20 23:10:27 :: TRACE :: Loader :: Saving Mod Info: loop 
INFO - [G] 2025-08-20 23:10:27 :: INFO  :: Loader :: Valid JSON file found 
INFO - [G] 2025-08-20 23:10:27 :: INFO  :: Loader :: Valid JSON file found 
INFO - [G] 2025-08-20 23:10:27 :: TRACE :: Loader :: Processing Mod file (Legacy header): MoreJokerPacks.lua 
INFO - [G] 2025-08-20 23:10:27 :: TRACE :: Loader :: Saving Mod Info: MoreJokerPacks 
INFO - [G] 2025-08-20 23:10:27 :: TRACE :: Loader :: Processing Mod file (Legacy header): Nopeus.lua 
INFO - [G] 2025-08-20 23:10:27 :: TRACE :: Loader :: Saving Mod Info: nopeus 
INFO - [G] 2025-08-20 23:10:27 :: TRACE :: Loader :: Processing Mod file (Legacy header): main.lua 
INFO - [G] 2025-08-20 23:10:27 :: TRACE :: Loader :: Saving Mod Info: NotJustYet 
INFO - [G] 2025-08-20 23:10:27 :: INFO  :: Loader :: Valid JSON file found 
INFO - [G] 2025-08-20 23:10:27 :: TRACE :: Loader :: Processing Mod file (Legacy header): PreorderCards.lua 
INFO - [G] 2025-08-20 23:10:27 :: TRACE :: Loader :: Saving Mod Info: preorder_cards 
INFO - [G] 2025-08-20 23:10:27 :: INFO  :: Loader :: Valid JSON file found 
INFO - [G] 2025-08-20 23:10:27 :: INFO  :: Loader :: Valid JSON file found 
INFO - [G] 2025-08-20 23:10:27 :: ERROR :: Loader :: Found invalid metadata JSON file at C:\Users\easto\AppData\Roaming\Balatro\Mods/StickyFingers/.vscode/settings.json, ignoring: [SMODS _ "src/loader.lua"]:226: id 
INFO - [G] 2025-08-20 23:10:27 :: INFO  :: Loader :: Valid JSON file found 
INFO - [G] 2025-08-20 23:10:27 :: INFO  :: Loader :: Valid JSON file found 
INFO - [G] 2025-08-20 23:10:27 :: TRACE :: Loader :: Processing Mod file (Legacy header): steamodded_metadata.lua 
INFO - [G] 2025-08-20 23:10:27 :: TRACE :: Loader :: Saving Mod Info: Talisman 
INFO - [G] 2025-08-20 23:10:27 :: TRACE :: Loader :: Processing Mod file (Legacy header): IOSAdaptation.lua 
INFO - [G] 2025-08-20 23:10:27 :: TRACE :: Loader :: Saving Mod Info: IOSAdaptation 
INFO - [G] 2025-08-20 23:10:27 :: TRACE :: Loader :: Processing Mod file (Legacy header): UltraHand.lua 
INFO - [G] 2025-08-20 23:10:27 :: TRACE :: Loader :: Saving Mod Info: UltraHand 
INFO - [G] 2025-08-20 23:10:27 :: INFO  :: Loader :: Valid JSON file found 
INFO - [G] 2025-08-20 23:10:27 :: TRACE :: Loader :: Processing Mod file (Legacy header): Extras.lua 
INFO - [G] 2025-08-20 23:10:27 :: TRACE :: Loader :: Saving Mod Info: BalatroDarkMode 
INFO - [G] 2025-08-20 23:10:27 :: TRACE :: Loader :: Processing Mod file (Legacy header): main.lua 
INFO - [G] 2025-08-20 23:10:27 :: TRACE :: Loader :: Saving Mod Info: darktextures 
INFO - [G] 2025-08-20 23:10:27 :: TRACE :: Loader :: Processing Mod file (Legacy header): multipack.lua 
INFO - [G] 2025-08-20 23:10:27 :: TRACE :: Loader :: Saving Mod Info: Multipack 
INFO - [G] 2025-08-20 23:10:27 :: TRACE :: Loader :: Mod malverk was unable to load:  
INFO - [G] 2025-08-20 23:10:27 :: TRACE :: Loader :: Mod YGGDRASIL was unable to load:  
INFO - [G] 2025-08-20 23:10:27 :: INFO  :: CardSleeves :: CardSleeves v1.8.0 loaded~! 
INFO - [G] 2025-08-20 23:10:27 :: TRACE :: Loader :: Mod BalatroDarkMode was unable to load:  
INFO - [G] 2025-08-20 23:10:27 :: TRACE :: Loader :: Mod CryptidMoreMarioJokers was unable to load:  
INFO - [G] 2025-08-20 23:10:27 :: DEBUG :: DefaultLogger :: IOS Adaptation! 
INFO - [G] 2025-08-20 23:10:27 :: TRACE :: Loader :: Mod MoreFluff was unable to load:  
INFO - [G] 2025-08-20 23:10:27 :: TRACE :: Loader :: Mod Multipack was unable to load:  
INFO - [G] 2025-08-20 23:10:27 :: TRACE :: Loader :: Mod darktextures was unable to load: Missing Dependencies: 1: malverk

 
INFO - [G] 2025-08-20 23:10:27 :: TRACE :: Loader :: Mod sdm0sstuff was unable to load:  
INFO - [G] 2025-08-20 23:10:27 :: WARN  :: Atlas :: Detected duplicate register call on object njy_modicon 
INFO - [G] 2025-08-20 23:10:27 :: TRACE :: Loader :: Mod extracredit was unable to load:  
INFO - [G] 2025-08-20 23:10:27 :: WARN  :: Atlas :: Detected duplicate register call on object ovrf_modicon 
INFO - [G] [CRYPTID] Loading library file ascended.lua 
INFO - [G] [CRYPTID] Loading library file calculate.lua 
INFO - [G] [CRYPTID] Loading library file content.lua 
INFO - [G] [CRYPTID] Loading library file cross-mod.lua 
INFO - [G] Table:
colour: Table:
  1: 0.65490196078431
  2: 0.50980392156863
  3: 0.81960784313725
  4: 1

voucher_key: v_cry_tacclimator
localization_key: b_tarot_rate
ref_value: tarot
 
INFO - [G] Table:
colour: Table:
  1: 0.074509803921569
  2: 0.68627450980392
  3: 0.8078431372549
  4: 1

voucher_key: v_cry_pacclimator
localization_key: b_planet_rate
ref_value: planet
 
INFO - [G] [CRYPTID] Loading library file d20.lua 
INFO - [G] [CRYPTID] Loading library file event.lua 
INFO - [G] [CRYPTID] Loading library file forcetrigger.lua 
INFO - [G] [CRYPTID] Loading library file gameset.lua 
INFO - [G] [CRYPTID] Loading library file https.lua 
INFO - [G] 2025-08-20 23:10:27 :: DEBUG :: SMODS.https :: Using https module backend 
INFO - [G] [CRYPTID] Loading library file misc.lua 
INFO - [G] [CRYPTID] Loading library file misprintize.lua 
INFO - [G] [CRYPTID] Loading library file modifiers.lua 
INFO - [G] 2025-08-20 23:10:27 :: WARN  :: Sticker :: Detected duplicate register call on object perishable 
INFO - [G] 2025-08-20 23:10:27 :: WARN  :: Sticker :: Detected duplicate register call on object pinned 
INFO - [G] 2025-08-20 23:10:27 :: WARN  :: Sticker :: Detected duplicate register call on object eternal 
INFO - [G] 2025-08-20 23:10:27 :: WARN  :: Sticker :: Detected duplicate register call on object rental 
INFO - [G] [CRYPTID] Loading library file notifications.lua 
INFO - [G] [CRYPTID] Loading library file overrides.lua 
INFO - [G] [CRYPTID] Loading library file pointerlib.lua 
INFO - [G] [CRYPTID] Loading library file ui.lua 
INFO - [G] [CRYPTID] Loading file achievement.lua 
INFO - [G] [CRYPTID] Loading file blind.lua 
INFO - [G] [CRYPTID] Loading file challenge.lua 
INFO - [G] [CRYPTID] Loading file code.lua 
INFO - [G] [CRYPTID] Loading file deck.lua 
INFO - [G] [CRYPTID] Loading file enhanced.lua 
INFO - [G] [CRYPTID] Loading file epic.lua 
INFO - [G] [CRYPTID] Loading file exotic.lua 
INFO - [G] [CRYPTID] Loading file joker_display.lua 
INFO - [G] [CRYPTID] Loading file m.lua 
INFO - [G] [CRYPTID] Loading file misc.lua 
INFO - [G] [CRYPTID] Loading file misc_joker.lua 
INFO - [G] [CRYPTID] Loading file planet.lua 
INFO - [G] [CRYPTID] Loading file pointer.lua 
INFO - [G] [CRYPTID] Loading file sleeve.lua 
INFO - [G] [CRYPTID] Loading file spectral.lua 
INFO - [G] [CRYPTID] Loading file spooky.lua 
INFO - [G] [CRYPTID] Loading file stake.lua 
INFO - [G] [CRYPTID] Loading file tag.lua 
INFO - [G] [CRYPTID] Loading file test.lua 
INFO - [G] [CRYPTID] Loading file voucher.lua 
INFO - [G] 2025-08-20 23:10:27 :: WARN  :: Atlas :: Object cry_effarcire has the same key as an existing object, not registering. 
INFO - [G] 2025-08-20 23:10:27 :: WARN  :: Atlas :: If you want to modify an existing object, use take_ownership() 
INFO - [G] 2025-08-20 23:10:27 :: TRACE :: Loader :: Mod aikoyorisshenanigans was unable to load:  
INFO - [G] 2025-08-20 23:10:27 :: TRACE :: Loader :: Mod kino was unable to load:  
INFO - [G] 2025-08-20 23:10:27 :: TRACE :: Loader :: Mod MoreJokerPacks was unable to load:  
INFO - [G] 2025-08-20 23:10:27 :: TRACE :: Loader :: Mod eramdam.sticky-fingers was unable to load:  
INFO - [G] 2025-08-20 23:10:27 :: TRACE :: Loader :: Mod SuitOrder was unable to load:  
INFO - [G] 2025-08-20 23:10:27 :: TRACE :: Loader :: Mod cryptposting was unable to load:  
INFO - [G] 2025-08-20 23:10:27 :: TRACE :: Loader :: Mod jen was unable to load: Missing Dependencies: 1: nopeus (>=2.2.5)
2: Cryptid (==0.5.5a~dev2)

 
INFO - [G] 2025-08-20 23:10:27 :: INFO  :: TIMER :: [0000] Injected Fonts in 0.011 ms 
INFO - [G] 2025-08-20 23:10:27 :: INFO  :: TIMER :: [0000] Injected Language in 0.006 ms 
INFO - [G] 2025-08-20 23:10:27 :: INFO  :: TIMER :: [0000] Injected [INTERNAL] in 4.530 ms 
INFO - [G] 2025-08-20 23:10:29 :: INFO  :: TIMER :: [0047] Injected Atlas in 2254.592 ms 
INFO - [G] 2025-08-20 23:10:29 :: INFO  :: TIMER :: [0032] Injected Sound in 30.893 ms 
INFO - [G] 2025-08-20 23:10:30 :: INFO  :: TIMER :: [0032] Injected Stake in 2.286 ms 
INFO - [G] 2025-08-20 23:10:30 :: INFO  :: TIMER :: [0008] Injected Rarity in 0.274 ms 
INFO - [G] 2025-08-20 23:10:30 :: INFO  :: TIMER :: [0010] Injected ObjectType in 0.308 ms 
INFO - [G] 2025-08-20 23:10:30 :: INFO  :: TIMER :: [0469] Injected Center in 9.624 ms 
INFO - [G] 2025-08-20 23:10:30 :: INFO  :: TIMER :: [0009] Injected Undiscovered Sprite in 0.073 ms 
INFO - [G] 2025-08-20 23:10:30 :: INFO  :: TIMER :: [0034] Injected Blind in 0.629 ms 
INFO - [G] 2025-08-20 23:10:30 :: INFO  :: TIMER :: [0006] Injected Seal in 1.043 ms 
INFO - [G] 2025-08-20 23:10:30 :: INFO  :: TIMER :: [0004] Injected Suit in 0.169 ms 
INFO - [G] 2025-08-20 23:10:30 :: INFO  :: TIMER :: [0013] Injected Rank in 0.452 ms 
INFO - [G] 2025-08-20 23:10:30 :: INFO  :: TIMER :: [0028] Injected DeckSkin in 2.445 ms 
INFO - [G] 2025-08-20 23:10:30 :: INFO  :: TIMER :: [0020] Injected PokerHand in 0.708 ms 
INFO - [G] 2025-08-20 23:10:30 :: INFO  :: TIMER :: [0031] Injected Challenge in 0.653 ms 
INFO - [G] 2025-08-20 23:10:30 :: INFO  :: TIMER :: [0031] Injected Tag in 0.372 ms 
INFO - [G] 2025-08-20 23:10:30 :: INFO  :: TIMER :: [0011] Injected Sticker in 1.728 ms 
INFO - [G] 2025-08-20 23:10:30 :: INFO  :: TIMER :: [0011] Injected Shader in 547.103 ms 
INFO - [G] 2025-08-20 23:10:30 :: INFO  :: TIMER :: [0002] Injected Keybind in 0.051 ms 
INFO - [G] 2025-08-20 23:10:30 :: INFO  :: TIMER :: [0022] Injected Achievement in 0.573 ms 
INFO - [G] 2025-08-20 23:10:30 :: INFO  :: TIMER :: [0002] Injected nil in 0.045 ms 
INFO - [G] 2025-08-20 23:10:30 :: INFO  :: TIMER :: [0025] Injected Draw Step in 0.594 ms 
INFO - [G] 2025-08-20 23:10:30 :: INFO  :: TIMER :: [0000] Injected [INTERNAL] in 26.803 ms 
INFO - [G] 2025-08-20 23:10:30 :: INFO  :: TIMER :: [0010] Injected Other in 0.045 ms 
INFO - [G] Warning: Circular dependency with set_cry_misc_joker 
INFO - [G] Warning: Circular dependency with j_cry_pizza 
INFO - [G] Warning: Circular dependency with set_cry_misc_joker 
INFO - [G] Warning: Circular dependency with j_cry_pizza_slice 
INFO - [G] [DebugPlus] Press [/] to toggle console and press [shift] + [/] to toggle new log previews 
INFO - [♥] Applied 0 patches to '=[SMODS _ "smods-https-thread.lua"]'
INFO - [G] 2025-08-20 23:10:36 :: DEBUG :: SMODS.https(1) :: Using https module backend 
INFO - [G] ERROR LOADING GAME: Card area 'shop_jokers' not instantiated before load 
INFO - [G] ERROR LOADING GAME: Card area 'shop_vouchers' not instantiated before load 
INFO - [G] ERROR LOADING GAME: Card area 'shop_booster' not instantiated before load 
INFO - [G] line not found
INFO - [G] file not found: main.lua: No such file or directory
INFO - [G] file not found: main.lua: No such file or directory
INFO - [G] 2025-08-20 23:10:55 :: ERROR :: StackTrace :: Oops! The game crashed
card.lua:5332: attempt to index local 'obj' (a nil value)
Stack Traceback
===============
(1) Lua upvalue 'orig' at file 'main.lua:612'
	Local variables:
	 msg = string: "card.lua:5332: attempt to index local 'obj' (a nil value)"
	 (*temporary) = Lua function '?' (defined at line 31 of chunk [SMODS _ "src/logging.lua"])
	 (*temporary) = string: "Oops! The game crashed\
"
(2) Lua local 'handler' at file 'debugplus/console.lua:576' (from lovely module debugplus.console)
	Local variables:
	 msg = string: "card.lua:5332: attempt to index local 'obj' (a nil value)"
(3) LÖVE metamethod at file 'boot.lua:352'
	Local variables:
	 errhand = Lua function '(LÖVE Function)' (defined at line 575 of chunk [lovely debugplus.console "debugplus/console.lua"])
	 handler = Lua function '(LÖVE Function)' (defined at line 575 of chunk [lovely debugplus.console "debugplus/console.lua"])
(4) Lua upvalue 'smods_card_load' at file 'card.lua:5332'
	Local variables:
	 self = table: 0x16c32680  {click_offset:table: 0x16c32a50, children:table: 0x16c338a8, ambient_tilt:0.2, T:table: 0x16c32898, offset:table: 0x16c33638, role:table: 0x16c333a0 (more...)}
	 cardTable = table: 0x13ba5940  {sprite_facing:front, ignore_base_shader:table: 0x13ba5c70, rank:1, save_fields:table: 0x13ba5c98, label:Contract, akyrs_old_ability:table: 0x13ba5cf8 (more...)}
	 other_card = nil
	 scale = number: 1
	 H = number: 2.75122
	 W = number: 2.04878
	 obj = nil
	 (*temporary) = number: 4.1806e-227
	 (*temporary) = table: 0x16c32680  {click_offset:table: 0x16c32a50, children:table: 0x16c338a8, ambient_tilt:0.2, T:table: 0x16c32898, offset:table: 0x16c33638, role:table: 0x16c333a0 (more...)}
	 (*temporary) = string: "table"
	 (*temporary) = table: 0x16966258  {x:0, w:2.0487804878049, y:0, h:2.7512195121951, r:0, scale:0.95}
	 (*temporary) = table: 0x16966258  {x:0, w:2.0487804878049, y:0, h:2.7512195121951, r:0, scale:0.95}
	 (*temporary) = table: 0x16966258  {x:0, w:2.0487804878049, y:0, h:2.7512195121951, r:0, scale:0.95}
	 (*temporary) = string: "attempt to index local 'obj' (a nil value)"
(5) Lua upvalue 'card_load_ref' at Steamodded file 'src/overrides.lua:1965' 
	Local variables:
	 self = table: 0x16c32680  {click_offset:table: 0x16c32a50, children:table: 0x16c338a8, ambient_tilt:0.2, T:table: 0x16c32898, offset:table: 0x16c33638, role:table: 0x16c333a0 (more...)}
	 cardTable = table: 0x13ba5940  {sprite_facing:front, ignore_base_shader:table: 0x13ba5c70, rank:1, save_fields:table: 0x13ba5c98, label:Contract, akyrs_old_ability:table: 0x13ba5cf8 (more...)}
	 other_card = nil
(6) Lua upvalue 'card_load_ref' at file 'modules/ui.lua:42' (from lovely module overflow/ui)
	Local variables:
	 self = table: 0x16c32680  {click_offset:table: 0x16c32a50, children:table: 0x16c338a8, ambient_tilt:0.2, T:table: 0x16c32898, offset:table: 0x16c33638, role:table: 0x16c333a0 (more...)}
	 cardTable = table: 0x13ba5940  {sprite_facing:front, ignore_base_shader:table: 0x13ba5c70, rank:1, save_fields:table: 0x13ba5c98, label:Contract, akyrs_old_ability:table: 0x13ba5cf8 (more...)}
	 other_card = nil
(7) Lua upvalue 'carld' at file 'modules/hooks.lua:224' (from lovely module overflow/hooks)
	Local variables:
	 self = table: 0x16c32680  {click_offset:table: 0x16c32a50, children:table: 0x16c338a8, ambient_tilt:0.2, T:table: 0x16c32898, offset:table: 0x16c33638, role:table: 0x16c333a0 (more...)}
	 cardTable = table: 0x13ba5940  {sprite_facing:front, ignore_base_shader:table: 0x13ba5c70, rank:1, save_fields:table: 0x13ba5c98, label:Contract, akyrs_old_ability:table: 0x13ba5cf8 (more...)}
	 other_card = nil
(8) Lua upvalue 'card_load_ref' at file 'lib/overrides.lua:1671' (from mod with id Cryptid)
	Local variables:
	 self = table: 0x16c32680  {click_offset:table: 0x16c32a50, children:table: 0x16c338a8, ambient_tilt:0.2, T:table: 0x16c32898, offset:table: 0x16c33638, role:table: 0x16c333a0 (more...)}
	 cardTable = table: 0x13ba5940  {sprite_facing:front, ignore_base_shader:table: 0x13ba5c70, rank:1, save_fields:table: 0x13ba5c98, label:Contract, akyrs_old_ability:table: 0x13ba5cf8 (more...)}
	 other_card = nil
(9) Lua method 'load' at file 'Incantation.lua:834' (from mod with id incantation)
	Local variables:
	 self = table: 0x16c32680  {click_offset:table: 0x16c32a50, children:table: 0x16c338a8, ambient_tilt:0.2, T:table: 0x16c32898, offset:table: 0x16c33638, role:table: 0x16c333a0 (more...)}
	 cardTable = table: 0x13ba5940  {sprite_facing:front, ignore_base_shader:table: 0x13ba5c70, rank:1, save_fields:table: 0x13ba5c98, label:Contract, akyrs_old_ability:table: 0x13ba5cf8 (more...)}
	 other_card = nil
(10) Lua method 'load' at file 'cardarea.lua:746'
	Local variables:
	 self = table: 0x168080e0  {click_offset:table: 0x16806a10, static_rotation:false, shuffle_amt:0, parent:table: 0x168306d8, T:table: 0x168069e8, offset:table: 0x16809098 (more...)}
	 cardAreaTable = table: 0x13ba4ab8  {cards:table: 0x13ba4b18, config:table: 0x13ba6708}
	 (for index) = number: 1
	 (for limit) = number: 2
	 (for step) = number: 1
	 i = number: 1
	 card = table: 0x16c32680  {click_offset:table: 0x16c32a50, children:table: 0x16c338a8, ambient_tilt:0.2, T:table: 0x16c32898, offset:table: 0x16c33638, role:table: 0x16c333a0 (more...)}
(11) Lua field 'func' at file 'game.lua:3338'
	Local variables:
	 nosave_shop = boolean: true
(12) Lua method 'handle' at file 'engine/event.lua:57'
	Local variables:
	 self = table: 0x166419f0  {start_timer:true, timer:TOTAL, blockable:false, trigger:after, created_on_pause:false, delay:0.2, complete:false, time:22.221643826067, blocking:true (more...)}
	 _results = table: 0x12253da8  {blocking:true, pause_skip:false, time_done:true, completed:false}
(13) Lua method 'update' at file 'engine/event.lua:185'
	Local variables:
	 self = table: 0x115a7d20  {queue_last_processed:22.916666666667, queues:table: 0x115aa1a8, queue_dt:0.016666666666667, queue_timer:24.205213905255}
	 dt = number: 0.0188086
	 forced = nil
	 (for generator) = C function: next
	 (for state) = table: 0x115aa1a8  {unlock:table: 0x115a8128, galdur:table: 0x11ea26e8, other:table: 0x115b3f20, tutorial:table: 0x115a66f8, base:table: 0x115b2db8, achievement:table: 0x115b3c40 (more...)}
	 (for control) = number: nan
	 k = string: "base"
	 v = table: 0x115b2db8  {1:table: 0x164231d0, 2:table: 0x166419f0, 3:table: 0x166b2348}
	 blocked = boolean: false
	 i = number: 2
	 results = table: 0x12253da8  {blocking:true, pause_skip:false, time_done:true, completed:false}
(14) Lua upvalue 'gameUpdateRef' at file 'game.lua:2694'
	Local variables:
	 self = table: 0x10d1f1e8  {F_GUIDE:false, F_CRASH_REPORTS:false, F_QUIT_BUTTON:true, HUD_tags:table: 0x167ba6c0, F_ENGLISH_ONLY:false, viewed_stake:1, HUD:table: 0x1673d470 (more...)}
	 dt = number: 0.0188086
	 http_resp = nil
	 njy_red = table: 0x10d24278  {1:0.99607843137255, 2:0.37254901960784, 3:0.33333333333333, 4:1}
	 njy_green = table: 0x10d24330  {1:0.29411764705882, 2:0.76078431372549, 3:0.57254901960784, 4:1}
(15) Lua upvalue 'update_ref' at Steamodded file 'src/ui.lua:84' 
	Local variables:
	 self = table: 0x10d1f1e8  {F_GUIDE:false, F_CRASH_REPORTS:false, F_QUIT_BUTTON:true, HUD_tags:table: 0x167ba6c0, F_ENGLISH_ONLY:false, viewed_stake:1, HUD:table: 0x1673d470 (more...)}
	 dt = number: 0.0188086
(16) Lua upvalue 'upd' at file 'main.lua:1748'
	Local variables:
	 self = table: 0x10d1f1e8  {F_GUIDE:false, F_CRASH_REPORTS:false, F_QUIT_BUTTON:true, HUD_tags:table: 0x167ba6c0, F_ENGLISH_ONLY:false, viewed_stake:1, HUD:table: 0x1673d470 (more...)}
	 dt = number: 0.0188086
(17) Lua upvalue 'game_update_ref' at file 'main.lua:2726'
	Local variables:
	 self = table: 0x10d1f1e8  {F_GUIDE:false, F_CRASH_REPORTS:false, F_QUIT_BUTTON:true, HUD_tags:table: 0x167ba6c0, F_ENGLISH_ONLY:false, viewed_stake:1, HUD:table: 0x1673d470 (more...)}
	 dt = number: 0.0188086
(18) Lua upvalue 'gu' at file 'src/core.lua:121' (from lovely module systemclock.core)
	Local variables:
	 self = table: 0x10d1f1e8  {F_GUIDE:false, F_CRASH_REPORTS:false, F_QUIT_BUTTON:true, HUD_tags:table: 0x167ba6c0, F_ENGLISH_ONLY:false, viewed_stake:1, HUD:table: 0x1673d470 (more...)}
	 dt = number: 0.0188086
(19) Lua upvalue 'upd' at file 'lib/gameset.lua:27' (from mod with id Cryptid)
	Local variables:
	 self = table: 0x10d1f1e8  {F_GUIDE:false, F_CRASH_REPORTS:false, F_QUIT_BUTTON:true, HUD_tags:table: 0x167ba6c0, F_ENGLISH_ONLY:false, viewed_stake:1, HUD:table: 0x1673d470 (more...)}
	 dt = number: 0.0188086
(20) Lua method 'update' at file 'lib/overrides.lua:345' (from mod with id Cryptid)
	Local variables:
	 self = table: 0x10d1f1e8  {F_GUIDE:false, F_CRASH_REPORTS:false, F_QUIT_BUTTON:true, HUD_tags:table: 0x167ba6c0, F_ENGLISH_ONLY:false, viewed_stake:1, HUD:table: 0x1673d470 (more...)}
	 dt = number: 0.0188086
(21) Lua upvalue 'love_update_ref' at file 'main.lua:1029'
	Local variables:
	 dt = number: 0.0188086
(22) Lua upvalue 'oldupd' at file 'modules/controller.lua:1027' (from lovely module handy/controller)
	Local variables:
	 dt = number: 0.0188086
(23) Lua field 'update' at file 'main.lua:2759'
	Local variables:
	 dt = number: 0.0188086
(24) Lua function '?' at file 'main.lua:938' (best guess)
(25) global C function 'xpcall'
(26) LÖVE function at file 'boot.lua:377' (best guess)
	Local variables:
	 func = Lua function '?' (defined at line 909 of chunk main.lua)
	 inerror = boolean: true
	 deferErrhand = Lua function '(LÖVE Function)' (defined at line 348 of chunk [love "boot.lua"])
	 earlyinit = Lua function '(LÖVE Function)' (defined at line 355 of chunk [love "boot.lua"])
 
INFO - [G] file not found: main.lua: No such file or directory
INFO - [G] file not found: main.lua: No such file or directory
INFO - [G] 2025-08-20 23:10:55 :: INFO  :: StackTrace :: Additional Context:
Balatro Version: 1.0.1o-FULL
Modded Version: 1.0.0~BETA-0711a-STEAMODDED
LÖVE Version: 11.5.0
Lovely Version: 0.8.0
Platform: Windows
Steamodded Mods:
    1: Card Sleeves by Larswijn [ID: CardSleeves, Priority: -10, Version: 1.8.0, Uses Lovely]
    2: Galdur by Eremel_ [ID: galdur, Priority: -10000, Version: 1.2.1d, Uses Lovely]
    3: Soda Shop by IdyllBeast, credit to Bill Cipher [ID: SodaShop, Version: 0.2]
    4: iOS adaptation by Xioxin [ID: IOSAdaptation]
    5: Local Pool Fix by jenwalter666 [ID: jen_localpoolfix]
    6: Overflow by Ruby [ID: Overflow, Priority: 10, Version: 1.0.4, Uses Lovely]
    7: UltraHand by Xioxin [ID: UltraHand]
    8: Incantation by jenwalter666, MathIsFun_ [ID: incantation, Priority: 9e+301, Version: 0.7.1, Uses Lovely]
    9: SystemClock by Breezebuilder [ID: SystemClock, Priority: 100000, Version: 1.7.1, Uses Lovely]
    10: JokerDisplay by nh6574 [ID: JokerDisplay, Priority: -100000, Version: 1.8.6]
    11: Aurinko by jenwalter666 [ID: aurinko, Priority: 9.9e+301, Version: 0.4.15]
    12: Better Mouse And Gamepad by Kooluve [ID: BetterMouseAndGamepad, Priority: -10000, Version: 1.0.6d]
    13: Jen's Library by jenwalter666 [ID: JenLib, Version: 0.4.0]
    14: Talisman by MathIsFun_, Mathguy24, jenwalter666, cg-223 [ID: Talisman, Version: 2.3.4, Uses Lovely]
        Break Infinity: omeganum
    15: Blueprint by stupxd aka stupid, Jonathan [ID: blueprint, Priority: 69, Version: 3.3, Uses Lovely]
    16: Cryptid by MathIsFun_, Cryptid and Balatro Discords [ID: Cryptid, Priority: 114, Version: 0.5.11, Uses Lovely]
    17: Preorder Cards by asd123cqp [ID: preorder_cards]
    18: DebugPlus by WilsontheWolf [ID: DebugPlus, Version: 1.4.2, Uses Lovely]
    19: Cartomancer by stupxd aka stupid [ID: cartomancer, Priority: 69, Version: 4.16, Uses Lovely]
    20: NotJustYet by toneblock [ID: NotJustYet, Priority: 1, Version: 0.5.4, Uses Lovely]
    21: Brainstorm by OceanRamen [ID: Brainstorm, Version: 2.0.0-beta, Uses Lovely]
    22: Handy by SleepyG11 [ID: Handy, Version: 1.5.1f, Uses Lovely]
    23: Loop by jenwalter666 [ID: loop, Priority: -9999999999, Version: 0.1.1]
    24: Nopeus by jenwalter666, stupxd [ID: nopeus, Version: 2.2.3, Uses Lovely]
Lovely Mods: 
