INFO - [♥] Lovely 0.8.0
INFO - [♥] Game directory is at "C:\\games\\Balatro.v1.0.1o\\Balatro.v1.0.1o\\game"
INFO - [♥] Writing logs to "C:\\Users\\easto\\AppData\\Roaming\\Balatro\\Mods\\lovely\\log"
INFO - [♥] Using mod directory at "C:\\Users\\easto\\AppData\\Roaming\\Balatro\\Mods"
INFO - [♥] Found .lovelyignore in 'Aikoyori'sShenanigans', skipping it.
INFO - [♥] Found .lovelyignore in 'Cryptid-MoreMarioJokers', skipping it.
INFO - [♥] Found .lovelyignore in 'Cryptposting', skipping it.
INFO - [♥] Found .lovelyignore in 'CustomSuitOrder', skipping it.
INFO - [♥] Found .lovelyignore in 'ExtraCredit', skipping it.
INFO - [♥] Found .lovelyignore in 'Jen', skipping it.
INFO - [♥] Found .lovelyignore in 'Kino', skipping it.
INFO - [♥] Found .lovelyignore in 'Lost_Edition', skipping it.
INFO - [♥] Found .lovelyignore in 'Malverk', skipping it.
INFO - [♥] Found .lovelyignore in 'SDM_0'sStuff', skipping it.
INFO - [♥] Found .lovelyignore in 'StickyFingers', skipping it.
INFO - [♥] Found .lovelyignore in 'Trance', skipping it.
INFO - [♥] Found .lovelyignore in 'Yggdrasil', skipping it.
WARN - [♥] Unknown key `patches.1.?.match_indent` found in patch file at "C:\\Users\\easto\\AppData\\Roaming\\Balatro\\Mods\\Cartomancer\\lovely\\blinds-info.toml", ignoring it
WARN - [♥] Unknown key `patches.2.?.match_indent` found in patch file at "C:\\Users\\easto\\AppData\\Roaming\\Balatro\\Mods\\Cartomancer\\lovely\\stackable-deck-steamodded.toml", ignoring it
WARN - [♥] Unknown key `patches.4.?.match_indent` found in patch file at "C:\\Users\\easto\\AppData\\Roaming\\Balatro\\Mods\\Cartomancer\\lovely\\stackable-deck-steamodded.toml", ignoring it
WARN - [♥] Unknown key `patches.6.?.match_indent` found in patch file at "C:\\Users\\easto\\AppData\\Roaming\\Balatro\\Mods\\Cartomancer\\lovely\\stackable-deck-steamodded.toml", ignoring it
WARN - [♥] Unknown key `patches.20.?.match_indent` found in patch file at "C:\\Users\\easto\\AppData\\Roaming\\Balatro\\Mods\\Cryptid\\lovely\\code.toml", ignoring it
WARN - [♥] Unknown key `patches.1.?.match_indent` found in patch file at "C:\\Users\\easto\\AppData\\Roaming\\Balatro\\Mods\\HandyBalatro\\lovely\\controls_misc.toml", ignoring it
WARN - [♥] Unknown key `patches.1.?.overwrite` found in patch file at "C:\\Users\\easto\\AppData\\Roaming\\Balatro\\Mods\\HandyBalatro\\lovely\\controls_misc.toml", ignoring it
WARN - [♥] Unknown key `patches.0.?.overwrite` found in patch file at "C:\\Users\\easto\\AppData\\Roaming\\Balatro\\Mods\\HandyBalatro\\lovely\\controls_show_deck_preview.toml", ignoring it
WARN - [♥] Unknown key `patches.35.?.match_indent` found in patch file at "C:\\Users\\easto\\AppData\\Roaming\\Balatro\\Mods\\Talisman\\lovely.toml", ignoring it
WARN - [♥] Unknown key `patches.35.?.overwrite` found in patch file at "C:\\Users\\easto\\AppData\\Roaming\\Balatro\\Mods\\Talisman\\lovely.toml", ignoring it
WARN - [♥] Unknown key `patches.52.?.match_indent` found in patch file at "C:\\Users\\easto\\AppData\\Roaming\\Balatro\\Mods\\Talisman\\lovely.toml", ignoring it
WARN - [♥] Unknown key `patches.55.?.match_indent` found in patch file at "C:\\Users\\easto\\AppData\\Roaming\\Balatro\\Mods\\Talisman\\lovely.toml", ignoring it
INFO - [♥] Cleaning up dumps directory at "C:\\Users\\easto\\AppData\\Roaming\\Balatro\\Mods\\lovely\\dump"
INFO - [♥] Initialization complete in 293ms
INFO - [♥] Applied 1 patch to 'conf.lua'
WARN - [♥] Pattern 'G.ARGS.score_intensity.organ = G.video_organ or G.ARGS.score_intensity.required_score > 0 and math.max(math.min(0.4, 0.1*math.log(G.ARGS.score_intensity.earned_score/(G.ARGS.score_intensity.required_score+1), 5)),0.) or 0' on target 'main.lua' for pattern patch from Talisman\lovely.toml resulted in no matches
WARN - [♥] Pattern 'if type(G.GAME.current_round.current_hand.chips) ~= \'number\' or type(G.GAME.current_round.current_hand.mult) ~= \'number\' then' on target 'main.lua' for pattern patch from Talisman\lovely.toml resulted in no matches
WARN - [♥] Pattern 'assert(load(nfs.read(Saturn.PATH .. \"/core/logic/hide_played.lua\")))()' on target 'main.lua' for pattern patch from Cartomancer\lovely\saturn-compat.toml resulted in no matches
WARN - [♥] Pattern 'modded and {' on target 'main.lua' for pattern patch from Cartomancer\lovely\stackable-deck-steamodded-0.9.8.toml resulted in no matches
INFO - [♥] Applied 24 patches to 'main.lua'
INFO - [♥] Applied 2 patches to 'engine/string_packer.lua'
INFO - [♥] Applied 21 patches to 'engine/controller.lua'
INFO - [♥] Applied 15 patches to 'back.lua'
INFO - [♥] Applied 18 patches to 'tag.lua'
INFO - [♥] Applied 1 patch to 'engine/event.lua'
INFO - [♥] Applied 1 patch to 'engine/node.lua'
INFO - [♥] Applied 3 patches to 'engine/moveable.lua'
INFO - [♥] Applied 3 patches to 'engine/sprite.lua'
INFO - [♥] Applied 2 patches to 'engine/animatedsprite.lua'
WARN - [♥] Pattern 'assembled_string = assembled_string..(type(subpart) == \'string\' and subpart or args.vars[tonumber(subpart[1])] or \'ERROR\')' on target 'functions/misc_functions.lua' for pattern patch from Talisman\lovely.toml resulted in no matches
INFO - [♥] Applied 86 patches to 'functions/misc_functions.lua'
WARN - [♥] Pattern 'G.FUNCS.evaluate_play()' on target 'game.lua' for pattern patch from MoreFluff\lovely\onesliptoolate.toml resulted in no matches
WARN - [♥] Pattern 'if Big:new(G.GAME.chips) >= Big:new(G.GAME.blind.chips) or G.GAME.current_round.hands_left < 1 then' on target 'game.lua' for pattern patch from NotJustYet\lovely.toml resulted in no matches
WARN - [♥] Pattern 'if to_big(G.GAME.chips) >= to_big(G.GAME.blind.chips) or G.GAME.current_round.hands_left <= 0 then' on target 'game.lua' for pattern patch from NotJustYet\lovely.toml resulted in no matches
WARN - [♥] Pattern 'if #G.hand.cards < 1 and #G.deck.cards < 1 and #G.play.cards < 1 then' on target 'game.lua' for pattern patch from NotJustYet\lovely.toml resulted in no matches
WARN - [♥] Pattern 'if #G.hand.cards < 1 and #G.deck.cards < 1 then' on target 'game.lua' for pattern patch from NotJustYet\lovely.toml resulted in no matches
WARN - [♥] Pattern 'if G.GAME.chips - G.GAME.blind.chips >= 0 or G.GAME.current_round.hands_left < 1 then' on target 'game.lua' for pattern patch from Talisman\lovely.toml resulted in no matches
WARN - [♥] Regex 'card\\:start_materialize\\(\\)\\n\\s+G\\.shop_vouchers\\:emplace\\(card\\)\\n\\s+end' on target 'game.lua' for regex patch from Cryptid\lovely\Voucher.toml resulted in no matches
INFO - [♥] Applied 120 patches to 'game.lua'
INFO - [♥] Applied 3 patches to 'globals.lua'
WARN - [♥] Pattern 'self.config.chosen = true' on target 'engine/ui.lua' for pattern patch from Cartomancer\lovely\vanilla-ui.toml resulted in no matches
INFO - [♥] Applied 9 patches to 'engine/ui.lua'
WARN - [♥] Pattern '{n=G.UIT.T, config={text = G.GAME.hands[handname].chips, scale = 0.45, colour = G.C.UI.TEXT_LIGHT}},' on target 'functions/UI_definitions.lua' for pattern patch from Talisman\lovely.toml resulted in no matches
WARN - [♥] Pattern '{n=G.UIT.T, config={text = G.GAME.hands[handname].mult, scale = 0.45, colour = G.C.UI.TEXT_LIGHT}}' on target 'functions/UI_definitions.lua' for pattern patch from Talisman\lovely.toml resulted in no matches
INFO - [♥] Applied 160 patches to 'functions/UI_definitions.lua'
WARN - [♥] Pattern 'ease_to = G.GAME.chips + math.floor(hand_chips * mult) * (e and e.antiscore and -1 or 1),' on target 'functions/state_events.lua' for pattern patch from Cryptid\lovely\blind.toml resulted in no matches
WARN - [♥] Pattern 'if reps[j] ~= 1 then' on target 'functions/state_events.lua' for pattern patch from Cryptid\lovely\misc.toml resulted in no matches
WARN - [♥] Pattern 'if effects[ii].card then' on target 'functions/state_events.lua' for pattern patch from HandyBalatro\lovely\controls_animation_skip.toml resulted in no matches
WARN - [♥] Pattern 'if G.GAME.round_resets.blind == G.P_BLINDS.bl_small then\n  G.GAME.round_resets.blind_states.Small = \'Defeated\' ' on target 'functions/state_events.lua' for pattern patch from MoreFluff\lovely\superboss.toml resulted in no matches
WARN - [♥] Pattern 'if G.GAME.round_resets.ante == G.GAME.win_ante and G.GAME.blind:get_type() == \'Boss\' then\n  game_won = true\n  G.GAME.won = true\nend' on target 'functions/state_events.lua' for pattern patch from MoreFluff\lovely\superboss.toml resulted in no matches
WARN - [♥] Pattern 'G.FUNCS.draw_from_hand_to_discard()\nif G.GAME.blind:get_type() == \'Boss\' then' on target 'functions/state_events.lua' for pattern patch from MoreFluff\lovely\superboss.toml resulted in no matches
WARN - [♥] Pattern 'if effects[ii].card then' on target 'functions/state_events.lua' for pattern patch from Talisman\lovely.toml resulted in no matches
WARN - [♥] Pattern 'if effects.jokers.Xmult_mod then mult = mod_mult(mult*effects.jokers.Xmult_mod);extras.mult = true  end' on target 'functions/state_events.lua' for pattern patch from Talisman\lovely.toml resulted in no matches
WARN - [♥] Pattern 'if effect.Xmult_mod then mult = mod_mult(mult*effect.Xmult_mod);extras.mult = true  end' on target 'functions/state_events.lua' for pattern patch from Talisman\lovely.toml resulted in no matches
WARN - [♥] Pattern 'if effects[ii].message then' on target 'functions/state_events.lua' for pattern patch from Talisman\lovely.toml resulted in no matches
WARN - [♥] Pattern '--calculate the card edition effects' on target 'functions/state_events.lua' for pattern patch from Talisman\lovely.toml resulted in no matches
WARN - [♥] Pattern 'if effects[ii].edition.p_dollars_mod then' on target 'functions/state_events.lua' for pattern patch from Talisman\lovely.toml resulted in no matches
WARN - [♥] Pattern 'if edition_effects.jokers.x_mult_mod then' on target 'functions/state_events.lua' for pattern patch from Talisman\lovely.toml resulted in no matches
WARN - [♥] Pattern '\tfunc = (function() G.GAME.current_round.current_hand.handname = \'\';return true end)\n}))\ndelay(0.3)\n' on target 'functions/state_events.lua' for pattern patch from Talisman\lovely.toml resulted in no matches
WARN - [♥] Pattern 'if SMODS.has_enhancement(scoring_hand[i], \'m_glass\') and scoring_hand[i]:can_calculate() and pseudorandom(\'glass\') < G.GAME.probabilities.normal/(scoring_hand[i].ability.name == \'Glass Card\' and scoring_hand[i].ability.extra or G.P_CENTERS.m_glass.config.extra) then' on target 'functions/state_events.lua' for pattern patch from Cryptid\lovely\Probability.toml resulted in no matches
WARN - [♥] Regex '(?<indent>[\\t ]*)if destroyed then \\n' on target 'functions/state_events.lua' for regex patch from Cryptid\lovely\seal.toml resulted in no matches
INFO - [♥] Applied 108 patches to 'functions/state_events.lua'
WARN - [♥] Pattern 'func = (function() if eval_func(card) then if not first or first then card:juice_up(0.1, 0.1) end;juice_card_until(card, eval_func, nil, 0.8) end return true end)' on target 'functions/common_events.lua' for pattern patch from HandyBalatro\lovely\controls_animation_skip.toml resulted in no matches
WARN - [♥] Pattern 'func = (function() if eval_func(card) then if not first or first then card:juice_up(0.1, 0.1) end;juice_card_until(card, eval_func, nil, 0.8) end return true end)' on target 'functions/common_events.lua' for pattern patch from HandyBalatro\lovely\controls_animation_skip.toml resulted in no matches
WARN - [♥] Pattern '   end\n\n    if main_end then \n        desc_nodes[#desc_nodes+1] = main_end \n    end' on target 'functions/common_events.lua' for pattern patch from MoreFluff\lovely\complexitycreep.toml resulted in no matches
WARN - [♥] Pattern 'if num_dollars > 60 then' on target 'functions/common_events.lua' for pattern patch from Talisman\lovely.toml resulted in no matches
WARN - [♥] Pattern 'func = (function() card:juice_up(0.7);return true end)' on target 'functions/common_events.lua' for pattern patch from Talisman\lovely.toml resulted in no matches
WARN - [♥] Pattern 'if card then card:juice_up(0.8, 0.5) end' on target 'functions/common_events.lua' for pattern patch from Talisman\lovely.toml resulted in no matches
WARN - [♥] Pattern 'card:juice_up(0.6, 0.1)' on target 'functions/common_events.lua' for pattern patch from Talisman\lovely.toml resulted in no matches
WARN - [♥] Pattern 'func = (function() if eval_func(card) then if not first or first then card:juice_up(0.1, 0.1) end;juice_card_until(card, eval_func, nil, 0.8) end return true end)' on target 'functions/common_events.lua' for pattern patch from Talisman\lovely.toml resulted in no matches
WARN - [♥] Pattern 'func = (function() if eval_func(card) then if not first or first then card:juice_up(0.1, 0.1) end;juice_card_until(card, eval_func, nil, 0.8) end return true end)' on target 'functions/common_events.lua' for pattern patch from Talisman\lovely.toml resulted in no matches
WARN - [♥] Pattern 'if amt > 0 or amt < 0 then' on target 'functions/common_events.lua' for pattern patch from Talisman\lovely.toml resulted in no matches
WARN - [♥] Pattern 'if amt > 0 or amt < 0 then' on target 'functions/common_events.lua' for pattern patch from Talisman\lovely.toml resulted in no matches
INFO - [♥] Applied 207 patches to 'functions/common_events.lua'
WARN - [♥] Pattern 'if ((G.GAME.dollars-G.GAME.bankrupt_at) - 10 >= 0) and' on target 'functions/button_callbacks.lua' for pattern patch from Talisman\lovely.toml resulted in no matches
WARN - [♥] Pattern 'if #G.hand.highlighted <= 0 or G.GAME.blind.block_play or #G.hand.highlighted > 5 then' on target 'functions/button_callbacks.lua' for pattern patch from CardSleeves\lovely\expected_to_fail.toml resulted in no matches
INFO - [♥] Applied 95 patches to 'functions/button_callbacks.lua'
WARN - [♥] Pattern 'if self.ability.rental then self.cost = 1 end' on target 'card.lua' for pattern patch from MoreFluff\lovely\superboss.toml resulted in no matches
WARN - [♥] Pattern 'Xmult_mod = G.P_CENTERS.v_observatory.config.extra' on target 'card.lua' for pattern patch from Incantation\lovely.toml resulted in no matches
WARN - [♥] Pattern 'G.E_MANAGER:add_event(Event({func = (function() G.GAME.dollar_buffer = 0; return true end)}))' on target 'card.lua' for pattern patch from Talisman\lovely.toml resulted in no matches
WARN - [♥] Pattern 'if G.GAME.blind then G.E_MANAGER:add_event(Event({ func = function() G.GAME.blind:set_blind(nil, true, nil); return true end })) end' on target 'card.lua' for pattern patch from Talisman\lovely.toml resulted in no matches
WARN - [♥] Pattern 'x_mult = center.config.Xmult or 1,' on target 'card.lua' for pattern patch from Talisman\lovely.toml resulted in no matches
WARN - [♥] Pattern 'local currentBack = self.params.viewed_back and G.GAME.viewed_back or G.GAME.selected_back' on target 'card.lua' for pattern patch from Galdur\lovely.toml resulted in no matches
WARN - [♥] Regex 'self.params.viewed_back and G.GAME.viewed_back or G.GAME.selected_back' on target 'card.lua' for regex patch from CardSleeves\lovely\expected_to_fail.toml resulted in no matches
INFO - [♥] Applied 290 patches to 'card.lua'
INFO - [♥] Applied 34 patches to 'cardarea.lua'
INFO - [♥] Applied 46 patches to 'blind.lua'
INFO - [♥] Applied 2 patches to 'card_character.lua'
WARN - [♥] Pattern 'if self.strings[k].W > self.config.W then' on target 'engine/text.lua' for pattern patch from Talisman\lovely.toml resulted in no matches
WARN - [♥] Pattern 'local letter = self.strings[self.focused_string].letters[k]' on target 'engine/text.lua' for pattern patch from Talisman\lovely.toml resulted in no matches
INFO - [♥] Applied 6 patches to 'engine/text.lua'
WARN - [♥] Pattern 'if eff.retrigger_flag then SMODS.calculate_effect(eff, eff.card); j = j+1; _, eff = next(reps[j]) end' on target '=[SMODS _ "src/utils.lua"]' for pattern patch from Cryptid\lovely\misc.toml resulted in no matches
INFO - [♥] Applied 12 patches to '=[SMODS _ "src/utils.lua"]'
WARN - [♥] Pattern '    for _, v in ipairs(G.handlist) do\n\t\tif G.GAME.hands[v].visible then\n\t\t\ttable.insert(visible_hands, v)\n\t\tend\n\tend\n' on target '=[SMODS _ "src/overrides.lua"]' for pattern patch from Overflow\lovely\fixes.toml resulted in no matches
WARN - [♥] Pattern 'for _, v in ipairs(G.handlist) do
WARN - [♥] ' on target '=[SMODS _ "src/overrides.lua"]' for pattern patch from Overflow\lovely\fixes.toml resulted in 5 matches, wanted 4
WARN - [♥] Ignoring excess matches
WARN - [♥] Pattern 'card_limit = #SUITS[suit_map[j]],' on target '=[SMODS _ "src/overrides.lua"]' for pattern patch from Cartomancer\lovely\stackable-deck-steamodded.toml resulted in no matches
WARN - [♥] Pattern 'card_limit = #SUITS[visible_suit[j]],' on target '=[SMODS _ "src/overrides.lua"]' for pattern patch from Cartomancer\lovely\stackable-deck-steamodded.toml resulted in no matches
WARN - [♥] Regex '\t\t\tfor i = 1\\, \\#SUITS\\[suit_map\\[j\\]\\] do\n\t\t\t\tif SUITS\\[suit_map\\[j\\]\\]\\[i\\] then\n\t\t\t\t\tlocal greyed\\, _scale = nil\\, 0\\.7\n\t\t\t\t\tif unplayed_only and not \\(\\(SUITS\\[suit_map\\[j\\]\\]\\[i\\]\\.area and SUITS\\[suit_map\\[j\\]\\]\\[i\\]\\.area == G\\.deck\\) or SUITS\\[suit_map\\[j\\]\\]\\[i\\]\\.ability\\.wheel_flipped\\) then\n\t\t\t\t\t\tgreyed = true\n\t\t\t\t\tend\n\t\t\t\t\tlocal copy = copy_card\\(SUITS\\[suit_map\\[j\\]\\]\\[i\\]\\, nil\\, _scale[^\\)\\n]*\\)\n\t\t\t\t\tcopy\\.greyed = greyed\n\t\t\t\t\tcopy\\.T\\.x = view_deck\\.T\\.x \\+ view_deck\\.T\\.w \\/ 2\n\t\t\t\t\tcopy\\.T\\.y = view_deck\\.T\\.y\n\n\t\t\t\t\tcopy:hard_set_T\\(\\)\n\t\t\t\t\tview_deck:emplace\\(copy\\)\n\t\t\t\tend\n\t\t\tend' on target '=[SMODS _ "src/overrides.lua"]' for regex patch from Cartomancer\lovely\stackable-deck-steamodded.toml resulted in no matches
INFO - [♥] Applied 15 patches to '=[SMODS _ "src/overrides.lua"]'
INFO - [♥] Applied 3 patches to '=[SMODS _ "src/game_object.lua"]'
INFO - [G] Failed to connect to the debug server 
INFO - [G] 2025-08-29 21:58:44 :: DEBUG :: DebugConsole :: Steamodded Debug Socket started ! 
INFO - [G] 2025-08-29 21:58:44 :: INFO  :: SMODS :: Steamodded v1.0.0~BETA-0711a 
INFO - [G] Order not set for config dictionary: misc_quick_restart 
INFO - [G] Order not set for config dictionary: speed_multiplier_default_value 
INFO - [G] Order not set for config dictionary: misc_save_run 
INFO - [G] Order not set for config dictionary: animation_skip_default_value 
INFO - [G] [Blueprint] Starting to load config 
INFO - [G] [Blueprint] Reading config file:  
INFO - [G] [Blueprint] return {
	["INTERNAL_debug"] = false,
	["hello"] = true,
	["brainstorm"] = true,
	["blueprint"] = true,
} 
INFO - [G] [Blueprint] Removing setting `hello` because it is not in default config 
INFO - [♥] Applied 9 patches to 'engine/sound_manager.lua'
INFO - [♥] Applied 3 patches to 'engine/save_manager.lua'
INFO - [♥] Applied 2 patches to 'engine/string_packer.lua'
INFO - [G] Loaded all Blueprint mod shaders successfully 
INFO - [♥] Applied 4 patches to '=[SMODS _ "src/card_draw.lua"]'
INFO - [G] 2025-08-29 21:58:48 :: ERROR :: Loader :: Found invalid metadata JSON file at C:\Users\easto\AppData\Roaming\Balatro\Mods/Aikoyori'sShenanigans/.luarc.json, ignoring: [SMODS _ "src/loader.lua"]:226: id 
INFO - [G] 2025-08-29 21:58:48 :: ERROR :: Loader :: Found invalid metadata JSON file at C:\Users\easto\AppData\Roaming\Balatro\Mods/Aikoyori'sShenanigans/.vscode/settings.json, ignoring: [SMODS _ "src/loader.lua"]:226: id 
INFO - [G] 2025-08-29 21:58:48 :: INFO  :: Loader :: Valid JSON file found 
INFO - [G] 2025-08-29 21:58:48 :: TRACE :: Loader :: Processing Mod file (Legacy header): Aurinko.lua 
INFO - [G] 2025-08-29 21:58:48 :: TRACE :: Loader :: Saving Mod Info: aurinko 
INFO - [G] 2025-08-29 21:58:48 :: TRACE :: Loader :: Processing Mod file (Legacy header): BetterMouseAndGamepad.lua 
INFO - [G] 2025-08-29 21:58:48 :: TRACE :: Loader :: Saving Mod Info: BetterMouseAndGamepad 
INFO - [G] 2025-08-29 21:58:48 :: INFO  :: Loader :: Valid JSON file found 
INFO - [G] 2025-08-29 21:58:48 :: TRACE :: Loader :: Processing Mod file (Legacy header): steamodded_compat.lua 
INFO - [G] 2025-08-29 21:58:48 :: TRACE :: Loader :: Saving Mod Info: Brainstorm 
INFO - [G] 2025-08-29 21:58:48 :: INFO  :: Loader :: Valid JSON file found 
INFO - [G] 2025-08-29 21:58:48 :: TRACE :: Loader :: Processing Mod file (Legacy header): mod.lua 
INFO - [G] 2025-08-29 21:58:48 :: TRACE :: Loader :: Saving Mod Info: cartomancer 
INFO - [G] 2025-08-29 21:58:48 :: INFO  :: Loader :: Valid JSON file found 
INFO - [G] 2025-08-29 21:58:48 :: INFO  :: Loader :: Valid JSON file found 
INFO - [G] 2025-08-29 21:58:48 :: INFO  :: Loader :: Valid JSON file found 
INFO - [G] 2025-08-29 21:58:48 :: INFO  :: Loader :: Valid JSON file found 
INFO - [G] 2025-08-29 21:58:48 :: INFO  :: Loader :: Valid JSON file found 
INFO - [G] 2025-08-29 21:58:48 :: INFO  :: Loader :: Valid JSON file found 
INFO - [G] 2025-08-29 21:58:48 :: INFO  :: Loader :: Valid JSON file found 
INFO - [G] 2025-08-29 21:58:48 :: INFO  :: Loader :: Valid JSON file found 
INFO - [G] 2025-08-29 21:58:48 :: TRACE :: Loader :: Processing Mod file (Legacy header): steamodded.lua 
INFO - [G] 2025-08-29 21:58:48 :: WARN  :: Loader :: Duplicate Mod ID: Handy 
INFO - [G] 2025-08-29 21:58:48 :: INFO  :: Loader :: Valid JSON file found 
INFO - [G] 2025-08-29 21:58:48 :: INFO  :: Loader :: Valid JSON file found 
INFO - [G] 2025-08-29 21:58:48 :: TRACE :: Loader :: Processing Mod file (Legacy header): JenLib.lua 
INFO - [G] 2025-08-29 21:58:48 :: TRACE :: Loader :: Saving Mod Info: JenLib 
INFO - [G] 2025-08-29 21:58:48 :: INFO  :: Loader :: Valid JSON file found 
INFO - [G] 2025-08-29 21:58:48 :: INFO  :: Loader :: Valid JSON file found 
INFO - [G] 2025-08-29 21:58:49 :: TRACE :: Loader :: Processing Mod file (Legacy header): LocalPoolFix.lua 
INFO - [G] 2025-08-29 21:58:49 :: TRACE :: Loader :: Saving Mod Info: jen_localpoolfix 
INFO - [G] 2025-08-29 21:58:49 :: TRACE :: Loader :: Processing Mod file (Legacy header): Loop.lua 
INFO - [G] 2025-08-29 21:58:49 :: TRACE :: Loader :: Saving Mod Info: loop 
INFO - [G] 2025-08-29 21:58:49 :: INFO  :: Loader :: Valid JSON file found 
INFO - [G] 2025-08-29 21:58:49 :: INFO  :: Loader :: Valid JSON file found 
INFO - [G] 2025-08-29 21:58:49 :: INFO  :: Loader :: Valid JSON file found 
INFO - [G] 2025-08-29 21:58:49 :: TRACE :: Loader :: Processing Mod file (Legacy header): MoreJokerPacks.lua 
INFO - [G] 2025-08-29 21:58:49 :: TRACE :: Loader :: Saving Mod Info: MoreJokerPacks 
INFO - [G] 2025-08-29 21:58:49 :: TRACE :: Loader :: Processing Mod file (Legacy header): Nopeus.lua 
INFO - [G] 2025-08-29 21:58:49 :: TRACE :: Loader :: Saving Mod Info: nopeus 
INFO - [G] 2025-08-29 21:58:49 :: TRACE :: Loader :: Processing Mod file (Legacy header): main.lua 
INFO - [G] 2025-08-29 21:58:49 :: TRACE :: Loader :: Saving Mod Info: NotJustYet 
INFO - [G] 2025-08-29 21:58:49 :: INFO  :: Loader :: Valid JSON file found 
INFO - [G] 2025-08-29 21:58:49 :: TRACE :: Loader :: Processing Mod file (Legacy header): PreorderCards.lua 
INFO - [G] 2025-08-29 21:58:49 :: TRACE :: Loader :: Saving Mod Info: preorder_cards 
INFO - [G] 2025-08-29 21:58:49 :: INFO  :: Loader :: Valid JSON file found 
INFO - [G] 2025-08-29 21:58:49 :: INFO  :: Loader :: Valid JSON file found 
INFO - [G] 2025-08-29 21:58:49 :: ERROR :: Loader :: Found invalid metadata JSON file at C:\Users\easto\AppData\Roaming\Balatro\Mods/StickyFingers/.vscode/settings.json, ignoring: [SMODS _ "src/loader.lua"]:226: id 
INFO - [G] 2025-08-29 21:58:49 :: INFO  :: Loader :: Valid JSON file found 
INFO - [G] 2025-08-29 21:58:49 :: INFO  :: Loader :: Valid JSON file found 
INFO - [G] 2025-08-29 21:58:49 :: TRACE :: Loader :: Processing Mod file (Legacy header): steamodded_metadata.lua 
INFO - [G] 2025-08-29 21:58:49 :: TRACE :: Loader :: Saving Mod Info: Talisman 
INFO - [G] 2025-08-29 21:58:49 :: TRACE :: Loader :: Processing Mod file (Legacy header): IOSAdaptation.lua 
INFO - [G] 2025-08-29 21:58:49 :: TRACE :: Loader :: Saving Mod Info: IOSAdaptation 
INFO - [G] 2025-08-29 21:58:49 :: TRACE :: Loader :: Processing Mod file (Legacy header): UltraHand.lua 
INFO - [G] 2025-08-29 21:58:49 :: TRACE :: Loader :: Saving Mod Info: UltraHand 
INFO - [G] 2025-08-29 21:58:49 :: INFO  :: Loader :: Valid JSON file found 
INFO - [G] 2025-08-29 21:58:49 :: TRACE :: Loader :: Processing Mod file (Legacy header): Extras.lua 
INFO - [G] 2025-08-29 21:58:49 :: TRACE :: Loader :: Saving Mod Info: BalatroDarkMode 
INFO - [G] 2025-08-29 21:58:49 :: TRACE :: Loader :: Processing Mod file (Legacy header): main.lua 
INFO - [G] 2025-08-29 21:58:49 :: TRACE :: Loader :: Saving Mod Info: darktextures 
INFO - [G] 2025-08-29 21:58:49 :: TRACE :: Loader :: Processing Mod file (Legacy header): multipack.lua 
INFO - [G] 2025-08-29 21:58:49 :: TRACE :: Loader :: Saving Mod Info: Multipack 
INFO - [G] 2025-08-29 21:58:49 :: TRACE :: Loader :: Mod malverk was unable to load:  
WARN - [♥] Pattern 'if JokerDisplay.config.enabled and G.jokers and self.area == G.jokers then' on target '=[SMODS JokerDisplay "src/display_functions.lua"]' for pattern patch from MoreFluff\lovely\colour_joker_display.toml resulted in no matches
INFO - [♥] Applied 2 patches to '=[SMODS JokerDisplay "src/display_functions.lua"]'
INFO - [♥] Applied 1 patch to '=[SMODS JokerDisplay "src/config_tab.lua"]'
INFO - [G] 2025-08-29 21:58:49 :: TRACE :: Loader :: Mod YGGDRASIL was unable to load:  
INFO - [G] 2025-08-29 21:58:49 :: INFO  :: CardSleeves :: CardSleeves v1.8.0 loaded~! 
INFO - [G] 2025-08-29 21:58:49 :: TRACE :: Loader :: Mod BalatroDarkMode was unable to load:  
INFO - [G] 2025-08-29 21:58:49 :: TRACE :: Loader :: Mod CryptidMoreMarioJokers was unable to load:  
INFO - [G] 2025-08-29 21:58:49 :: DEBUG :: DefaultLogger :: IOS Adaptation! 
INFO - [G] basepaul_card 
INFO - [G] blahaj 
INFO - [G] clownfish 
INFO - [G] expansion_pack 
INFO - [G] hollow 
INFO - [G] jackofalltrades 
INFO - [G] jester 
INFO - [G] lollipop 
INFO - [G] luckycharm 
INFO - [G] mspaint 
INFO - [G] philosophical 
INFO - [G] simplified 
INFO - [G] spiral 
INFO - [G] treasuremap 
INFO - [G] unregisteredhypercam 
INFO - [G] dropkick 
INFO - [G] bladedance 
INFO - [G] hyperbeam 
INFO - [G] blasphemy 
INFO - [G] dramaticentrance 
INFO - [G] badlegaldefence 
INFO - [G] blunder 
INFO - [G] brilliant 
INFO - [G] broomcloset 
INFO - [G] clipart 
INFO - [G] coupon_catalogue 
INFO - [G] css 
INFO - [G] cueball 
INFO - [G] flintandsteel 
INFO - [G] gemstonejoker 
INFO - [G] globe 
INFO - [G] goldencarrot 
INFO - [G] hallofmirrors 
INFO - [G] impostor 
INFO - [G] farmmerge 
INFO - [G] friendinsideme 
INFO - [G] junkmail 
INFO - [G] onesliptoolate 
INFO - [G] tonersoup 
INFO - [G] unpleasantcard 
INFO - [G] lightningstrikesthrice 
INFO - [G] loadeddisk 
INFO - [G] missingjoker 
INFO - [G] paintcan 
INFO - [G] rot_cartomancer 
INFO - [G] sapling 
INFO - [G] snake 
INFO - [G] slotmachine 
INFO - [G] stylemeter 
INFO - [G] stonejokerjoker 
INFO - [G] sudoku 
INFO - [G] talljoker 
INFO - [G] teacup 
INFO - [G] tealjoker 
INFO - [G] thewayhome 
INFO - [G] recycling 
INFO - [G] virtual 
INFO - [G] wilddrawfour 
INFO - [G] yuckyrat 
INFO - [G] allicantdo 
INFO - [G] bloodpact 
INFO - [G] bookmove 
INFO - [G] brass 
INFO - [G] bowlingball 
INFO - [G] cba 
INFO - [G] complexitycreep 
INFO - [G] fleshprison 
INFO - [G] hugejoker 
INFO - [G] hyperjimbo 
INFO - [G] jankman 
INFO - [G] mashupalbum 
INFO - [G] pixeljoker 
INFO - [G] rainbowjoker 
INFO - [G] rosetinted 
INFO - [G] the_solo 
INFO - [G] top10 
INFO - [G] widejoker 
INFO - [G] triangle 
INFO - [G] marigold 
INFO - [G] lessfluff 
INFO - [G] oopsallfives 
INFO - [G] line not found
INFO - [G] file not found: main.lua: No such file or directory
INFO - [G] file not found: main.lua: No such file or directory
INFO - [G] line not found
INFO - [G] line not found
INFO - [G] file not found: main.lua: No such file or directory
INFO - [G] 2025-08-29 21:58:49 :: ERROR :: StackTrace :: Oops! The game crashed
[SMODS _ "src/loader.lua"]:571: [SMODS SodaShop "SodaShop.lua"]:2084: 'end' expected (to close 'if' at line 2061) near 'if'
Stack Traceback
===============
(1) Lua local 'handler' at file 'main.lua:612'
	Local variables:
	 msg = string: "[SMODS _ \"src/loader.lua\"]:571: [SMODS SodaShop \"SodaShop.lua\"]:2084: 'end' expected (to close 'if' at line 2061) near 'if'"
	 (*temporary) = Lua function '?' (defined at line 31 of chunk [SMODS _ "src/logging.lua"])
	 (*temporary) = string: "Oops! The game crashed\
"
(2) LÖVE function at file 'boot.lua:352' (best guess)
	Local variables:
	 errhand = Lua function '?' (defined at line 598 of chunk main.lua)
	 handler = Lua function '?' (defined at line 598 of chunk main.lua)
(3) global C function 'assert'
(4) Lua global 'loadMods' at Steamodded file 'src/loader.lua:571' 
	Local variables:
	 modsDirectory = string: "C:\\Users\\easto\\AppData\\Roaming\\Balatro\\Mods"
	 header_components = table: 0x18284740  {version:table: 0x188fd0c0, id:table: 0x189fdc00, conflicts:table: 0x17f2e610, outdated:table: 0x188793e8, prefix:table: 0x1896d4f8, dump_loc:table: 0x189004a0 (more...)}
	 json_spec = table: 0x181ef240  {version:table: 0x189d65d8, id:table: 0x189fa090, main_file:table: 0x17fc4fd8, __:table: 0x18311ef8, badge_colour:table: 0x17fb4b48, badge_text_colour:table: 0x188eb118 (more...)}
	 used_prefixes = table: 0x180b9408  {aurinko:aurinko, MJP:MoreJokerPacks, mupack:Multipack, darktextures:darktextures, bmag_k:BetterMouseAndGamepad, ultr:UltraHand, loop:loop, njy:NotJustYet (more...)}
	 lovely_directories = table: 0x1821ba68  {1:C:\Users\easto\AppData\Roaming\Balatro\Mods/Aikoyori'sShenanigans/, 2:C:\Users\easto\AppData\Roaming\Balatro\Mods/Blueprint/, 3:C:\Users\easto\AppData\Roaming\Balatro\Mods/Brainstorm-Rerolled/ (more...)}
	 processDirectory = Lua function '?' (defined at line 185 of chunk [SMODS _ "src/loader.lua"])
	 keyset = table: 0x18a27f68  {1:-9999999999, 2:-999999, 3:-100000, 4:-69420, 5:-10000, 6:-10, 7:0, 8:1, 9:10, 10:69, 11:114, 12:700, 13:1000, 14:10000, 15:100000, 16:500000 (more...)}
	 check_dependencies = Lua function '?' (defined at line 419 of chunk [SMODS _ "src/loader.lua"])
	 (for generator) = C function: builtin#6
	 (for state) = table: 0x18a27f68  {1:-9999999999, 2:-999999, 3:-100000, 4:-69420, 5:-10000, 6:-10, 7:0, 8:1, 9:10, 10:69, 11:114, 12:700, 13:1000, 14:10000, 15:100000, 16:500000 (more...)}
	 (for control) = number: 7
	 _ = number: 7
	 priority = number: 0
	 (for generator) = C function: builtin#6
	 (for state) = table: 0x189de7f0  {1:table: 0x182fca48, 2:table: 0x188f41a0, 3:table: 0x189f6670, 4:table: 0x18820be8, 5:table: 0x18977a38, 6:table: 0x180410a0, 7:table: 0x187bb638 (more...)}
	 (for control) = number: 10
	 _ = number: 10
	 mod = table: 0x17f5e318  {version:0.2, id:SodaShop, main_file:SodaShop.lua, can_load:true, badge_colour:table: 0x18978670, badge_text_colour:table: 0x188ff1e0, priority:0 (more...)}
(5) Lua global 'initSteamodded' at Steamodded file 'src/loader.lua:654' 
(6) Lua upvalue 'game_start_up_ref' at file 'game.lua:222'
	Local variables:
	 self = table: 0x17f17a68  {F_GUIDE:false, F_CRASH_REPORTS:false, F_QUIT_BUTTON:true, F_ENGLISH_ONLY:false, F_DISCORD:true, STAGE:1, F_MOBILE_UI:false, F_NO_SAVING:false (more...)}
	 settings = string: "return {[\"version\"]=\"1.0.1o-FULL\",[\"reduced_motion\"]=false,[\"paused\"]=false,[\"QUEUED_CHANGE\"]={},[\"COMP\"]={[\"prev_name\"]=\"\",[\"name\"]=\"\",[\"score\"]=215363779.2,},[\"language\"]=\"en-us\",[\"colourblind_option\"]=true,[\"play_button_pos\"]=2,[\"CUSTOM_DECK\"]={[\"Collabs\"]={[\"Spades\"]=\"collab_CYP\",[\"Hearts\"]=\"collab_CL\",[\"Diamonds\"]=\"collab_DTD\",[\"Clubs\"]=\"collab_DBD\",},},[\"STATUSTEXT\"]=0,[\"ambient_control\"]={[\"jen_ambientSurreal1\"]={[\"per\"]=1,[\"vol\"]=0,},[\"ambientFire3\"]={[\"per\"]=1,[\"vol\"]=0,},[\"jen_ambientSurreal2\"]={[\"per\"]=1,[\"vol\"]=0,},[\"jen_ambientSinister\"]={[\"per\"]=1,[\"vol\"]=0,},[\"ambientFire1\"]={[\"per\"]=1.1,[\"vol\"]=0,},[\"jen_ambientSurreal3\"]={[\"per\"]=1,[\"vol\"]=0,},[\"jen_ambientDramatic\"]={[\"per\"]=1,[\"vol\"]=0,},[\"ambientFire2\"]={[\"per\"]=1.05,[\"vol\"]=0,},[\"ambientOrgan1\"]={[\"per\"]=0.7,[\"vol\"]=0,},},[\"colour_palettes\"]={[\"Spades\"]=\"hc\",[\"Hearts\"]=\"hc\",[\"Diamonds\"]=\"hc\",[\"Clubs\"]=\"hc\",},[\"run_stake_stickers\"]=false,[\"crashreports\"]=false,[\"tutorial_progress\"]={[\"hold_parts\"]={[\"first_hand_3\"]=true,[\"second_hand\"]=true,[\"big_blind\"]=true,[\"first_hand_4\"]=true,[\"small_blind\"]=true,[\"shop_1\"]=true,[\"first_hand_2\"]=true,[\"first_hand\"]=true,},[\"section\"]=\"second_hand\",[\"completed_parts\"]={[\"first_hand\"]=true,[\"first_hand_3\"]=true,[\"second_hand\"]=true,[\"big_blind\"]=true,[\"first_hand_4\"]=true,[\"small_blind\"]=true,[\"first_hand_section\"]=true,[\"first_hand_2\"]=true,[\"shop_1\"]=true,},},[\"screenshake\"]=30.198079406394,[\"current_setup\"]=\"Continue\",[\"music_selection\"]=\"losted\",[\"WINDOW\"]={[\"vsync\"]=1,[\"display_names\"]={[1]=\"1\",},[\"screenmode\"]=\"Borderless\",[\"DISPLAYS\"]={[1]={[\"screen_resolutions\"]={[\"strings\"]={[1]=\"1600 X 900\",},[\"values\"]={[1]={[\"w\"]=1280,[\"h\"]=720,},},},[\"screen_res\"]={[\"w\"]=1280,[\"h\"]=720,},[\"DPI_scale\"]=1,[\"MONITOR_DIMS\"]={[\"height\"]=900,[\"width\"]=1600,},},},[\"selected_display\"]=1,},[\"profile\"]=\"M1\",[\"cryptid_notifs\"]={[\"jimball\"]=true,},[\"SOUND\"]={[\"volume\"]=19.83555457482,[\"music_volume\"]=49.590255484951,[\"game_sounds_volume\"]=100,},[\"music_control\"]={[\"current_track\"]=\"\",[\"desired_track\"]=\"\",[\"lerp\"]=1,},[\"ACHIEVEMENTS_EARNED\"]={[\"ach_mf_whos_paul\"]=true,[\"card_discarder\"]=true,[\"_10k\"]=true,[\"ach_lobc_bless\"]=true,[\"roi\"]=true,[\"tiny_hands\"]=true,[\"ach_lobc_tough\"]=true,[\"nest_egg\"]=true,[\"_1000k\"]=true,[\"ach_cry_exodia\"]=true,[\"extreme_couponer\"]=true,[\"ach_cry_pull_request\"]=true,[\"ach_mf_negative_philosophical\"]=true,[\"ach_mf_ten_colour_rounds\"]=true,[\"ach_cry_what_have_you_done\"]=true,[\"ante_up\"]=true,[\"you_get_what_you_get\"]=true,[\"heads_up\"]=true,[\"retrograde\"]=true,[\"_100000k\"]=true,[\"cartomancy\"]=true,[\"completionist\"]=true,[\"ante_upper\"]=true,[\"ach_cry_blurred_blurred_joker\"]=true,[\"big_hands\"]=true,[\"astronomy\"]=true,[\"legendary\"]=true,[\"ach_cry_break_infinity\"]=true,[\"speedrunner\"]=true,[\"ach_cry_jokes_on_you\"]=true,[\"ach_cry_now_the_fun_begins\"]=true,[\"clairvoyance\"]=true,[\"card_player\"]=true,},[\"GAMESPEED\"]=8,[\"losted_theme_selection\"]=\"losted_edition\",[\"tutorial_complete\"]=true,[\"FASTFORWARD\"]=0,[\"DEMO\"]={[\"win_CTA_shown\"]=true,[\"quit_CTA_shown\"]=true,[\"timed_CTA_shown\"]=true,[\"total_uptime\"]=106.30602304613,},[\"GRAPHICS\"]={[\"shadows\"]=\"On\",[\"crt\"]=0,[\"texture_scaling\"]=2,[\"bloom\"]=2,},}"
	 settings_ver = nil
	 new_colour_proto = table: 0x17f204b8  {Spades:table: 0x17f20700, Hearts:table: 0x17f205d0, Diamonds:table: 0x17f20668, Clubs:table: 0x17f207b8}
	 sound_files = table: 0x18251918  {1:ambientFire1.ogg, 2:ambientFire2.ogg, 3:ambientFire3.ogg, 4:ambientOrgan1.ogg, 5:button.ogg, 6:cancel.ogg, 7:card1.ogg, 8:card3.ogg, 9:cardFan2.ogg (more...)}
	 shader_files = table: 0x181a5350  {1:CRT.fs, 2:background.fs, 3:booster.fs, 4:debuff.fs, 5:dissolve.fs, 6:flame.fs, 7:flash.fs, 8:foil.fs, 9:gold_seal.fs, 10:holo.fs, 11:hologram.fs (more...)}
(7) Lua upvalue 'su' at file 'main.lua:1483'
	Local variables:
	 self = table: 0x17f17a68  {F_GUIDE:false, F_CRASH_REPORTS:false, F_QUIT_BUTTON:true, F_ENGLISH_ONLY:false, F_DISCORD:true, STAGE:1, F_MOBILE_UI:false, F_NO_SAVING:false (more...)}
(8) Lua method 'start_up' at file 'main.lua:3013'
	Local variables:
	 self = table: 0x17f17a68  {F_GUIDE:false, F_CRASH_REPORTS:false, F_QUIT_BUTTON:true, F_ENGLISH_ONLY:false, F_DISCORD:true, STAGE:1, F_MOBILE_UI:false, F_NO_SAVING:false (more...)}
(9) Lua field 'load' at file 'main.lua:982'
(10) Lua function '?' at file 'main.lua:899' (best guess)
(11) global C function 'xpcall'
(12) LÖVE function at file 'boot.lua:368' (best guess)
	Local variables:
	 result = boolean: true
	 main = nil
(13) global C function 'xpcall'
(14) LÖVE function at file 'boot.lua:377' (best guess)
	Local variables:
	 func = Lua function '(LÖVE Function)' (defined at line 355 of chunk [love "boot.lua"])
	 inerror = boolean: true
	 deferErrhand = Lua function '(LÖVE Function)' (defined at line 348 of chunk [love "boot.lua"])
	 earlyinit = Lua function '(LÖVE Function)' (defined at line 355 of chunk [love "boot.lua"])
 
INFO - [G] line not found
INFO - [G] line not found
INFO - [G] file not found: main.lua: No such file or directory
INFO - [G] 2025-08-29 21:58:49 :: INFO  :: StackTrace :: Additional Context:
Balatro Version: 1.0.1o-FULL
Modded Version: 1.0.0~BETA-0711a-STEAMODDED
LÖVE Version: 11.5.0
Lovely Version: 0.8.0
Platform: Windows
Steamodded Mods:
    1: Card Sleeves by Larswijn [ID: CardSleeves, Priority: -10, Version: 1.8.0, Uses Lovely]
    2: More Joker Packs by Samario [ID: MoreJokerPacks, Priority: 10000, Version: 0.0.2]
    3: Galdur by Eremel_ [ID: galdur, Priority: -10000, Version: 1.2.1d, Uses Lovely]
    4: Soda Shop by IdyllBeast [ID: SodaShop, Version: 0.2]
    5: iOS adaptation by Xioxin [ID: IOSAdaptation]
    6: Local Pool Fix by jenwalter666 [ID: jen_localpoolfix]
    7: Overflow by Ruby [ID: Overflow, Priority: 10, Version: 1.0.4, Uses Lovely]
    8: UltraHand by Xioxin [ID: UltraHand]
    9: Incantation by jenwalter666, MathIsFun_ [ID: incantation, Priority: 9e+301, Version: 0.7.1, Uses Lovely]
    10: SystemClock by Breezebuilder [ID: SystemClock, Priority: 100000, Version: 1.7.1, Uses Lovely]
    11: JokerDisplay by nh6574 [ID: JokerDisplay, Priority: -100000, Version: 1.8.6]
    12: Aurinko by jenwalter666 [ID: aurinko, Priority: 9.9e+301, Version: 0.4.15]
    13: Multipack by sishui [ID: Multipack, Version: 2.1.0]
    14: Handy by SleepyG11 [ID: Handy, Version: 1.5.1g, Uses Lovely]
    15: Jen's Library by jenwalter666 [ID: JenLib, Version: 0.4.0]
    16: Talisman by MathIsFun_, Mathguy24, jenwalter666, cg-223 [ID: Talisman, Version: 2.3.4, Uses Lovely]
    17: DebugPlus by WilsontheWolf [ID: DebugPlus, Version: 1.5.1, Uses Lovely]
    18: Blueprint by stupxd aka stupid, Jonathan [ID: blueprint, Priority: 69, Version: 3.3, Uses Lovely]
    19: Cryptid by MathIsFun_, Cryptid and Balatro Discords [ID: Cryptid, Priority: 114, Version: 0.5.11, Uses Lovely]
    20: Preorder Cards by asd123cqp [ID: preorder_cards]
    21: Cartomancer by stupxd aka stupid [ID: cartomancer, Priority: 69, Version: 4.16, Uses Lovely]
    22: Brainstorm by OceanRamen [ID: Brainstorm, Version: 2.0.0-beta, Uses Lovely]
    23: NotJustYet by toneblock [ID: NotJustYet, Priority: 1, Version: 0.5.4, Uses Lovely]
    24: Better Mouse And Gamepad by Kooluve [ID: BetterMouseAndGamepad, Priority: -10000, Version: 1.0.6d]
    25: Loop by jenwalter666 [ID: loop, Priority: -9999999999, Version: 0.1.1]
    26: More Fluff by notmario, CHECK CREDITS IN MOD TAB [ID: MoreFluff, Version: 1.5.6, Uses Lovely]
    27: Nopeus by jenwalter666, stupxd [ID: nopeus, Version: 2.2.3, Uses Lovely]
Lovely Mods: 
