INFO - [♥] Lovely 0.8.0
INFO - [♥] Game directory is at "C:\\games\\Balatro.v1.0.1o\\Balatro.v1.0.1o\\game"
INFO - [♥] Writing logs to "C:\\Users\\easto\\AppData\\Roaming\\Balatro\\Mods\\lovely\\log"
INFO - [♥] Using mod directory at "C:\\Users\\easto\\AppData\\Roaming\\Balatro\\Mods"
INFO - [♥] Found .lovelyignore in 'Aikoyori'sShenanigans', skipping it.
INFO - [♥] Found .lovelyignore in 'Cryptid-MoreMarioJokers', skipping it.
INFO - [♥] Found .lovelyignore in 'Cryptposting', skipping it.
INFO - [♥] Found .lovelyignore in 'CustomSuitOrder', skipping it.
INFO - [♥] Found .lovelyignore in 'ExtraCredit', skipping it.
INFO - [♥] Found .lovelyignore in 'Jen', skipping it.
INFO - [♥] Found .lovelyignore in 'Kino', skipping it.
INFO - [♥] Found .lovelyignore in 'Malverk', skipping it.
INFO - [♥] Found .lovelyignore in 'MoreFluff', skipping it.
INFO - [♥] Found .lovelyignore in 'SDM_0'sStuff', skipping it.
INFO - [♥] Found .lovelyignore in 'StickyFingers', skipping it.
INFO - [♥] Found .lovelyignore in 'Trance', skipping it.
INFO - [♥] Found .lovelyignore in 'Yggdrasil', skipping it.
WARN - [♥] Unknown key `patches.1.?.match_indent` found in patch file at "C:\\Users\\easto\\AppData\\Roaming\\Balatro\\Mods\\Cartomancer\\lovely\\blinds-info.toml", ignoring it
WARN - [♥] Unknown key `patches.2.?.match_indent` found in patch file at "C:\\Users\\easto\\AppData\\Roaming\\Balatro\\Mods\\Cartomancer\\lovely\\stackable-deck-steamodded.toml", ignoring it
WARN - [♥] Unknown key `patches.4.?.match_indent` found in patch file at "C:\\Users\\easto\\AppData\\Roaming\\Balatro\\Mods\\Cartomancer\\lovely\\stackable-deck-steamodded.toml", ignoring it
WARN - [♥] Unknown key `patches.6.?.match_indent` found in patch file at "C:\\Users\\easto\\AppData\\Roaming\\Balatro\\Mods\\Cartomancer\\lovely\\stackable-deck-steamodded.toml", ignoring it
WARN - [♥] Unknown key `patches.20.?.match_indent` found in patch file at "C:\\Users\\easto\\AppData\\Roaming\\Balatro\\Mods\\Cryptid\\lovely\\code.toml", ignoring it
WARN - [♥] Unknown key `patches.1.?.match_indent` found in patch file at "C:\\Users\\easto\\AppData\\Roaming\\Balatro\\Mods\\HandyBalatro\\lovely\\controls_misc.toml", ignoring it
WARN - [♥] Unknown key `patches.1.?.overwrite` found in patch file at "C:\\Users\\easto\\AppData\\Roaming\\Balatro\\Mods\\HandyBalatro\\lovely\\controls_misc.toml", ignoring it
WARN - [♥] Unknown key `patches.0.?.overwrite` found in patch file at "C:\\Users\\easto\\AppData\\Roaming\\Balatro\\Mods\\HandyBalatro\\lovely\\controls_show_deck_preview.toml", ignoring it
WARN - [♥] Unknown key `patches.35.?.match_indent` found in patch file at "C:\\Users\\easto\\AppData\\Roaming\\Balatro\\Mods\\Talisman\\lovely.toml", ignoring it
WARN - [♥] Unknown key `patches.35.?.overwrite` found in patch file at "C:\\Users\\easto\\AppData\\Roaming\\Balatro\\Mods\\Talisman\\lovely.toml", ignoring it
WARN - [♥] Unknown key `patches.52.?.match_indent` found in patch file at "C:\\Users\\easto\\AppData\\Roaming\\Balatro\\Mods\\Talisman\\lovely.toml", ignoring it
WARN - [♥] Unknown key `patches.55.?.match_indent` found in patch file at "C:\\Users\\easto\\AppData\\Roaming\\Balatro\\Mods\\Talisman\\lovely.toml", ignoring it
INFO - [♥] Cleaning up dumps directory at "C:\\Users\\easto\\AppData\\Roaming\\Balatro\\Mods\\lovely\\dump"
INFO - [♥] Initialization complete in 349ms
INFO - [♥] Applied 1 patch to 'conf.lua'
WARN - [♥] Pattern 'G.ARGS.score_intensity.organ = G.video_organ or G.ARGS.score_intensity.required_score > 0 and math.max(math.min(0.4, 0.1*math.log(G.ARGS.score_intensity.earned_score/(G.ARGS.score_intensity.required_score+1), 5)),0.) or 0' on target 'main.lua' for pattern patch from Talisman\lovely.toml resulted in no matches
WARN - [♥] Pattern 'if type(G.GAME.current_round.current_hand.chips) ~= \'number\' or type(G.GAME.current_round.current_hand.mult) ~= \'number\' then' on target 'main.lua' for pattern patch from Talisman\lovely.toml resulted in no matches
WARN - [♥] Pattern 'assert(load(nfs.read(Saturn.PATH .. \"/core/logic/hide_played.lua\")))()' on target 'main.lua' for pattern patch from Cartomancer\lovely\saturn-compat.toml resulted in no matches
WARN - [♥] Pattern 'modded and {' on target 'main.lua' for pattern patch from Cartomancer\lovely\stackable-deck-steamodded-0.9.8.toml resulted in no matches
INFO - [♥] Applied 25 patches to 'main.lua'
INFO - [♥] Applied 2 patches to 'engine/string_packer.lua'
INFO - [♥] Applied 21 patches to 'engine/controller.lua'
INFO - [♥] Applied 15 patches to 'back.lua'
INFO - [♥] Applied 18 patches to 'tag.lua'
INFO - [♥] Applied 1 patch to 'engine/event.lua'
INFO - [♥] Applied 1 patch to 'engine/node.lua'
INFO - [♥] Applied 3 patches to 'engine/moveable.lua'
INFO - [♥] Applied 3 patches to 'engine/sprite.lua'
INFO - [♥] Applied 2 patches to 'engine/animatedsprite.lua'
WARN - [♥] Pattern 'assembled_string = assembled_string..(type(subpart) == \'string\' and subpart or args.vars[tonumber(subpart[1])] or \'ERROR\')' on target 'functions/misc_functions.lua' for pattern patch from Talisman\lovely.toml resulted in no matches
INFO - [♥] Applied 86 patches to 'functions/misc_functions.lua'
WARN - [♥] Pattern 'if Big:new(G.GAME.chips) >= Big:new(G.GAME.blind.chips) or G.GAME.current_round.hands_left < 1 then' on target 'game.lua' for pattern patch from NotJustYet\lovely.toml resulted in no matches
WARN - [♥] Pattern 'if to_big(G.GAME.chips) >= to_big(G.GAME.blind.chips) or G.GAME.current_round.hands_left <= 0 then' on target 'game.lua' for pattern patch from NotJustYet\lovely.toml resulted in no matches
WARN - [♥] Pattern 'if #G.hand.cards < 1 and #G.deck.cards < 1 and #G.play.cards < 1 then' on target 'game.lua' for pattern patch from NotJustYet\lovely.toml resulted in no matches
WARN - [♥] Pattern 'if #G.hand.cards < 1 and #G.deck.cards < 1 then' on target 'game.lua' for pattern patch from NotJustYet\lovely.toml resulted in no matches
WARN - [♥] Pattern 'if G.GAME.chips - G.GAME.blind.chips >= 0 or G.GAME.current_round.hands_left < 1 then' on target 'game.lua' for pattern patch from Talisman\lovely.toml resulted in no matches
WARN - [♥] Regex 'card\\:start_materialize\\(\\)\\n\\s+G\\.shop_vouchers\\:emplace\\(card\\)\\n\\s+end' on target 'game.lua' for regex patch from Cryptid\lovely\Voucher.toml resulted in no matches
INFO - [♥] Applied 113 patches to 'game.lua'
INFO - [♥] Applied 3 patches to 'globals.lua'
WARN - [♥] Pattern 'self.config.chosen = true' on target 'engine/ui.lua' for pattern patch from Cartomancer\lovely\vanilla-ui.toml resulted in no matches
INFO - [♥] Applied 9 patches to 'engine/ui.lua'
WARN - [♥] Pattern '{n=G.UIT.T, config={text = G.GAME.hands[handname].chips, scale = 0.45, colour = G.C.UI.TEXT_LIGHT}},' on target 'functions/UI_definitions.lua' for pattern patch from Talisman\lovely.toml resulted in no matches
WARN - [♥] Pattern '{n=G.UIT.T, config={text = G.GAME.hands[handname].mult, scale = 0.45, colour = G.C.UI.TEXT_LIGHT}}' on target 'functions/UI_definitions.lua' for pattern patch from Talisman\lovely.toml resulted in no matches
INFO - [♥] Applied 159 patches to 'functions/UI_definitions.lua'
WARN - [♥] Pattern 'ease_to = G.GAME.chips + math.floor(hand_chips * mult) * (e and e.antiscore and -1 or 1),' on target 'functions/state_events.lua' for pattern patch from Cryptid\lovely\blind.toml resulted in no matches
WARN - [♥] Pattern 'if reps[j] ~= 1 then' on target 'functions/state_events.lua' for pattern patch from Cryptid\lovely\misc.toml resulted in no matches
WARN - [♥] Pattern 'if effects[ii].card then' on target 'functions/state_events.lua' for pattern patch from HandyBalatro\lovely\controls_animation_skip.toml resulted in no matches
WARN - [♥] Pattern 'if effects[ii].card then' on target 'functions/state_events.lua' for pattern patch from Talisman\lovely.toml resulted in no matches
WARN - [♥] Pattern 'if effects.jokers.Xmult_mod then mult = mod_mult(mult*effects.jokers.Xmult_mod);extras.mult = true  end' on target 'functions/state_events.lua' for pattern patch from Talisman\lovely.toml resulted in no matches
WARN - [♥] Pattern 'if effect.Xmult_mod then mult = mod_mult(mult*effect.Xmult_mod);extras.mult = true  end' on target 'functions/state_events.lua' for pattern patch from Talisman\lovely.toml resulted in no matches
WARN - [♥] Pattern 'if effects[ii].message then' on target 'functions/state_events.lua' for pattern patch from Talisman\lovely.toml resulted in no matches
WARN - [♥] Pattern '--calculate the card edition effects' on target 'functions/state_events.lua' for pattern patch from Talisman\lovely.toml resulted in no matches
WARN - [♥] Pattern 'if effects[ii].edition.p_dollars_mod then' on target 'functions/state_events.lua' for pattern patch from Talisman\lovely.toml resulted in no matches
WARN - [♥] Pattern 'if edition_effects.jokers.x_mult_mod then' on target 'functions/state_events.lua' for pattern patch from Talisman\lovely.toml resulted in no matches
WARN - [♥] Pattern '\tfunc = (function() G.GAME.current_round.current_hand.handname = \'\';return true end)\n}))\ndelay(0.3)\n' on target 'functions/state_events.lua' for pattern patch from Talisman\lovely.toml resulted in no matches
WARN - [♥] Pattern 'if SMODS.has_enhancement(scoring_hand[i], \'m_glass\') and scoring_hand[i]:can_calculate() and pseudorandom(\'glass\') < G.GAME.probabilities.normal/(scoring_hand[i].ability.name == \'Glass Card\' and scoring_hand[i].ability.extra or G.P_CENTERS.m_glass.config.extra) then' on target 'functions/state_events.lua' for pattern patch from Cryptid\lovely\Probability.toml resulted in no matches
WARN - [♥] Regex '(?<indent>[\\t ]*)if destroyed then \\n' on target 'functions/state_events.lua' for regex patch from Cryptid\lovely\seal.toml resulted in no matches
INFO - [♥] Applied 101 patches to 'functions/state_events.lua'
WARN - [♥] Pattern 'func = (function() if eval_func(card) then if not first or first then card:juice_up(0.1, 0.1) end;juice_card_until(card, eval_func, nil, 0.8) end return true end)' on target 'functions/common_events.lua' for pattern patch from HandyBalatro\lovely\controls_animation_skip.toml resulted in no matches
WARN - [♥] Pattern 'func = (function() if eval_func(card) then if not first or first then card:juice_up(0.1, 0.1) end;juice_card_until(card, eval_func, nil, 0.8) end return true end)' on target 'functions/common_events.lua' for pattern patch from HandyBalatro\lovely\controls_animation_skip.toml resulted in no matches
WARN - [♥] Pattern 'if num_dollars > 60 then' on target 'functions/common_events.lua' for pattern patch from Talisman\lovely.toml resulted in no matches
WARN - [♥] Pattern 'func = (function() card:juice_up(0.7);return true end)' on target 'functions/common_events.lua' for pattern patch from Talisman\lovely.toml resulted in no matches
WARN - [♥] Pattern 'if card then card:juice_up(0.8, 0.5) end' on target 'functions/common_events.lua' for pattern patch from Talisman\lovely.toml resulted in no matches
WARN - [♥] Pattern 'card:juice_up(0.6, 0.1)' on target 'functions/common_events.lua' for pattern patch from Talisman\lovely.toml resulted in no matches
WARN - [♥] Pattern 'func = (function() if eval_func(card) then if not first or first then card:juice_up(0.1, 0.1) end;juice_card_until(card, eval_func, nil, 0.8) end return true end)' on target 'functions/common_events.lua' for pattern patch from Talisman\lovely.toml resulted in no matches
WARN - [♥] Pattern 'func = (function() if eval_func(card) then if not first or first then card:juice_up(0.1, 0.1) end;juice_card_until(card, eval_func, nil, 0.8) end return true end)' on target 'functions/common_events.lua' for pattern patch from Talisman\lovely.toml resulted in no matches
WARN - [♥] Pattern 'if amt > 0 or amt < 0 then' on target 'functions/common_events.lua' for pattern patch from Talisman\lovely.toml resulted in no matches
WARN - [♥] Pattern 'if amt > 0 or amt < 0 then' on target 'functions/common_events.lua' for pattern patch from Talisman\lovely.toml resulted in no matches
INFO - [♥] Applied 204 patches to 'functions/common_events.lua'
WARN - [♥] Pattern 'if ((G.GAME.dollars-G.GAME.bankrupt_at) - 10 >= 0) and' on target 'functions/button_callbacks.lua' for pattern patch from Talisman\lovely.toml resulted in no matches
WARN - [♥] Pattern 'if #G.hand.highlighted <= 0 or G.GAME.blind.block_play or #G.hand.highlighted > 5 then' on target 'functions/button_callbacks.lua' for pattern patch from CardSleeves\lovely\expected_to_fail.toml resulted in no matches
INFO - [♥] Applied 90 patches to 'functions/button_callbacks.lua'
WARN - [♥] Pattern 'Xmult_mod = G.P_CENTERS.v_observatory.config.extra' on target 'card.lua' for pattern patch from Incantation\lovely.toml resulted in no matches
WARN - [♥] Pattern 'G.E_MANAGER:add_event(Event({func = (function() G.GAME.dollar_buffer = 0; return true end)}))' on target 'card.lua' for pattern patch from Talisman\lovely.toml resulted in no matches
WARN - [♥] Pattern 'if G.GAME.blind then G.E_MANAGER:add_event(Event({ func = function() G.GAME.blind:set_blind(nil, true, nil); return true end })) end' on target 'card.lua' for pattern patch from Talisman\lovely.toml resulted in no matches
WARN - [♥] Pattern 'x_mult = center.config.Xmult or 1,' on target 'card.lua' for pattern patch from Talisman\lovely.toml resulted in no matches
WARN - [♥] Pattern 'local currentBack = self.params.viewed_back and G.GAME.viewed_back or G.GAME.selected_back' on target 'card.lua' for pattern patch from Galdur\lovely.toml resulted in no matches
WARN - [♥] Regex 'self.params.viewed_back and G.GAME.viewed_back or G.GAME.selected_back' on target 'card.lua' for regex patch from CardSleeves\lovely\expected_to_fail.toml resulted in no matches
INFO - [♥] Applied 288 patches to 'card.lua'
INFO - [♥] Applied 33 patches to 'cardarea.lua'
INFO - [♥] Applied 45 patches to 'blind.lua'
INFO - [♥] Applied 2 patches to 'card_character.lua'
WARN - [♥] Pattern 'if self.strings[k].W > self.config.W then' on target 'engine/text.lua' for pattern patch from Talisman\lovely.toml resulted in no matches
WARN - [♥] Pattern 'local letter = self.strings[self.focused_string].letters[k]' on target 'engine/text.lua' for pattern patch from Talisman\lovely.toml resulted in no matches
INFO - [♥] Applied 6 patches to 'engine/text.lua'
WARN - [♥] Pattern 'if eff.retrigger_flag then SMODS.calculate_effect(eff, eff.card); j = j+1; _, eff = next(reps[j]) end' on target '=[SMODS _ "src/utils.lua"]' for pattern patch from Cryptid\lovely\misc.toml resulted in no matches
INFO - [♥] Applied 12 patches to '=[SMODS _ "src/utils.lua"]'
WARN - [♥] Pattern '    for _, v in ipairs(G.handlist) do\n\t\tif G.GAME.hands[v].visible then\n\t\t\ttable.insert(visible_hands, v)\n\t\tend\n\tend\n' on target '=[SMODS _ "src/overrides.lua"]' for pattern patch from Overflow\lovely\fixes.toml resulted in no matches
WARN - [♥] Pattern 'for _, v in ipairs(G.handlist) do
WARN - [♥] ' on target '=[SMODS _ "src/overrides.lua"]' for pattern patch from Overflow\lovely\fixes.toml resulted in 5 matches, wanted 4
WARN - [♥] Ignoring excess matches
WARN - [♥] Pattern 'card_limit = #SUITS[suit_map[j]],' on target '=[SMODS _ "src/overrides.lua"]' for pattern patch from Cartomancer\lovely\stackable-deck-steamodded.toml resulted in no matches
WARN - [♥] Pattern 'card_limit = #SUITS[visible_suit[j]],' on target '=[SMODS _ "src/overrides.lua"]' for pattern patch from Cartomancer\lovely\stackable-deck-steamodded.toml resulted in no matches
WARN - [♥] Regex '\t\t\tfor i = 1\\, \\#SUITS\\[suit_map\\[j\\]\\] do\n\t\t\t\tif SUITS\\[suit_map\\[j\\]\\]\\[i\\] then\n\t\t\t\t\tlocal greyed\\, _scale = nil\\, 0\\.7\n\t\t\t\t\tif unplayed_only and not \\(\\(SUITS\\[suit_map\\[j\\]\\]\\[i\\]\\.area and SUITS\\[suit_map\\[j\\]\\]\\[i\\]\\.area == G\\.deck\\) or SUITS\\[suit_map\\[j\\]\\]\\[i\\]\\.ability\\.wheel_flipped\\) then\n\t\t\t\t\t\tgreyed = true\n\t\t\t\t\tend\n\t\t\t\t\tlocal copy = copy_card\\(SUITS\\[suit_map\\[j\\]\\]\\[i\\]\\, nil\\, _scale[^\\)\\n]*\\)\n\t\t\t\t\tcopy\\.greyed = greyed\n\t\t\t\t\tcopy\\.T\\.x = view_deck\\.T\\.x \\+ view_deck\\.T\\.w \\/ 2\n\t\t\t\t\tcopy\\.T\\.y = view_deck\\.T\\.y\n\n\t\t\t\t\tcopy:hard_set_T\\(\\)\n\t\t\t\t\tview_deck:emplace\\(copy\\)\n\t\t\t\tend\n\t\t\tend' on target '=[SMODS _ "src/overrides.lua"]' for regex patch from Cartomancer\lovely\stackable-deck-steamodded.toml resulted in no matches
INFO - [♥] Applied 15 patches to '=[SMODS _ "src/overrides.lua"]'
INFO - [♥] Applied 2 patches to '=[SMODS _ "src/game_object.lua"]'
INFO - [G] Failed to connect to the debug server 
INFO - [G] 2025-08-20 23:31:41 :: DEBUG :: DebugConsole :: Steamodded Debug Socket started ! 
INFO - [G] 2025-08-20 23:31:41 :: INFO  :: SMODS :: Steamodded v1.0.0~BETA-0711a 
INFO - [G] Order not set for config dictionary: misc_quick_restart 
INFO - [G] Order not set for config dictionary: speed_multiplier_default_value 
INFO - [G] Order not set for config dictionary: misc_save_run 
INFO - [G] Order not set for config dictionary: animation_skip_default_value 
INFO - [G] [Blueprint] Starting to load config 
INFO - [G] [Blueprint] Reading config file:  
INFO - [G] [Blueprint] return {
	["INTERNAL_debug"] = false,
	["hello"] = true,
	["brainstorm"] = true,
	["blueprint"] = true,
} 
INFO - [G] [Blueprint] Removing setting `hello` because it is not in default config 
INFO - [♥] Applied 3 patches to 'engine/save_manager.lua'
INFO - [♥] Applied 9 patches to 'engine/sound_manager.lua'
INFO - [♥] Applied 2 patches to 'engine/string_packer.lua'
INFO - [G] Loaded all Blueprint mod shaders successfully 
INFO - [♥] Applied 4 patches to '=[SMODS _ "src/card_draw.lua"]'
INFO - [G] 2025-08-20 23:31:44 :: ERROR :: Loader :: Found invalid metadata JSON file at C:\Users\easto\AppData\Roaming\Balatro\Mods/Aikoyori'sShenanigans/.luarc.json, ignoring: [SMODS _ "src/loader.lua"]:226: id 
INFO - [G] 2025-08-20 23:31:44 :: ERROR :: Loader :: Found invalid metadata JSON file at C:\Users\easto\AppData\Roaming\Balatro\Mods/Aikoyori'sShenanigans/.vscode/settings.json, ignoring: [SMODS _ "src/loader.lua"]:226: id 
INFO - [G] 2025-08-20 23:31:44 :: INFO  :: Loader :: Valid JSON file found 
INFO - [G] 2025-08-20 23:31:44 :: TRACE :: Loader :: Processing Mod file (Legacy header): Aurinko.lua 
INFO - [G] 2025-08-20 23:31:44 :: TRACE :: Loader :: Saving Mod Info: aurinko 
INFO - [G] 2025-08-20 23:31:44 :: TRACE :: Loader :: Processing Mod file (Legacy header): BetterMouseAndGamepad.lua 
INFO - [G] 2025-08-20 23:31:44 :: TRACE :: Loader :: Saving Mod Info: BetterMouseAndGamepad 
INFO - [G] 2025-08-20 23:31:44 :: INFO  :: Loader :: Valid JSON file found 
INFO - [G] 2025-08-20 23:31:44 :: TRACE :: Loader :: Processing Mod file (Legacy header): steamodded_compat.lua 
INFO - [G] 2025-08-20 23:31:44 :: TRACE :: Loader :: Saving Mod Info: Brainstorm 
INFO - [G] 2025-08-20 23:31:44 :: INFO  :: Loader :: Valid JSON file found 
INFO - [G] 2025-08-20 23:31:44 :: TRACE :: Loader :: Processing Mod file (Legacy header): mod.lua 
INFO - [G] 2025-08-20 23:31:44 :: TRACE :: Loader :: Saving Mod Info: cartomancer 
INFO - [G] 2025-08-20 23:31:44 :: INFO  :: Loader :: Valid JSON file found 
INFO - [G] 2025-08-20 23:31:45 :: INFO  :: Loader :: Valid JSON file found 
INFO - [G] 2025-08-20 23:31:45 :: INFO  :: Loader :: Valid JSON file found 
INFO - [G] 2025-08-20 23:31:45 :: INFO  :: Loader :: Valid JSON file found 
INFO - [G] 2025-08-20 23:31:45 :: INFO  :: Loader :: Valid JSON file found 
INFO - [G] 2025-08-20 23:31:45 :: INFO  :: Loader :: Valid JSON file found 
INFO - [G] 2025-08-20 23:31:45 :: INFO  :: Loader :: Valid JSON file found 
INFO - [G] 2025-08-20 23:31:45 :: INFO  :: Loader :: Valid JSON file found 
INFO - [G] 2025-08-20 23:31:45 :: TRACE :: Loader :: Processing Mod file (Legacy header): steamodded.lua 
INFO - [G] 2025-08-20 23:31:45 :: WARN  :: Loader :: Duplicate Mod ID: Handy 
INFO - [G] 2025-08-20 23:31:45 :: INFO  :: Loader :: Valid JSON file found 
INFO - [G] 2025-08-20 23:31:45 :: INFO  :: Loader :: Valid JSON file found 
INFO - [G] 2025-08-20 23:31:45 :: TRACE :: Loader :: Processing Mod file (Legacy header): JenLib.lua 
INFO - [G] 2025-08-20 23:31:45 :: TRACE :: Loader :: Saving Mod Info: JenLib 
INFO - [G] 2025-08-20 23:31:45 :: INFO  :: Loader :: Valid JSON file found 
INFO - [G] 2025-08-20 23:31:45 :: INFO  :: Loader :: Valid JSON file found 
INFO - [G] 2025-08-20 23:31:45 :: TRACE :: Loader :: Processing Mod file (Legacy header): LocalPoolFix.lua 
INFO - [G] 2025-08-20 23:31:45 :: TRACE :: Loader :: Saving Mod Info: jen_localpoolfix 
INFO - [G] 2025-08-20 23:31:45 :: TRACE :: Loader :: Processing Mod file (Legacy header): Loop.lua 
INFO - [G] 2025-08-20 23:31:45 :: TRACE :: Loader :: Saving Mod Info: loop 
INFO - [G] 2025-08-20 23:31:45 :: INFO  :: Loader :: Valid JSON file found 
INFO - [G] 2025-08-20 23:31:45 :: INFO  :: Loader :: Valid JSON file found 
INFO - [G] 2025-08-20 23:31:45 :: TRACE :: Loader :: Processing Mod file (Legacy header): MoreJokerPacks.lua 
INFO - [G] 2025-08-20 23:31:45 :: TRACE :: Loader :: Saving Mod Info: MoreJokerPacks 
INFO - [G] 2025-08-20 23:31:45 :: TRACE :: Loader :: Processing Mod file (Legacy header): Nopeus.lua 
INFO - [G] 2025-08-20 23:31:45 :: TRACE :: Loader :: Saving Mod Info: nopeus 
INFO - [G] 2025-08-20 23:31:45 :: TRACE :: Loader :: Processing Mod file (Legacy header): main.lua 
INFO - [G] 2025-08-20 23:31:45 :: TRACE :: Loader :: Saving Mod Info: NotJustYet 
INFO - [G] 2025-08-20 23:31:45 :: INFO  :: Loader :: Valid JSON file found 
INFO - [G] 2025-08-20 23:31:45 :: TRACE :: Loader :: Processing Mod file (Legacy header): PreorderCards.lua 
INFO - [G] 2025-08-20 23:31:45 :: TRACE :: Loader :: Saving Mod Info: preorder_cards 
INFO - [G] 2025-08-20 23:31:45 :: INFO  :: Loader :: Valid JSON file found 
INFO - [G] 2025-08-20 23:31:45 :: INFO  :: Loader :: Valid JSON file found 
INFO - [G] 2025-08-20 23:31:45 :: ERROR :: Loader :: Found invalid metadata JSON file at C:\Users\easto\AppData\Roaming\Balatro\Mods/StickyFingers/.vscode/settings.json, ignoring: [SMODS _ "src/loader.lua"]:226: id 
INFO - [G] 2025-08-20 23:31:45 :: INFO  :: Loader :: Valid JSON file found 
INFO - [G] 2025-08-20 23:31:45 :: INFO  :: Loader :: Valid JSON file found 
INFO - [G] 2025-08-20 23:31:45 :: TRACE :: Loader :: Processing Mod file (Legacy header): steamodded_metadata.lua 
INFO - [G] 2025-08-20 23:31:45 :: TRACE :: Loader :: Saving Mod Info: Talisman 
INFO - [G] 2025-08-20 23:31:45 :: TRACE :: Loader :: Processing Mod file (Legacy header): IOSAdaptation.lua 
INFO - [G] 2025-08-20 23:31:45 :: TRACE :: Loader :: Saving Mod Info: IOSAdaptation 
INFO - [G] 2025-08-20 23:31:45 :: TRACE :: Loader :: Processing Mod file (Legacy header): UltraHand.lua 
INFO - [G] 2025-08-20 23:31:45 :: TRACE :: Loader :: Saving Mod Info: UltraHand 
INFO - [G] 2025-08-20 23:31:45 :: INFO  :: Loader :: Valid JSON file found 
INFO - [G] 2025-08-20 23:31:45 :: TRACE :: Loader :: Processing Mod file (Legacy header): Extras.lua 
INFO - [G] 2025-08-20 23:31:45 :: TRACE :: Loader :: Saving Mod Info: BalatroDarkMode 
INFO - [G] 2025-08-20 23:31:45 :: TRACE :: Loader :: Processing Mod file (Legacy header): main.lua 
INFO - [G] 2025-08-20 23:31:45 :: TRACE :: Loader :: Saving Mod Info: darktextures 
INFO - [G] 2025-08-20 23:31:45 :: TRACE :: Loader :: Processing Mod file (Legacy header): multipack.lua 
INFO - [G] 2025-08-20 23:31:45 :: TRACE :: Loader :: Saving Mod Info: Multipack 
INFO - [G] 2025-08-20 23:31:45 :: TRACE :: Loader :: Mod malverk was unable to load:  
INFO - [G] 2025-08-20 23:31:45 :: TRACE :: Loader :: Mod YGGDRASIL was unable to load:  
INFO - [G] 2025-08-20 23:31:45 :: INFO  :: CardSleeves :: CardSleeves v1.8.0 loaded~! 
INFO - [G] 2025-08-20 23:31:45 :: TRACE :: Loader :: Mod BalatroDarkMode was unable to load:  
INFO - [G] 2025-08-20 23:31:45 :: TRACE :: Loader :: Mod CryptidMoreMarioJokers was unable to load:  
INFO - [G] 2025-08-20 23:31:45 :: DEBUG :: DefaultLogger :: IOS Adaptation! 
INFO - [G] 2025-08-20 23:31:45 :: TRACE :: Loader :: Mod MoreFluff was unable to load:  
INFO - [G] 2025-08-20 23:31:45 :: TRACE :: Loader :: Mod darktextures was unable to load: Missing Dependencies: 1: malverk

 
INFO - [G] 2025-08-20 23:31:45 :: TRACE :: Loader :: Mod sdm0sstuff was unable to load:  
INFO - [G] 2025-08-20 23:31:45 :: WARN  :: Atlas :: Detected duplicate register call on object njy_modicon 
INFO - [G] 2025-08-20 23:31:45 :: TRACE :: Loader :: Mod extracredit was unable to load:  
INFO - [G] 2025-08-20 23:31:45 :: WARN  :: Atlas :: Detected duplicate register call on object ovrf_modicon 
INFO - [G] [CRYPTID] Loading library file ascended.lua 
INFO - [G] [CRYPTID] Loading library file calculate.lua 
INFO - [G] [CRYPTID] Loading library file content.lua 
INFO - [G] [CRYPTID] Loading library file cross-mod.lua 
INFO - [G] Table:
colour: Table:
  1: 0.65490196078431
  2: 0.50980392156863
  3: 0.81960784313725
  4: 1

voucher_key: v_cry_tacclimator
localization_key: b_tarot_rate
ref_value: tarot
 
INFO - [G] Table:
colour: Table:
  1: 0.074509803921569
  2: 0.68627450980392
  3: 0.8078431372549
  4: 1

voucher_key: v_cry_pacclimator
localization_key: b_planet_rate
ref_value: planet
 
INFO - [G] [CRYPTID] Loading library file d20.lua 
INFO - [G] [CRYPTID] Loading library file event.lua 
INFO - [G] [CRYPTID] Loading library file forcetrigger.lua 
INFO - [G] [CRYPTID] Loading library file gameset.lua 
INFO - [G] [CRYPTID] Loading library file https.lua 
INFO - [G] 2025-08-20 23:31:45 :: DEBUG :: SMODS.https :: Using https module backend 
INFO - [G] [CRYPTID] Loading library file misc.lua 
INFO - [G] [CRYPTID] Loading library file misprintize.lua 
INFO - [G] [CRYPTID] Loading library file modifiers.lua 
INFO - [G] 2025-08-20 23:31:45 :: WARN  :: Sticker :: Detected duplicate register call on object perishable 
INFO - [G] 2025-08-20 23:31:45 :: WARN  :: Sticker :: Detected duplicate register call on object pinned 
INFO - [G] 2025-08-20 23:31:45 :: WARN  :: Sticker :: Detected duplicate register call on object eternal 
INFO - [G] 2025-08-20 23:31:45 :: WARN  :: Sticker :: Detected duplicate register call on object rental 
INFO - [G] [CRYPTID] Loading library file notifications.lua 
INFO - [G] [CRYPTID] Loading library file overrides.lua 
INFO - [G] [CRYPTID] Loading library file pointerlib.lua 
INFO - [G] [CRYPTID] Loading library file ui.lua 
INFO - [G] [CRYPTID] Loading file achievement.lua 
INFO - [G] [CRYPTID] Loading file blind.lua 
INFO - [G] [CRYPTID] Loading file challenge.lua 
INFO - [G] [CRYPTID] Loading file code.lua 
INFO - [G] [CRYPTID] Loading file deck.lua 
INFO - [G] [CRYPTID] Loading file enhanced.lua 
INFO - [G] [CRYPTID] Loading file epic.lua 
INFO - [G] [CRYPTID] Loading file exotic.lua 
INFO - [G] [CRYPTID] Loading file joker_display.lua 
INFO - [G] [CRYPTID] Loading file m.lua 
INFO - [G] [CRYPTID] Loading file misc.lua 
INFO - [G] [CRYPTID] Loading file misc_joker.lua 
INFO - [G] [CRYPTID] Loading file planet.lua 
INFO - [G] [CRYPTID] Loading file pointer.lua 
INFO - [G] [CRYPTID] Loading file sleeve.lua 
INFO - [G] [CRYPTID] Loading file spectral.lua 
INFO - [G] [CRYPTID] Loading file spooky.lua 
INFO - [G] [CRYPTID] Loading file stake.lua 
INFO - [G] [CRYPTID] Loading file tag.lua 
INFO - [G] [CRYPTID] Loading file test.lua 
INFO - [G] [CRYPTID] Loading file voucher.lua 
INFO - [G] 2025-08-20 23:31:45 :: WARN  :: Atlas :: Object cry_effarcire has the same key as an existing object, not registering. 
INFO - [G] 2025-08-20 23:31:45 :: WARN  :: Atlas :: If you want to modify an existing object, use take_ownership() 
INFO - [G] 2025-08-20 23:31:45 :: TRACE :: Loader :: Mod aikoyorisshenanigans was unable to load:  
INFO - [G] 2025-08-20 23:31:45 :: TRACE :: Loader :: Mod kino was unable to load:  
INFO - [G] 2025-08-20 23:31:45 :: TRACE :: Loader :: Mod eramdam.sticky-fingers was unable to load:  
INFO - [G] 2025-08-20 23:31:45 :: TRACE :: Loader :: Mod SuitOrder was unable to load:  
INFO - [G] 2025-08-20 23:31:45 :: TRACE :: Loader :: Mod cryptposting was unable to load:  
INFO - [G] 2025-08-20 23:31:45 :: TRACE :: Loader :: Mod jen was unable to load: Missing Dependencies: 1: nopeus (>=2.2.5)
2: Cryptid (==0.5.5a~dev2)

 
INFO - [G] 2025-08-20 23:31:45 :: INFO  :: TIMER :: [0000] Injected Fonts in 0.006 ms 
INFO - [G] 2025-08-20 23:31:45 :: INFO  :: TIMER :: [0000] Injected Language in 0.004 ms 
INFO - [G] 2025-08-20 23:31:45 :: INFO  :: TIMER :: [0000] Injected [INTERNAL] in 2.771 ms 
INFO - [G] 2025-08-20 23:31:47 :: INFO  :: TIMER :: [0059] Injected Atlas in 2090.340 ms 
INFO - [G] 2025-08-20 23:31:47 :: INFO  :: TIMER :: [0032] Injected Sound in 30.394 ms 
INFO - [G] 2025-08-20 23:31:47 :: INFO  :: TIMER :: [0032] Injected Stake in 2.242 ms 
INFO - [G] 2025-08-20 23:31:47 :: INFO  :: TIMER :: [0008] Injected Rarity in 0.077 ms 
INFO - [G] 2025-08-20 23:31:47 :: INFO  :: TIMER :: [0010] Injected ObjectType in 0.201 ms 
INFO - [G] 2025-08-20 23:31:47 :: INFO  :: TIMER :: [0483] Injected Center in 6.098 ms 
INFO - [G] 2025-08-20 23:31:47 :: INFO  :: TIMER :: [0009] Injected Undiscovered Sprite in 0.051 ms 
INFO - [G] 2025-08-20 23:31:47 :: INFO  :: TIMER :: [0034] Injected Blind in 0.153 ms 
INFO - [G] 2025-08-20 23:31:47 :: INFO  :: TIMER :: [0006] Injected Seal in 1.531 ms 
INFO - [G] 2025-08-20 23:31:47 :: INFO  :: TIMER :: [0004] Injected Suit in 0.892 ms 
INFO - [G] 2025-08-20 23:31:47 :: INFO  :: TIMER :: [0013] Injected Rank in 0.629 ms 
INFO - [G] 2025-08-20 23:31:47 :: INFO  :: TIMER :: [0028] Injected DeckSkin in 1.134 ms 
INFO - [G] 2025-08-20 23:31:47 :: INFO  :: TIMER :: [0020] Injected PokerHand in 1.012 ms 
INFO - [G] 2025-08-20 23:31:47 :: INFO  :: TIMER :: [0031] Injected Challenge in 0.461 ms 
INFO - [G] 2025-08-20 23:31:47 :: INFO  :: TIMER :: [0031] Injected Tag in 0.360 ms 
INFO - [G] 2025-08-20 23:31:47 :: INFO  :: TIMER :: [0011] Injected Sticker in 1.112 ms 
INFO - [G] 2025-08-20 23:31:48 :: INFO  :: TIMER :: [0011] Injected Shader in 660.891 ms 
INFO - [G] 2025-08-20 23:31:48 :: INFO  :: TIMER :: [0002] Injected Keybind in 0.029 ms 
INFO - [G] 2025-08-20 23:31:48 :: INFO  :: TIMER :: [0022] Injected Achievement in 0.458 ms 
INFO - [G] 2025-08-20 23:31:48 :: INFO  :: TIMER :: [0002] Injected nil in 0.069 ms 
INFO - [G] 2025-08-20 23:31:48 :: INFO  :: TIMER :: [0025] Injected Draw Step in 0.768 ms 
INFO - [G] 2025-08-20 23:31:48 :: INFO  :: TIMER :: [0000] Injected [INTERNAL] in 55.396 ms 
INFO - [G] 2025-08-20 23:31:48 :: INFO  :: TIMER :: [0010] Injected Other in 0.106 ms 
INFO - [G] Warning: Circular dependency with set_cry_misc_joker 
INFO - [G] Warning: Circular dependency with j_cry_pizza 
INFO - [G] Warning: Circular dependency with set_cry_misc_joker 
INFO - [G] Warning: Circular dependency with j_cry_pizza_slice 
INFO - [G] [DebugPlus] Press [/] to toggle console and press [shift] + [/] to toggle new log previews 
INFO - [♥] Applied 0 patches to '=[SMODS _ "smods-https-thread.lua"]'
INFO - [G] 2025-08-20 23:31:54 :: DEBUG :: SMODS.https(1) :: Using https module backend 
INFO - [G] line not found
INFO - [G] file not found: main.lua: No such file or directory
INFO - [G] file not found: main.lua: No such file or directory
INFO - [G] 2025-08-20 23:32:21 :: ERROR :: StackTrace :: Oops! The game crashed
[SMODS SodaShop "SodaShop.lua"]:440: attempt to index field 'other_card' (a nil value)
Stack Traceback
===============
(1) Lua upvalue 'orig' at file 'main.lua:612'
	Local variables:
	 msg = string: "[SMODS SodaShop \"SodaShop.lua\"]:440: attempt to index field 'other_card' (a nil value)"
	 (*temporary) = Lua function '?' (defined at line 31 of chunk [SMODS _ "src/logging.lua"])
	 (*temporary) = string: "Oops! The game crashed\
"
(2) Lua local 'handler' at file 'debugplus/console.lua:576' (from lovely module debugplus.console)
	Local variables:
	 msg = string: "[SMODS SodaShop \"SodaShop.lua\"]:440: attempt to index field 'other_card' (a nil value)"
(3) LÖVE metamethod at file 'boot.lua:352'
	Local variables:
	 errhand = Lua function '(LÖVE Function)' (defined at line 575 of chunk [lovely debugplus.console "debugplus/console.lua"])
	 handler = Lua function '(LÖVE Function)' (defined at line 575 of chunk [lovely debugplus.console "debugplus/console.lua"])
(4) Lua method 'calculate' at file 'SodaShop.lua:440' (from mod with id SodaShop)
	Local variables:
	 self = table: 0x2ffab6a8  {alerted:true, loc_vars:function: 0x2fbfbc58, _saved_d_u:true, original_key:orangecrush, mod:table: 0x2f7390c8, unlocked:true, registered:true (more...)}
	 card = table: 0x33379bb8  {click_offset:table: 0x33379f28, static_rotation:false, ambient_tilt:0.2, parent:table: 0x327bc940, T:table: 0x33379d70, joker_display_update_time_variance:0.68906707627557 (more...)}
	 context = table: 0x34c8faa8  {main_eval:true, ignore_debuff:true, cardarea:table: 0x327bc940, debuff_card:table: 0x32a7c380}
	 (*temporary) = nil
	 (*temporary) = nil
	 (*temporary) = nil
	 (*temporary) = nil
	 (*temporary) = string: "nil"
	 (*temporary) = nil
	 (*temporary) = number: 1.5
	 (*temporary) = string: "attempt to index field 'other_card' (a nil value)"
(5) Lua upvalue 'ccj' at file 'card.lua:2786'
	Local variables:
	 self = table: 0x33379bb8  {click_offset:table: 0x33379f28, static_rotation:false, ambient_tilt:0.2, parent:table: 0x327bc940, T:table: 0x33379d70, joker_display_update_time_variance:0.68906707627557 (more...)}
	 context = table: 0x34c8faa8  {main_eval:true, ignore_debuff:true, cardarea:table: 0x327bc940, debuff_card:table: 0x32a7c380}
	 obj = table: 0x2ffab6a8  {alerted:true, loc_vars:function: 0x2fbfbc58, _saved_d_u:true, original_key:orangecrush, mod:table: 0x2f7390c8, unlocked:true, registered:true (more...)}
(6) Lua upvalue 'cj' at file 'main.lua:2866'
	Local variables:
	 self = table: 0x33379bb8  {click_offset:table: 0x33379f28, static_rotation:false, ambient_tilt:0.2, parent:table: 0x327bc940, T:table: 0x33379d70, joker_display_update_time_variance:0.68906707627557 (more...)}
	 context = table: 0x34c8faa8  {main_eval:true, ignore_debuff:true, cardarea:table: 0x327bc940, debuff_card:table: 0x32a7c380}
(7) Lua upvalue 'calculate_ref' at file 'lib/calculate.lua:589' (from mod with id Cryptid)
	Local variables:
	 self = table: 0x33379bb8  {click_offset:table: 0x33379f28, static_rotation:false, ambient_tilt:0.2, parent:table: 0x327bc940, T:table: 0x33379d70, joker_display_update_time_variance:0.68906707627557 (more...)}
	 context = table: 0x34c8faa8  {main_eval:true, ignore_debuff:true, cardarea:table: 0x327bc940, debuff_card:table: 0x32a7c380}
	 active_side = table: 0x33379bb8  {click_offset:table: 0x33379f28, static_rotation:false, ambient_tilt:0.2, parent:table: 0x327bc940, T:table: 0x33379d70, joker_display_update_time_variance:0.68906707627557 (more...)}
	 orig_ability = table: 0x34c92260  {extra:table: 0x34c92288, h_chips:0, hands_played_at_create:4, mult:0, h_x_chips:1, perma_mult:0, order:147, h_dollars:0, set:Joker, perma_p_dollars:0 (more...)}
	 in_context_scaling = boolean: false
	 callback = nil
(8) Lua method 'calculate_joker' at file 'items/code.lua:3831' (from mod with id Cryptid)
	Local variables:
	 self = table: 0x33379bb8  {click_offset:table: 0x33379f28, static_rotation:false, ambient_tilt:0.2, parent:table: 0x327bc940, T:table: 0x33379d70, joker_display_update_time_variance:0.68906707627557 (more...)}
	 context = table: 0x34c8faa8  {main_eval:true, ignore_debuff:true, cardarea:table: 0x327bc940, debuff_card:table: 0x32a7c380}
(9) Lua upvalue 'ec' at file 'functions/common_events.lua:793'
	Local variables:
	 card = table: 0x33379bb8  {click_offset:table: 0x33379f28, static_rotation:false, ambient_tilt:0.2, parent:table: 0x327bc940, T:table: 0x33379d70, joker_display_update_time_variance:0.68906707627557 (more...)}
	 context = table: 0x34c8faa8  {main_eval:true, ignore_debuff:true, cardarea:table: 0x327bc940, debuff_card:table: 0x32a7c380}
	 ret = table: 0x34c920d8  {}
	 post_trig = table: 0x34c92100  {}
	 areas = table: 0x34c92128  {1:table: 0x327bc940, 2:table: 0x327bb5a0, 3:table: 0x327beda8}
	 area_set = table: 0x34c92170  {table: 0x327beda8:true, table: 0x327bc940:true, table: 0x327bb5a0:true}
(10) Lua global 'eval_card' at file 'lib/calculate.lua:18' (from mod with id Cryptid)
	Local variables:
	 card = table: 0x33379bb8  {click_offset:table: 0x33379f28, static_rotation:false, ambient_tilt:0.2, parent:table: 0x327bc940, T:table: 0x33379d70, joker_display_update_time_variance:0.68906707627557 (more...)}
	 context = table: 0x34c8faa8  {main_eval:true, ignore_debuff:true, cardarea:table: 0x327bc940, debuff_card:table: 0x32a7c380}
(11) Lua field 'calculate_card_areas' at Steamodded file 'src/utils.lua:1722' 
	Local variables:
	 _type = string: "jokers"
	 context = table: 0x34c8faa8  {main_eval:true, ignore_debuff:true, cardarea:table: 0x327bc940, debuff_card:table: 0x32a7c380}
	 return_table = nil
	 args = table: 0x34c8fad0  {joker_area:true}
	 flags = table: 0x34c8fbd0  {}
	 (for generator) = C function: builtin#6
	 (for state) = table: 0x34c8fbf8  {1:table: 0x327bc940, 2:table: 0x327bb5a0, 3:table: 0x327beda8}
	 (for control) = number: 1
	 _ = number: 1
	 area = table: 0x327bc940  {click_offset:table: 0x327bcce8, static_rotation:false, shuffle_amt:0, T:table: 0x327bcb30, offset:table: 0x327bd8d0, role:table: 0x327bd330, last_aligned:-1 (more...)}
	 (for generator) = C function: builtin#6
	 (for state) = table: 0x327c5768  {1:table: 0x32823890, 2:table: 0x3282f220, 3:table: 0x3283abf0, 4:table: 0x32846b28, 5:table: 0x3283abc0, 6:table: 0x33379bb8}
	 (for control) = number: 6
	 _ = number: 6
	 _card = table: 0x33379bb8  {click_offset:table: 0x33379f28, static_rotation:false, ambient_tilt:0.2, parent:table: 0x327bc940, T:table: 0x33379d70, joker_display_update_time_variance:0.68906707627557 (more...)}
(12) Lua upvalue 'smcc' at Steamodded file 'src/utils.lua:1838' 
	Local variables:
	 context = table: 0x34c8faa8  {main_eval:true, ignore_debuff:true, cardarea:table: 0x327bc940, debuff_card:table: 0x32a7c380}
	 return_table = nil
	 no_resolve = nil
	 has_area = nil
	 flags = table: 0x34c8fb08  {}
	 (*temporary) = number: 1
(13) Lua field 'calculate_context' at file 'lib/calculate.lua:535' (from mod with id Cryptid)
	Local variables:
	 context = table: 0x34c8faa8  {main_eval:true, ignore_debuff:true, cardarea:table: 0x327bc940, debuff_card:table: 0x32a7c380}
	 return_table = nil
(14) Lua method 'debuff_card' at Steamodded file 'src/overrides.lua:2469' 
	Local variables:
	 self = table: 0x328cae10  {click_offset:table: 0x328cb168, children:table: 0x328cbe70, ambient_tilt:0.3, parent:table: 0x32e33910, in_blind:true, T:table: 0x328cafb0, offset:table: 0x328cbd50 (more...)}
	 card = table: 0x32a7c380  {click_offset:table: 0x32a96c80, children:table: 0x32a9e3d0, ambient_tilt:0.2, parent:table: 0x327bdb90, T:table: 0x32a96ac8, offset:table: 0x32a97560 (more...)}
	 from_blind = nil
(15) Lua upvalue 'bsb' at file 'blind.lua:219'
	Local variables:
	 self = table: 0x328cae10  {click_offset:table: 0x328cb168, children:table: 0x328cbe70, ambient_tilt:0.3, parent:table: 0x32e33910, in_blind:true, T:table: 0x328cafb0, offset:table: 0x328cbd50 (more...)}
	 blind = nil
	 reset = boolean: true
	 silent = nil
	 obj = table: 0x302bba80  {order:2, name:Big Blind, alerted:true, debuff:table: 0x302bbc58, _saved_d_u:true, debuff_text:, discovered:true, vars:table: 0x302bbc30, defeated:false (more...)}
	 (for generator) = C function: builtin#6
	 (for state) = table: 0x327c35f8  {1:table: 0x32a7c380, 2:table: 0x32cbb038, 3:table: 0x32876ce8, 4:table: 0x32c15858, 5:table: 0x32986530, 6:table: 0x32c22850, 7:table: 0x32993528 (more...)}
	 (for control) = number: 1
	 _ = number: 1
	 v = table: 0x32a7c380  {click_offset:table: 0x32a96c80, children:table: 0x32a9e3d0, ambient_tilt:0.2, parent:table: 0x327bdb90, T:table: 0x32a96ac8, offset:table: 0x32a97560 (more...)}
(16) Lua upvalue 'set_blindref' at file 'lib/overrides.lua:232' (from mod with id Cryptid)
	Local variables:
	 self = table: 0x328cae10  {click_offset:table: 0x328cb168, children:table: 0x328cbe70, ambient_tilt:0.3, parent:table: 0x32e33910, in_blind:true, T:table: 0x328cafb0, offset:table: 0x328cbd50 (more...)}
	 blind = nil
	 y = boolean: true
	 z = nil
	 c = string: "Big"
(17) Lua method 'set_blind' at file 'lib/overrides.lua:1801' (from mod with id Cryptid)
	Local variables:
	 self = table: 0x328cae10  {click_offset:table: 0x328cb168, children:table: 0x328cbe70, ambient_tilt:0.3, parent:table: 0x32e33910, in_blind:true, T:table: 0x328cafb0, offset:table: 0x328cbd50 (more...)}
	 blind = nil
	 reset = boolean: true
	 silent = nil
(18) Lua field 'func' at file 'card.lua:799'
(19) Lua method 'handle' at file 'engine/event.lua:101'
	Local variables:
	 self = table: 0x311225b0  {start_timer:true, timer:REAL, blockable:true, trigger:immediate, created_on_pause:true, delay:0, complete:false, time:43.209442561576, blocking:true (more...)}
	 _results = table: 0x30d55810  {blocking:true, pause_skip:false, time_done:false, completed:false}
(20) Lua method 'update' at file 'engine/event.lua:185'
	Local variables:
	 self = table: 0x300638e8  {queue_last_processed:25.216666666667, queues:table: 0x300610e8, queue_dt:0.016666666666667, queue_timer:32.464245489068}
	 dt = number: 0.0242921
	 forced = nil
	 (for generator) = C function: next
	 (for state) = table: 0x300610e8  {unlock:table: 0x30061700, galdur:table: 0x2f9259c0, other:table: 0x30062930, tutorial:table: 0x30061fe0, base:table: 0x30061ba0, achievement:table: 0x30062678 (more...)}
	 (for control) = number: nan
	 k = string: "base"
	 v = table: 0x30061ba0  {1:table: 0x327c5740, 2:table: 0x311225b0, 3:table: 0x333cb6a0}
	 blocked = boolean: false
	 i = number: 2
	 results = table: 0x30d55810  {blocking:true, pause_skip:false, time_done:false, completed:false}
(21) Lua upvalue 'gameUpdateRef' at file 'game.lua:2694'
	Local variables:
	 self = table: 0x2f7cf448  {F_GUIDE:false, F_CRASH_REPORTS:false, F_QUIT_BUTTON:true, HUD_tags:table: 0x32e4d970, F_ENGLISH_ONLY:false, viewed_stake:1, HUD:table: 0x328eefe0 (more...)}
	 dt = number: 0
	 http_resp = nil
	 njy_red = table: 0x2f7d44d8  {1:0.99607843137255, 2:0.37254901960784, 3:0.33333333333333, 4:1}
	 njy_green = table: 0x2f7d4590  {1:0.29411764705882, 2:0.76078431372549, 3:0.57254901960784, 4:1}
(22) Lua upvalue 'update_ref' at Steamodded file 'src/ui.lua:84' 
	Local variables:
	 self = table: 0x2f7cf448  {F_GUIDE:false, F_CRASH_REPORTS:false, F_QUIT_BUTTON:true, HUD_tags:table: 0x32e4d970, F_ENGLISH_ONLY:false, viewed_stake:1, HUD:table: 0x328eefe0 (more...)}
	 dt = number: 0.0242921
(23) Lua upvalue 'upd' at file 'main.lua:1748'
	Local variables:
	 self = table: 0x2f7cf448  {F_GUIDE:false, F_CRASH_REPORTS:false, F_QUIT_BUTTON:true, HUD_tags:table: 0x32e4d970, F_ENGLISH_ONLY:false, viewed_stake:1, HUD:table: 0x328eefe0 (more...)}
	 dt = number: 0.0242921
(24) Lua upvalue 'game_update_ref' at file 'main.lua:2726'
	Local variables:
	 self = table: 0x2f7cf448  {F_GUIDE:false, F_CRASH_REPORTS:false, F_QUIT_BUTTON:true, HUD_tags:table: 0x32e4d970, F_ENGLISH_ONLY:false, viewed_stake:1, HUD:table: 0x328eefe0 (more...)}
	 dt = number: 0.0242921
(25) Lua upvalue 'game_updateref' at file 'src/core.lua:121' (from lovely module systemclock.core)
	Local variables:
	 self = table: 0x2f7cf448  {F_GUIDE:false, F_CRASH_REPORTS:false, F_QUIT_BUTTON:true, HUD_tags:table: 0x32e4d970, F_ENGLISH_ONLY:false, viewed_stake:1, HUD:table: 0x328eefe0 (more...)}
	 dt = number: 0.0242921
(26) Lua upvalue 'gu' at file 'multipack.lua:554' (from mod with id Multipack)
	Local variables:
	 self = table: 0x2f7cf448  {F_GUIDE:false, F_CRASH_REPORTS:false, F_QUIT_BUTTON:true, HUD_tags:table: 0x32e4d970, F_ENGLISH_ONLY:false, viewed_stake:1, HUD:table: 0x328eefe0 (more...)}
	 dt = number: 0.0242921
(27) Lua upvalue 'upd' at file 'lib/gameset.lua:27' (from mod with id Cryptid)
	Local variables:
	 self = table: 0x2f7cf448  {F_GUIDE:false, F_CRASH_REPORTS:false, F_QUIT_BUTTON:true, HUD_tags:table: 0x32e4d970, F_ENGLISH_ONLY:false, viewed_stake:1, HUD:table: 0x328eefe0 (more...)}
	 dt = number: 0.0242921
(28) Lua method 'update' at file 'lib/overrides.lua:345' (from mod with id Cryptid)
	Local variables:
	 self = table: 0x2f7cf448  {F_GUIDE:false, F_CRASH_REPORTS:false, F_QUIT_BUTTON:true, HUD_tags:table: 0x32e4d970, F_ENGLISH_ONLY:false, viewed_stake:1, HUD:table: 0x328eefe0 (more...)}
	 dt = number: 0.0242921
(29) Lua upvalue 'love_update_ref' at file 'main.lua:1029'
	Local variables:
	 dt = number: 0.0242921
(30) Lua upvalue 'oldupd' at file 'modules/controller.lua:1027' (from lovely module handy/controller)
	Local variables:
	 dt = number: 0.0242921
(31) Lua field 'update' at file 'main.lua:2759'
	Local variables:
	 dt = number: 0.0242921
(32) Lua function '?' at file 'main.lua:938' (best guess)
(33) global C function 'xpcall'
(34) LÖVE function at file 'boot.lua:377' (best guess)
	Local variables:
	 func = Lua function '?' (defined at line 909 of chunk main.lua)
	 inerror = boolean: true
	 deferErrhand = Lua function '(LÖVE Function)' (defined at line 348 of chunk [love "boot.lua"])
	 earlyinit = Lua function '(LÖVE Function)' (defined at line 355 of chunk [love "boot.lua"])
 
INFO - [G] file not found: main.lua: No such file or directory
INFO - [G] file not found: main.lua: No such file or directory
INFO - [G] 2025-08-20 23:32:21 :: INFO  :: StackTrace :: Additional Context:
Balatro Version: 1.0.1o-FULL
Modded Version: 1.0.0~BETA-0711a-STEAMODDED
LÖVE Version: 11.5.0
Lovely Version: 0.8.0
Platform: Windows
Steamodded Mods:
    1: Card Sleeves by Larswijn [ID: CardSleeves, Priority: -10, Version: 1.8.0, Uses Lovely]
    2: More Joker Packs by Samario [ID: MoreJokerPacks, Priority: 10000, Version: 0.0.2]
    3: Galdur by Eremel_ [ID: galdur, Priority: -10000, Version: 1.2.1d, Uses Lovely]
    4: Soda Shop by IdyllBeast, credit to Bill Cipher [ID: SodaShop, Version: 0.2]
    5: iOS adaptation by Xioxin [ID: IOSAdaptation]
    6: Local Pool Fix by jenwalter666 [ID: jen_localpoolfix]
    7: Overflow by Ruby [ID: Overflow, Priority: 10, Version: 1.0.4, Uses Lovely]
    8: UltraHand by Xioxin [ID: UltraHand]
    9: Incantation by jenwalter666, MathIsFun_ [ID: incantation, Priority: 9e+301, Version: 0.7.1, Uses Lovely]
    10: SystemClock by Breezebuilder [ID: SystemClock, Priority: 100000, Version: 1.7.1, Uses Lovely]
    11: JokerDisplay by nh6574 [ID: JokerDisplay, Priority: -100000, Version: 1.8.6]
    12: Aurinko by jenwalter666 [ID: aurinko, Priority: 9.9e+301, Version: 0.4.15]
    13: Multipack by sishui [ID: Multipack, Version: 2.1.0]
    14: Better Mouse And Gamepad by Kooluve [ID: BetterMouseAndGamepad, Priority: -10000, Version: 1.0.6d]
    15: Jen's Library by jenwalter666 [ID: JenLib, Version: 0.4.0]
    16: Talisman by MathIsFun_, Mathguy24, jenwalter666, cg-223 [ID: Talisman, Version: 2.3.4, Uses Lovely]
        Break Infinity: omeganum
    17: Blueprint by stupxd aka stupid, Jonathan [ID: blueprint, Priority: 69, Version: 3.3, Uses Lovely]
    18: Cryptid by MathIsFun_, Cryptid and Balatro Discords [ID: Cryptid, Priority: 114, Version: 0.5.11, Uses Lovely]
    19: Preorder Cards by asd123cqp [ID: preorder_cards]
    20: DebugPlus by WilsontheWolf [ID: DebugPlus, Version: 1.4.2, Uses Lovely]
    21: Cartomancer by stupxd aka stupid [ID: cartomancer, Priority: 69, Version: 4.16, Uses Lovely]
    22: NotJustYet by toneblock [ID: NotJustYet, Priority: 1, Version: 0.5.4, Uses Lovely]
    23: Brainstorm by OceanRamen [ID: Brainstorm, Version: 2.0.0-beta, Uses Lovely]
    24: Handy by SleepyG11 [ID: Handy, Version: 1.5.1f, Uses Lovely]
    25: Loop by jenwalter666 [ID: loop, Priority: -9999999999, Version: 0.1.1]
    26: Nopeus by jenwalter666, stupxd [ID: nopeus, Version: 2.2.3, Uses Lovely]
Lovely Mods: 
