INFO - [♥] Lovely 0.8.0
INFO - [♥] Game directory is at "D:\\Balatro.v1.0.1o\\Balatro.v1.0.1o\\game"
INFO - [♥] Writing logs to "C:\\Users\\easto\\AppData\\Roaming\\Balatro\\Mods\\lovely\\log"
INFO - [♥] Using mod directory at "C:\\Users\\easto\\AppData\\Roaming\\Balatro\\Mods"
INFO - [♥] Found .lovelyignore in 'Cryptposting', skipping it.
INFO - [♥] Found .lovelyignore in 'CustomSuitOrder', skipping it.
INFO - [♥] Found .lovelyignore in 'ExtraCredit', skipping it.
INFO - [♥] Found .lovelyignore in 'Jen', skipping it.
INFO - [♥] Found .lovelyignore in 'Kino', skipping it.
INFO - [♥] Found .lovelyignore in 'StickyFingers', skipping it.
INFO - [♥] Found .lovelyignore in 'Trance', skipping it.
INFO - [♥] Found .lovelyignore in 'Yggdrasil', skipping it.
WARN - [♥] Unknown key `patches.1.?.match_indent` found in patch file at "C:\\Users\\easto\\AppData\\Roaming\\Balatro\\Mods\\Cartomancer\\lovely\\blinds-info.toml", ignoring it
WARN - [♥] Unknown key `patches.2.?.match_indent` found in patch file at "C:\\Users\\easto\\AppData\\Roaming\\Balatro\\Mods\\Cartomancer\\lovely\\stackable-deck-steamodded.toml", ignoring it
WARN - [♥] Unknown key `patches.4.?.match_indent` found in patch file at "C:\\Users\\easto\\AppData\\Roaming\\Balatro\\Mods\\Cartomancer\\lovely\\stackable-deck-steamodded.toml", ignoring it
WARN - [♥] Unknown key `patches.6.?.match_indent` found in patch file at "C:\\Users\\easto\\AppData\\Roaming\\Balatro\\Mods\\Cartomancer\\lovely\\stackable-deck-steamodded.toml", ignoring it
WARN - [♥] Unknown key `patches.20.?.match_indent` found in patch file at "C:\\Users\\easto\\AppData\\Roaming\\Balatro\\Mods\\Cryptid\\lovely\\code.toml", ignoring it
WARN - [♥] Unknown key `patches.1.?.match_indent` found in patch file at "C:\\Users\\easto\\AppData\\Roaming\\Balatro\\Mods\\HandyBalatro\\lovely\\controls_misc.toml", ignoring it
WARN - [♥] Unknown key `patches.1.?.overwrite` found in patch file at "C:\\Users\\easto\\AppData\\Roaming\\Balatro\\Mods\\HandyBalatro\\lovely\\controls_misc.toml", ignoring it
WARN - [♥] Unknown key `patches.0.?.overwrite` found in patch file at "C:\\Users\\easto\\AppData\\Roaming\\Balatro\\Mods\\HandyBalatro\\lovely\\controls_show_deck_preview.toml", ignoring it
WARN - [♥] Unknown key `patches.35.?.match_indent` found in patch file at "C:\\Users\\easto\\AppData\\Roaming\\Balatro\\Mods\\Talisman\\lovely.toml", ignoring it
WARN - [♥] Unknown key `patches.35.?.overwrite` found in patch file at "C:\\Users\\easto\\AppData\\Roaming\\Balatro\\Mods\\Talisman\\lovely.toml", ignoring it
WARN - [♥] Unknown key `patches.52.?.match_indent` found in patch file at "C:\\Users\\easto\\AppData\\Roaming\\Balatro\\Mods\\Talisman\\lovely.toml", ignoring it
WARN - [♥] Unknown key `patches.55.?.match_indent` found in patch file at "C:\\Users\\easto\\AppData\\Roaming\\Balatro\\Mods\\Talisman\\lovely.toml", ignoring it
INFO - [♥] Cleaning up dumps directory at "C:\\Users\\easto\\AppData\\Roaming\\Balatro\\Mods\\lovely\\dump"
INFO - [♥] Initialization complete in 3911ms
INFO - [♥] Applied 1 patch to 'conf.lua'
WARN - [♥] Pattern 'G.ARGS.score_intensity.organ = G.video_organ or G.ARGS.score_intensity.required_score > 0 and math.max(math.min(0.4, 0.1*math.log(G.ARGS.score_intensity.earned_score/(G.ARGS.score_intensity.required_score+1), 5)),0.) or 0' on target 'main.lua' for pattern patch from Talisman\lovely.toml resulted in no matches
WARN - [♥] Pattern 'if type(G.GAME.current_round.current_hand.chips) ~= \'number\' or type(G.GAME.current_round.current_hand.mult) ~= \'number\' then' on target 'main.lua' for pattern patch from Talisman\lovely.toml resulted in no matches
WARN - [♥] Pattern 'assert(load(nfs.read(Saturn.PATH .. \"/core/logic/hide_played.lua\")))()' on target 'main.lua' for pattern patch from Cartomancer\lovely\saturn-compat.toml resulted in no matches
WARN - [♥] Pattern 'modded and {' on target 'main.lua' for pattern patch from Cartomancer\lovely\stackable-deck-steamodded-0.9.8.toml resulted in no matches
INFO - [♥] Applied 25 patches to 'main.lua'
INFO - [♥] Applied 2 patches to 'engine/string_packer.lua'
INFO - [♥] Applied 23 patches to 'engine/controller.lua'
INFO - [♥] Applied 18 patches to 'back.lua'
INFO - [♥] Applied 18 patches to 'tag.lua'
INFO - [♥] Applied 2 patches to 'engine/event.lua'
INFO - [♥] Applied 4 patches to 'engine/node.lua'
INFO - [♥] Applied 3 patches to 'engine/moveable.lua'
INFO - [♥] Applied 3 patches to 'engine/sprite.lua'
INFO - [♥] Applied 2 patches to 'engine/animatedsprite.lua'
WARN - [♥] Pattern 'assembled_string = assembled_string..(type(subpart) == \'string\' and subpart or args.vars[tonumber(subpart[1])] or \'ERROR\')' on target 'functions/misc_functions.lua' for pattern patch from Talisman\lovely.toml resulted in no matches
INFO - [♥] Applied 92 patches to 'functions/misc_functions.lua'
WARN - [♥] Pattern 'G.FUNCS.evaluate_play()' on target 'game.lua' for pattern patch from MoreFluff\lovely\onesliptoolate.toml resulted in no matches
WARN - [♥] Pattern 'for k, v in pairs(self.MOVEABLES) do' on target 'game.lua' for pattern patch from Aikoyori'sShenanigans\lovely\cardarea.toml resulted in 2 matches, wanted 1
WARN - [♥] Ignoring excess matches
WARN - [♥] Pattern 'if Big:new(G.GAME.chips) >= Big:new(G.GAME.blind.chips) or G.GAME.current_round.hands_left < 1 then' on target 'game.lua' for pattern patch from NotJustYet\lovely.toml resulted in no matches
WARN - [♥] Pattern 'if to_big(G.GAME.chips) >= to_big(G.GAME.blind.chips) or G.GAME.current_round.hands_left <= 0 then' on target 'game.lua' for pattern patch from NotJustYet\lovely.toml resulted in no matches
WARN - [♥] Pattern 'if #G.hand.cards < 1 and #G.deck.cards < 1 and #G.play.cards < 1 then' on target 'game.lua' for pattern patch from NotJustYet\lovely.toml resulted in no matches
WARN - [♥] Pattern 'if #G.hand.cards < 1 and #G.deck.cards < 1 then' on target 'game.lua' for pattern patch from NotJustYet\lovely.toml resulted in no matches
WARN - [♥] Pattern 'if G.GAME.chips - G.GAME.blind.chips >= 0 or G.GAME.current_round.hands_left < 1 then' on target 'game.lua' for pattern patch from Talisman\lovely.toml resulted in no matches
WARN - [♥] Regex 'card\\:start_materialize\\(\\)\\n\\s+G\\.shop_vouchers\\:emplace\\(card\\)\\n\\s+end' on target 'game.lua' for regex patch from Cryptid\lovely\Voucher.toml resulted in no matches
WARN - [♥] Pattern '        if to_big(G.GAME.chips) >= to_big(G.GAME.blind.chips) or G.GAME.current_round.hands_left < 1 then\n            G.STATE = G.STATES.NEW_ROUND\n\n        else\n            G.STATE = G.STATES.DRAW_TO_HAND\n        end' on target 'game.lua' for pattern patch from Aikoyori'sShenanigans\lovely\talisman-fixes.toml resulted in no matches
WARN - [♥] Pattern '        if to_big(G.GAME.chips) >= to_big(G.GAME.blind.chips) or G.GAME.current_round.hands_left < 1 then\n            G.STATE = G.STATES.NEW_ROUND\n\n        else\n            G.STATE = G.STATES.DRAW_TO_HAND\n        end' on target 'game.lua' for pattern patch from Aikoyori'sShenanigans\lovely\talisman-fixes.toml resulted in no matches
INFO - [♥] Applied 135 patches to 'game.lua'
INFO - [♥] Applied 4 patches to 'globals.lua'
WARN - [♥] Pattern 'self.config.chosen = true' on target 'engine/ui.lua' for pattern patch from Cartomancer\lovely\vanilla-ui.toml resulted in no matches
INFO - [♥] Applied 9 patches to 'engine/ui.lua'
WARN - [♥] Pattern 'local challenge = G.CHALLENGES[args._id] or Entropy.GetDailyChallenge()' on target 'functions/UI_definitions.lua' for pattern patch from Aikoyori'sShenanigans\lovely\challenges.toml resulted in no matches
WARN - [♥] Pattern '{n=G.UIT.T, config={text = G.GAME.hands[handname].chips, scale = 0.45, colour = G.C.UI.TEXT_LIGHT}},' on target 'functions/UI_definitions.lua' for pattern patch from Talisman\lovely.toml resulted in no matches
WARN - [♥] Pattern '{n=G.UIT.T, config={text = G.GAME.hands[handname].mult, scale = 0.45, colour = G.C.UI.TEXT_LIGHT}}' on target 'functions/UI_definitions.lua' for pattern patch from Talisman\lovely.toml resulted in no matches
INFO - [♥] Applied 193 patches to 'functions/UI_definitions.lua'
WARN - [♥] Pattern 'ease_to = G.GAME.chips + math.floor(hand_chips * mult) * (e and e.antiscore and -1 or 1),' on target 'functions/state_events.lua' for pattern patch from Cryptid\lovely\blind.toml resulted in no matches
WARN - [♥] Pattern 'if reps[j] ~= 1 then' on target 'functions/state_events.lua' for pattern patch from Cryptid\lovely\misc.toml resulted in no matches
WARN - [♥] Pattern 'if effects[ii].card then' on target 'functions/state_events.lua' for pattern patch from HandyBalatro\lovely\controls_animation_skip.toml resulted in no matches
WARN - [♥] Pattern 'if G.GAME.round_resets.blind == G.P_BLINDS.bl_small then\n  G.GAME.round_resets.blind_states.Small = \'Defeated\' ' on target 'functions/state_events.lua' for pattern patch from MoreFluff\lovely\superboss.toml resulted in no matches
WARN - [♥] Pattern 'if G.GAME.round_resets.ante == G.GAME.win_ante and G.GAME.blind:get_type() == \'Boss\' then\n  game_won = true\n  G.GAME.won = true\nend' on target 'functions/state_events.lua' for pattern patch from MoreFluff\lovely\superboss.toml resulted in no matches
WARN - [♥] Pattern 'G.FUNCS.draw_from_hand_to_discard()\nif G.GAME.blind:get_type() == \'Boss\' then' on target 'functions/state_events.lua' for pattern patch from MoreFluff\lovely\superboss.toml resulted in no matches
WARN - [♥] Pattern 'if effects[ii].card then' on target 'functions/state_events.lua' for pattern patch from Talisman\lovely.toml resulted in no matches
WARN - [♥] Pattern 'if effects.jokers.Xmult_mod then mult = mod_mult(mult*effects.jokers.Xmult_mod);extras.mult = true  end' on target 'functions/state_events.lua' for pattern patch from Talisman\lovely.toml resulted in no matches
WARN - [♥] Pattern 'if effect.Xmult_mod then mult = mod_mult(mult*effect.Xmult_mod);extras.mult = true  end' on target 'functions/state_events.lua' for pattern patch from Talisman\lovely.toml resulted in no matches
WARN - [♥] Pattern 'if effects[ii].message then' on target 'functions/state_events.lua' for pattern patch from Talisman\lovely.toml resulted in no matches
WARN - [♥] Pattern '--calculate the card edition effects' on target 'functions/state_events.lua' for pattern patch from Talisman\lovely.toml resulted in no matches
WARN - [♥] Pattern 'if effects[ii].edition.p_dollars_mod then' on target 'functions/state_events.lua' for pattern patch from Talisman\lovely.toml resulted in no matches
WARN - [♥] Pattern 'if edition_effects.jokers.x_mult_mod then' on target 'functions/state_events.lua' for pattern patch from Talisman\lovely.toml resulted in no matches
WARN - [♥] Pattern '\tfunc = (function() G.GAME.current_round.current_hand.handname = \'\';return true end)\n}))\ndelay(0.3)\n' on target 'functions/state_events.lua' for pattern patch from Talisman\lovely.toml resulted in no matches
WARN - [♥] Pattern 'if SMODS.has_enhancement(scoring_hand[i], \'m_glass\') and scoring_hand[i]:can_calculate() and pseudorandom(\'glass\') < G.GAME.probabilities.normal/(scoring_hand[i].ability.name == \'Glass Card\' and scoring_hand[i].ability.extra or G.P_CENTERS.m_glass.config.extra) then' on target 'functions/state_events.lua' for pattern patch from Cryptid\lovely\Probability.toml resulted in no matches
WARN - [♥] Regex '(?<indent>[\\t ]*)if destroyed then \\n' on target 'functions/state_events.lua' for regex patch from Cryptid\lovely\seal.toml resulted in no matches
INFO - [♥] Applied 116 patches to 'functions/state_events.lua'
WARN - [♥] Pattern 'func = (function() if eval_func(card) then if not first or first then card:juice_up(0.1, 0.1) end;juice_card_until(card, eval_func, nil, 0.8) end return true end)' on target 'functions/common_events.lua' for pattern patch from HandyBalatro\lovely\controls_animation_skip.toml resulted in no matches
WARN - [♥] Pattern 'func = (function() if eval_func(card) then if not first or first then card:juice_up(0.1, 0.1) end;juice_card_until(card, eval_func, nil, 0.8) end return true end)' on target 'functions/common_events.lua' for pattern patch from HandyBalatro\lovely\controls_animation_skip.toml resulted in no matches
WARN - [♥] Pattern '   end\n\n    if main_end then \n        desc_nodes[#desc_nodes+1] = main_end \n    end' on target 'functions/common_events.lua' for pattern patch from MoreFluff\lovely\complexitycreep.toml resulted in no matches
WARN - [♥] Pattern '            G.E_MANAGER:add_event(Event({ --Add bonus chips from this card\n                    trigger = \'before\',\n                    delay = delay,\n                    func = function()\n                    if extrafunc then extrafunc() end\n                    attention_text({\n                        text = text,\n                        scale = config.scale or 1, \n                        hold = delay - 0.2,\n                        backdrop_colour = colour,\n                        align = card_aligned,\n                        major = card,\n                        offset = {x = 0, y = y_off}\n                    })\n                    play_sound(sound, 0.8+percent*0.2, volume)\n                    if not extra or not extra.no_juice then\n                        card:juice_up(0.6, 0.1)\n                        G.ROOM.jiggle = G.ROOM.jiggle + 0.7\n                    end\n                    return true\n                    end\n            }))' on target 'functions/common_events.lua' for pattern patch from Aikoyori'sShenanigans\lovely\cardalignment.toml resulted in no matches
WARN - [♥] Pattern 'if not v.config.softlock then\n    softlocked = softlocked' on target 'functions/common_events.lua' for pattern patch from Aikoyori'sShenanigans\lovely\planets.toml resulted in no matches
WARN - [♥] Pattern '                    if (not v.config.softlock or G.GAME.hands[v.config.hand_type].played > 0) then\n                        add = true\n                    end' on target 'functions/common_events.lua' for pattern patch from Aikoyori'sShenanigans\lovely\planets.toml resulted in no matches
WARN - [♥] Pattern '                    if (not v.config.softlock or G.GAME.hands[v.config.hand_type].played > 0) then\n                        add = true\n                    end' on target 'functions/common_events.lua' for pattern patch from Aikoyori'sShenanigans\lovely\planets.toml resulted in no matches
WARN - [♥] Pattern 'if num_dollars > 60 then' on target 'functions/common_events.lua' for pattern patch from Talisman\lovely.toml resulted in no matches
WARN - [♥] Pattern 'func = (function() card:juice_up(0.7);return true end)' on target 'functions/common_events.lua' for pattern patch from Talisman\lovely.toml resulted in no matches
WARN - [♥] Pattern 'if card then card:juice_up(0.8, 0.5) end' on target 'functions/common_events.lua' for pattern patch from Talisman\lovely.toml resulted in no matches
WARN - [♥] Pattern 'card:juice_up(0.6, 0.1)' on target 'functions/common_events.lua' for pattern patch from Talisman\lovely.toml resulted in no matches
WARN - [♥] Pattern 'func = (function() if eval_func(card) then if not first or first then card:juice_up(0.1, 0.1) end;juice_card_until(card, eval_func, nil, 0.8) end return true end)' on target 'functions/common_events.lua' for pattern patch from Talisman\lovely.toml resulted in no matches
WARN - [♥] Pattern 'func = (function() if eval_func(card) then if not first or first then card:juice_up(0.1, 0.1) end;juice_card_until(card, eval_func, nil, 0.8) end return true end)' on target 'functions/common_events.lua' for pattern patch from Talisman\lovely.toml resulted in no matches
WARN - [♥] Pattern 'elseif _c.effect == \'Glass Card\' then loc_vars = {cfg.Xmult, G.GAME.probabilities.normal, cfg.extra}' on target 'functions/common_events.lua' for pattern patch from Cryptid\lovely\Probability.toml resulted in no matches
WARN - [♥] Pattern 'elseif _c.name == \"The Wheel of Fortune\" then loc_vars = {G.GAME.probabilities.normal, cfg.extra};  info_queue[#info_queue+1] = G.P_CENTERS.e_foil; info_queue[#info_queue+1] = G.P_CENTERS.e_holo; info_queue[#info_queue+1] = G.P_CENTERS.e_polychrome;' on target 'functions/common_events.lua' for pattern patch from Cryptid\lovely\Probability.toml resulted in no matches
WARN - [♥] Pattern '    if amt > 0 or amt < 0 then' on target 'functions/common_events.lua' for pattern patch from Aikoyori'sShenanigans\lovely\talisman-fixes.toml resulted in no matches
INFO - [♥] Applied 233 patches to 'functions/common_events.lua'
WARN - [♥] Pattern '    if #G.hand.highlighted <= 0 or G.GAME.blind.block_play or #G.hand.highlighted > 5 then ' on target 'functions/button_callbacks.lua' for pattern patch from Aikoyori'sShenanigans\lovely\selectionlimit.toml resulted in no matches
WARN - [♥] Pattern 'if ((G.GAME.dollars-G.GAME.bankrupt_at) - 10 >= 0) and' on target 'functions/button_callbacks.lua' for pattern patch from Talisman\lovely.toml resulted in no matches
WARN - [♥] Pattern 'if #G.hand.highlighted <= 0 or G.GAME.blind.block_play or #G.hand.highlighted > 5 then' on target 'functions/button_callbacks.lua' for pattern patch from CardSleeves\lovely\expected_to_fail.toml resulted in no matches
INFO - [♥] Applied 100 patches to 'functions/button_callbacks.lua'
WARN - [♥] Pattern 'if self.ability.name == \'Ectoplasm\' or self.ability.name == \'Hex\' or pseudorandom(\'wheel_of_fortune\') < G.GAME.probabilities.normal/self.ability.extra then' on target 'card.lua' for pattern patch from Cryptid\lovely\misc.toml resulted in no matches
WARN - [♥] Pattern 'if self.ability.rental then self.cost = 1 end' on target 'card.lua' for pattern patch from MoreFluff\lovely\superboss.toml resulted in no matches
WARN - [♥] Pattern 'return self.ability.x_mult' on target 'card.lua' for pattern patch from Cryptid-MoreMarioJokers\lovely.toml resulted in no matches
WARN - [♥] Pattern 'if self.ability.x_mult <= 1 then return 0 end' on target 'card.lua' for pattern patch from Cryptid-MoreMarioJokers\lovely.toml resulted in no matches
WARN - [♥] Pattern 'Xmult_mod = G.P_CENTERS.v_observatory.config.extra' on target 'card.lua' for pattern patch from Incantation\lovely.toml resulted in no matches
WARN - [♥] Pattern 'G.E_MANAGER:add_event(Event({func = (function() G.GAME.dollar_buffer = 0; return true end)}))' on target 'card.lua' for pattern patch from Talisman\lovely.toml resulted in no matches
WARN - [♥] Pattern 'if G.GAME.blind then G.E_MANAGER:add_event(Event({ func = function() G.GAME.blind:set_blind(nil, true, nil); return true end })) end' on target 'card.lua' for pattern patch from Talisman\lovely.toml resulted in no matches
WARN - [♥] Pattern 'x_mult = center.config.Xmult or 1,' on target 'card.lua' for pattern patch from Talisman\lovely.toml resulted in no matches
WARN - [♥] Pattern 'if pseudorandom(\'lucky_money\') < G.GAME.probabilities.normal/15 then' on target 'card.lua' for pattern patch from Cryptid\lovely\Probability.toml resulted in no matches
WARN - [♥] Pattern 'if pseudorandom(\'lucky_mult\') < G.GAME.probabilities.normal/5 then' on target 'card.lua' for pattern patch from Cryptid\lovely\Probability.toml resulted in no matches
WARN - [♥] Pattern 'if self.ability.name == \'Ectoplasm\' or self.ability.name == \'Hex\' or pseudorandom(\'wheel_of_fortune\') < G.GAME.probabilities.normal/self.ability.extra then' on target 'card.lua' for pattern patch from Cryptid\lovely\Probability.toml resulted in no matches
WARN - [♥] Pattern 'elseif self.ability.name == \'Space Joker\' then loc_vars = {\'\'..(G.GAME and G.GAME.probabilities.normal or 1), self.ability.extra}' on target 'card.lua' for pattern patch from Cryptid\lovely\Probability.toml resulted in no matches
WARN - [♥] Pattern 'if self.ability.name == \'Space Joker\' and pseudorandom(\'space\') < G.GAME.probabilities.normal/self.ability.extra then' on target 'card.lua' for pattern patch from Cryptid\lovely\Probability.toml resulted in no matches
WARN - [♥] Pattern 'elseif self.ability.name == \'8 Ball\' then loc_vars = {\'\'..(G.GAME and G.GAME.probabilities.normal or 1),self.ability.extra}' on target 'card.lua' for pattern patch from Cryptid\lovely\Probability.toml resulted in no matches
WARN - [♥] Pattern 'if (context.other_card:get_id() == 8) and (pseudorandom(\'8ball\') < G.GAME.probabilities.normal/self.ability.extra) then' on target 'card.lua' for pattern patch from Cryptid\lovely\Probability.toml resulted in no matches
WARN - [♥] Pattern 'elseif self.ability.name == \'Business Card\' then loc_vars = {\'\'..(G.GAME and G.GAME.probabilities.normal or 1), self.ability.extra}' on target 'card.lua' for pattern patch from Cryptid\lovely\Probability.toml resulted in no matches
WARN - [♥] Pattern 'pseudorandom(\'business\') < G.GAME.probabilities.normal/self.ability.extra then' on target 'card.lua' for pattern patch from Cryptid\lovely\Probability.toml resulted in no matches
WARN - [♥] Pattern 'elseif self.ability.name == \'Gros Michel\' then loc_vars = {self.ability.extra.mult, \'\'..(G.GAME and G.GAME.probabilities.normal or 1), self.ability.extra.odds}' on target 'card.lua' for pattern patch from Cryptid\lovely\Probability.toml resulted in no matches
WARN - [♥] Pattern 'elseif self.ability.name == \'Cavendish\' then loc_vars = {self.ability.extra.Xmult, \'\'..(G.GAME and G.GAME.probabilities.normal or 1), self.ability.extra.odds}' on target 'card.lua' for pattern patch from Cryptid\lovely\Probability.toml resulted in no matches
WARN - [♥] Pattern 'if pseudorandom(self.ability.name == \'Cavendish\' and \'cavendish\' or \'gros_michel\') < G.GAME.probabilities.normal/self.ability.extra.odds then' on target 'card.lua' for pattern patch from Cryptid\lovely\Probability.toml resulted in no matches
WARN - [♥] Pattern 'elseif self.ability.name == \'Bloodstone\' then loc_vars = {\'\'..(G.GAME and G.GAME.probabilities.normal or 1), self.ability.extra.odds, self.ability.extra.Xmult}' on target 'card.lua' for pattern patch from Cryptid\lovely\Probability.toml resulted in no matches
WARN - [♥] Pattern 'pseudorandom(\'bloodstone\') < G.GAME.probabilities.normal/self.ability.extra.odds then' on target 'card.lua' for pattern patch from Cryptid\lovely\Probability.toml resulted in no matches
WARN - [♥] Pattern 'elseif self.ability.name == \'Reserved Parking\' then loc_vars = {self.ability.extra.dollars, \'\'..(G.GAME and G.GAME.probabilities.normal or 1), self.ability.extra.odds}' on target 'card.lua' for pattern patch from Cryptid\lovely\Probability.toml resulted in no matches
WARN - [♥] Pattern 'pseudorandom(\'parking\') < G.GAME.probabilities.normal/self.ability.extra.odds then' on target 'card.lua' for pattern patch from Cryptid\lovely\Probability.toml resulted in no matches
WARN - [♥] Pattern 'elseif self.ability.name == \'Hallucination\' then loc_vars = {G.GAME.probabilities.normal, self.ability.extra}' on target 'card.lua' for pattern patch from Cryptid\lovely\Probability.toml resulted in no matches
WARN - [♥] Pattern 'if pseudorandom(\'halu\'..G.GAME.round_resets.ante) < G.GAME.probabilities.normal/self.ability.extra then' on target 'card.lua' for pattern patch from Cryptid\lovely\Probability.toml resulted in no matches
WARN - [♥] Pattern 'local currentBack = self.params.viewed_back and G.GAME.viewed_back or G.GAME.selected_back' on target 'card.lua' for pattern patch from Galdur\lovely.toml resulted in no matches
WARN - [♥] Regex 'self.params.viewed_back and G.GAME.viewed_back or G.GAME.selected_back' on target 'card.lua' for regex patch from CardSleeves\lovely\expected_to_fail.toml resulted in no matches
INFO - [♥] Applied 322 patches to 'card.lua'
WARN - [♥] Pattern '        table.sort(self.cards, function (a, b) return a.T.x + a.T.w/2 < b.T.x + b.T.w/2 end)' on target 'cardarea.lua' for pattern patch from Aikoyori'sShenanigans\lovely\cardarea.toml resulted in no matches
INFO - [♥] Applied 40 patches to 'cardarea.lua'
INFO - [♥] Applied 48 patches to 'blind.lua'
INFO - [♥] Applied 2 patches to 'card_character.lua'
WARN - [♥] Pattern 'if self.strings[k].W > self.config.W then' on target 'engine/text.lua' for pattern patch from Talisman\lovely.toml resulted in no matches
WARN - [♥] Pattern 'local letter = self.strings[self.focused_string].letters[k]' on target 'engine/text.lua' for pattern patch from Talisman\lovely.toml resulted in no matches
INFO - [♥] Applied 6 patches to 'engine/text.lua'
WARN - [♥] Pattern 'if eff.retrigger_flag then SMODS.calculate_effect(eff, eff.card); j = j+1; _, eff = next(reps[j]) end' on target '=[SMODS _ "src/utils.lua"]' for pattern patch from Cryptid\lovely\misc.toml resulted in no matches
INFO - [♥] Applied 13 patches to '=[SMODS _ "src/utils.lua"]'
WARN - [♥] Pattern '    for _, v in ipairs(G.handlist) do\n\t\tif G.GAME.hands[v].visible then\n\t\t\ttable.insert(visible_hands, v)\n\t\tend\n\tend\n' on target '=[SMODS _ "src/overrides.lua"]' for pattern patch from Overflow\lovely\fixes.toml resulted in no matches
WARN - [♥] Pattern 'for _, v in ipairs(G.handlist) do
WARN - [♥] ' on target '=[SMODS _ "src/overrides.lua"]' for pattern patch from Overflow\lovely\fixes.toml resulted in 5 matches, wanted 4
WARN - [♥] Ignoring excess matches
WARN - [♥] Pattern 'card_limit = #SUITS[suit_map[j]],' on target '=[SMODS _ "src/overrides.lua"]' for pattern patch from Cartomancer\lovely\stackable-deck-steamodded.toml resulted in no matches
WARN - [♥] Pattern 'card_limit = #SUITS[visible_suit[j]],' on target '=[SMODS _ "src/overrides.lua"]' for pattern patch from Cartomancer\lovely\stackable-deck-steamodded.toml resulted in no matches
WARN - [♥] Regex '\t\t\tfor i = 1\\, \\#SUITS\\[suit_map\\[j\\]\\] do\n\t\t\t\tif SUITS\\[suit_map\\[j\\]\\]\\[i\\] then\n\t\t\t\t\tlocal greyed\\, _scale = nil\\, 0\\.7\n\t\t\t\t\tif unplayed_only and not \\(\\(SUITS\\[suit_map\\[j\\]\\]\\[i\\]\\.area and SUITS\\[suit_map\\[j\\]\\]\\[i\\]\\.area == G\\.deck\\) or SUITS\\[suit_map\\[j\\]\\]\\[i\\]\\.ability\\.wheel_flipped\\) then\n\t\t\t\t\t\tgreyed = true\n\t\t\t\t\tend\n\t\t\t\t\tlocal copy = copy_card\\(SUITS\\[suit_map\\[j\\]\\]\\[i\\]\\, nil\\, _scale[^\\)\\n]*\\)\n\t\t\t\t\tcopy\\.greyed = greyed\n\t\t\t\t\tcopy\\.T\\.x = view_deck\\.T\\.x \\+ view_deck\\.T\\.w \\/ 2\n\t\t\t\t\tcopy\\.T\\.y = view_deck\\.T\\.y\n\n\t\t\t\t\tcopy:hard_set_T\\(\\)\n\t\t\t\t\tview_deck:emplace\\(copy\\)\n\t\t\t\tend\n\t\t\tend' on target '=[SMODS _ "src/overrides.lua"]' for regex patch from Cartomancer\lovely\stackable-deck-steamodded.toml resulted in no matches
INFO - [♥] Applied 18 patches to '=[SMODS _ "src/overrides.lua"]'
INFO - [♥] Applied 5 patches to '=[SMODS _ "src/game_object.lua"]'
INFO - [G] Failed to connect to the debug server 
INFO - [G] 2025-08-08 03:05:35 :: DEBUG :: DebugConsole :: Steamodded Debug Socket started ! 
INFO - [G] 2025-08-08 03:05:35 :: INFO  :: SMODS :: Steamodded v1.0.0~BETA-0711a 
INFO - [G] Order not set for config dictionary: misc_quick_restart 
INFO - [G] Order not set for config dictionary: speed_multiplier_default_value 
INFO - [G] Order not set for config dictionary: misc_save_run 
INFO - [G] Order not set for config dictionary: animation_skip_default_value 
INFO - [G] [Blueprint] Starting to load config 
INFO - [G] [Blueprint] Reading config file:  
INFO - [G] [Blueprint] return {
	["INTERNAL_debug"] = false,
	["hello"] = true,
	["brainstorm"] = true,
	["blueprint"] = true,
} 
INFO - [G] [Blueprint] Removing setting `hello` because it is not in default config 
INFO - [♥] Applied 3 patches to 'engine/save_manager.lua'
INFO - [♥] Applied 9 patches to 'engine/sound_manager.lua'
INFO - [♥] Applied 2 patches to 'engine/string_packer.lua'
INFO - [G] Loaded all Blueprint mod shaders successfully 
INFO - [♥] Applied 4 patches to '=[SMODS _ "src/card_draw.lua"]'
INFO - [G] 2025-08-08 03:05:39 :: ERROR :: Loader :: Found invalid metadata JSON file at C:\Users\easto\AppData\Roaming\Balatro\Mods/Aikoyori'sShenanigans/.luarc.json, ignoring: [SMODS _ "src/loader.lua"]:226: id 
INFO - [G] 2025-08-08 03:05:39 :: ERROR :: Loader :: Found invalid metadata JSON file at C:\Users\easto\AppData\Roaming\Balatro\Mods/Aikoyori'sShenanigans/.vscode/settings.json, ignoring: [SMODS _ "src/loader.lua"]:226: id 
INFO - [G] 2025-08-08 03:05:40 :: INFO  :: Loader :: Valid JSON file found 
INFO - [G] 2025-08-08 03:05:40 :: TRACE :: Loader :: Processing Mod file (Legacy header): Aurinko.lua 
INFO - [G] 2025-08-08 03:05:40 :: TRACE :: Loader :: Saving Mod Info: aurinko 
INFO - [G] 2025-08-08 03:05:40 :: TRACE :: Loader :: Processing Mod file (Legacy header): BetterMouseAndGamepad.lua 
INFO - [G] 2025-08-08 03:05:40 :: TRACE :: Loader :: Saving Mod Info: BetterMouseAndGamepad 
INFO - [G] 2025-08-08 03:05:40 :: INFO  :: Loader :: Valid JSON file found 
INFO - [G] 2025-08-08 03:05:40 :: TRACE :: Loader :: Processing Mod file (Legacy header): steamodded_compat.lua 
INFO - [G] 2025-08-08 03:05:40 :: TRACE :: Loader :: Saving Mod Info: Brainstorm 
INFO - [G] 2025-08-08 03:05:40 :: INFO  :: Loader :: Valid JSON file found 
INFO - [G] 2025-08-08 03:05:40 :: TRACE :: Loader :: Processing Mod file (Legacy header): mod.lua 
INFO - [G] 2025-08-08 03:05:40 :: TRACE :: Loader :: Saving Mod Info: cartomancer 
INFO - [G] 2025-08-08 03:05:40 :: INFO  :: Loader :: Valid JSON file found 
INFO - [G] 2025-08-08 03:05:41 :: INFO  :: Loader :: Valid JSON file found 
INFO - [G] 2025-08-08 03:05:41 :: INFO  :: Loader :: Valid JSON file found 
INFO - [G] 2025-08-08 03:05:41 :: INFO  :: Loader :: Valid JSON file found 
INFO - [G] 2025-08-08 03:05:41 :: INFO  :: Loader :: Valid JSON file found 
INFO - [G] 2025-08-08 03:05:41 :: INFO  :: Loader :: Valid JSON file found 
INFO - [G] 2025-08-08 03:05:41 :: INFO  :: Loader :: Valid JSON file found 
INFO - [G] 2025-08-08 03:05:41 :: TRACE :: Loader :: Processing Mod file (Legacy header): main.lua 
INFO - [G] 2025-08-08 03:05:41 :: TRACE :: Loader :: Saving Mod Info: hdtextures 
INFO - [G] 2025-08-08 03:05:41 :: INFO  :: Loader :: Valid JSON file found 
INFO - [G] 2025-08-08 03:05:41 :: TRACE :: Loader :: Processing Mod file (Legacy header): steamodded.lua 
INFO - [G] 2025-08-08 03:05:41 :: WARN  :: Loader :: Duplicate Mod ID: Handy 
INFO - [G] 2025-08-08 03:05:41 :: INFO  :: Loader :: Valid JSON file found 
INFO - [G] 2025-08-08 03:05:41 :: INFO  :: Loader :: Valid JSON file found 
INFO - [G] 2025-08-08 03:05:41 :: TRACE :: Loader :: Processing Mod file (Legacy header): JenLib.lua 
INFO - [G] 2025-08-08 03:05:41 :: TRACE :: Loader :: Saving Mod Info: JenLib 
INFO - [G] 2025-08-08 03:05:41 :: INFO  :: Loader :: Valid JSON file found 
INFO - [G] 2025-08-08 03:05:42 :: INFO  :: Loader :: Valid JSON file found 
INFO - [G] 2025-08-08 03:05:42 :: TRACE :: Loader :: Processing Mod file (Legacy header): LocalPoolFix.lua 
INFO - [G] 2025-08-08 03:05:42 :: TRACE :: Loader :: Saving Mod Info: jen_localpoolfix 
INFO - [G] 2025-08-08 03:05:42 :: TRACE :: Loader :: Processing Mod file (Legacy header): Loop.lua 
INFO - [G] 2025-08-08 03:05:42 :: TRACE :: Loader :: Saving Mod Info: loop 
INFO - [G] 2025-08-08 03:05:42 :: INFO  :: Loader :: Valid JSON file found 
INFO - [G] 2025-08-08 03:05:42 :: INFO  :: Loader :: Valid JSON file found 
INFO - [G] 2025-08-08 03:05:44 :: TRACE :: Loader :: Processing Mod file (Legacy header): MoreJokerPacks.lua 
INFO - [G] 2025-08-08 03:05:44 :: TRACE :: Loader :: Saving Mod Info: MoreJokerPacks 
INFO - [G] 2025-08-08 03:05:44 :: TRACE :: Loader :: Processing Mod file (Legacy header): Nopeus.lua 
INFO - [G] 2025-08-08 03:05:44 :: TRACE :: Loader :: Saving Mod Info: nopeus 
INFO - [G] 2025-08-08 03:05:44 :: TRACE :: Loader :: Processing Mod file (Legacy header): main.lua 
INFO - [G] 2025-08-08 03:05:44 :: TRACE :: Loader :: Saving Mod Info: NotJustYet 
INFO - [G] 2025-08-08 03:05:44 :: INFO  :: Loader :: Valid JSON file found 
INFO - [G] 2025-08-08 03:05:44 :: TRACE :: Loader :: Processing Mod file (Legacy header): PreorderCards.lua 
INFO - [G] 2025-08-08 03:05:44 :: TRACE :: Loader :: Saving Mod Info: preorder_cards 
INFO - [G] 2025-08-08 03:05:44 :: INFO  :: Loader :: Valid JSON file found 
INFO - [G] 2025-08-08 03:05:44 :: ERROR :: Loader :: Found invalid metadata JSON file at C:\Users\easto\AppData\Roaming\Balatro\Mods/StickyFingers/.vscode/settings.json, ignoring: [SMODS _ "src/loader.lua"]:226: id 
INFO - [G] 2025-08-08 03:05:44 :: INFO  :: Loader :: Valid JSON file found 
INFO - [G] 2025-08-08 03:05:44 :: INFO  :: Loader :: Valid JSON file found 
INFO - [G] 2025-08-08 03:05:44 :: TRACE :: Loader :: Processing Mod file (Legacy header): steamodded_metadata.lua 
INFO - [G] 2025-08-08 03:05:44 :: TRACE :: Loader :: Saving Mod Info: Talisman 
INFO - [G] 2025-08-08 03:05:45 :: TRACE :: Loader :: Processing Mod file (Legacy header): IOSAdaptation.lua 
INFO - [G] 2025-08-08 03:05:45 :: TRACE :: Loader :: Saving Mod Info: IOSAdaptation 
INFO - [G] 2025-08-08 03:05:45 :: TRACE :: Loader :: Processing Mod file (Legacy header): UltraHand.lua 
INFO - [G] 2025-08-08 03:05:45 :: TRACE :: Loader :: Saving Mod Info: UltraHand 
INFO - [G] 2025-08-08 03:05:45 :: INFO  :: Loader :: Valid JSON file found 
INFO - [G] 2025-08-08 03:05:45 :: TRACE :: Loader :: Processing Mod file (Legacy header): Extras.lua 
INFO - [G] 2025-08-08 03:05:45 :: TRACE :: Loader :: Saving Mod Info: BalatroDarkMode 
INFO - [G] 2025-08-08 03:05:45 :: TRACE :: Loader :: Processing Mod file (Legacy header): main.lua 
INFO - [G] 2025-08-08 03:05:45 :: TRACE :: Loader :: Saving Mod Info: darktextures 
INFO - [G] 2025-08-08 03:05:45 :: TRACE :: Loader :: Processing Mod file (Legacy header): multipack.lua 
INFO - [G] 2025-08-08 03:05:45 :: TRACE :: Loader :: Saving Mod Info: Multipack 
WARN - [♥] Pattern 'if JokerDisplay.config.enabled and G.jokers and self.area == G.jokers then' on target '=[SMODS JokerDisplay "src/display_functions.lua"]' for pattern patch from MoreFluff\lovely\colour_joker_display.toml resulted in no matches
INFO - [♥] Applied 2 patches to '=[SMODS JokerDisplay "src/display_functions.lua"]'
INFO - [♥] Applied 1 patch to '=[SMODS JokerDisplay "src/config_tab.lua"]'
INFO - [G] 2025-08-08 03:05:45 :: TRACE :: Loader :: Mod YGGDRASIL was unable to load:  
INFO - [G] 2025-08-08 03:05:45 :: INFO  :: CardSleeves :: CardSleeves v1.8.0 loaded~! 
INFO - [G] 2025-08-08 03:05:45 :: DEBUG :: DefaultLogger :: IOS Adaptation! 
INFO - [G] basepaul_card 
INFO - [G] blahaj 
INFO - [G] clownfish 
INFO - [G] expansion_pack 
INFO - [G] hollow 
INFO - [G] jackofalltrades 
INFO - [G] jester 
INFO - [G] lollipop 
INFO - [G] luckycharm 
INFO - [G] mspaint 
INFO - [G] philosophical 
INFO - [G] simplified 
INFO - [G] spiral 
INFO - [G] treasuremap 
INFO - [G] unregisteredhypercam 
INFO - [G] dropkick 
INFO - [G] bladedance 
INFO - [G] hyperbeam 
INFO - [G] blasphemy 
INFO - [G] dramaticentrance 
INFO - [G] badlegaldefence 
INFO - [G] blunder 
INFO - [G] brilliant 
INFO - [G] broomcloset 
INFO - [G] clipart 
INFO - [G] coupon_catalogue 
INFO - [G] css 
INFO - [G] cueball 
INFO - [G] flintandsteel 
INFO - [G] gemstonejoker 
INFO - [G] globe 
INFO - [G] goldencarrot 
INFO - [G] hallofmirrors 
INFO - [G] impostor 
INFO - [G] farmmerge 
INFO - [G] friendinsideme 
INFO - [G] junkmail 
INFO - [G] onesliptoolate 
INFO - [G] tonersoup 
INFO - [G] unpleasantcard 
INFO - [G] lightningstrikesthrice 
INFO - [G] loadeddisk 
INFO - [G] missingjoker 
INFO - [G] paintcan 
INFO - [G] rot_cartomancer 
INFO - [G] sapling 
INFO - [G] snake 
INFO - [G] slotmachine 
INFO - [G] stylemeter 
INFO - [G] stonejokerjoker 
INFO - [G] sudoku 
INFO - [G] talljoker 
INFO - [G] teacup 
INFO - [G] tealjoker 
INFO - [G] thewayhome 
INFO - [G] recycling 
INFO - [G] virtual 
INFO - [G] wilddrawfour 
INFO - [G] yuckyrat 
INFO - [G] allicantdo 
INFO - [G] bloodpact 
INFO - [G] bookmove 
INFO - [G] brass 
INFO - [G] bowlingball 
INFO - [G] cba 
INFO - [G] complexitycreep 
INFO - [G] fleshprison 
INFO - [G] hugejoker 
INFO - [G] hyperjimbo 
INFO - [G] jankman 
INFO - [G] mashupalbum 
INFO - [G] pixeljoker 
INFO - [G] rainbowjoker 
INFO - [G] rosetinted 
INFO - [G] the_solo 
INFO - [G] top10 
INFO - [G] widejoker 
INFO - [G] triangle 
INFO - [G] marigold 
INFO - [G] lessfluff 
INFO - [G] oopsallfives 
INFO - [G] 2025-08-08 03:05:46 :: WARN  :: Atlas :: Detected duplicate register call on object njy_modicon 
INFO - [G] 2025-08-08 03:05:46 :: TRACE :: Loader :: Mod extracredit was unable to load:  
INFO - [G] 2025-08-08 03:05:46 :: WARN  :: Atlas :: Detected duplicate register call on object ovrf_modicon 
INFO - [G] [CRYPTID] Loading library file ascended.lua 
INFO - [G] [CRYPTID] Loading library file calculate.lua 
INFO - [G] [CRYPTID] Loading library file content.lua 
WARN - [♥] Pattern 'bogus patch lol aikoyori was here no patching ' on target '=[SMODS Cryptid "lib/content.lua"]' for pattern patch from Aikoyori'sShenanigans\lovely\compat.cryptid.toml resulted in no matches
INFO - [♥] Applied 0 patches to '=[SMODS Cryptid "lib/content.lua"]'
INFO - [G] [CRYPTID] Loading library file cross-mod.lua 
INFO - [G] Table:
colour: Table:
  1: 0.65490196078431
  2: 0.50980392156863
  3: 0.81960784313725
  4: 1

voucher_key: v_cry_tacclimator
localization_key: b_tarot_rate
ref_value: tarot
 
INFO - [G] Table:
colour: Table:
  1: 0.074509803921569
  2: 0.68627450980392
  3: 0.8078431372549
  4: 1

voucher_key: v_cry_pacclimator
localization_key: b_planet_rate
ref_value: planet
 
INFO - [G] [CRYPTID] Loading library file d20.lua 
INFO - [G] [CRYPTID] Loading library file event.lua 
INFO - [G] [CRYPTID] Loading library file forcetrigger.lua 
INFO - [G] [CRYPTID] Loading library file gameset.lua 
INFO - [G] [CRYPTID] Loading library file https.lua 
INFO - [G] 2025-08-08 03:05:46 :: DEBUG :: SMODS.https :: Using https module backend 
INFO - [G] [CRYPTID] Loading library file misc.lua 
INFO - [G] [CRYPTID] Loading library file misprintize.lua 
INFO - [G] [CRYPTID] Loading library file modifiers.lua 
INFO - [G] 2025-08-08 03:05:46 :: WARN  :: Sticker :: Detected duplicate register call on object perishable 
INFO - [G] 2025-08-08 03:05:46 :: WARN  :: Sticker :: Detected duplicate register call on object pinned 
INFO - [G] 2025-08-08 03:05:46 :: WARN  :: Sticker :: Detected duplicate register call on object eternal 
INFO - [G] 2025-08-08 03:05:46 :: WARN  :: Sticker :: Detected duplicate register call on object rental 
INFO - [G] [CRYPTID] Loading library file notifications.lua 
INFO - [G] [CRYPTID] Loading library file overrides.lua 
INFO - [G] [CRYPTID] Loading library file pointerlib.lua 
INFO - [G] [CRYPTID] Loading library file ui.lua 
INFO - [G] [CRYPTID] Loading file achievement.lua 
INFO - [G] [CRYPTID] Loading file blind.lua 
INFO - [G] [CRYPTID] Loading file challenge.lua 
INFO - [G] [CRYPTID] Loading file code.lua 
INFO - [♥] Applied 1 patch to '=[SMODS Cryptid "items/code.lua"]'
INFO - [G] [CRYPTID] Loading file deck.lua 
INFO - [G] [CRYPTID] Loading file enhanced.lua 
INFO - [G] [CRYPTID] Loading file epic.lua 
INFO - [G] [CRYPTID] Loading file exotic.lua 
INFO - [G] [CRYPTID] Loading file joker_display.lua 
INFO - [G] [CRYPTID] Loading file m.lua 
INFO - [G] [CRYPTID] Loading file misc.lua 
INFO - [G] [CRYPTID] Loading file misc_joker.lua 
INFO - [G] [CRYPTID] Loading file planet.lua 
INFO - [G] [CRYPTID] Loading file pointer.lua 
INFO - [G] [CRYPTID] Loading file sleeve.lua 
INFO - [G] [CRYPTID] Loading file spectral.lua 
INFO - [G] [CRYPTID] Loading file spooky.lua 
INFO - [G] [CRYPTID] Loading file stake.lua 
INFO - [G] [CRYPTID] Loading file tag.lua 
INFO - [G] [CRYPTID] Loading file test.lua 
INFO - [G] [CRYPTID] Loading file voucher.lua 
INFO - [G] [CRYPTID] Loading Cryptid.lua from sdm0sstuff 
INFO - [G] [CRYPTID] Loading file colours.lua from MoreFluff 
INFO - [G] [CRYPTID] Loading file farmmergecivilisation.lua from MoreFluff 
INFO - [G] 2025-08-08 03:05:47 :: WARN  :: Atlas :: Object cry_effarcire has the same key as an existing object, not registering. 
INFO - [G] 2025-08-08 03:05:47 :: WARN  :: Atlas :: If you want to modify an existing object, use take_ownership() 
INFO - [G] 2025-08-08 03:05:47 :: WARN  :: Atlas :: Object sdm_vouchers has the same key as an existing object, not registering. 
INFO - [G] 2025-08-08 03:05:47 :: WARN  :: Atlas :: If you want to modify an existing object, use take_ownership() 
INFO - [G] 2025-08-08 03:05:47 :: WARN  :: Atlas :: Object sdm_bakery_consumables has the same key as an existing object, not registering. 
INFO - [G] 2025-08-08 03:05:47 :: WARN  :: Atlas :: If you want to modify an existing object, use take_ownership() 
INFO - [G] 2025-08-08 03:05:47 :: WARN  :: Atlas :: Object sdm_bakery_vouchers has the same key as an existing object, not registering. 
INFO - [G] 2025-08-08 03:05:47 :: WARN  :: Atlas :: If you want to modify an existing object, use take_ownership() 
INFO - [G] 2025-08-08 03:05:47 :: WARN  :: DefaultLogger :: Object akyrs_money_c has the same key as an existing object, not registering. 
INFO - [G] 2025-08-08 03:05:47 :: WARN  :: DefaultLogger :: If you want to modify an existing object, use take_ownership() 
INFO - [G] 2025-08-08 03:05:48 :: WARN  :: Draw Step :: Detected duplicate register call on object front 
INFO - [G] 2025-08-08 03:05:48 :: WARN  :: Draw Step :: Detected duplicate register call on object floating_sprite 
INFO - [G] 2025-08-08 03:05:48 :: INFO  :: Aikoyori's Shenanigans :: Cryptid Detected... vro ;P 
INFO - [G] 2025-08-08 03:05:48 :: TRACE :: Loader :: Mod kino was unable to load:  
INFO - [G] 2025-08-08 03:05:48 :: TRACE :: Loader :: Mod eramdam.sticky-fingers was unable to load:  
INFO - [G] 2025-08-08 03:05:48 :: TRACE :: Loader :: Mod SuitOrder was unable to load:  
INFO - [G] 2025-08-08 03:05:48 :: TRACE :: Loader :: Mod cryptposting was unable to load:  
INFO - [G] 2025-08-08 03:05:48 :: TRACE :: Loader :: Mod jen was unable to load: Missing Dependencies: 1: nopeus (>=2.2.5)
2: Cryptid (==0.5.5a~dev2)

 
INFO - [G] 2025-08-08 03:05:48 :: INFO  :: TIMER :: [0002] Injected Fonts in 73.200 ms 
INFO - [G] 2025-08-08 03:05:48 :: INFO  :: TIMER :: [0000] Injected Language in 0.004 ms 
INFO - [G] 2025-08-08 03:05:48 :: INFO  :: TIMER :: [0000] Injected [INTERNAL] in 25.175 ms 
INFO - [G] 2025-08-08 03:05:54 :: INFO  :: TIMER :: [0136] Injected Atlas in 6006.195 ms 
INFO - [G] 2025-08-08 03:05:55 :: INFO  :: TIMER :: [0052] Injected Sound in 787.504 ms 
INFO - [G] 2025-08-08 03:05:55 :: INFO  :: TIMER :: [0035] Injected Stake in 2.758 ms 
INFO - [G] 2025-08-08 03:05:55 :: INFO  :: TIMER :: [0012] Injected Rarity in 0.109 ms 
INFO - [G] 2025-08-08 03:05:55 :: INFO  :: TIMER :: [0018] Injected ObjectType in 1.923 ms 
INFO - [G] 2025-08-08 03:05:55 :: INFO  :: TIMER :: [0885] Injected Center in 15.208 ms 
INFO - [G] 2025-08-08 03:05:55 :: INFO  :: TIMER :: [0014] Injected Undiscovered Sprite in 0.106 ms 
INFO - [G] 2025-08-08 03:05:55 :: INFO  :: TIMER :: [0084] Injected Blind in 0.897 ms 
INFO - [G] 2025-08-08 03:05:55 :: INFO  :: TIMER :: [0007] Injected Seal in 0.518 ms 
INFO - [G] 2025-08-08 03:05:55 :: INFO  :: TIMER :: [0004] Injected Suit in 0.332 ms 
INFO - [G] 2025-08-08 03:05:55 :: INFO  :: TIMER :: [0013] Injected Rank in 0.502 ms 
INFO - [G] 2025-08-08 03:05:55 :: INFO  :: TIMER :: [0028] Injected DeckSkin in 1.099 ms 
INFO - [G] 2025-08-08 03:05:55 :: INFO  :: TIMER :: [0052] Injected PokerHand in 1.313 ms 
INFO - [G] 2025-08-08 03:05:55 :: INFO  :: TIMER :: [0039] Injected Challenge in 0.386 ms 
INFO - [G] 2025-08-08 03:05:55 :: INFO  :: TIMER :: [0037] Injected Tag in 0.375 ms 
INFO - [G] 2025-08-08 03:05:55 :: INFO  :: TIMER :: [0014] Injected Sticker in 0.850 ms 
INFO - [G] 2025-08-08 03:05:57 :: INFO  :: TIMER :: [0020] Injected Shader in 1432.983 ms 
INFO - [G] 2025-08-08 03:05:57 :: INFO  :: TIMER :: [0002] Injected Keybind in 0.065 ms 
INFO - [G] 2025-08-08 03:05:57 :: INFO  :: TIMER :: [0029] Injected Achievement in 0.442 ms 
INFO - [G] 2025-08-08 03:05:57 :: INFO  :: TIMER :: [0009] Injected nil in 0.094 ms 
INFO - [G] 2025-08-08 03:05:57 :: INFO  :: TIMER :: [0029] Injected Draw Step in 0.135 ms 
INFO - [G] 2025-08-08 03:05:57 :: INFO  :: TIMER :: [0000] Injected [INTERNAL] in 462.210 ms 
INFO - [G] 2025-08-08 03:06:01 :: INFO  :: TIMER :: [0027] Injected AltTexture in 3847.273 ms 
INFO - [G] 2025-08-08 03:06:01 :: INFO  :: TIMER :: [0004] Injected Texture Pack in 0.542 ms 
INFO - [G] 2025-08-08 03:06:01 :: INFO  :: TIMER :: [0010] Injected Other in 0.084 ms 
INFO - [G] 2025-08-08 03:06:01 :: INFO  :: TIMER :: [0000] Injected TradeProfession in 0.002 ms 
INFO - [G] Warning: Circular dependency with set_cry_misc_joker 
INFO - [G] Warning: Circular dependency with j_cry_pizza_slice 
INFO - [G] Warning: Circular dependency with set_cry_misc_joker 
INFO - [G] Warning: Circular dependency with j_cry_pizza 
INFO - [G] [DebugPlus] Press [/] to toggle console and press [shift] + [/] to toggle new log previews 
INFO - [♥] Applied 0 patches to '=[SMODS _ "smods-https-thread.lua"]'
INFO - [G] 2025-08-08 03:06:07 :: DEBUG :: SMODS.https(1) :: Using https module backend 
INFO - [♥] Applied 0 patches to '=[SMODS _ "smods-https-thread.lua"]'
INFO - [G] 2025-08-08 03:07:08 :: DEBUG :: SMODS.https(2) :: Using https module backend 
INFO - [♥] Applied 0 patches to '=[SMODS _ "smods-https-thread.lua"]'
INFO - [G] 2025-08-08 03:08:10 :: DEBUG :: SMODS.https(3) :: Using https module backend 
INFO - [♥] Applied 0 patches to '=[SMODS _ "smods-https-thread.lua"]'
INFO - [G] 2025-08-08 03:09:11 :: DEBUG :: SMODS.https(4) :: Using https module backend 
INFO - [♥] Applied 0 patches to '=[SMODS _ "smods-https-thread.lua"]'
INFO - [G] 2025-08-08 03:10:14 :: DEBUG :: SMODS.https(5) :: Using https module backend 
INFO - [♥] Applied 0 patches to '=[SMODS _ "smods-https-thread.lua"]'
INFO - [G] 2025-08-08 03:11:16 :: DEBUG :: SMODS.https(6) :: Using https module backend 
INFO - [♥] Applied 0 patches to '=[SMODS _ "smods-https-thread.lua"]'
INFO - [G] 2025-08-08 03:12:18 :: DEBUG :: SMODS.https(7) :: Using https module backend 
INFO - [♥] Applied 0 patches to '=[SMODS _ "smods-https-thread.lua"]'
INFO - [G] 2025-08-08 03:13:20 :: DEBUG :: SMODS.https(8) :: Using https module backend 
INFO - [♥] Applied 0 patches to '=[SMODS _ "smods-https-thread.lua"]'
INFO - [G] 2025-08-08 03:14:22 :: DEBUG :: SMODS.https(9) :: Using https module backend 
INFO - [♥] Applied 0 patches to '=[SMODS _ "smods-https-thread.lua"]'
INFO - [G] 2025-08-08 03:15:24 :: DEBUG :: SMODS.https(10) :: Using https module backend 
INFO - [♥] Applied 0 patches to '=[SMODS _ "smods-https-thread.lua"]'
INFO - [G] 2025-08-08 03:16:27 :: DEBUG :: SMODS.https(11) :: Using https module backend 
INFO - [♥] Applied 0 patches to '=[SMODS _ "smods-https-thread.lua"]'
INFO - [G] 2025-08-08 03:17:28 :: DEBUG :: SMODS.https(12) :: Using https module backend 
INFO - [♥] Applied 0 patches to '=[SMODS _ "smods-https-thread.lua"]'
INFO - [G] 2025-08-08 03:18:30 :: DEBUG :: SMODS.https(13) :: Using https module backend 
INFO - [♥] Applied 0 patches to '=[SMODS _ "smods-https-thread.lua"]'
INFO - [G] 2025-08-08 03:19:32 :: DEBUG :: SMODS.https(14) :: Using https module backend 
INFO - [♥] Applied 0 patches to '=[SMODS _ "smods-https-thread.lua"]'
INFO - [G] 2025-08-08 03:20:35 :: DEBUG :: SMODS.https(15) :: Using https module backend 
INFO - [♥] Applied 0 patches to '=[SMODS _ "smods-https-thread.lua"]'
INFO - [G] 2025-08-08 03:21:37 :: DEBUG :: SMODS.https(16) :: Using https module backend 
INFO - [♥] Applied 0 patches to '=[SMODS _ "smods-https-thread.lua"]'
INFO - [G] 2025-08-08 03:22:40 :: DEBUG :: SMODS.https(17) :: Using https module backend 
INFO - [♥] Applied 0 patches to '=[SMODS _ "smods-https-thread.lua"]'
INFO - [G] 2025-08-08 03:23:40 :: DEBUG :: SMODS.https(18) :: Using https module backend 
INFO - [♥] Applied 0 patches to '=[SMODS _ "smods-https-thread.lua"]'
INFO - [G] 2025-08-08 03:24:42 :: DEBUG :: SMODS.https(19) :: Using https module backend 
INFO - [♥] Applied 0 patches to '=[SMODS _ "smods-https-thread.lua"]'
INFO - [G] 2025-08-08 03:25:46 :: DEBUG :: SMODS.https(20) :: Using https module backend 
INFO - [G] line not found
INFO - [G] file not found: main.lua: No such file or directory
INFO - [G] file not found: main.lua: No such file or directory
INFO - [G] 2025-08-08 03:26:16 :: ERROR :: StackTrace :: Oops! The game crashed
main.lua:2747: [SMODS aikoyorisshenanigans "./modules/hooks/scoring.lua"]:11: attempt to index field 'ability' (a nil value)
Stack Traceback
===============
(1) Lua upvalue 'orig' at file 'main.lua:612'
	Local variables:
	 msg = string: "main.lua:2747: [SMODS aikoyorisshenanigans \"./modules/hooks/scoring.lua\"]:11: attempt to index field 'ability' (a nil value)"
	 (*temporary) = Lua function '?' (defined at line 31 of chunk [SMODS _ "src/logging.lua"])
	 (*temporary) = string: "Oops! The game crashed\
"
(2) Lua local 'handler' at file 'debugplus/console.lua:576' (from lovely module debugplus.console)
	Local variables:
	 msg = string: "main.lua:2747: [SMODS aikoyorisshenanigans \"./modules/hooks/scoring.lua\"]:11: attempt to index field 'ability' (a nil value)"
(3) LÖVE function at file 'boot.lua:352' (best guess)
	Local variables:
	 errhand = Lua function '(LÖVE Function)' (defined at line 575 of chunk [lovely debugplus.console "debugplus/console.lua"])
	 handler = Lua function '(LÖVE Function)' (defined at line 575 of chunk [lovely debugplus.console "debugplus/console.lua"])
(4) global C function 'error'
(5) Lua upvalue 'gfep' at file 'main.lua:2747'
	Local variables:
	 success = boolean: false
	 err = string: "[SMODS aikoyorisshenanigans \"./modules/hooks/scoring.lua\"]:11: attempt to index field 'ability' (a nil value)"
(6) Lua upvalue 'gfep' at file 'main.lua:2889'
	Local variables:
	 e = table: 0x23cdc368  {pixellated_rect:table: 0x1d339a78, click_offset:table: 0x23ce5190, children:table: 0x23cdc390, parent:table: 0x23cdc1c8, T:table: 0x23ce50a0 (more...)}
(7) Lua upvalue 'eval_hook' at file 'lib/overrides.lua:146' (from mod with id Cryptid)
	Local variables:
	 e = table: 0x23cdc368  {pixellated_rect:table: 0x1d339a78, click_offset:table: 0x23ce5190, children:table: 0x23cdc390, parent:table: 0x23cdc1c8, T:table: 0x23ce50a0 (more...)}
(8) Lua field 'evaluate_play' at file './modules/hooks/general.lua:904' (from mod with id aikoyorisshenanigans)
	Local variables:
	 e = table: 0x23cdc368  {pixellated_rect:table: 0x1d339a78, click_offset:table: 0x23ce5190, children:table: 0x23cdc390, parent:table: 0x23cdc1c8, T:table: 0x23ce50a0 (more...)}
	 word_split = table: 0x156c9010  {#:true, R:true, H:true, A:true, E:true}
(9) Lua field 'func' at file 'functions/state_events.lua:687'
(10) Lua method 'handle' at file 'engine/event.lua:101'
	Local variables:
	 self = table: 0x146e4610  {start_timer:true, timer:TOTAL, blockable:true, trigger:immediate, created_on_pause:false, delay:0, complete:false, time:18988.489909816, blocking:true (more...)}
	 _results = table: 0x16dc4008  {blocking:true, pause_skip:false, time_done:false, completed:false}
(11) Lua method 'update' at file 'engine/event.lua:187'
	Local variables:
	 self = table: 0x1461d888  {queue_last_processed:661.66666666639, queues:table: 0x1461e0a0, queue_dt:0.016666666666667, queue_timer:1183.870123145}
	 dt = number: 0.0544232
	 forced = nil
	 (for generator) = C function: next
	 (for state) = table: 0x1461e0a0  {unlock:table: 0x1461e848, galdur:table: 0x1410e308, other:table: 0x14620b38, tutorial:table: 0x1461fd10, akyrs_desc:table: 0x146214e0, base:table: 0x1461ee78 (more...)}
	 (for control) = number: nan
	 k = string: "base"
	 v = table: 0x1461ee78  {1:table: 0x220ddd20, 2:table: 0x146e4610, 3:table: 0x1f145898, 4:table: 0x15b60838, 5:table: 0x23d8acc0, 6:table: 0x27932ee0, 7:table: 0x22ddce78 (more...)}
	 blocked = boolean: false
	 i = number: 2
	 results = table: 0x16dc4008  {blocking:true, pause_skip:false, time_done:false, completed:false}
(12) Lua upvalue 'gameUpdateRef' at file 'game.lua:2743'
	Local variables:
	 self = table: 0x13c1c1a8  {F_GUIDE:false, F_CRASH_REPORTS:false, aiko_wordle:table: 0x22dc3968, F_JAN_CTA:false, F_QUIT_BUTTON:true, HUD_tags:table: 0x22b894d0, F_ENGLISH_ONLY:false (more...)}
	 dt = number: 0.0544232
	 http_resp = nil
	 njy_red = table: 0x13c21228  {1:0.99607843137255, 2:0.37254901960784, 3:0.33333333333333, 4:1}
	 njy_green = table: 0x13c212e0  {1:0.29411764705882, 2:0.76078431372549, 3:0.57254901960784, 4:1}
(13) Lua upvalue 'update_ref' at Steamodded file 'src/ui.lua:84' 
	Local variables:
	 self = table: 0x13c1c1a8  {F_GUIDE:false, F_CRASH_REPORTS:false, aiko_wordle:table: 0x22dc3968, F_JAN_CTA:false, F_QUIT_BUTTON:true, HUD_tags:table: 0x22b894d0, F_ENGLISH_ONLY:false (more...)}
	 dt = number: 0.0544232
(14) Lua upvalue 'upd' at file 'main.lua:1747'
	Local variables:
	 self = table: 0x13c1c1a8  {F_GUIDE:false, F_CRASH_REPORTS:false, aiko_wordle:table: 0x22dc3968, F_JAN_CTA:false, F_QUIT_BUTTON:true, HUD_tags:table: 0x22b894d0, F_ENGLISH_ONLY:false (more...)}
	 dt = number: 0.0544232
(15) Lua upvalue 'game_update_ref' at file 'main.lua:2725'
	Local variables:
	 self = table: 0x13c1c1a8  {F_GUIDE:false, F_CRASH_REPORTS:false, aiko_wordle:table: 0x22dc3968, F_JAN_CTA:false, F_QUIT_BUTTON:true, HUD_tags:table: 0x22b894d0, F_ENGLISH_ONLY:false (more...)}
	 dt = number: 0.0544232
(16) Lua upvalue 'game_updateref' at file 'src/core.lua:121' (from lovely module systemclock.core)
	Local variables:
	 self = table: 0x13c1c1a8  {F_GUIDE:false, F_CRASH_REPORTS:false, aiko_wordle:table: 0x22dc3968, F_JAN_CTA:false, F_QUIT_BUTTON:true, HUD_tags:table: 0x22b894d0, F_ENGLISH_ONLY:false (more...)}
	 dt = number: 0.0544232
(17) Lua upvalue 'game_updateref' at file 'other/colours.lua:1455' (from mod with id MoreFluff)
	Local variables:
	 self = table: 0x13c1c1a8  {F_GUIDE:false, F_CRASH_REPORTS:false, aiko_wordle:table: 0x22dc3968, F_JAN_CTA:false, F_QUIT_BUTTON:true, HUD_tags:table: 0x22b894d0, F_ENGLISH_ONLY:false (more...)}
	 dt = number: 0.0544232
(18) Lua upvalue 'game_updateref' at file 'MoreFluff.lua:1123' (from mod with id MoreFluff)
	Local variables:
	 self = table: 0x13c1c1a8  {F_GUIDE:false, F_CRASH_REPORTS:false, aiko_wordle:table: 0x22dc3968, F_JAN_CTA:false, F_QUIT_BUTTON:true, HUD_tags:table: 0x22b894d0, F_ENGLISH_ONLY:false (more...)}
	 dt = number: 0.0544232
(19) Lua upvalue 'gu' at file 'multipack.lua:554' (from mod with id Multipack)
	Local variables:
	 self = table: 0x13c1c1a8  {F_GUIDE:false, F_CRASH_REPORTS:false, aiko_wordle:table: 0x22dc3968, F_JAN_CTA:false, F_QUIT_BUTTON:true, HUD_tags:table: 0x22b894d0, F_ENGLISH_ONLY:false (more...)}
	 dt = number: 0.0544232
(20) Lua upvalue 'upd' at file 'lib/gameset.lua:27' (from mod with id Cryptid)
	Local variables:
	 self = table: 0x13c1c1a8  {F_GUIDE:false, F_CRASH_REPORTS:false, aiko_wordle:table: 0x22dc3968, F_JAN_CTA:false, F_QUIT_BUTTON:true, HUD_tags:table: 0x22b894d0, F_ENGLISH_ONLY:false (more...)}
	 dt = number: 0.0544232
(21) Lua upvalue 'gameUpdate' at file 'lib/overrides.lua:323' (from mod with id Cryptid)
	Local variables:
	 self = table: 0x13c1c1a8  {F_GUIDE:false, F_CRASH_REPORTS:false, aiko_wordle:table: 0x22dc3968, F_JAN_CTA:false, F_QUIT_BUTTON:true, HUD_tags:table: 0x22b894d0, F_ENGLISH_ONLY:false (more...)}
	 dt = number: 0.0544232
(22) Lua method 'update' at file './modules/hooks/general.lua:103' (from mod with id aikoyorisshenanigans)
	Local variables:
	 self = table: 0x13c1c1a8  {F_GUIDE:false, F_CRASH_REPORTS:false, aiko_wordle:table: 0x22dc3968, F_JAN_CTA:false, F_QUIT_BUTTON:true, HUD_tags:table: 0x22b894d0, F_ENGLISH_ONLY:false (more...)}
	 dt = number: 0.0544232
(23) Lua upvalue 'love_update_ref' at file 'main.lua:1028'
	Local variables:
	 dt = number: 0.0544232
(24) Lua upvalue 'oldupd' at file 'modules/controller.lua:1027' (from lovely module handy/controller)
	Local variables:
	 dt = number: 0.0544232
(25) Lua field 'update' at file 'main.lua:2758'
	Local variables:
	 dt = number: 0.0544232
(26) Lua function '?' at file 'main.lua:938' (best guess)
(27) global C function 'xpcall'
(28) LÖVE function at file 'boot.lua:377' (best guess)
	Local variables:
	 func = Lua function '?' (defined at line 909 of chunk main.lua)
	 inerror = boolean: true
	 deferErrhand = Lua function '(LÖVE Function)' (defined at line 348 of chunk [love "boot.lua"])
	 earlyinit = Lua function '(LÖVE Function)' (defined at line 355 of chunk [love "boot.lua"])
 
INFO - [G] file not found: main.lua: No such file or directory
INFO - [G] file not found: main.lua: No such file or directory
INFO - [G] 2025-08-08 03:26:16 :: INFO  :: StackTrace :: Additional Context:
Balatro Version: 1.0.1o-FULL
Modded Version: 1.0.0~BETA-0711a-STEAMODDED
LÖVE Version: 11.5.0
Lovely Version: 0.8.0
Platform: Windows
Steamodded Mods:
    1: Cryptid-MoreMarioJokers by SMG9000, Denverplays2, MarioFan597 [ID: CryptidMoreMarioJokers, Version: 0.2.0, Uses Lovely]
    2: SDM_0's Stuff by SDM_0 [ID: sdm0sstuff, Version: 1.7.3a, Uses Lovely]
    3: Card Sleeves by Larswijn [ID: CardSleeves, Priority: -10, Version: 1.8.0, Uses Lovely]
    4: More Joker Packs by Samario [ID: MoreJokerPacks, Priority: 10000, Version: 0.0.2]
    5: Galdur by Eremel_ [ID: galdur, Priority: -10000, Version: 1.2.1d, Uses Lovely]
    6: Talisman by MathIsFun_, Mathguy24, jenwalter666, cg-223 [ID: Talisman, Version: 2.3.1, Uses Lovely]
        Break Infinity: omeganum
    7: iOS adaptation by Xioxin [ID: IOSAdaptation]
    8: Local Pool Fix by jenwalter666 [ID: jen_localpoolfix]
    9: Overflow by Ruby [ID: Overflow, Priority: 10, Version: 1.0.4, Uses Lovely]
    10: HD Balatro Textures by DDRitter [ID: hdtextures, Version: 1.0.0]
    11: UltraHand by Xioxin [ID: UltraHand]
    12: Incantation by jenwalter666, MathIsFun_ [ID: incantation, Priority: 9e+301, Version: 0.7.1, Uses Lovely]
    13: SystemClock by Breezebuilder [ID: SystemClock, Priority: 100000, Version: 1.7.1, Uses Lovely]
    14: Nopeus by jenwalter666, stupxd [ID: nopeus, Version: 2.2.3, Uses Lovely]
    15: Aurinko by jenwalter666 [ID: aurinko, Priority: 9.9e+301, Version: 0.4.15]
    16: More Fluff by notmario, CHECK CREDITS IN MOD TAB [ID: MoreFluff, Version: 1.5.6, Uses Lovely]
    17: BalatroDarkModeMalverk by Carroton [ID: darktextures, Version: 1.2.0]
    18: Aikoyori's Shenanigans by Aikoyori [ID: aikoyorisshenanigans, Priority: 700, Version: 0.2.0-alpha-250801e, Uses Lovely]
        Balance: absurd
    19: Multipack by sishui [ID: Multipack, Version: 2.1.0]
    20: Jen's Library by jenwalter666 [ID: JenLib, Version: 0.4.0]
    21: Brainstorm by OceanRamen [ID: Brainstorm, Version: 2.0.0-beta, Uses Lovely]
    22: Cryptid by MathIsFun_, Cryptid and Balatro Discords [ID: Cryptid, Priority: 114, Version: 0.5.10, Uses Lovely]
    23: Blueprint by stupxd aka stupid, Jonathan [ID: blueprint, Priority: 69, Version: 3.3, Uses Lovely]
    24: Preorder Cards by asd123cqp [ID: preorder_cards]
    25: DebugPlus by WilsontheWolf [ID: DebugPlus, Version: 1.4.2, Uses Lovely]
    26: Malverk by Eremel_ [ID: malverk, Priority: -999999, Version: 1.1.3a, Uses Lovely]
    27: Cartomancer by stupxd aka stupid [ID: cartomancer, Priority: 69, Version: 4.16, Uses Lovely]
    28: NotJustYet by toneblock [ID: NotJustYet, Priority: 1, Version: 0.5.4, Uses Lovely]
    29: Better Mouse And Gamepad by Kooluve [ID: BetterMouseAndGamepad, Priority: -10000, Version: 1.0.6d]
    30: BalatroDarkModeExtras by Carroton [ID: BalatroDarkMode, Version: 1.2.0]
    31: Handy by SleepyG11 [ID: Handy, Version: 1.5.1f, Uses Lovely]
    32: JokerDisplay by nh6574 [ID: JokerDisplay, Priority: -100000, Version: 1.8.5.2]
    33: Loop by jenwalter666 [ID: loop, Priority: -9999999999, Version: 0.1.1]
Lovely Mods: 
