INFO - [♥] Lovely 0.8.0
INFO - [♥] Game directory is at "C:\\games\\Balatro.v1.0.1o\\Balatro.v1.0.1o\\game"
INFO - [♥] Writing logs to "C:\\Users\\easto\\AppData\\Roaming\\Balatro\\Mods\\lovely\\log"
INFO - [♥] Using mod directory at "C:\\Users\\easto\\AppData\\Roaming\\Balatro\\Mods"
INFO - [♥] Found .lovelyignore in 'Aikoyori'sShenanigans', skipping it.
INFO - [♥] Found .lovelyignore in 'Cryptid', skipping it.
INFO - [♥] Found .lovelyignore in 'Cryptid-MoreMarioJokers', skipping it.
INFO - [♥] Found .lovelyignore in 'Cryptposting', skipping it.
INFO - [♥] Found .lovelyignore in 'CustomSuitOrder', skipping it.
INFO - [♥] Found .lovelyignore in 'ExtraCredit', skipping it.
INFO - [♥] Found .lovelyignore in 'Jen', skipping it.
INFO - [♥] Found .lovelyignore in 'Kino', skipping it.
INFO - [♥] Found .lovelyignore in 'Malverk', skipping it.
INFO - [♥] Found .lovelyignore in 'MoreFluff', skipping it.
INFO - [♥] Found .lovelyignore in 'MoreJokerPacks', skipping it.
INFO - [♥] Found .lovelyignore in 'multipack', skipping it.
INFO - [♥] Found .lovelyignore in 'SDM_0'sStuff', skipping it.
INFO - [♥] Found .lovelyignore in 'StickyFingers', skipping it.
INFO - [♥] Found .lovelyignore in 'Trance', skipping it.
INFO - [♥] Found .lovelyignore in 'Yggdrasil', skipping it.
WARN - [♥] Unknown key `patches.1.?.match_indent` found in patch file at "C:\\Users\\easto\\AppData\\Roaming\\Balatro\\Mods\\Cartomancer\\lovely\\blinds-info.toml", ignoring it
WARN - [♥] Unknown key `patches.2.?.match_indent` found in patch file at "C:\\Users\\easto\\AppData\\Roaming\\Balatro\\Mods\\Cartomancer\\lovely\\stackable-deck-steamodded.toml", ignoring it
WARN - [♥] Unknown key `patches.4.?.match_indent` found in patch file at "C:\\Users\\easto\\AppData\\Roaming\\Balatro\\Mods\\Cartomancer\\lovely\\stackable-deck-steamodded.toml", ignoring it
WARN - [♥] Unknown key `patches.6.?.match_indent` found in patch file at "C:\\Users\\easto\\AppData\\Roaming\\Balatro\\Mods\\Cartomancer\\lovely\\stackable-deck-steamodded.toml", ignoring it
WARN - [♥] Unknown key `patches.1.?.match_indent` found in patch file at "C:\\Users\\easto\\AppData\\Roaming\\Balatro\\Mods\\HandyBalatro\\lovely\\controls_misc.toml", ignoring it
WARN - [♥] Unknown key `patches.1.?.overwrite` found in patch file at "C:\\Users\\easto\\AppData\\Roaming\\Balatro\\Mods\\HandyBalatro\\lovely\\controls_misc.toml", ignoring it
WARN - [♥] Unknown key `patches.0.?.overwrite` found in patch file at "C:\\Users\\easto\\AppData\\Roaming\\Balatro\\Mods\\HandyBalatro\\lovely\\controls_show_deck_preview.toml", ignoring it
WARN - [♥] Unknown key `patches.35.?.match_indent` found in patch file at "C:\\Users\\easto\\AppData\\Roaming\\Balatro\\Mods\\Talisman\\lovely.toml", ignoring it
WARN - [♥] Unknown key `patches.35.?.overwrite` found in patch file at "C:\\Users\\easto\\AppData\\Roaming\\Balatro\\Mods\\Talisman\\lovely.toml", ignoring it
WARN - [♥] Unknown key `patches.52.?.match_indent` found in patch file at "C:\\Users\\easto\\AppData\\Roaming\\Balatro\\Mods\\Talisman\\lovely.toml", ignoring it
WARN - [♥] Unknown key `patches.55.?.match_indent` found in patch file at "C:\\Users\\easto\\AppData\\Roaming\\Balatro\\Mods\\Talisman\\lovely.toml", ignoring it
INFO - [♥] Cleaning up dumps directory at "C:\\Users\\easto\\AppData\\Roaming\\Balatro\\Mods\\lovely\\dump"
INFO - [♥] Initialization complete in 454ms
INFO - [♥] Applied 1 patch to 'conf.lua'
WARN - [♥] Pattern 'G.ARGS.score_intensity.organ = G.video_organ or G.ARGS.score_intensity.required_score > 0 and math.max(math.min(0.4, 0.1*math.log(G.ARGS.score_intensity.earned_score/(G.ARGS.score_intensity.required_score+1), 5)),0.) or 0' on target 'main.lua' for pattern patch from Talisman\lovely.toml resulted in no matches
WARN - [♥] Pattern 'if type(G.GAME.current_round.current_hand.chips) ~= \'number\' or type(G.GAME.current_round.current_hand.mult) ~= \'number\' then' on target 'main.lua' for pattern patch from Talisman\lovely.toml resulted in no matches
WARN - [♥] Pattern 'assert(load(nfs.read(Saturn.PATH .. \"/core/logic/hide_played.lua\")))()' on target 'main.lua' for pattern patch from Cartomancer\lovely\saturn-compat.toml resulted in no matches
WARN - [♥] Pattern 'modded and {' on target 'main.lua' for pattern patch from Cartomancer\lovely\stackable-deck-steamodded-0.9.8.toml resulted in no matches
INFO - [♥] Applied 24 patches to 'main.lua'
INFO - [♥] Applied 2 patches to 'engine/string_packer.lua'
INFO - [♥] Applied 19 patches to 'engine/controller.lua'
INFO - [♥] Applied 15 patches to 'back.lua'
INFO - [♥] Applied 7 patches to 'tag.lua'
INFO - [♥] Applied 1 patch to 'engine/event.lua'
INFO - [♥] Applied 3 patches to 'engine/moveable.lua'
INFO - [♥] Applied 3 patches to 'engine/sprite.lua'
INFO - [♥] Applied 2 patches to 'engine/animatedsprite.lua'
WARN - [♥] Pattern 'assembled_string = assembled_string..(type(subpart) == \'string\' and subpart or args.vars[tonumber(subpart[1])] or \'ERROR\')' on target 'functions/misc_functions.lua' for pattern patch from Talisman\lovely.toml resulted in no matches
INFO - [♥] Applied 74 patches to 'functions/misc_functions.lua'
WARN - [♥] Pattern 'if Big:new(G.GAME.chips) >= Big:new(G.GAME.blind.chips) or G.GAME.current_round.hands_left < 1 then' on target 'game.lua' for pattern patch from NotJustYet\lovely.toml resulted in no matches
WARN - [♥] Pattern 'if to_big(G.GAME.chips) >= to_big(G.GAME.blind.chips) or G.GAME.current_round.hands_left <= 0 then' on target 'game.lua' for pattern patch from NotJustYet\lovely.toml resulted in no matches
WARN - [♥] Pattern 'if G.GAME.chips - G.GAME.blind.chips >= 0 or G.GAME.current_round.hands_left < 1 then' on target 'game.lua' for pattern patch from Talisman\lovely.toml resulted in no matches
INFO - [♥] Applied 69 patches to 'game.lua'
INFO - [♥] Applied 3 patches to 'globals.lua'
WARN - [♥] Pattern 'self.config.chosen = true' on target 'engine/ui.lua' for pattern patch from Cartomancer\lovely\vanilla-ui.toml resulted in no matches
INFO - [♥] Applied 9 patches to 'engine/ui.lua'
WARN - [♥] Pattern '{n=G.UIT.T, config={text = G.GAME.hands[handname].chips, scale = 0.45, colour = G.C.UI.TEXT_LIGHT}},' on target 'functions/UI_definitions.lua' for pattern patch from Talisman\lovely.toml resulted in no matches
WARN - [♥] Pattern '{n=G.UIT.T, config={text = G.GAME.hands[handname].mult, scale = 0.45, colour = G.C.UI.TEXT_LIGHT}}' on target 'functions/UI_definitions.lua' for pattern patch from Talisman\lovely.toml resulted in no matches
INFO - [♥] Applied 125 patches to 'functions/UI_definitions.lua'
WARN - [♥] Pattern 'if effects[ii].card then' on target 'functions/state_events.lua' for pattern patch from HandyBalatro\lovely\controls_animation_skip.toml resulted in no matches
WARN - [♥] Pattern 'if effects[ii].card then' on target 'functions/state_events.lua' for pattern patch from Talisman\lovely.toml resulted in no matches
WARN - [♥] Pattern 'if effects.jokers.Xmult_mod then mult = mod_mult(mult*effects.jokers.Xmult_mod);extras.mult = true  end' on target 'functions/state_events.lua' for pattern patch from Talisman\lovely.toml resulted in no matches
WARN - [♥] Pattern 'if effect.Xmult_mod then mult = mod_mult(mult*effect.Xmult_mod);extras.mult = true  end' on target 'functions/state_events.lua' for pattern patch from Talisman\lovely.toml resulted in no matches
WARN - [♥] Pattern 'if effects[ii].message then' on target 'functions/state_events.lua' for pattern patch from Talisman\lovely.toml resulted in no matches
WARN - [♥] Pattern '--calculate the card edition effects' on target 'functions/state_events.lua' for pattern patch from Talisman\lovely.toml resulted in no matches
WARN - [♥] Pattern 'if effects[ii].edition.p_dollars_mod then' on target 'functions/state_events.lua' for pattern patch from Talisman\lovely.toml resulted in no matches
WARN - [♥] Pattern 'if edition_effects.jokers.x_mult_mod then' on target 'functions/state_events.lua' for pattern patch from Talisman\lovely.toml resulted in no matches
INFO - [♥] Applied 63 patches to 'functions/state_events.lua'
WARN - [♥] Pattern 'func = (function() if eval_func(card) then if not first or first then card:juice_up(0.1, 0.1) end;juice_card_until(card, eval_func, nil, 0.8) end return true end)' on target 'functions/common_events.lua' for pattern patch from HandyBalatro\lovely\controls_animation_skip.toml resulted in no matches
WARN - [♥] Pattern 'func = (function() if eval_func(card) then if not first or first then card:juice_up(0.1, 0.1) end;juice_card_until(card, eval_func, nil, 0.8) end return true end)' on target 'functions/common_events.lua' for pattern patch from HandyBalatro\lovely\controls_animation_skip.toml resulted in no matches
WARN - [♥] Pattern 'if num_dollars > 60 then' on target 'functions/common_events.lua' for pattern patch from Talisman\lovely.toml resulted in no matches
WARN - [♥] Pattern 'func = (function() card:juice_up(0.7);return true end)' on target 'functions/common_events.lua' for pattern patch from Talisman\lovely.toml resulted in no matches
WARN - [♥] Pattern 'if card then card:juice_up(0.8, 0.5) end' on target 'functions/common_events.lua' for pattern patch from Talisman\lovely.toml resulted in no matches
WARN - [♥] Pattern 'card:juice_up(0.6, 0.1)' on target 'functions/common_events.lua' for pattern patch from Talisman\lovely.toml resulted in no matches
WARN - [♥] Pattern 'func = (function() if eval_func(card) then if not first or first then card:juice_up(0.1, 0.1) end;juice_card_until(card, eval_func, nil, 0.8) end return true end)' on target 'functions/common_events.lua' for pattern patch from Talisman\lovely.toml resulted in no matches
WARN - [♥] Pattern 'func = (function() if eval_func(card) then if not first or first then card:juice_up(0.1, 0.1) end;juice_card_until(card, eval_func, nil, 0.8) end return true end)' on target 'functions/common_events.lua' for pattern patch from Talisman\lovely.toml resulted in no matches
WARN - [♥] Pattern 'if amt > 0 or amt < 0 then' on target 'functions/common_events.lua' for pattern patch from Talisman\lovely.toml resulted in no matches
INFO - [♥] Applied 151 patches to 'functions/common_events.lua'
WARN - [♥] Pattern 'if #G.hand.highlighted <= 0 or G.GAME.blind.block_play or #G.hand.highlighted > 5 then' on target 'functions/button_callbacks.lua' for pattern patch from CardSleeves\lovely\expected_to_fail.toml resulted in no matches
INFO - [♥] Applied 72 patches to 'functions/button_callbacks.lua'
WARN - [♥] Pattern 'Xmult_mod = G.P_CENTERS.v_observatory.config.extra' on target 'card.lua' for pattern patch from Incantation\lovely.toml resulted in no matches
WARN - [♥] Pattern 'G.E_MANAGER:add_event(Event({func = (function() G.GAME.dollar_buffer = 0; return true end)}))' on target 'card.lua' for pattern patch from Talisman\lovely.toml resulted in no matches
WARN - [♥] Pattern 'if G.GAME.blind then G.E_MANAGER:add_event(Event({ func = function() G.GAME.blind:set_blind(nil, true, nil); return true end })) end' on target 'card.lua' for pattern patch from Talisman\lovely.toml resulted in no matches
WARN - [♥] Pattern 'x_mult = center.config.Xmult or 1,' on target 'card.lua' for pattern patch from Talisman\lovely.toml resulted in no matches
WARN - [♥] Pattern 'local currentBack = self.params.viewed_back and G.GAME.viewed_back or G.GAME.selected_back' on target 'card.lua' for pattern patch from Galdur\lovely.toml resulted in no matches
WARN - [♥] Regex 'self.params.viewed_back and G.GAME.viewed_back or G.GAME.selected_back' on target 'card.lua' for regex patch from CardSleeves\lovely\expected_to_fail.toml resulted in no matches
INFO - [♥] Applied 199 patches to 'card.lua'
INFO - [♥] Applied 22 patches to 'cardarea.lua'
INFO - [♥] Applied 40 patches to 'blind.lua'
WARN - [♥] Pattern 'if self.strings[k].W > self.config.W then' on target 'engine/text.lua' for pattern patch from Talisman\lovely.toml resulted in no matches
WARN - [♥] Pattern 'local letter = self.strings[self.focused_string].letters[k]' on target 'engine/text.lua' for pattern patch from Talisman\lovely.toml resulted in no matches
INFO - [♥] Applied 6 patches to 'engine/text.lua'
INFO - [♥] Applied 1 patch to '=[SMODS _ "src/utils.lua"]'
WARN - [♥] Pattern '    for _, v in ipairs(G.handlist) do\n\t\tif G.GAME.hands[v].visible then\n\t\t\ttable.insert(visible_hands, v)\n\t\tend\n\tend\n' on target '=[SMODS _ "src/overrides.lua"]' for pattern patch from Overflow\lovely\fixes.toml resulted in no matches
WARN - [♥] Pattern 'for _, v in ipairs(G.handlist) do
WARN - [♥] ' on target '=[SMODS _ "src/overrides.lua"]' for pattern patch from Overflow\lovely\fixes.toml resulted in 5 matches, wanted 4
WARN - [♥] Ignoring excess matches
WARN - [♥] Pattern 'card_limit = #SUITS[suit_map[j]],' on target '=[SMODS _ "src/overrides.lua"]' for pattern patch from Cartomancer\lovely\stackable-deck-steamodded.toml resulted in no matches
WARN - [♥] Pattern 'card_limit = #SUITS[visible_suit[j]],' on target '=[SMODS _ "src/overrides.lua"]' for pattern patch from Cartomancer\lovely\stackable-deck-steamodded.toml resulted in no matches
WARN - [♥] Regex '\t\t\tfor i = 1\\, \\#SUITS\\[suit_map\\[j\\]\\] do\n\t\t\t\tif SUITS\\[suit_map\\[j\\]\\]\\[i\\] then\n\t\t\t\t\tlocal greyed\\, _scale = nil\\, 0\\.7\n\t\t\t\t\tif unplayed_only and not \\(\\(SUITS\\[suit_map\\[j\\]\\]\\[i\\]\\.area and SUITS\\[suit_map\\[j\\]\\]\\[i\\]\\.area == G\\.deck\\) or SUITS\\[suit_map\\[j\\]\\]\\[i\\]\\.ability\\.wheel_flipped\\) then\n\t\t\t\t\t\tgreyed = true\n\t\t\t\t\tend\n\t\t\t\t\tlocal copy = copy_card\\(SUITS\\[suit_map\\[j\\]\\]\\[i\\]\\, nil\\, _scale[^\\)\\n]*\\)\n\t\t\t\t\tcopy\\.greyed = greyed\n\t\t\t\t\tcopy\\.T\\.x = view_deck\\.T\\.x \\+ view_deck\\.T\\.w \\/ 2\n\t\t\t\t\tcopy\\.T\\.y = view_deck\\.T\\.y\n\n\t\t\t\t\tcopy:hard_set_T\\(\\)\n\t\t\t\t\tview_deck:emplace\\(copy\\)\n\t\t\t\tend\n\t\t\tend' on target '=[SMODS _ "src/overrides.lua"]' for regex patch from Cartomancer\lovely\stackable-deck-steamodded.toml resulted in no matches
INFO - [♥] Applied 7 patches to '=[SMODS _ "src/overrides.lua"]'
INFO - [G] Failed to connect to the debug server 
INFO - [G] 2025-08-20 23:09:36 :: DEBUG :: DebugConsole :: Steamodded Debug Socket started ! 
INFO - [G] 2025-08-20 23:09:36 :: INFO  :: SMODS :: Steamodded v1.0.0~BETA-0711a 
INFO - [G] Order not set for config dictionary: misc_quick_restart 
INFO - [G] Order not set for config dictionary: speed_multiplier_default_value 
INFO - [G] Order not set for config dictionary: misc_save_run 
INFO - [G] Order not set for config dictionary: animation_skip_default_value 
INFO - [G] [Blueprint] Starting to load config 
INFO - [G] [Blueprint] Reading config file:  
INFO - [G] [Blueprint] return {
	["INTERNAL_debug"] = false,
	["hello"] = true,
	["brainstorm"] = true,
	["blueprint"] = true,
} 
INFO - [G] [Blueprint] Removing setting `hello` because it is not in default config 
INFO - [♥] Applied 3 patches to 'engine/save_manager.lua'
INFO - [♥] Applied 9 patches to 'engine/sound_manager.lua'
INFO - [♥] Applied 2 patches to 'engine/string_packer.lua'
INFO - [G] Loaded all Blueprint mod shaders successfully 
INFO - [G] 2025-08-20 23:09:39 :: ERROR :: Loader :: Found invalid metadata JSON file at C:\Users\easto\AppData\Roaming\Balatro\Mods/Aikoyori'sShenanigans/.luarc.json, ignoring: [SMODS _ "src/loader.lua"]:226: id 
INFO - [G] 2025-08-20 23:09:39 :: ERROR :: Loader :: Found invalid metadata JSON file at C:\Users\easto\AppData\Roaming\Balatro\Mods/Aikoyori'sShenanigans/.vscode/settings.json, ignoring: [SMODS _ "src/loader.lua"]:226: id 
INFO - [G] 2025-08-20 23:09:39 :: INFO  :: Loader :: Valid JSON file found 
INFO - [G] 2025-08-20 23:09:39 :: TRACE :: Loader :: Processing Mod file (Legacy header): Aurinko.lua 
INFO - [G] 2025-08-20 23:09:39 :: TRACE :: Loader :: Saving Mod Info: aurinko 
INFO - [G] 2025-08-20 23:09:39 :: TRACE :: Loader :: Processing Mod file (Legacy header): BetterMouseAndGamepad.lua 
INFO - [G] 2025-08-20 23:09:39 :: TRACE :: Loader :: Saving Mod Info: BetterMouseAndGamepad 
INFO - [G] 2025-08-20 23:09:39 :: INFO  :: Loader :: Valid JSON file found 
INFO - [G] 2025-08-20 23:09:39 :: TRACE :: Loader :: Processing Mod file (Legacy header): steamodded_compat.lua 
INFO - [G] 2025-08-20 23:09:39 :: TRACE :: Loader :: Saving Mod Info: Brainstorm 
INFO - [G] 2025-08-20 23:09:39 :: INFO  :: Loader :: Valid JSON file found 
INFO - [G] 2025-08-20 23:09:39 :: TRACE :: Loader :: Processing Mod file (Legacy header): mod.lua 
INFO - [G] 2025-08-20 23:09:39 :: TRACE :: Loader :: Saving Mod Info: cartomancer 
INFO - [G] 2025-08-20 23:09:39 :: INFO  :: Loader :: Valid JSON file found 
INFO - [G] 2025-08-20 23:09:39 :: INFO  :: Loader :: Valid JSON file found 
INFO - [G] 2025-08-20 23:09:39 :: INFO  :: Loader :: Valid JSON file found 
INFO - [G] 2025-08-20 23:09:39 :: INFO  :: Loader :: Valid JSON file found 
INFO - [G] 2025-08-20 23:09:39 :: INFO  :: Loader :: Valid JSON file found 
INFO - [G] 2025-08-20 23:09:39 :: INFO  :: Loader :: Valid JSON file found 
INFO - [G] 2025-08-20 23:09:40 :: INFO  :: Loader :: Valid JSON file found 
INFO - [G] 2025-08-20 23:09:40 :: INFO  :: Loader :: Valid JSON file found 
INFO - [G] 2025-08-20 23:09:40 :: TRACE :: Loader :: Processing Mod file (Legacy header): steamodded.lua 
INFO - [G] 2025-08-20 23:09:40 :: WARN  :: Loader :: Duplicate Mod ID: Handy 
INFO - [G] 2025-08-20 23:09:40 :: INFO  :: Loader :: Valid JSON file found 
INFO - [G] 2025-08-20 23:09:40 :: INFO  :: Loader :: Valid JSON file found 
INFO - [G] 2025-08-20 23:09:40 :: TRACE :: Loader :: Processing Mod file (Legacy header): JenLib.lua 
INFO - [G] 2025-08-20 23:09:40 :: TRACE :: Loader :: Saving Mod Info: JenLib 
INFO - [G] 2025-08-20 23:09:40 :: INFO  :: Loader :: Valid JSON file found 
INFO - [G] 2025-08-20 23:09:40 :: INFO  :: Loader :: Valid JSON file found 
INFO - [G] 2025-08-20 23:09:40 :: TRACE :: Loader :: Processing Mod file (Legacy header): LocalPoolFix.lua 
INFO - [G] 2025-08-20 23:09:40 :: TRACE :: Loader :: Saving Mod Info: jen_localpoolfix 
INFO - [G] 2025-08-20 23:09:40 :: TRACE :: Loader :: Processing Mod file (Legacy header): Loop.lua 
INFO - [G] 2025-08-20 23:09:40 :: TRACE :: Loader :: Saving Mod Info: loop 
INFO - [G] 2025-08-20 23:09:40 :: INFO  :: Loader :: Valid JSON file found 
INFO - [G] 2025-08-20 23:09:40 :: INFO  :: Loader :: Valid JSON file found 
INFO - [G] 2025-08-20 23:09:40 :: TRACE :: Loader :: Processing Mod file (Legacy header): MoreJokerPacks.lua 
INFO - [G] 2025-08-20 23:09:40 :: TRACE :: Loader :: Saving Mod Info: MoreJokerPacks 
INFO - [G] 2025-08-20 23:09:40 :: TRACE :: Loader :: Processing Mod file (Legacy header): Nopeus.lua 
INFO - [G] 2025-08-20 23:09:40 :: TRACE :: Loader :: Saving Mod Info: nopeus 
INFO - [G] 2025-08-20 23:09:40 :: TRACE :: Loader :: Processing Mod file (Legacy header): main.lua 
INFO - [G] 2025-08-20 23:09:40 :: TRACE :: Loader :: Saving Mod Info: NotJustYet 
INFO - [G] 2025-08-20 23:09:40 :: INFO  :: Loader :: Valid JSON file found 
INFO - [G] 2025-08-20 23:09:40 :: TRACE :: Loader :: Processing Mod file (Legacy header): PreorderCards.lua 
INFO - [G] 2025-08-20 23:09:40 :: TRACE :: Loader :: Saving Mod Info: preorder_cards 
INFO - [G] 2025-08-20 23:09:40 :: INFO  :: Loader :: Valid JSON file found 
INFO - [G] 2025-08-20 23:09:40 :: INFO  :: Loader :: Valid JSON file found 
INFO - [G] 2025-08-20 23:09:40 :: ERROR :: Loader :: Found invalid metadata JSON file at C:\Users\easto\AppData\Roaming\Balatro\Mods/StickyFingers/.vscode/settings.json, ignoring: [SMODS _ "src/loader.lua"]:226: id 
INFO - [G] 2025-08-20 23:09:40 :: INFO  :: Loader :: Valid JSON file found 
INFO - [G] 2025-08-20 23:09:40 :: INFO  :: Loader :: Valid JSON file found 
INFO - [G] 2025-08-20 23:09:40 :: TRACE :: Loader :: Processing Mod file (Legacy header): steamodded_metadata.lua 
INFO - [G] 2025-08-20 23:09:40 :: TRACE :: Loader :: Saving Mod Info: Talisman 
INFO - [G] 2025-08-20 23:09:40 :: TRACE :: Loader :: Processing Mod file (Legacy header): IOSAdaptation.lua 
INFO - [G] 2025-08-20 23:09:40 :: TRACE :: Loader :: Saving Mod Info: IOSAdaptation 
INFO - [G] 2025-08-20 23:09:40 :: TRACE :: Loader :: Processing Mod file (Legacy header): UltraHand.lua 
INFO - [G] 2025-08-20 23:09:40 :: TRACE :: Loader :: Saving Mod Info: UltraHand 
INFO - [G] 2025-08-20 23:09:40 :: INFO  :: Loader :: Valid JSON file found 
INFO - [G] 2025-08-20 23:09:40 :: TRACE :: Loader :: Processing Mod file (Legacy header): Extras.lua 
INFO - [G] 2025-08-20 23:09:40 :: TRACE :: Loader :: Saving Mod Info: BalatroDarkMode 
INFO - [G] 2025-08-20 23:09:40 :: TRACE :: Loader :: Processing Mod file (Legacy header): main.lua 
INFO - [G] 2025-08-20 23:09:40 :: TRACE :: Loader :: Saving Mod Info: darktextures 
INFO - [G] 2025-08-20 23:09:40 :: TRACE :: Loader :: Processing Mod file (Legacy header): multipack.lua 
INFO - [G] 2025-08-20 23:09:40 :: TRACE :: Loader :: Saving Mod Info: Multipack 
INFO - [G] 2025-08-20 23:09:41 :: TRACE :: Loader :: Mod malverk was unable to load:  
INFO - [G] 2025-08-20 23:09:41 :: TRACE :: Loader :: Mod YGGDRASIL was unable to load:  
INFO - [G] 2025-08-20 23:09:41 :: INFO  :: CardSleeves :: CardSleeves v1.8.0 loaded~! 
INFO - [G] 2025-08-20 23:09:41 :: TRACE :: Loader :: Mod BalatroDarkMode was unable to load:  
INFO - [G] 2025-08-20 23:09:41 :: TRACE :: Loader :: Mod CryptidMoreMarioJokers was unable to load: Missing Dependencies: 1: Cryptid

 
INFO - [G] 2025-08-20 23:09:41 :: DEBUG :: DefaultLogger :: IOS Adaptation! 
INFO - [G] 2025-08-20 23:09:41 :: TRACE :: Loader :: Mod MoreFluff was unable to load:  
INFO - [G] 2025-08-20 23:09:41 :: TRACE :: Loader :: Mod Multipack was unable to load:  
INFO - [G] 2025-08-20 23:09:41 :: TRACE :: Loader :: Mod SodaShop was unable to load: Missing Dependencies: 1: Cryptid

 
INFO - [G] 2025-08-20 23:09:41 :: TRACE :: Loader :: Mod darktextures was unable to load: Missing Dependencies: 1: malverk

 
INFO - [G] 2025-08-20 23:09:41 :: TRACE :: Loader :: Mod sdm0sstuff was unable to load:  
INFO - [G] 2025-08-20 23:09:41 :: WARN  :: Atlas :: Detected duplicate register call on object njy_modicon 
INFO - [G] 2025-08-20 23:09:41 :: TRACE :: Loader :: Mod extracredit was unable to load:  
INFO - [G] 2025-08-20 23:09:41 :: WARN  :: Atlas :: Detected duplicate register call on object ovrf_modicon 
INFO - [G] 2025-08-20 23:09:41 :: TRACE :: Loader :: Mod Cryptid was unable to load:  
INFO - [G] 2025-08-20 23:09:41 :: TRACE :: Loader :: Mod aikoyorisshenanigans was unable to load:  
INFO - [G] 2025-08-20 23:09:41 :: TRACE :: Loader :: Mod kino was unable to load:  
INFO - [G] 2025-08-20 23:09:41 :: TRACE :: Loader :: Mod MoreJokerPacks was unable to load:  
INFO - [G] 2025-08-20 23:09:41 :: TRACE :: Loader :: Mod eramdam.sticky-fingers was unable to load:  
INFO - [G] 2025-08-20 23:09:41 :: TRACE :: Loader :: Mod SuitOrder was unable to load:  
INFO - [G] 2025-08-20 23:09:41 :: TRACE :: Loader :: Mod cryptposting was unable to load: Missing Dependencies: 1: Cryptid

 
INFO - [G] 2025-08-20 23:09:41 :: TRACE :: Loader :: Mod jen was unable to load: Missing Dependencies: 1: nopeus (>=2.2.5)
2: Cryptid (==0.5.5a~dev2)

 
INFO - [G] 2025-08-20 23:09:41 :: INFO  :: TIMER :: [0000] Injected Fonts in 0.007 ms 
INFO - [G] 2025-08-20 23:09:41 :: INFO  :: TIMER :: [0000] Injected Language in 0.008 ms 
INFO - [G] 2025-08-20 23:09:41 :: INFO  :: TIMER :: [0000] Injected [INTERNAL] in 13.525 ms 
INFO - [G] 2025-08-20 23:09:42 :: INFO  :: TIMER :: [0016] Injected Atlas in 1274.302 ms 
INFO - [G] 2025-08-20 23:09:42 :: INFO  :: TIMER :: [0008] Injected Sound in 21.836 ms 
INFO - [G] 2025-08-20 23:09:42 :: INFO  :: TIMER :: [0008] Injected Stake in 1.115 ms 
INFO - [G] 2025-08-20 23:09:42 :: INFO  :: TIMER :: [0004] Injected Rarity in 0.041 ms 
INFO - [G] 2025-08-20 23:09:42 :: INFO  :: TIMER :: [0004] Injected ObjectType in 0.106 ms 
INFO - [G] 2025-08-20 23:09:42 :: INFO  :: TIMER :: [0071] Injected Center in 1.812 ms 
INFO - [G] 2025-08-20 23:09:42 :: INFO  :: TIMER :: [0007] Injected Undiscovered Sprite in 0.100 ms 
INFO - [G] 2025-08-20 23:09:42 :: INFO  :: TIMER :: [0002] Injected Blind in 0.086 ms 
INFO - [G] 2025-08-20 23:09:42 :: INFO  :: TIMER :: [0004] Injected Seal in 1.508 ms 
INFO - [G] 2025-08-20 23:09:42 :: INFO  :: TIMER :: [0004] Injected Suit in 0.301 ms 
INFO - [G] 2025-08-20 23:09:42 :: INFO  :: TIMER :: [0013] Injected Rank in 0.565 ms 
INFO - [G] 2025-08-20 23:09:42 :: INFO  :: TIMER :: [0028] Injected DeckSkin in 1.160 ms 
INFO - [G] 2025-08-20 23:09:42 :: INFO  :: TIMER :: [0012] Injected PokerHand in 0.448 ms 
INFO - [G] 2025-08-20 23:09:42 :: INFO  :: TIMER :: [0020] Injected Challenge in 0.201 ms 
INFO - [G] 2025-08-20 23:09:42 :: INFO  :: TIMER :: [0000] Injected Tag in 0.005 ms 
INFO - [G] 2025-08-20 23:09:42 :: INFO  :: TIMER :: [0004] Injected Sticker in 0.442 ms 
INFO - [G] 2025-08-20 23:09:42 :: INFO  :: TIMER :: [0000] Injected Shader in 0.006 ms 
INFO - [G] 2025-08-20 23:09:42 :: INFO  :: TIMER :: [0002] Injected Keybind in 0.057 ms 
INFO - [G] 2025-08-20 23:09:42 :: INFO  :: TIMER :: [0000] Injected Achievement in 0.273 ms 
INFO - [G] 2025-08-20 23:09:42 :: INFO  :: TIMER :: [0002] Injected nil in 0.086 ms 
INFO - [G] 2025-08-20 23:09:42 :: INFO  :: TIMER :: [0022] Injected Draw Step in 0.301 ms 
INFO - [G] 2025-08-20 23:09:42 :: INFO  :: TIMER :: [0000] Injected [INTERNAL] in 39.062 ms 
INFO - [G] [DebugPlus] Press [/] to toggle console and press [shift] + [/] to toggle new log previews 
