INFO - [♥] Lovely 0.7.1
INFO - [♥] Game directory is at "C:\\Users\\easto\\Downloads\\Balatro.v1.0.1o\\Balatro.v1.0.1o\\game"
INFO - [♥] Writing logs to "C:\\Users\\easto\\AppData\\Roaming\\Balatro\\Mods\\lovely\\log"
INFO - [♥] Using mod directory at "C:\\Users\\easto\\AppData\\Roaming\\Balatro\\Mods"
INFO - [♥] Found .lovelyignore in 'Jen', skipping it.
INFO - [♥] Found .lovelyignore in 'StickyFingers', skipping it.
INFO - [♥] Found .lovelyignore in 'Trance', skipping it.
WARN - [♥] Unknown key `patches.1.?.match_indent` found in patch file at "C:\\Users\\easto\\AppData\\Roaming\\Balatro\\Mods\\Cartomancer\\lovely\\blinds-info.toml", ignoring it
WARN - [♥] Unknown key `patches.2.?.match_indent` found in patch file at "C:\\Users\\easto\\AppData\\Roaming\\Balatro\\Mods\\Cartomancer\\lovely\\stackable-deck-steamodded.toml", ignoring it
WARN - [♥] Unknown key `patches.4.?.match_indent` found in patch file at "C:\\Users\\easto\\AppData\\Roaming\\Balatro\\Mods\\Cartomancer\\lovely\\stackable-deck-steamodded.toml", ignoring it
WARN - [♥] Unknown key `patches.20.?.match_indent` found in patch file at "C:\\Users\\easto\\AppData\\Roaming\\Balatro\\Mods\\Cryptid\\lovely\\code.toml", ignoring it
WARN - [♥] Unknown key `patches.1.?.match_indent` found in patch file at "C:\\Users\\easto\\AppData\\Roaming\\Balatro\\Mods\\HandyBalatro\\lovely\\controls_misc.toml", ignoring it
WARN - [♥] Unknown key `patches.1.?.overwrite` found in patch file at "C:\\Users\\easto\\AppData\\Roaming\\Balatro\\Mods\\HandyBalatro\\lovely\\controls_misc.toml", ignoring it
WARN - [♥] Unknown key `patches.0.?.overwrite` found in patch file at "C:\\Users\\easto\\AppData\\Roaming\\Balatro\\Mods\\HandyBalatro\\lovely\\controls_show_deck_preview.toml", ignoring it
WARN - [♥] Unknown key `patches.35.?.match_indent` found in patch file at "C:\\Users\\easto\\AppData\\Roaming\\Balatro\\Mods\\Talisman\\lovely.toml", ignoring it
WARN - [♥] Unknown key `patches.35.?.overwrite` found in patch file at "C:\\Users\\easto\\AppData\\Roaming\\Balatro\\Mods\\Talisman\\lovely.toml", ignoring it
WARN - [♥] Unknown key `patches.52.?.match_indent` found in patch file at "C:\\Users\\easto\\AppData\\Roaming\\Balatro\\Mods\\Talisman\\lovely.toml", ignoring it
WARN - [♥] Unknown key `patches.55.?.match_indent` found in patch file at "C:\\Users\\easto\\AppData\\Roaming\\Balatro\\Mods\\Talisman\\lovely.toml", ignoring it
INFO - [♥] Cleaning up dumps directory at "C:\\Users\\easto\\AppData\\Roaming\\Balatro\\Mods\\lovely\\dump"
INFO - [♥] Initialization complete in 168ms
INFO - [♥] Applied 1 patch to 'conf.lua'
WARN - [♥] Pattern 'G.ARGS.score_intensity.organ = G.video_organ or G.ARGS.score_intensity.required_score > 0 and math.max(math.min(0.4, 0.1*math.log(G.ARGS.score_intensity.earned_score/(G.ARGS.score_intensity.required_score+1), 5)),0.) or 0' on target 'main.lua' for pattern patch from Talisman\lovely.toml resulted in no matches
WARN - [♥] Pattern 'if type(G.GAME.current_round.current_hand.chips) ~= \'number\' or type(G.GAME.current_round.current_hand.mult) ~= \'number\' then' on target 'main.lua' for pattern patch from Talisman\lovely.toml resulted in no matches
WARN - [♥] Pattern 'assert(load(nfs.read(Saturn.PATH .. \"/core/logic/hide_played.lua\")))()' on target 'main.lua' for pattern patch from Cartomancer\lovely\saturn-compat.toml resulted in no matches
WARN - [♥] Pattern 'modded and {' on target 'main.lua' for pattern patch from Cartomancer\lovely\stackable-deck-steamodded-0.9.8.toml resulted in no matches
INFO - [♥] Applied 104 patches to 'main.lua'
INFO - [♥] Applied 2 patches to 'engine/string_packer.lua'
INFO - [♥] Applied 23 patches to 'engine/controller.lua'
INFO - [♥] Applied 15 patches to 'back.lua'
INFO - [♥] Applied 18 patches to 'tag.lua'
INFO - [♥] Applied 1 patch to 'engine/event.lua'
INFO - [♥] Applied 1 patch to 'engine/node.lua'
INFO - [♥] Applied 3 patches to 'engine/moveable.lua'
INFO - [♥] Applied 3 patches to 'engine/sprite.lua'
INFO - [♥] Applied 2 patches to 'engine/animatedsprite.lua'
WARN - [♥] Pattern 'assembled_string = assembled_string..(type(subpart) == \'string\' and subpart or args.vars[tonumber(subpart[1])] or \'ERROR\')' on target 'functions/misc_functions.lua' for pattern patch from Talisman\lovely.toml resulted in no matches
INFO - [♥] Applied 87 patches to 'functions/misc_functions.lua'
WARN - [♥] Pattern 'G.FUNCS.evaluate_play()' on target 'game.lua' for pattern patch from MoreFluff\lovely\onesliptoolate.toml resulted in no matches
WARN - [♥] Pattern 'if Big:new(G.GAME.chips) >= Big:new(G.GAME.blind.chips) or G.GAME.current_round.hands_left < 1 then' on target 'game.lua' for pattern patch from NotJustYet\lovely.toml resulted in no matches
WARN - [♥] Pattern 'if to_big(G.GAME.chips) >= to_big(G.GAME.blind.chips) or G.GAME.current_round.hands_left <= 0 then' on target 'game.lua' for pattern patch from NotJustYet\lovely.toml resulted in no matches
WARN - [♥] Pattern 'if #G.hand.cards < 1 and #G.deck.cards < 1 and #G.play.cards < 1 then' on target 'game.lua' for pattern patch from NotJustYet\lovely.toml resulted in no matches
WARN - [♥] Pattern 'if #G.hand.cards < 1 and #G.deck.cards < 1 then' on target 'game.lua' for pattern patch from NotJustYet\lovely.toml resulted in no matches
WARN - [♥] Pattern 'if G.GAME.chips - G.GAME.blind.chips >= 0 or G.GAME.current_round.hands_left < 1 then' on target 'game.lua' for pattern patch from Talisman\lovely.toml resulted in no matches
WARN - [♥] Regex 'card\\:start_materialize\\(\\)\\n\\s+G\\.shop_vouchers\\:emplace\\(card\\)\\n\\s+end' on target 'game.lua' for regex patch from Cryptid\lovely\Voucher.toml resulted in no matches
INFO - [♥] Applied 122 patches to 'game.lua'
INFO - [♥] Applied 3 patches to 'globals.lua'
WARN - [♥] Pattern 'self.config.chosen = true' on target 'engine/ui.lua' for pattern patch from Cartomancer\lovely\vanilla-ui.toml resulted in no matches
INFO - [♥] Applied 9 patches to 'engine/ui.lua'
WARN - [♥] Pattern '{n=G.UIT.T, config={text = G.GAME.hands[handname].chips, scale = 0.45, colour = G.C.UI.TEXT_LIGHT}},' on target 'functions/UI_definitions.lua' for pattern patch from Talisman\lovely.toml resulted in no matches
WARN - [♥] Pattern '{n=G.UIT.T, config={text = G.GAME.hands[handname].mult, scale = 0.45, colour = G.C.UI.TEXT_LIGHT}}' on target 'functions/UI_definitions.lua' for pattern patch from Talisman\lovely.toml resulted in no matches
INFO - [♥] Applied 165 patches to 'functions/UI_definitions.lua'
WARN - [♥] Pattern 'ease_to = G.GAME.chips + math.floor(hand_chips * mult) * (e and e.antiscore and -1 or 1),' on target 'functions/state_events.lua' for pattern patch from Cryptid\lovely\blind.toml resulted in no matches
WARN - [♥] Pattern 'if reps[j] ~= 1 then' on target 'functions/state_events.lua' for pattern patch from Cryptid\lovely\misc.toml resulted in no matches
WARN - [♥] Pattern 'if effects[ii].card then' on target 'functions/state_events.lua' for pattern patch from HandyBalatro\lovely\controls_animation_skip.toml resulted in no matches
WARN - [♥] Pattern 'if G.GAME.round_resets.blind == G.P_BLINDS.bl_small then\n  G.GAME.round_resets.blind_states.Small = \'Defeated\' ' on target 'functions/state_events.lua' for pattern patch from MoreFluff\lovely\superboss.toml resulted in no matches
WARN - [♥] Pattern 'if G.GAME.round_resets.ante == G.GAME.win_ante and G.GAME.blind:get_type() == \'Boss\' then\n  game_won = true\n  G.GAME.won = true\nend' on target 'functions/state_events.lua' for pattern patch from MoreFluff\lovely\superboss.toml resulted in no matches
WARN - [♥] Pattern 'G.FUNCS.draw_from_hand_to_discard()\nif G.GAME.blind:get_type() == \'Boss\' then' on target 'functions/state_events.lua' for pattern patch from MoreFluff\lovely\superboss.toml resulted in no matches
WARN - [♥] Pattern 'if effects[ii].card then' on target 'functions/state_events.lua' for pattern patch from Talisman\lovely.toml resulted in no matches
WARN - [♥] Pattern 'if effects.jokers.Xmult_mod then mult = mod_mult(mult*effects.jokers.Xmult_mod);extras.mult = true  end' on target 'functions/state_events.lua' for pattern patch from Talisman\lovely.toml resulted in no matches
WARN - [♥] Pattern 'if effect.Xmult_mod then mult = mod_mult(mult*effect.Xmult_mod);extras.mult = true  end' on target 'functions/state_events.lua' for pattern patch from Talisman\lovely.toml resulted in no matches
WARN - [♥] Pattern 'if effects[ii].message then' on target 'functions/state_events.lua' for pattern patch from Talisman\lovely.toml resulted in no matches
WARN - [♥] Pattern '--calculate the card edition effects' on target 'functions/state_events.lua' for pattern patch from Talisman\lovely.toml resulted in no matches
WARN - [♥] Pattern 'if effects[ii].edition.p_dollars_mod then' on target 'functions/state_events.lua' for pattern patch from Talisman\lovely.toml resulted in no matches
WARN - [♥] Pattern 'if edition_effects.jokers.x_mult_mod then' on target 'functions/state_events.lua' for pattern patch from Talisman\lovely.toml resulted in no matches
WARN - [♥] Pattern '\tfunc = (function() G.GAME.current_round.current_hand.handname = \'\';return true end)\n}))\ndelay(0.3)\n' on target 'functions/state_events.lua' for pattern patch from Talisman\lovely.toml resulted in no matches
WARN - [♥] Pattern 'if SMODS.has_enhancement(scoring_hand[i], \'m_glass\') and scoring_hand[i]:can_calculate() and pseudorandom(\'glass\') < G.GAME.probabilities.normal/(scoring_hand[i].ability.name == \'Glass Card\' and scoring_hand[i].ability.extra or G.P_CENTERS.m_glass.config.extra) then' on target 'functions/state_events.lua' for pattern patch from Cryptid\lovely\Probability.toml resulted in no matches
WARN - [♥] Regex '(?<indent>[\\t ]*)if destroyed then \\n' on target 'functions/state_events.lua' for regex patch from Cryptid\lovely\seal.toml resulted in no matches
INFO - [♥] Applied 110 patches to 'functions/state_events.lua'
WARN - [♥] Pattern 'func = (function() if eval_func(card) then if not first or first then card:juice_up(0.1, 0.1) end;juice_card_until(card, eval_func, nil, 0.8) end return true end)' on target 'functions/common_events.lua' for pattern patch from HandyBalatro\lovely\controls_animation_skip.toml resulted in no matches
WARN - [♥] Pattern 'func = (function() if eval_func(card) then if not first or first then card:juice_up(0.1, 0.1) end;juice_card_until(card, eval_func, nil, 0.8) end return true end)' on target 'functions/common_events.lua' for pattern patch from HandyBalatro\lovely\controls_animation_skip.toml resulted in no matches
WARN - [♥] Pattern '   end\n\n    if main_end then \n        desc_nodes[#desc_nodes+1] = main_end \n    end' on target 'functions/common_events.lua' for pattern patch from MoreFluff\lovely\complexitycreep.toml resulted in no matches
WARN - [♥] Pattern 'if num_dollars > 60 then' on target 'functions/common_events.lua' for pattern patch from Talisman\lovely.toml resulted in no matches
WARN - [♥] Pattern 'func = (function() card:juice_up(0.7);return true end)' on target 'functions/common_events.lua' for pattern patch from Talisman\lovely.toml resulted in no matches
WARN - [♥] Pattern 'if card then card:juice_up(0.8, 0.5) end' on target 'functions/common_events.lua' for pattern patch from Talisman\lovely.toml resulted in no matches
WARN - [♥] Pattern 'card:juice_up(0.6, 0.1)' on target 'functions/common_events.lua' for pattern patch from Talisman\lovely.toml resulted in no matches
WARN - [♥] Pattern 'func = (function() if eval_func(card) then if not first or first then card:juice_up(0.1, 0.1) end;juice_card_until(card, eval_func, nil, 0.8) end return true end)' on target 'functions/common_events.lua' for pattern patch from Talisman\lovely.toml resulted in no matches
WARN - [♥] Pattern 'func = (function() if eval_func(card) then if not first or first then card:juice_up(0.1, 0.1) end;juice_card_until(card, eval_func, nil, 0.8) end return true end)' on target 'functions/common_events.lua' for pattern patch from Talisman\lovely.toml resulted in no matches
WARN - [♥] Pattern 'elseif _c.effect == \'Glass Card\' then loc_vars = {cfg.Xmult, G.GAME.probabilities.normal, cfg.extra}' on target 'functions/common_events.lua' for pattern patch from Cryptid\lovely\Probability.toml resulted in no matches
WARN - [♥] Pattern 'elseif _c.name == \"The Wheel of Fortune\" then loc_vars = {G.GAME.probabilities.normal, cfg.extra};  info_queue[#info_queue+1] = G.P_CENTERS.e_foil; info_queue[#info_queue+1] = G.P_CENTERS.e_holo; info_queue[#info_queue+1] = G.P_CENTERS.e_polychrome;' on target 'functions/common_events.lua' for pattern patch from Cryptid\lovely\Probability.toml resulted in no matches
INFO - [♥] Applied 216 patches to 'functions/common_events.lua'
WARN - [♥] Pattern 'if ((G.GAME.dollars-G.GAME.bankrupt_at) - 10 >= 0) and' on target 'functions/button_callbacks.lua' for pattern patch from Talisman\lovely.toml resulted in no matches
WARN - [♥] Pattern 'if #G.hand.highlighted <= 0 or G.GAME.blind.block_play or #G.hand.highlighted > 5 then' on target 'functions/button_callbacks.lua' for pattern patch from CardSleeves\lovely\expected_to_fail.toml resulted in no matches
INFO - [♥] Applied 95 patches to 'functions/button_callbacks.lua'
WARN - [♥] Pattern 'if self.ability.name == \'Ectoplasm\' or self.ability.name == \'Hex\' or pseudorandom(\'wheel_of_fortune\') < G.GAME.probabilities.normal/self.ability.extra then' on target 'card.lua' for pattern patch from Cryptid\lovely\misc.toml resulted in no matches
WARN - [♥] Pattern 'if self.ability.rental then self.cost = 1 end' on target 'card.lua' for pattern patch from MoreFluff\lovely\superboss.toml resulted in no matches
WARN - [♥] Pattern 'return self.ability.x_mult' on target 'card.lua' for pattern patch from Cryptid-MoreMarioJokers\lovely.toml resulted in no matches
WARN - [♥] Pattern 'if self.ability.x_mult <= 1 then return 0 end' on target 'card.lua' for pattern patch from Cryptid-MoreMarioJokers\lovely.toml resulted in no matches
WARN - [♥] Pattern 'Xmult_mod = G.P_CENTERS.v_observatory.config.extra' on target 'card.lua' for pattern patch from Incantation\lovely.toml resulted in no matches
WARN - [♥] Pattern 'G.E_MANAGER:add_event(Event({func = (function() G.GAME.dollar_buffer = 0; return true end)}))' on target 'card.lua' for pattern patch from Talisman\lovely.toml resulted in no matches
WARN - [♥] Pattern 'if G.GAME.blind then G.E_MANAGER:add_event(Event({ func = function() G.GAME.blind:set_blind(nil, true, nil); return true end })) end' on target 'card.lua' for pattern patch from Talisman\lovely.toml resulted in no matches
WARN - [♥] Pattern 'x_mult = center.config.Xmult or 1,' on target 'card.lua' for pattern patch from Talisman\lovely.toml resulted in no matches
WARN - [♥] Pattern 'if pseudorandom(\'lucky_money\') < G.GAME.probabilities.normal/15 then' on target 'card.lua' for pattern patch from Cryptid\lovely\Probability.toml resulted in no matches
WARN - [♥] Pattern 'if pseudorandom(\'lucky_mult\') < G.GAME.probabilities.normal/5 then' on target 'card.lua' for pattern patch from Cryptid\lovely\Probability.toml resulted in no matches
WARN - [♥] Pattern 'if self.ability.name == \'Ectoplasm\' or self.ability.name == \'Hex\' or pseudorandom(\'wheel_of_fortune\') < G.GAME.probabilities.normal/self.ability.extra then' on target 'card.lua' for pattern patch from Cryptid\lovely\Probability.toml resulted in no matches
WARN - [♥] Pattern 'elseif self.ability.name == \'Space Joker\' then loc_vars = {\'\'..(G.GAME and G.GAME.probabilities.normal or 1), self.ability.extra}' on target 'card.lua' for pattern patch from Cryptid\lovely\Probability.toml resulted in no matches
WARN - [♥] Pattern 'if self.ability.name == \'Space Joker\' and pseudorandom(\'space\') < G.GAME.probabilities.normal/self.ability.extra then' on target 'card.lua' for pattern patch from Cryptid\lovely\Probability.toml resulted in no matches
WARN - [♥] Pattern 'elseif self.ability.name == \'8 Ball\' then loc_vars = {\'\'..(G.GAME and G.GAME.probabilities.normal or 1),self.ability.extra}' on target 'card.lua' for pattern patch from Cryptid\lovely\Probability.toml resulted in no matches
WARN - [♥] Pattern 'if (context.other_card:get_id() == 8) and (pseudorandom(\'8ball\') < G.GAME.probabilities.normal/self.ability.extra) then' on target 'card.lua' for pattern patch from Cryptid\lovely\Probability.toml resulted in no matches
WARN - [♥] Pattern 'elseif self.ability.name == \'Business Card\' then loc_vars = {\'\'..(G.GAME and G.GAME.probabilities.normal or 1), self.ability.extra}' on target 'card.lua' for pattern patch from Cryptid\lovely\Probability.toml resulted in no matches
WARN - [♥] Pattern 'pseudorandom(\'business\') < G.GAME.probabilities.normal/self.ability.extra then' on target 'card.lua' for pattern patch from Cryptid\lovely\Probability.toml resulted in no matches
WARN - [♥] Pattern 'elseif self.ability.name == \'Gros Michel\' then loc_vars = {self.ability.extra.mult, \'\'..(G.GAME and G.GAME.probabilities.normal or 1), self.ability.extra.odds}' on target 'card.lua' for pattern patch from Cryptid\lovely\Probability.toml resulted in no matches
WARN - [♥] Pattern 'elseif self.ability.name == \'Cavendish\' then loc_vars = {self.ability.extra.Xmult, \'\'..(G.GAME and G.GAME.probabilities.normal or 1), self.ability.extra.odds}' on target 'card.lua' for pattern patch from Cryptid\lovely\Probability.toml resulted in no matches
WARN - [♥] Pattern 'if pseudorandom(self.ability.name == \'Cavendish\' and \'cavendish\' or \'gros_michel\') < G.GAME.probabilities.normal/self.ability.extra.odds then' on target 'card.lua' for pattern patch from Cryptid\lovely\Probability.toml resulted in no matches
WARN - [♥] Pattern 'elseif self.ability.name == \'Bloodstone\' then loc_vars = {\'\'..(G.GAME and G.GAME.probabilities.normal or 1), self.ability.extra.odds, self.ability.extra.Xmult}' on target 'card.lua' for pattern patch from Cryptid\lovely\Probability.toml resulted in no matches
WARN - [♥] Pattern 'pseudorandom(\'bloodstone\') < G.GAME.probabilities.normal/self.ability.extra.odds then' on target 'card.lua' for pattern patch from Cryptid\lovely\Probability.toml resulted in no matches
WARN - [♥] Pattern 'elseif self.ability.name == \'Reserved Parking\' then loc_vars = {self.ability.extra.dollars, \'\'..(G.GAME and G.GAME.probabilities.normal or 1), self.ability.extra.odds}' on target 'card.lua' for pattern patch from Cryptid\lovely\Probability.toml resulted in no matches
WARN - [♥] Pattern 'pseudorandom(\'parking\') < G.GAME.probabilities.normal/self.ability.extra.odds then' on target 'card.lua' for pattern patch from Cryptid\lovely\Probability.toml resulted in no matches
WARN - [♥] Pattern 'elseif self.ability.name == \'Hallucination\' then loc_vars = {G.GAME.probabilities.normal, self.ability.extra}' on target 'card.lua' for pattern patch from Cryptid\lovely\Probability.toml resulted in no matches
WARN - [♥] Pattern 'if pseudorandom(\'halu\'..G.GAME.round_resets.ante) < G.GAME.probabilities.normal/self.ability.extra then' on target 'card.lua' for pattern patch from Cryptid\lovely\Probability.toml resulted in no matches
WARN - [♥] Pattern 'local currentBack = self.params.viewed_back and G.GAME.viewed_back or G.GAME.selected_back' on target 'card.lua' for pattern patch from Galdur\lovely.toml resulted in no matches
WARN - [♥] Regex 'self.params.viewed_back and G.GAME.viewed_back or G.GAME.selected_back' on target 'card.lua' for regex patch from CardSleeves\lovely\expected_to_fail.toml resulted in no matches
INFO - [♥] Applied 300 patches to 'card.lua'
INFO - [♥] Applied 34 patches to 'cardarea.lua'
INFO - [♥] Applied 46 patches to 'blind.lua'
INFO - [♥] Applied 2 patches to 'card_character.lua'
WARN - [♥] Pattern 'if self.strings[k].W > self.config.W then' on target 'engine/text.lua' for pattern patch from Talisman\lovely.toml resulted in no matches
WARN - [♥] Pattern 'local letter = self.strings[self.focused_string].letters[k]' on target 'engine/text.lua' for pattern patch from Talisman\lovely.toml resulted in no matches
INFO - [♥] Applied 6 patches to 'engine/text.lua'
WARN - [♥] Pattern 'if eff.retrigger_flag then SMODS.calculate_effect(eff, eff.card); j = j+1; _, eff = next(reps[j]) end' on target '=[SMODS _ "src/utils.lua"]' for pattern patch from Cryptid\lovely\misc.toml resulted in no matches
INFO - [♥] Applied 12 patches to '=[SMODS _ "src/utils.lua"]'
WARN - [♥] Pattern '    for _, v in ipairs(G.handlist) do\n\t\tif G.GAME.hands[v].visible then\n\t\t\ttable.insert(visible_hands, v)\n\t\tend\n\tend\n' on target '=[SMODS _ "src/overrides.lua"]' for pattern patch from Overflow\lovely\fixes.toml resulted in no matches
WARN - [♥] Pattern 'for _, v in ipairs(G.handlist) do
WARN - [♥] ' on target '=[SMODS _ "src/overrides.lua"]' for pattern patch from Overflow\lovely\fixes.toml resulted in 5 matches, wanted 4
WARN - [♥] Ignoring excess matches
WARN - [♥] Pattern 'card_limit = #SUITS[suit_map[j]],' on target '=[SMODS _ "src/overrides.lua"]' for pattern patch from Cartomancer\lovely\stackable-deck-steamodded.toml resulted in no matches
WARN - [♥] Regex '\t\t\tfor i = 1\\, \\#SUITS\\[suit_map\\[j\\]\\] do\n\t\t\t\tif SUITS\\[suit_map\\[j\\]\\]\\[i\\] then\n\t\t\t\t\tlocal greyed\\, _scale = nil\\, 0\\.7\n\t\t\t\t\tif unplayed_only and not \\(\\(SUITS\\[suit_map\\[j\\]\\]\\[i\\]\\.area and SUITS\\[suit_map\\[j\\]\\]\\[i\\]\\.area == G\\.deck\\) or SUITS\\[suit_map\\[j\\]\\]\\[i\\]\\.ability\\.wheel_flipped\\) then\n\t\t\t\t\t\tgreyed = true\n\t\t\t\t\tend\n\t\t\t\t\tlocal copy = copy_card\\(SUITS\\[suit_map\\[j\\]\\]\\[i\\]\\, nil\\, _scale[^\\)\\n]*\\)\n\t\t\t\t\tcopy\\.greyed = greyed\n\t\t\t\t\tcopy\\.T\\.x = view_deck\\.T\\.x \\+ view_deck\\.T\\.w \\/ 2\n\t\t\t\t\tcopy\\.T\\.y = view_deck\\.T\\.y\n\n\t\t\t\t\tcopy:hard_set_T\\(\\)\n\t\t\t\t\tview_deck:emplace\\(copy\\)\n\t\t\t\tend\n\t\t\tend' on target '=[SMODS _ "src/overrides.lua"]' for regex patch from Cartomancer\lovely\stackable-deck-steamodded.toml resulted in no matches
INFO - [♥] Applied 14 patches to '=[SMODS _ "src/overrides.lua"]'
INFO - [♥] Applied 3 patches to '=[SMODS _ "src/game_object.lua"]'
INFO - [G] Failed to connect to the debug server 
INFO - [G] 2025-07-27 13:08:57 :: DEBUG :: DebugConsole :: Steamodded Debug Socket started ! 
INFO - [G] 2025-07-27 13:08:57 :: INFO  :: SMODS :: Steamodded v1.0.0~BETA-0711a 
INFO - [G] Order not set for config dictionary: misc_quick_restart 
INFO - [G] Order not set for config dictionary: speed_multiplier_default_value 
INFO - [G] Order not set for config dictionary: misc_save_run 
INFO - [G] Order not set for config dictionary: animation_skip_default_value 
INFO - [G] [Blueprint] Starting to load config 
INFO - [G] [Blueprint] Reading config file:  
INFO - [G] [Blueprint] return {
	["INTERNAL_debug"] = false,
	["hello"] = true,
	["brainstorm"] = true,
	["blueprint"] = true,
} 
INFO - [G] [Blueprint] Removing setting `hello` because it is not in default config 
INFO - [♥] Applied 9 patches to 'engine/sound_manager.lua'
INFO - [♥] Applied 3 patches to 'engine/save_manager.lua'
INFO - [♥] Applied 2 patches to 'engine/string_packer.lua'
INFO - [G] Loaded all Blueprint mod shaders successfully 
INFO - [♥] Applied 4 patches to '=[SMODS _ "src/card_draw.lua"]'
INFO - [G] 2025-07-27 13:09:00 :: TRACE :: Loader :: Processing Mod file (Legacy header): Aurinko.lua 
INFO - [G] 2025-07-27 13:09:00 :: TRACE :: Loader :: Saving Mod Info: aurinko 
INFO - [G] 2025-07-27 13:09:00 :: TRACE :: Loader :: Processing Mod file (Legacy header): BetterMouseAndGamepad.lua 
INFO - [G] 2025-07-27 13:09:00 :: TRACE :: Loader :: Saving Mod Info: BetterMouseAndGamepad 
INFO - [G] 2025-07-27 13:09:00 :: TRACE :: Loader :: Processing Mod file (Legacy header): mod.lua 
INFO - [G] 2025-07-27 13:09:00 :: TRACE :: Loader :: Saving Mod Info: blueprint 
INFO - [G] 2025-07-27 13:09:00 :: TRACE :: Loader :: Processing Mod file (Legacy header): steamodded_compat.lua 
INFO - [G] 2025-07-27 13:09:00 :: TRACE :: Loader :: Saving Mod Info: Brainstorm 
INFO - [G] 2025-07-27 13:09:00 :: INFO  :: Loader :: Valid JSON file found 
INFO - [G] 2025-07-27 13:09:00 :: TRACE :: Loader :: Processing Mod file (Legacy header): mod.lua 
INFO - [G] 2025-07-27 13:09:00 :: TRACE :: Loader :: Saving Mod Info: cartomancer 
INFO - [G] 2025-07-27 13:09:00 :: INFO  :: Loader :: Valid JSON file found 
INFO - [G] 2025-07-27 13:09:00 :: INFO  :: Loader :: Valid JSON file found 
INFO - [G] 2025-07-27 13:09:00 :: INFO  :: Loader :: Valid JSON file found 
INFO - [G] 2025-07-27 13:09:00 :: INFO  :: Loader :: Valid JSON file found 
INFO - [G] 2025-07-27 13:09:00 :: INFO  :: Loader :: Valid JSON file found 
INFO - [G] 2025-07-27 13:09:00 :: INFO  :: Loader :: Valid JSON file found 
INFO - [G] 2025-07-27 13:09:00 :: INFO  :: Loader :: Valid JSON file found 
INFO - [G] 2025-07-27 13:09:00 :: INFO  :: Loader :: Valid JSON file found 
INFO - [G] 2025-07-27 13:09:00 :: TRACE :: Loader :: Processing Mod file (Legacy header): steamodded.lua 
INFO - [G] 2025-07-27 13:09:00 :: WARN  :: Loader :: Duplicate Mod ID: Handy 
INFO - [G] 2025-07-27 13:09:00 :: INFO  :: Loader :: Valid JSON file found 
INFO - [G] 2025-07-27 13:09:00 :: INFO  :: Loader :: Valid JSON file found 
INFO - [G] 2025-07-27 13:09:00 :: TRACE :: Loader :: Processing Mod file (Legacy header): JenLib.lua 
INFO - [G] 2025-07-27 13:09:00 :: TRACE :: Loader :: Saving Mod Info: JenLib 
INFO - [G] 2025-07-27 13:09:00 :: INFO  :: Loader :: Valid JSON file found 
INFO - [G] 2025-07-27 13:09:00 :: TRACE :: Loader :: Processing Mod file (Legacy header): LocalPoolFix.lua 
INFO - [G] 2025-07-27 13:09:00 :: TRACE :: Loader :: Saving Mod Info: jen_localpoolfix 
INFO - [G] 2025-07-27 13:09:00 :: TRACE :: Loader :: Processing Mod file (Legacy header): Loop.lua 
INFO - [G] 2025-07-27 13:09:00 :: TRACE :: Loader :: Saving Mod Info: loop 
INFO - [G] 2025-07-27 13:09:00 :: INFO  :: Loader :: Valid JSON file found 
INFO - [G] 2025-07-27 13:09:01 :: TRACE :: Loader :: Processing Mod file (Legacy header): MoreJokerPacks.lua 
INFO - [G] 2025-07-27 13:09:01 :: TRACE :: Loader :: Saving Mod Info: MoreJokerPacks 
INFO - [G] 2025-07-27 13:09:01 :: TRACE :: Loader :: Processing Mod file (Legacy header): Nopeus.lua 
INFO - [G] 2025-07-27 13:09:01 :: TRACE :: Loader :: Saving Mod Info: nopeus 
INFO - [G] 2025-07-27 13:09:01 :: TRACE :: Loader :: Processing Mod file (Legacy header): main.lua 
INFO - [G] 2025-07-27 13:09:01 :: TRACE :: Loader :: Saving Mod Info: NotJustYet 
INFO - [G] 2025-07-27 13:09:01 :: INFO  :: Loader :: Valid JSON file found 
INFO - [G] 2025-07-27 13:09:01 :: TRACE :: Loader :: Processing Mod file (Legacy header): PreorderCards.lua 
INFO - [G] 2025-07-27 13:09:01 :: TRACE :: Loader :: Saving Mod Info: preorder_cards 
INFO - [G] 2025-07-27 13:09:01 :: INFO  :: Loader :: Valid JSON file found 
INFO - [G] 2025-07-27 13:09:01 :: ERROR :: Loader :: Found invalid metadata JSON file at C:\Users\easto\AppData\Roaming\Balatro\Mods/StickyFingers/.vscode/settings.json, ignoring: [SMODS _ "src/loader.lua"]:226: id 
INFO - [G] 2025-07-27 13:09:01 :: INFO  :: Loader :: Valid JSON file found 
INFO - [G] 2025-07-27 13:09:01 :: INFO  :: Loader :: Valid JSON file found 
INFO - [G] 2025-07-27 13:09:01 :: TRACE :: Loader :: Processing Mod file (Legacy header): steamodded_metadata.lua 
INFO - [G] 2025-07-27 13:09:01 :: TRACE :: Loader :: Saving Mod Info: Talisman 
INFO - [G] 2025-07-27 13:09:01 :: TRACE :: Loader :: Processing Mod file (Legacy header): IOSAdaptation.lua 
INFO - [G] 2025-07-27 13:09:01 :: TRACE :: Loader :: Saving Mod Info: IOSAdaptation 
INFO - [G] 2025-07-27 13:09:01 :: TRACE :: Loader :: Processing Mod file (Legacy header): UltraHand.lua 
INFO - [G] 2025-07-27 13:09:01 :: TRACE :: Loader :: Saving Mod Info: UltraHand 
INFO - [G] 2025-07-27 13:09:01 :: TRACE :: Loader :: Processing Mod file (Legacy header): multipack.lua 
INFO - [G] 2025-07-27 13:09:01 :: TRACE :: Loader :: Saving Mod Info: Multipack 
WARN - [♥] Pattern 'if JokerDisplay.config.enabled and G.jokers and self.area == G.jokers then' on target '=[SMODS JokerDisplay "src/display_functions.lua"]' for pattern patch from MoreFluff\lovely\colour_joker_display.toml resulted in no matches
INFO - [♥] Applied 2 patches to '=[SMODS JokerDisplay "src/display_functions.lua"]'
INFO - [♥] Applied 1 patch to '=[SMODS JokerDisplay "src/config_tab.lua"]'
INFO - [G] 2025-07-27 13:09:01 :: INFO  :: CardSleeves :: CardSleeves v1.8.0 loaded~! 
INFO - [G] 2025-07-27 13:09:01 :: DEBUG :: DefaultLogger :: IOS Adaptation! 
INFO - [G] basepaul_card 
INFO - [G] blahaj 
INFO - [G] clownfish 
INFO - [G] expansion_pack 
INFO - [G] hollow 
INFO - [G] jackofalltrades 
INFO - [G] jester 
INFO - [G] lollipop 
INFO - [G] luckycharm 
INFO - [G] mspaint 
INFO - [G] philosophical 
INFO - [G] simplified 
INFO - [G] spiral 
INFO - [G] treasuremap 
INFO - [G] unregisteredhypercam 
INFO - [G] dropkick 
INFO - [G] bladedance 
INFO - [G] hyperbeam 
INFO - [G] blasphemy 
INFO - [G] dramaticentrance 
INFO - [G] badlegaldefence 
INFO - [G] blunder 
INFO - [G] brilliant 
INFO - [G] broomcloset 
INFO - [G] clipart 
INFO - [G] coupon_catalogue 
INFO - [G] css 
INFO - [G] cueball 
INFO - [G] flintandsteel 
INFO - [G] gemstonejoker 
INFO - [G] globe 
INFO - [G] goldencarrot 
INFO - [G] hallofmirrors 
INFO - [G] impostor 
INFO - [G] farmmerge 
INFO - [G] friendinsideme 
INFO - [G] junkmail 
INFO - [G] onesliptoolate 
INFO - [G] tonersoup 
INFO - [G] unpleasantcard 
INFO - [G] lightningstrikesthrice 
INFO - [G] loadeddisk 
INFO - [G] missingjoker 
INFO - [G] paintcan 
INFO - [G] rot_cartomancer 
INFO - [G] sapling 
INFO - [G] snake 
INFO - [G] slotmachine 
INFO - [G] stylemeter 
INFO - [G] stonejokerjoker 
INFO - [G] sudoku 
INFO - [G] talljoker 
INFO - [G] teacup 
INFO - [G] tealjoker 
INFO - [G] thewayhome 
INFO - [G] recycling 
INFO - [G] virtual 
INFO - [G] wilddrawfour 
INFO - [G] yuckyrat 
INFO - [G] allicantdo 
INFO - [G] bloodpact 
INFO - [G] bookmove 
INFO - [G] brass 
INFO - [G] bowlingball 
INFO - [G] cba 
INFO - [G] complexitycreep 
INFO - [G] fleshprison 
INFO - [G] hugejoker 
INFO - [G] hyperjimbo 
INFO - [G] jankman 
INFO - [G] mashupalbum 
INFO - [G] pixeljoker 
INFO - [G] rainbowjoker 
INFO - [G] rosetinted 
INFO - [G] the_solo 
INFO - [G] top10 
INFO - [G] widejoker 
INFO - [G] triangle 
INFO - [G] marigold 
INFO - [G] lessfluff 
INFO - [G] oopsallfives 
INFO - [G] 2025-07-27 13:09:01 :: WARN  :: Atlas :: Detected duplicate register call on object njy_modicon 
INFO - [G] 2025-07-27 13:09:01 :: WARN  :: Atlas :: Detected duplicate register call on object ExtraCredit_modicon 
INFO - [G] 2025-07-27 13:09:01 :: WARN  :: Atlas :: Detected duplicate register call on object ExtraCredit_ECjokers 
INFO - [G] 2025-07-27 13:09:01 :: WARN  :: Atlas :: Detected duplicate register call on object ExtraCredit_ECother 
INFO - [G] 2025-07-27 13:09:01 :: WARN  :: Atlas :: Detected duplicate register call on object ovrf_modicon 
INFO - [G] [CRYPTID] Loading library file ascended.lua 
INFO - [G] [CRYPTID] Loading library file calculate.lua 
INFO - [G] [CRYPTID] Loading library file content.lua 
INFO - [G] [CRYPTID] Loading library file cross-mod.lua 
INFO - [G] Table:
colour: Table:
  1: 0.65490196078431
  2: 0.50980392156863
  3: 0.81960784313725
  4: 1

voucher_key: v_cry_tacclimator
localization_key: b_tarot_rate
ref_value: tarot
 
INFO - [G] Table:
colour: Table:
  1: 0.074509803921569
  2: 0.68627450980392
  3: 0.8078431372549
  4: 1

voucher_key: v_cry_pacclimator
localization_key: b_planet_rate
ref_value: planet
 
INFO - [G] [CRYPTID] Loading library file d20.lua 
INFO - [G] [CRYPTID] Loading library file event.lua 
INFO - [G] [CRYPTID] Loading library file forcetrigger.lua 
INFO - [G] [CRYPTID] Loading library file gameset.lua 
INFO - [G] [CRYPTID] Loading library file https.lua 
INFO - [G] 2025-07-27 13:09:01 :: DEBUG :: SMODS.https :: Using https module backend 
INFO - [G] [CRYPTID] Loading library file misc.lua 
INFO - [G] [CRYPTID] Loading library file misprintize.lua 
INFO - [G] [CRYPTID] Loading library file modifiers.lua 
INFO - [G] 2025-07-27 13:09:01 :: WARN  :: Sticker :: Detected duplicate register call on object perishable 
INFO - [G] 2025-07-27 13:09:01 :: WARN  :: Sticker :: Detected duplicate register call on object pinned 
INFO - [G] 2025-07-27 13:09:01 :: WARN  :: Sticker :: Detected duplicate register call on object eternal 
INFO - [G] 2025-07-27 13:09:01 :: WARN  :: Sticker :: Detected duplicate register call on object rental 
INFO - [G] [CRYPTID] Loading library file notifications.lua 
INFO - [G] [CRYPTID] Loading library file overrides.lua 
INFO - [G] [CRYPTID] Loading library file pointerlib.lua 
INFO - [G] [CRYPTID] Loading library file ui.lua 
INFO - [G] [CRYPTID] Loading file achievement.lua 
INFO - [G] [CRYPTID] Loading file blind.lua 
INFO - [G] [CRYPTID] Loading file challenge.lua 
INFO - [G] [CRYPTID] Loading file code.lua 
INFO - [♥] Applied 1 patch to '=[SMODS Cryptid "items/code.lua"]'
INFO - [G] [CRYPTID] Loading file deck.lua 
INFO - [G] [CRYPTID] Loading file enhanced.lua 
INFO - [G] [CRYPTID] Loading file epic.lua 
INFO - [G] [CRYPTID] Loading file exotic.lua 
INFO - [G] [CRYPTID] Loading file joker_display.lua 
INFO - [G] [CRYPTID] Loading file m.lua 
INFO - [G] [CRYPTID] Loading file misc.lua 
INFO - [G] [CRYPTID] Loading file misc_joker.lua 
INFO - [G] [CRYPTID] Loading file planet.lua 
INFO - [G] [CRYPTID] Loading file pointer.lua 
INFO - [G] [CRYPTID] Loading file sleeve.lua 
INFO - [G] [CRYPTID] Loading file spectral.lua 
INFO - [G] [CRYPTID] Loading file spooky.lua 
INFO - [G] [CRYPTID] Loading file stake.lua 
INFO - [G] [CRYPTID] Loading file tag.lua 
INFO - [G] [CRYPTID] Loading file test.lua 
INFO - [G] [CRYPTID] Loading file voucher.lua 
INFO - [G] [CRYPTID] Loading Cryptid.lua from sdm0sstuff 
INFO - [G] [CRYPTID] Loading file colours.lua from MoreFluff 
INFO - [G] [CRYPTID] Loading file farmmergecivilisation.lua from MoreFluff 
INFO - [G] 2025-07-27 13:09:01 :: WARN  :: Atlas :: Object cry_effarcire has the same key as an existing object, not registering. 
INFO - [G] 2025-07-27 13:09:01 :: WARN  :: Atlas :: If you want to modify an existing object, use take_ownership() 
INFO - [G] 2025-07-27 13:09:01 :: WARN  :: Atlas :: Object sdm_vouchers has the same key as an existing object, not registering. 
INFO - [G] 2025-07-27 13:09:01 :: WARN  :: Atlas :: If you want to modify an existing object, use take_ownership() 
INFO - [G] 2025-07-27 13:09:01 :: WARN  :: Atlas :: Object sdm_bakery_consumables has the same key as an existing object, not registering. 
INFO - [G] 2025-07-27 13:09:01 :: WARN  :: Atlas :: If you want to modify an existing object, use take_ownership() 
INFO - [G] 2025-07-27 13:09:01 :: WARN  :: Atlas :: Object sdm_bakery_vouchers has the same key as an existing object, not registering. 
INFO - [G] 2025-07-27 13:09:01 :: WARN  :: Atlas :: If you want to modify an existing object, use take_ownership() 
INFO - [G] 2025-07-27 13:09:01 :: TRACE :: Loader :: Mod eramdam.sticky-fingers was unable to load:  
INFO - [G] 2025-07-27 13:09:01 :: WARN  :: Atlas :: Object crp_joker has the same key as an existing object, not registering. 
INFO - [G] 2025-07-27 13:09:01 :: WARN  :: Atlas :: If you want to modify an existing object, use take_ownership() 
INFO - [G] 2025-07-27 13:09:01 :: WARN  :: Atlas :: Object crp_placeholder has the same key as an existing object, not registering. 
INFO - [G] 2025-07-27 13:09:01 :: WARN  :: Atlas :: If you want to modify an existing object, use take_ownership() 
INFO - [G] 2025-07-27 13:09:01 :: WARN  :: Atlas :: Object crp_joker has the same key as an existing object, not registering. 
INFO - [G] 2025-07-27 13:09:01 :: WARN  :: Atlas :: If you want to modify an existing object, use take_ownership() 
INFO - [G] 2025-07-27 13:09:01 :: TRACE :: Loader :: Mod jen was unable to load: Missing Dependencies: 1: nopeus (>=2.2.5)
2: Cryptid (==0.5.5a~dev2)

 
INFO - [♥] Applied 1 patch to '=[SMODS _ "smods-https-thread.lua"]'
INFO - [G] 2025-07-27 13:09:01 :: INFO  :: TIMER :: [0000] Injected Fonts in 0.045 ms 
INFO - [G] 2025-07-27 13:09:01 :: INFO  :: TIMER :: [0000] Injected Language in 0.004 ms 
INFO - [G] 2025-07-27 13:09:01 :: INFO  :: TIMER :: [0000] Injected [INTERNAL] in 3.538 ms 
INFO - [G] 2025-07-27 13:09:06 :: INFO  :: TIMER :: [0115] Injected Atlas in 4857.754 ms 
INFO - [G] 2025-07-27 13:09:06 :: INFO  :: TIMER :: [0058] Injected Sound in 79.439 ms 
INFO - [G] 2025-07-27 13:09:06 :: INFO  :: TIMER :: [0032] Injected Stake in 2.198 ms 
INFO - [G] 2025-07-27 13:09:06 :: INFO  :: TIMER :: [0034] Injected Rarity in 0.496 ms 
INFO - [G] 2025-07-27 13:09:06 :: INFO  :: TIMER :: [0017] Injected ObjectType in 2.140 ms 
INFO - [G] 2025-07-27 13:09:06 :: INFO  :: TIMER :: [0934] Injected Center in 13.746 ms 
INFO - [G] 2025-07-27 13:09:06 :: INFO  :: TIMER :: [0012] Injected Undiscovered Sprite in 0.222 ms 
INFO - [G] 2025-07-27 13:09:06 :: INFO  :: TIMER :: [0070] Injected Blind in 1.573 ms 
INFO - [G] 2025-07-27 13:09:06 :: INFO  :: TIMER :: [0006] Injected Seal in 0.450 ms 
INFO - [G] 2025-07-27 13:09:06 :: INFO  :: TIMER :: [0004] Injected Suit in 0.139 ms 
INFO - [G] 2025-07-27 13:09:06 :: INFO  :: TIMER :: [0013] Injected Rank in 0.224 ms 
INFO - [G] 2025-07-27 13:09:06 :: INFO  :: TIMER :: [0028] Injected DeckSkin in 1.236 ms 
INFO - [G] 2025-07-27 13:09:06 :: INFO  :: TIMER :: [0020] Injected PokerHand in 0.371 ms 
INFO - [G] 2025-07-27 13:09:06 :: INFO  :: TIMER :: [0039] Injected Challenge in 0.391 ms 
INFO - [G] 2025-07-27 13:09:06 :: INFO  :: TIMER :: [0054] Injected Tag in 0.731 ms 
INFO - [G] 2025-07-27 13:09:06 :: INFO  :: TIMER :: [0011] Injected Sticker in 0.483 ms 
INFO - [G] 2025-07-27 13:09:08 :: INFO  :: TIMER :: [0014] Injected Shader in 1588.147 ms 
INFO - [G] 2025-07-27 13:09:08 :: INFO  :: TIMER :: [0002] Injected Keybind in 0.056 ms 
INFO - [G] 2025-07-27 13:09:08 :: INFO  :: TIMER :: [0029] Injected Achievement in 0.510 ms 
INFO - [G] 2025-07-27 13:09:08 :: INFO  :: TIMER :: [0011] Injected nil in 0.154 ms 
INFO - [G] 2025-07-27 13:09:08 :: INFO  :: TIMER :: [0027] Injected Draw Step in 0.329 ms 
INFO - [G] 2025-07-27 13:09:08 :: INFO  :: TIMER :: [0000] Injected [INTERNAL] in 40.165 ms 
INFO - [G] 2025-07-27 13:09:08 :: INFO  :: TIMER :: [0010] Injected Other in 0.053 ms 
INFO - [G] Warning: Circular dependency with set_cry_misc_joker 
INFO - [G] Warning: Circular dependency with j_cry_pizza_slice 
INFO - [G] Warning: Circular dependency with set_cry_misc_joker 
INFO - [G] Warning: Circular dependency with j_cry_pizza 
INFO - [G] 2025-07-27 13:09:08 :: DEBUG :: SMODS.https(1) :: Using https module backend 
INFO - [G] [DebugPlus] Press [/] to toggle console and press [shift] + [/] to toggle new log previews 
INFO - [♥] Applied 1 patch to '=[SMODS _ "smods-https-thread.lua"]'
INFO - [G] 2025-07-27 13:09:13 :: DEBUG :: SMODS.https(2) :: Using https module backend 
INFO - [♥] Applied 1 patch to '=[SMODS _ "smods-https-thread.lua"]'
INFO - [G] 2025-07-27 13:10:14 :: DEBUG :: SMODS.https(3) :: Using https module backend 
INFO - [♥] Applied 1 patch to '=[SMODS _ "smods-https-thread.lua"]'
INFO - [G] 2025-07-27 13:11:14 :: DEBUG :: SMODS.https(4) :: Using https module backend 
INFO - [♥] Applied 1 patch to '=[SMODS _ "smods-https-thread.lua"]'
INFO - [G] 2025-07-27 13:12:15 :: DEBUG :: SMODS.https(5) :: Using https module backend 
INFO - [♥] Applied 1 patch to '=[SMODS _ "smods-https-thread.lua"]'
INFO - [G] 2025-07-27 13:13:15 :: DEBUG :: SMODS.https(6) :: Using https module backend 
INFO - [♥] Applied 1 patch to '=[SMODS _ "smods-https-thread.lua"]'
INFO - [G] 2025-07-27 13:14:15 :: DEBUG :: SMODS.https(7) :: Using https module backend 
INFO - [♥] Applied 1 patch to '=[SMODS _ "smods-https-thread.lua"]'
INFO - [G] 2025-07-27 13:15:16 :: DEBUG :: SMODS.https(8) :: Using https module backend 
INFO - [♥] Applied 1 patch to '=[SMODS _ "smods-https-thread.lua"]'
INFO - [G] 2025-07-27 13:16:16 :: DEBUG :: SMODS.https(9) :: Using https module backend 
INFO - [♥] Applied 1 patch to '=[SMODS _ "smods-https-thread.lua"]'
INFO - [G] 2025-07-27 13:17:17 :: DEBUG :: SMODS.https(10) :: Using https module backend 
INFO - [♥] Applied 1 patch to '=[SMODS _ "smods-https-thread.lua"]'
INFO - [G] 2025-07-27 13:18:17 :: DEBUG :: SMODS.https(11) :: Using https module backend 
INFO - [♥] Applied 1 patch to '=[SMODS _ "smods-https-thread.lua"]'
INFO - [G] 2025-07-27 13:19:17 :: DEBUG :: SMODS.https(12) :: Using https module backend 
INFO - [♥] Applied 1 patch to '=[SMODS _ "smods-https-thread.lua"]'
INFO - [G] 2025-07-27 13:20:18 :: DEBUG :: SMODS.https(13) :: Using https module backend 
INFO - [♥] Applied 1 patch to '=[SMODS _ "smods-https-thread.lua"]'
INFO - [G] 2025-07-27 13:21:18 :: DEBUG :: SMODS.https(14) :: Using https module backend 
INFO - [♥] Applied 1 patch to '=[SMODS _ "smods-https-thread.lua"]'
INFO - [G] 2025-07-27 13:22:18 :: DEBUG :: SMODS.https(15) :: Using https module backend 
INFO - [♥] Applied 1 patch to '=[SMODS _ "smods-https-thread.lua"]'
INFO - [G] 2025-07-27 13:23:19 :: DEBUG :: SMODS.https(16) :: Using https module backend 
INFO - [♥] Applied 1 patch to '=[SMODS _ "smods-https-thread.lua"]'
INFO - [G] 2025-07-27 13:24:19 :: DEBUG :: SMODS.https(17) :: Using https module backend 
INFO - [♥] Applied 1 patch to '=[SMODS _ "smods-https-thread.lua"]'
INFO - [G] 2025-07-27 13:25:20 :: DEBUG :: SMODS.https(18) :: Using https module backend 
INFO - [♥] Applied 1 patch to '=[SMODS _ "smods-https-thread.lua"]'
INFO - [G] 2025-07-27 13:26:20 :: DEBUG :: SMODS.https(19) :: Using https module backend 
INFO - [♥] Applied 1 patch to '=[SMODS _ "smods-https-thread.lua"]'
INFO - [G] 2025-07-27 13:27:20 :: DEBUG :: SMODS.https(20) :: Using https module backend 
INFO - [♥] Applied 1 patch to '=[SMODS _ "smods-https-thread.lua"]'
INFO - [G] 2025-07-27 13:28:21 :: DEBUG :: SMODS.https(21) :: Using https module backend 
INFO - [♥] Applied 1 patch to '=[SMODS _ "smods-https-thread.lua"]'
INFO - [G] 2025-07-27 13:29:21 :: DEBUG :: SMODS.https(22) :: Using https module backend 
INFO - [♥] Applied 1 patch to '=[SMODS _ "smods-https-thread.lua"]'
INFO - [G] 2025-07-27 13:30:22 :: DEBUG :: SMODS.https(23) :: Using https module backend 
INFO - [♥] Applied 1 patch to '=[SMODS _ "smods-https-thread.lua"]'
INFO - [G] 2025-07-27 13:31:22 :: DEBUG :: SMODS.https(24) :: Using https module backend 
INFO - [♥] Applied 1 patch to '=[SMODS _ "smods-https-thread.lua"]'
INFO - [G] 2025-07-27 13:32:22 :: DEBUG :: SMODS.https(25) :: Using https module backend 
INFO - [♥] Applied 1 patch to '=[SMODS _ "smods-https-thread.lua"]'
INFO - [G] 2025-07-27 13:33:23 :: DEBUG :: SMODS.https(26) :: Using https module backend 
INFO - [♥] Applied 1 patch to '=[SMODS _ "smods-https-thread.lua"]'
INFO - [G] 2025-07-27 13:34:23 :: DEBUG :: SMODS.https(27) :: Using https module backend 
INFO - [♥] Applied 1 patch to '=[SMODS _ "smods-https-thread.lua"]'
INFO - [G] 2025-07-27 13:35:23 :: DEBUG :: SMODS.https(28) :: Using https module backend 
INFO - [♥] Applied 1 patch to '=[SMODS _ "smods-https-thread.lua"]'
INFO - [G] 2025-07-27 13:36:24 :: DEBUG :: SMODS.https(29) :: Using https module backend 
INFO - [♥] Applied 1 patch to '=[SMODS _ "smods-https-thread.lua"]'
INFO - [G] 2025-07-27 13:37:24 :: DEBUG :: SMODS.https(30) :: Using https module backend 
INFO - [♥] Applied 1 patch to '=[SMODS _ "smods-https-thread.lua"]'
INFO - [G] 2025-07-27 13:38:25 :: DEBUG :: SMODS.https(31) :: Using https module backend 
INFO - [♥] Applied 1 patch to '=[SMODS _ "smods-https-thread.lua"]'
INFO - [G] 2025-07-27 13:39:25 :: DEBUG :: SMODS.https(32) :: Using https module backend 
INFO - [♥] Applied 1 patch to '=[SMODS _ "smods-https-thread.lua"]'
INFO - [G] 2025-07-27 13:40:25 :: DEBUG :: SMODS.https(33) :: Using https module backend 
INFO - [♥] Applied 1 patch to '=[SMODS _ "smods-https-thread.lua"]'
INFO - [G] 2025-07-27 13:41:26 :: DEBUG :: SMODS.https(34) :: Using https module backend 
INFO - [♥] Applied 1 patch to '=[SMODS _ "smods-https-thread.lua"]'
INFO - [G] 2025-07-27 13:42:26 :: DEBUG :: SMODS.https(35) :: Using https module backend 
INFO - [♥] Applied 1 patch to '=[SMODS _ "smods-https-thread.lua"]'
INFO - [G] 2025-07-27 13:43:27 :: DEBUG :: SMODS.https(36) :: Using https module backend 
INFO - [♥] Applied 1 patch to '=[SMODS _ "smods-https-thread.lua"]'
INFO - [G] 2025-07-27 13:44:27 :: DEBUG :: SMODS.https(37) :: Using https module backend 
INFO - [♥] Applied 1 patch to '=[SMODS _ "smods-https-thread.lua"]'
INFO - [G] 2025-07-27 13:45:27 :: DEBUG :: SMODS.https(38) :: Using https module backend 
INFO - [♥] Applied 1 patch to '=[SMODS _ "smods-https-thread.lua"]'
INFO - [G] 2025-07-27 13:46:28 :: DEBUG :: SMODS.https(39) :: Using https module backend 
INFO - [♥] Applied 1 patch to '=[SMODS _ "smods-https-thread.lua"]'
INFO - [G] 2025-07-27 13:47:28 :: DEBUG :: SMODS.https(40) :: Using https module backend 
INFO - [♥] Applied 1 patch to '=[SMODS _ "smods-https-thread.lua"]'
INFO - [G] 2025-07-27 13:48:28 :: DEBUG :: SMODS.https(41) :: Using https module backend 
INFO - [♥] Applied 1 patch to '=[SMODS _ "smods-https-thread.lua"]'
INFO - [G] 2025-07-27 13:49:29 :: DEBUG :: SMODS.https(42) :: Using https module backend 
INFO - [♥] Applied 1 patch to '=[SMODS _ "smods-https-thread.lua"]'
INFO - [G] 2025-07-27 13:50:29 :: DEBUG :: SMODS.https(43) :: Using https module backend 
INFO - [♥] Applied 1 patch to '=[SMODS _ "smods-https-thread.lua"]'
INFO - [G] 2025-07-27 13:51:30 :: DEBUG :: SMODS.https(44) :: Using https module backend 
INFO - [♥] Applied 1 patch to '=[SMODS _ "smods-https-thread.lua"]'
INFO - [G] 2025-07-27 13:52:30 :: DEBUG :: SMODS.https(45) :: Using https module backend 
INFO - [♥] Applied 1 patch to '=[SMODS _ "smods-https-thread.lua"]'
INFO - [G] 2025-07-27 13:53:30 :: DEBUG :: SMODS.https(46) :: Using https module backend 
INFO - [♥] Applied 1 patch to '=[SMODS _ "smods-https-thread.lua"]'
INFO - [G] 2025-07-27 13:54:31 :: DEBUG :: SMODS.https(47) :: Using https module backend 
INFO - [♥] Applied 1 patch to '=[SMODS _ "smods-https-thread.lua"]'
INFO - [G] 2025-07-27 13:55:31 :: DEBUG :: SMODS.https(48) :: Using https module backend 
INFO - [♥] Applied 1 patch to '=[SMODS _ "smods-https-thread.lua"]'
INFO - [G] 2025-07-27 13:56:31 :: DEBUG :: SMODS.https(49) :: Using https module backend 
INFO - [♥] Applied 1 patch to '=[SMODS _ "smods-https-thread.lua"]'
INFO - [G] 2025-07-27 13:57:32 :: DEBUG :: SMODS.https(50) :: Using https module backend 
INFO - [♥] Applied 1 patch to '=[SMODS _ "smods-https-thread.lua"]'
INFO - [G] 2025-07-27 13:58:32 :: DEBUG :: SMODS.https(51) :: Using https module backend 
INFO - [♥] Applied 1 patch to '=[SMODS _ "smods-https-thread.lua"]'
INFO - [G] 2025-07-27 13:59:33 :: DEBUG :: SMODS.https(52) :: Using https module backend 
INFO - [♥] Applied 1 patch to '=[SMODS _ "smods-https-thread.lua"]'
INFO - [G] 2025-07-27 14:00:33 :: DEBUG :: SMODS.https(53) :: Using https module backend 
INFO - [♥] Applied 1 patch to '=[SMODS _ "smods-https-thread.lua"]'
INFO - [G] 2025-07-27 14:01:33 :: DEBUG :: SMODS.https(54) :: Using https module backend 
INFO - [♥] Applied 1 patch to '=[SMODS _ "smods-https-thread.lua"]'
INFO - [G] 2025-07-27 14:02:34 :: DEBUG :: SMODS.https(55) :: Using https module backend 
INFO - [♥] Applied 1 patch to '=[SMODS _ "smods-https-thread.lua"]'
INFO - [G] 2025-07-27 14:03:34 :: DEBUG :: SMODS.https(56) :: Using https module backend 
INFO - [♥] Applied 1 patch to '=[SMODS _ "smods-https-thread.lua"]'
INFO - [G] 2025-07-27 14:04:35 :: DEBUG :: SMODS.https(57) :: Using https module backend 
INFO - [♥] Applied 1 patch to '=[SMODS _ "smods-https-thread.lua"]'
INFO - [G] 2025-07-27 14:05:35 :: DEBUG :: SMODS.https(58) :: Using https module backend 
INFO - [♥] Applied 1 patch to '=[SMODS _ "smods-https-thread.lua"]'
INFO - [G] 2025-07-27 14:06:35 :: DEBUG :: SMODS.https(59) :: Using https module backend 
INFO - [♥] Applied 1 patch to '=[SMODS _ "smods-https-thread.lua"]'
INFO - [G] 2025-07-27 14:07:36 :: DEBUG :: SMODS.https(60) :: Using https module backend 
INFO - [♥] Applied 1 patch to '=[SMODS _ "smods-https-thread.lua"]'
INFO - [G] 2025-07-27 14:08:36 :: DEBUG :: SMODS.https(61) :: Using https module backend 
INFO - [♥] Applied 1 patch to '=[SMODS _ "smods-https-thread.lua"]'
INFO - [G] 2025-07-27 14:09:36 :: DEBUG :: SMODS.https(62) :: Using https module backend 
INFO - [♥] Applied 1 patch to '=[SMODS _ "smods-https-thread.lua"]'
INFO - [G] 2025-07-27 14:10:37 :: DEBUG :: SMODS.https(63) :: Using https module backend 
INFO - [♥] Applied 1 patch to '=[SMODS _ "smods-https-thread.lua"]'
INFO - [G] 2025-07-27 14:11:37 :: DEBUG :: SMODS.https(64) :: Using https module backend 
INFO - [♥] Applied 1 patch to '=[SMODS _ "smods-https-thread.lua"]'
INFO - [G] 2025-07-27 14:12:38 :: DEBUG :: SMODS.https(65) :: Using https module backend 
INFO - [♥] Applied 1 patch to '=[SMODS _ "smods-https-thread.lua"]'
INFO - [G] 2025-07-27 14:13:38 :: DEBUG :: SMODS.https(66) :: Using https module backend 
INFO - [♥] Applied 1 patch to '=[SMODS _ "smods-https-thread.lua"]'
INFO - [G] 2025-07-27 14:14:38 :: DEBUG :: SMODS.https(67) :: Using https module backend 
INFO - [♥] Applied 1 patch to '=[SMODS _ "smods-https-thread.lua"]'
INFO - [G] 2025-07-27 14:15:39 :: DEBUG :: SMODS.https(68) :: Using https module backend 
INFO - [♥] Applied 1 patch to '=[SMODS _ "smods-https-thread.lua"]'
INFO - [G] 2025-07-27 14:16:39 :: DEBUG :: SMODS.https(69) :: Using https module backend 
INFO - [♥] Applied 1 patch to '=[SMODS _ "smods-https-thread.lua"]'
INFO - [G] 2025-07-27 14:17:40 :: DEBUG :: SMODS.https(70) :: Using https module backend 
INFO - [♥] Applied 1 patch to '=[SMODS _ "smods-https-thread.lua"]'
INFO - [G] 2025-07-27 14:18:40 :: DEBUG :: SMODS.https(71) :: Using https module backend 
INFO - [♥] Applied 1 patch to '=[SMODS _ "smods-https-thread.lua"]'
INFO - [G] 2025-07-27 14:19:40 :: DEBUG :: SMODS.https(72) :: Using https module backend 
INFO - [♥] Applied 1 patch to '=[SMODS _ "smods-https-thread.lua"]'
INFO - [G] 2025-07-27 14:20:41 :: DEBUG :: SMODS.https(73) :: Using https module backend 
INFO - [♥] Applied 1 patch to '=[SMODS _ "smods-https-thread.lua"]'
INFO - [G] 2025-07-27 14:21:41 :: DEBUG :: SMODS.https(74) :: Using https module backend 
INFO - [♥] Applied 1 patch to '=[SMODS _ "smods-https-thread.lua"]'
INFO - [G] 2025-07-27 14:22:41 :: DEBUG :: SMODS.https(75) :: Using https module backend 
INFO - [♥] Applied 1 patch to '=[SMODS _ "smods-https-thread.lua"]'
INFO - [G] 2025-07-27 14:23:42 :: DEBUG :: SMODS.https(76) :: Using https module backend 
INFO - [♥] Applied 1 patch to '=[SMODS _ "smods-https-thread.lua"]'
INFO - [G] 2025-07-27 14:24:42 :: DEBUG :: SMODS.https(77) :: Using https module backend 
INFO - [♥] Applied 1 patch to '=[SMODS _ "smods-https-thread.lua"]'
INFO - [G] 2025-07-27 14:25:43 :: DEBUG :: SMODS.https(78) :: Using https module backend 
INFO - [♥] Applied 1 patch to '=[SMODS _ "smods-https-thread.lua"]'
INFO - [G] 2025-07-27 14:26:43 :: DEBUG :: SMODS.https(79) :: Using https module backend 
INFO - [♥] Applied 1 patch to '=[SMODS _ "smods-https-thread.lua"]'
INFO - [G] 2025-07-27 14:27:43 :: DEBUG :: SMODS.https(80) :: Using https module backend 
INFO - [♥] Applied 1 patch to '=[SMODS _ "smods-https-thread.lua"]'
INFO - [G] 2025-07-27 14:28:44 :: DEBUG :: SMODS.https(81) :: Using https module backend 
INFO - [♥] Applied 1 patch to '=[SMODS _ "smods-https-thread.lua"]'
INFO - [G] 2025-07-27 14:29:44 :: DEBUG :: SMODS.https(82) :: Using https module backend 
INFO - [♥] Applied 1 patch to '=[SMODS _ "smods-https-thread.lua"]'
INFO - [G] 2025-07-27 14:30:45 :: DEBUG :: SMODS.https(83) :: Using https module backend 
INFO - [♥] Applied 1 patch to '=[SMODS _ "smods-https-thread.lua"]'
INFO - [G] 2025-07-27 14:31:45 :: DEBUG :: SMODS.https(84) :: Using https module backend 
INFO - [♥] Applied 1 patch to '=[SMODS _ "smods-https-thread.lua"]'
INFO - [G] 2025-07-27 14:32:45 :: DEBUG :: SMODS.https(85) :: Using https module backend 
INFO - [♥] Applied 1 patch to '=[SMODS _ "smods-https-thread.lua"]'
INFO - [G] 2025-07-27 14:33:46 :: DEBUG :: SMODS.https(86) :: Using https module backend 
INFO - [♥] Applied 1 patch to '=[SMODS _ "smods-https-thread.lua"]'
INFO - [G] 2025-07-27 14:34:46 :: DEBUG :: SMODS.https(87) :: Using https module backend 
INFO - [♥] Applied 1 patch to '=[SMODS _ "smods-https-thread.lua"]'
INFO - [G] 2025-07-27 14:35:46 :: DEBUG :: SMODS.https(88) :: Using https module backend 
INFO - [♥] Applied 1 patch to '=[SMODS _ "smods-https-thread.lua"]'
INFO - [G] 2025-07-27 14:36:47 :: DEBUG :: SMODS.https(89) :: Using https module backend 
INFO - [♥] Applied 1 patch to '=[SMODS _ "smods-https-thread.lua"]'
INFO - [G] 2025-07-27 14:37:47 :: DEBUG :: SMODS.https(90) :: Using https module backend 
INFO - [♥] Applied 1 patch to '=[SMODS _ "smods-https-thread.lua"]'
INFO - [G] 2025-07-27 14:38:48 :: DEBUG :: SMODS.https(91) :: Using https module backend 
INFO - [♥] Applied 1 patch to '=[SMODS _ "smods-https-thread.lua"]'
INFO - [G] 2025-07-27 14:39:48 :: DEBUG :: SMODS.https(92) :: Using https module backend 
INFO - [♥] Applied 1 patch to '=[SMODS _ "smods-https-thread.lua"]'
INFO - [G] 2025-07-27 14:40:48 :: DEBUG :: SMODS.https(93) :: Using https module backend 
INFO - [♥] Applied 1 patch to '=[SMODS _ "smods-https-thread.lua"]'
INFO - [G] 2025-07-27 14:41:49 :: DEBUG :: SMODS.https(94) :: Using https module backend 
INFO - [♥] Applied 1 patch to '=[SMODS _ "smods-https-thread.lua"]'
INFO - [G] 2025-07-27 14:42:49 :: DEBUG :: SMODS.https(95) :: Using https module backend 
INFO - [♥] Applied 1 patch to '=[SMODS _ "smods-https-thread.lua"]'
INFO - [G] 2025-07-27 14:43:49 :: DEBUG :: SMODS.https(96) :: Using https module backend 
INFO - [♥] Applied 1 patch to '=[SMODS _ "smods-https-thread.lua"]'
INFO - [G] 2025-07-27 14:44:50 :: DEBUG :: SMODS.https(97) :: Using https module backend 
INFO - [♥] Applied 1 patch to '=[SMODS _ "smods-https-thread.lua"]'
INFO - [G] 2025-07-27 14:45:50 :: DEBUG :: SMODS.https(98) :: Using https module backend 
INFO - [♥] Applied 1 patch to '=[SMODS _ "smods-https-thread.lua"]'
INFO - [G] 2025-07-27 14:46:51 :: DEBUG :: SMODS.https(99) :: Using https module backend 
INFO - [♥] Applied 1 patch to '=[SMODS _ "smods-https-thread.lua"]'
INFO - [G] 2025-07-27 14:47:51 :: DEBUG :: SMODS.https(100) :: Using https module backend 
INFO - [♥] Applied 1 patch to '=[SMODS _ "smods-https-thread.lua"]'
INFO - [G] 2025-07-27 14:48:51 :: DEBUG :: SMODS.https(101) :: Using https module backend 
INFO - [♥] Applied 1 patch to '=[SMODS _ "smods-https-thread.lua"]'
INFO - [G] 2025-07-27 14:49:52 :: DEBUG :: SMODS.https(102) :: Using https module backend 
INFO - [♥] Applied 1 patch to '=[SMODS _ "smods-https-thread.lua"]'
INFO - [G] 2025-07-27 14:50:52 :: DEBUG :: SMODS.https(103) :: Using https module backend 
INFO - [♥] Applied 1 patch to '=[SMODS _ "smods-https-thread.lua"]'
INFO - [G] 2025-07-27 14:51:53 :: DEBUG :: SMODS.https(104) :: Using https module backend 
INFO - [♥] Applied 1 patch to '=[SMODS _ "smods-https-thread.lua"]'
INFO - [G] 2025-07-27 14:52:53 :: DEBUG :: SMODS.https(105) :: Using https module backend 
INFO - [♥] Applied 1 patch to '=[SMODS _ "smods-https-thread.lua"]'
INFO - [G] 2025-07-27 14:53:53 :: DEBUG :: SMODS.https(106) :: Using https module backend 
INFO - [♥] Applied 1 patch to '=[SMODS _ "smods-https-thread.lua"]'
INFO - [G] 2025-07-27 14:54:54 :: DEBUG :: SMODS.https(107) :: Using https module backend 
INFO - [♥] Applied 1 patch to '=[SMODS _ "smods-https-thread.lua"]'
INFO - [G] 2025-07-27 14:55:54 :: DEBUG :: SMODS.https(108) :: Using https module backend 
INFO - [♥] Applied 1 patch to '=[SMODS _ "smods-https-thread.lua"]'
INFO - [G] 2025-07-27 14:56:54 :: DEBUG :: SMODS.https(109) :: Using https module backend 
INFO - [♥] Applied 1 patch to '=[SMODS _ "smods-https-thread.lua"]'
INFO - [G] 2025-07-27 14:57:55 :: DEBUG :: SMODS.https(110) :: Using https module backend 
INFO - [♥] Applied 1 patch to '=[SMODS _ "smods-https-thread.lua"]'
INFO - [G] 2025-07-27 14:58:55 :: DEBUG :: SMODS.https(111) :: Using https module backend 
INFO - [♥] Applied 1 patch to '=[SMODS _ "smods-https-thread.lua"]'
INFO - [G] 2025-07-27 14:59:56 :: DEBUG :: SMODS.https(112) :: Using https module backend 
INFO - [♥] Applied 1 patch to '=[SMODS _ "smods-https-thread.lua"]'
INFO - [G] 2025-07-27 15:00:56 :: DEBUG :: SMODS.https(113) :: Using https module backend 
INFO - [♥] Applied 1 patch to '=[SMODS _ "smods-https-thread.lua"]'
INFO - [G] 2025-07-27 15:01:56 :: DEBUG :: SMODS.https(114) :: Using https module backend 
INFO - [♥] Applied 1 patch to '=[SMODS _ "smods-https-thread.lua"]'
INFO - [G] 2025-07-27 15:02:57 :: DEBUG :: SMODS.https(115) :: Using https module backend 
INFO - [♥] Applied 1 patch to '=[SMODS _ "smods-https-thread.lua"]'
INFO - [G] 2025-07-27 15:03:57 :: DEBUG :: SMODS.https(116) :: Using https module backend 
INFO - [♥] Applied 1 patch to '=[SMODS _ "smods-https-thread.lua"]'
INFO - [G] 2025-07-27 15:04:58 :: DEBUG :: SMODS.https(117) :: Using https module backend 
INFO - [♥] Applied 1 patch to '=[SMODS _ "smods-https-thread.lua"]'
INFO - [G] 2025-07-27 15:05:58 :: DEBUG :: SMODS.https(118) :: Using https module backend 
INFO - [♥] Applied 1 patch to '=[SMODS _ "smods-https-thread.lua"]'
INFO - [G] 2025-07-27 15:06:58 :: DEBUG :: SMODS.https(119) :: Using https module backend 
INFO - [♥] Applied 1 patch to '=[SMODS _ "smods-https-thread.lua"]'
INFO - [G] 2025-07-27 15:07:59 :: DEBUG :: SMODS.https(120) :: Using https module backend 
INFO - [♥] Applied 1 patch to '=[SMODS _ "smods-https-thread.lua"]'
INFO - [G] 2025-07-27 15:08:59 :: DEBUG :: SMODS.https(121) :: Using https module backend 
INFO - [♥] Applied 1 patch to '=[SMODS _ "smods-https-thread.lua"]'
INFO - [G] 2025-07-27 15:09:59 :: DEBUG :: SMODS.https(122) :: Using https module backend 
INFO - [♥] Applied 1 patch to '=[SMODS _ "smods-https-thread.lua"]'
INFO - [G] 2025-07-27 15:11:00 :: DEBUG :: SMODS.https(123) :: Using https module backend 
INFO - [♥] Applied 1 patch to '=[SMODS _ "smods-https-thread.lua"]'
INFO - [G] 2025-07-27 15:12:00 :: DEBUG :: SMODS.https(124) :: Using https module backend 
INFO - [♥] Applied 1 patch to '=[SMODS _ "smods-https-thread.lua"]'
INFO - [G] 2025-07-27 15:13:01 :: DEBUG :: SMODS.https(125) :: Using https module backend 
INFO - [♥] Applied 1 patch to '=[SMODS _ "smods-https-thread.lua"]'
INFO - [G] 2025-07-27 15:14:01 :: DEBUG :: SMODS.https(126) :: Using https module backend 
INFO - [♥] Applied 1 patch to '=[SMODS _ "smods-https-thread.lua"]'
INFO - [G] 2025-07-27 15:15:01 :: DEBUG :: SMODS.https(127) :: Using https module backend 
INFO - [♥] Applied 1 patch to '=[SMODS _ "smods-https-thread.lua"]'
INFO - [G] 2025-07-27 15:16:02 :: DEBUG :: SMODS.https(128) :: Using https module backend 
INFO - [♥] Applied 1 patch to '=[SMODS _ "smods-https-thread.lua"]'
INFO - [G] 2025-07-27 15:17:02 :: DEBUG :: SMODS.https(129) :: Using https module backend 
INFO - [♥] Applied 1 patch to '=[SMODS _ "smods-https-thread.lua"]'
INFO - [G] 2025-07-27 15:18:03 :: DEBUG :: SMODS.https(130) :: Using https module backend 
INFO - [♥] Applied 1 patch to '=[SMODS _ "smods-https-thread.lua"]'
INFO - [G] 2025-07-27 15:19:03 :: DEBUG :: SMODS.https(131) :: Using https module backend 
INFO - [♥] Applied 1 patch to '=[SMODS _ "smods-https-thread.lua"]'
INFO - [G] 2025-07-27 15:20:03 :: DEBUG :: SMODS.https(132) :: Using https module backend 
INFO - [♥] Applied 1 patch to '=[SMODS _ "smods-https-thread.lua"]'
INFO - [G] 2025-07-27 15:21:04 :: DEBUG :: SMODS.https(133) :: Using https module backend 
