INFO - [♥] Lovely 0.8.0
INFO - [♥] Game directory is at "C:\\games\\Balatro.v1.0.1o\\Balatro.v1.0.1o\\game"
INFO - [♥] Writing logs to "C:\\Users\\easto\\AppData\\Roaming\\Balatro\\Mods\\lovely\\log"
INFO - [♥] Using mod directory at "C:\\Users\\easto\\AppData\\Roaming\\Balatro\\Mods"
INFO - [♥] Found .lovelyignore in 'Aikoyori'sShenanigans', skipping it.
INFO - [♥] Found .lovelyignore in 'Cryptid-MoreMarioJokers', skipping it.
INFO - [♥] Found .lovelyignore in 'Cryptposting', skipping it.
INFO - [♥] Found .lovelyignore in 'CustomSuitOrder', skipping it.
INFO - [♥] Found .lovelyignore in 'ExtraCredit', skipping it.
INFO - [♥] Found .lovelyignore in 'Jen', skipping it.
INFO - [♥] Found .lovelyignore in 'Kino', skipping it.
INFO - [♥] Found .lovelyignore in 'Lost_Edition', skipping it.
INFO - [♥] Found .lovelyignore in 'Malverk', skipping it.
INFO - [♥] Found .lovelyignore in 'SDM_0'sStuff', skipping it.
INFO - [♥] Found .lovelyignore in 'StickyFingers', skipping it.
INFO - [♥] Found .lovelyignore in 'Trance', skipping it.
INFO - [♥] Found .lovelyignore in 'Yggdrasil', skipping it.
WARN - [♥] Unknown key `patches.1.?.match_indent` found in patch file at "C:\\Users\\easto\\AppData\\Roaming\\Balatro\\Mods\\Cartomancer\\lovely\\blinds-info.toml", ignoring it
WARN - [♥] Unknown key `patches.2.?.match_indent` found in patch file at "C:\\Users\\easto\\AppData\\Roaming\\Balatro\\Mods\\Cartomancer\\lovely\\stackable-deck-steamodded.toml", ignoring it
WARN - [♥] Unknown key `patches.4.?.match_indent` found in patch file at "C:\\Users\\easto\\AppData\\Roaming\\Balatro\\Mods\\Cartomancer\\lovely\\stackable-deck-steamodded.toml", ignoring it
WARN - [♥] Unknown key `patches.6.?.match_indent` found in patch file at "C:\\Users\\easto\\AppData\\Roaming\\Balatro\\Mods\\Cartomancer\\lovely\\stackable-deck-steamodded.toml", ignoring it
WARN - [♥] Unknown key `patches.20.?.match_indent` found in patch file at "C:\\Users\\easto\\AppData\\Roaming\\Balatro\\Mods\\Cryptid\\lovely\\code.toml", ignoring it
WARN - [♥] Unknown key `patches.1.?.match_indent` found in patch file at "C:\\Users\\easto\\AppData\\Roaming\\Balatro\\Mods\\HandyBalatro\\lovely\\controls_misc.toml", ignoring it
WARN - [♥] Unknown key `patches.1.?.overwrite` found in patch file at "C:\\Users\\easto\\AppData\\Roaming\\Balatro\\Mods\\HandyBalatro\\lovely\\controls_misc.toml", ignoring it
WARN - [♥] Unknown key `patches.0.?.overwrite` found in patch file at "C:\\Users\\easto\\AppData\\Roaming\\Balatro\\Mods\\HandyBalatro\\lovely\\controls_show_deck_preview.toml", ignoring it
WARN - [♥] Unknown key `patches.35.?.match_indent` found in patch file at "C:\\Users\\easto\\AppData\\Roaming\\Balatro\\Mods\\Talisman\\lovely.toml", ignoring it
WARN - [♥] Unknown key `patches.35.?.overwrite` found in patch file at "C:\\Users\\easto\\AppData\\Roaming\\Balatro\\Mods\\Talisman\\lovely.toml", ignoring it
WARN - [♥] Unknown key `patches.52.?.match_indent` found in patch file at "C:\\Users\\easto\\AppData\\Roaming\\Balatro\\Mods\\Talisman\\lovely.toml", ignoring it
WARN - [♥] Unknown key `patches.55.?.match_indent` found in patch file at "C:\\Users\\easto\\AppData\\Roaming\\Balatro\\Mods\\Talisman\\lovely.toml", ignoring it
INFO - [♥] Cleaning up dumps directory at "C:\\Users\\easto\\AppData\\Roaming\\Balatro\\Mods\\lovely\\dump"
INFO - [♥] Initialization complete in 1504ms
INFO - [♥] Applied 1 patch to 'conf.lua'
WARN - [♥] Pattern 'G.ARGS.score_intensity.organ = G.video_organ or G.ARGS.score_intensity.required_score > 0 and math.max(math.min(0.4, 0.1*math.log(G.ARGS.score_intensity.earned_score/(G.ARGS.score_intensity.required_score+1), 5)),0.) or 0' on target 'main.lua' for pattern patch from Talisman\lovely.toml resulted in no matches
WARN - [♥] Pattern 'if type(G.GAME.current_round.current_hand.chips) ~= \'number\' or type(G.GAME.current_round.current_hand.mult) ~= \'number\' then' on target 'main.lua' for pattern patch from Talisman\lovely.toml resulted in no matches
WARN - [♥] Pattern 'assert(load(nfs.read(Saturn.PATH .. \"/core/logic/hide_played.lua\")))()' on target 'main.lua' for pattern patch from Cartomancer\lovely\saturn-compat.toml resulted in no matches
WARN - [♥] Pattern 'modded and {' on target 'main.lua' for pattern patch from Cartomancer\lovely\stackable-deck-steamodded-0.9.8.toml resulted in no matches
INFO - [♥] Applied 24 patches to 'main.lua'
INFO - [♥] Applied 2 patches to 'engine/string_packer.lua'
INFO - [♥] Applied 21 patches to 'engine/controller.lua'
INFO - [♥] Applied 15 patches to 'back.lua'
INFO - [♥] Applied 18 patches to 'tag.lua'
INFO - [♥] Applied 1 patch to 'engine/event.lua'
INFO - [♥] Applied 1 patch to 'engine/node.lua'
INFO - [♥] Applied 3 patches to 'engine/moveable.lua'
INFO - [♥] Applied 3 patches to 'engine/sprite.lua'
INFO - [♥] Applied 2 patches to 'engine/animatedsprite.lua'
WARN - [♥] Pattern 'assembled_string = assembled_string..(type(subpart) == \'string\' and subpart or args.vars[tonumber(subpart[1])] or \'ERROR\')' on target 'functions/misc_functions.lua' for pattern patch from Talisman\lovely.toml resulted in no matches
INFO - [♥] Applied 86 patches to 'functions/misc_functions.lua'
WARN - [♥] Pattern 'G.FUNCS.evaluate_play()' on target 'game.lua' for pattern patch from MoreFluff\lovely\onesliptoolate.toml resulted in no matches
WARN - [♥] Pattern 'if Big:new(G.GAME.chips) >= Big:new(G.GAME.blind.chips) or G.GAME.current_round.hands_left < 1 then' on target 'game.lua' for pattern patch from NotJustYet\lovely.toml resulted in no matches
WARN - [♥] Pattern 'if to_big(G.GAME.chips) >= to_big(G.GAME.blind.chips) or G.GAME.current_round.hands_left <= 0 then' on target 'game.lua' for pattern patch from NotJustYet\lovely.toml resulted in no matches
WARN - [♥] Pattern 'if #G.hand.cards < 1 and #G.deck.cards < 1 and #G.play.cards < 1 then' on target 'game.lua' for pattern patch from NotJustYet\lovely.toml resulted in no matches
WARN - [♥] Pattern 'if #G.hand.cards < 1 and #G.deck.cards < 1 then' on target 'game.lua' for pattern patch from NotJustYet\lovely.toml resulted in no matches
WARN - [♥] Pattern 'if G.GAME.chips - G.GAME.blind.chips >= 0 or G.GAME.current_round.hands_left < 1 then' on target 'game.lua' for pattern patch from Talisman\lovely.toml resulted in no matches
WARN - [♥] Regex 'card\\:start_materialize\\(\\)\\n\\s+G\\.shop_vouchers\\:emplace\\(card\\)\\n\\s+end' on target 'game.lua' for regex patch from Cryptid\lovely\Voucher.toml resulted in no matches
INFO - [♥] Applied 120 patches to 'game.lua'
INFO - [♥] Applied 3 patches to 'globals.lua'
WARN - [♥] Pattern 'self.config.chosen = true' on target 'engine/ui.lua' for pattern patch from Cartomancer\lovely\vanilla-ui.toml resulted in no matches
INFO - [♥] Applied 9 patches to 'engine/ui.lua'
WARN - [♥] Pattern '{n=G.UIT.T, config={text = G.GAME.hands[handname].chips, scale = 0.45, colour = G.C.UI.TEXT_LIGHT}},' on target 'functions/UI_definitions.lua' for pattern patch from Talisman\lovely.toml resulted in no matches
WARN - [♥] Pattern '{n=G.UIT.T, config={text = G.GAME.hands[handname].mult, scale = 0.45, colour = G.C.UI.TEXT_LIGHT}}' on target 'functions/UI_definitions.lua' for pattern patch from Talisman\lovely.toml resulted in no matches
INFO - [♥] Applied 160 patches to 'functions/UI_definitions.lua'
WARN - [♥] Pattern 'ease_to = G.GAME.chips + math.floor(hand_chips * mult) * (e and e.antiscore and -1 or 1),' on target 'functions/state_events.lua' for pattern patch from Cryptid\lovely\blind.toml resulted in no matches
WARN - [♥] Pattern 'if reps[j] ~= 1 then' on target 'functions/state_events.lua' for pattern patch from Cryptid\lovely\misc.toml resulted in no matches
WARN - [♥] Pattern 'if effects[ii].card then' on target 'functions/state_events.lua' for pattern patch from HandyBalatro\lovely\controls_animation_skip.toml resulted in no matches
WARN - [♥] Pattern 'if G.GAME.round_resets.blind == G.P_BLINDS.bl_small then\n  G.GAME.round_resets.blind_states.Small = \'Defeated\' ' on target 'functions/state_events.lua' for pattern patch from MoreFluff\lovely\superboss.toml resulted in no matches
WARN - [♥] Pattern 'if G.GAME.round_resets.ante == G.GAME.win_ante and G.GAME.blind:get_type() == \'Boss\' then\n  game_won = true\n  G.GAME.won = true\nend' on target 'functions/state_events.lua' for pattern patch from MoreFluff\lovely\superboss.toml resulted in no matches
WARN - [♥] Pattern 'G.FUNCS.draw_from_hand_to_discard()\nif G.GAME.blind:get_type() == \'Boss\' then' on target 'functions/state_events.lua' for pattern patch from MoreFluff\lovely\superboss.toml resulted in no matches
WARN - [♥] Pattern 'if effects[ii].card then' on target 'functions/state_events.lua' for pattern patch from Talisman\lovely.toml resulted in no matches
WARN - [♥] Pattern 'if effects.jokers.Xmult_mod then mult = mod_mult(mult*effects.jokers.Xmult_mod);extras.mult = true  end' on target 'functions/state_events.lua' for pattern patch from Talisman\lovely.toml resulted in no matches
WARN - [♥] Pattern 'if effect.Xmult_mod then mult = mod_mult(mult*effect.Xmult_mod);extras.mult = true  end' on target 'functions/state_events.lua' for pattern patch from Talisman\lovely.toml resulted in no matches
WARN - [♥] Pattern 'if effects[ii].message then' on target 'functions/state_events.lua' for pattern patch from Talisman\lovely.toml resulted in no matches
WARN - [♥] Pattern '--calculate the card edition effects' on target 'functions/state_events.lua' for pattern patch from Talisman\lovely.toml resulted in no matches
WARN - [♥] Pattern 'if effects[ii].edition.p_dollars_mod then' on target 'functions/state_events.lua' for pattern patch from Talisman\lovely.toml resulted in no matches
WARN - [♥] Pattern 'if edition_effects.jokers.x_mult_mod then' on target 'functions/state_events.lua' for pattern patch from Talisman\lovely.toml resulted in no matches
WARN - [♥] Pattern '\tfunc = (function() G.GAME.current_round.current_hand.handname = \'\';return true end)\n}))\ndelay(0.3)\n' on target 'functions/state_events.lua' for pattern patch from Talisman\lovely.toml resulted in no matches
WARN - [♥] Pattern 'if SMODS.has_enhancement(scoring_hand[i], \'m_glass\') and scoring_hand[i]:can_calculate() and pseudorandom(\'glass\') < G.GAME.probabilities.normal/(scoring_hand[i].ability.name == \'Glass Card\' and scoring_hand[i].ability.extra or G.P_CENTERS.m_glass.config.extra) then' on target 'functions/state_events.lua' for pattern patch from Cryptid\lovely\Probability.toml resulted in no matches
WARN - [♥] Regex '(?<indent>[\\t ]*)if destroyed then \\n' on target 'functions/state_events.lua' for regex patch from Cryptid\lovely\seal.toml resulted in no matches
INFO - [♥] Applied 108 patches to 'functions/state_events.lua'
WARN - [♥] Pattern 'func = (function() if eval_func(card) then if not first or first then card:juice_up(0.1, 0.1) end;juice_card_until(card, eval_func, nil, 0.8) end return true end)' on target 'functions/common_events.lua' for pattern patch from HandyBalatro\lovely\controls_animation_skip.toml resulted in no matches
WARN - [♥] Pattern 'func = (function() if eval_func(card) then if not first or first then card:juice_up(0.1, 0.1) end;juice_card_until(card, eval_func, nil, 0.8) end return true end)' on target 'functions/common_events.lua' for pattern patch from HandyBalatro\lovely\controls_animation_skip.toml resulted in no matches
WARN - [♥] Pattern '   end\n\n    if main_end then \n        desc_nodes[#desc_nodes+1] = main_end \n    end' on target 'functions/common_events.lua' for pattern patch from MoreFluff\lovely\complexitycreep.toml resulted in no matches
WARN - [♥] Pattern 'if num_dollars > 60 then' on target 'functions/common_events.lua' for pattern patch from Talisman\lovely.toml resulted in no matches
WARN - [♥] Pattern 'func = (function() card:juice_up(0.7);return true end)' on target 'functions/common_events.lua' for pattern patch from Talisman\lovely.toml resulted in no matches
WARN - [♥] Pattern 'if card then card:juice_up(0.8, 0.5) end' on target 'functions/common_events.lua' for pattern patch from Talisman\lovely.toml resulted in no matches
WARN - [♥] Pattern 'card:juice_up(0.6, 0.1)' on target 'functions/common_events.lua' for pattern patch from Talisman\lovely.toml resulted in no matches
WARN - [♥] Pattern 'func = (function() if eval_func(card) then if not first or first then card:juice_up(0.1, 0.1) end;juice_card_until(card, eval_func, nil, 0.8) end return true end)' on target 'functions/common_events.lua' for pattern patch from Talisman\lovely.toml resulted in no matches
WARN - [♥] Pattern 'func = (function() if eval_func(card) then if not first or first then card:juice_up(0.1, 0.1) end;juice_card_until(card, eval_func, nil, 0.8) end return true end)' on target 'functions/common_events.lua' for pattern patch from Talisman\lovely.toml resulted in no matches
WARN - [♥] Pattern 'if amt > 0 or amt < 0 then' on target 'functions/common_events.lua' for pattern patch from Talisman\lovely.toml resulted in no matches
WARN - [♥] Pattern 'if amt > 0 or amt < 0 then' on target 'functions/common_events.lua' for pattern patch from Talisman\lovely.toml resulted in no matches
INFO - [♥] Applied 207 patches to 'functions/common_events.lua'
WARN - [♥] Pattern 'if ((G.GAME.dollars-G.GAME.bankrupt_at) - 10 >= 0) and' on target 'functions/button_callbacks.lua' for pattern patch from Talisman\lovely.toml resulted in no matches
WARN - [♥] Pattern 'if #G.hand.highlighted <= 0 or G.GAME.blind.block_play or #G.hand.highlighted > 5 then' on target 'functions/button_callbacks.lua' for pattern patch from CardSleeves\lovely\expected_to_fail.toml resulted in no matches
INFO - [♥] Applied 95 patches to 'functions/button_callbacks.lua'
WARN - [♥] Pattern 'if self.ability.rental then self.cost = 1 end' on target 'card.lua' for pattern patch from MoreFluff\lovely\superboss.toml resulted in no matches
WARN - [♥] Pattern 'Xmult_mod = G.P_CENTERS.v_observatory.config.extra' on target 'card.lua' for pattern patch from Incantation\lovely.toml resulted in no matches
WARN - [♥] Pattern 'G.E_MANAGER:add_event(Event({func = (function() G.GAME.dollar_buffer = 0; return true end)}))' on target 'card.lua' for pattern patch from Talisman\lovely.toml resulted in no matches
WARN - [♥] Pattern 'if G.GAME.blind then G.E_MANAGER:add_event(Event({ func = function() G.GAME.blind:set_blind(nil, true, nil); return true end })) end' on target 'card.lua' for pattern patch from Talisman\lovely.toml resulted in no matches
WARN - [♥] Pattern 'x_mult = center.config.Xmult or 1,' on target 'card.lua' for pattern patch from Talisman\lovely.toml resulted in no matches
WARN - [♥] Pattern 'local currentBack = self.params.viewed_back and G.GAME.viewed_back or G.GAME.selected_back' on target 'card.lua' for pattern patch from Galdur\lovely.toml resulted in no matches
WARN - [♥] Regex 'self.params.viewed_back and G.GAME.viewed_back or G.GAME.selected_back' on target 'card.lua' for regex patch from CardSleeves\lovely\expected_to_fail.toml resulted in no matches
INFO - [♥] Applied 290 patches to 'card.lua'
INFO - [♥] Applied 34 patches to 'cardarea.lua'
INFO - [♥] Applied 46 patches to 'blind.lua'
INFO - [♥] Applied 2 patches to 'card_character.lua'
WARN - [♥] Pattern 'if self.strings[k].W > self.config.W then' on target 'engine/text.lua' for pattern patch from Talisman\lovely.toml resulted in no matches
WARN - [♥] Pattern 'local letter = self.strings[self.focused_string].letters[k]' on target 'engine/text.lua' for pattern patch from Talisman\lovely.toml resulted in no matches
INFO - [♥] Applied 6 patches to 'engine/text.lua'
WARN - [♥] Pattern 'if eff.retrigger_flag then SMODS.calculate_effect(eff, eff.card); j = j+1; _, eff = next(reps[j]) end' on target '=[SMODS _ "src/utils.lua"]' for pattern patch from Cryptid\lovely\misc.toml resulted in no matches
INFO - [♥] Applied 12 patches to '=[SMODS _ "src/utils.lua"]'
WARN - [♥] Pattern '    for _, v in ipairs(G.handlist) do\n\t\tif G.GAME.hands[v].visible then\n\t\t\ttable.insert(visible_hands, v)\n\t\tend\n\tend\n' on target '=[SMODS _ "src/overrides.lua"]' for pattern patch from Overflow\lovely\fixes.toml resulted in no matches
WARN - [♥] Pattern 'for _, v in ipairs(G.handlist) do
WARN - [♥] ' on target '=[SMODS _ "src/overrides.lua"]' for pattern patch from Overflow\lovely\fixes.toml resulted in 5 matches, wanted 4
WARN - [♥] Ignoring excess matches
WARN - [♥] Pattern 'card_limit = #SUITS[suit_map[j]],' on target '=[SMODS _ "src/overrides.lua"]' for pattern patch from Cartomancer\lovely\stackable-deck-steamodded.toml resulted in no matches
WARN - [♥] Pattern 'card_limit = #SUITS[visible_suit[j]],' on target '=[SMODS _ "src/overrides.lua"]' for pattern patch from Cartomancer\lovely\stackable-deck-steamodded.toml resulted in no matches
WARN - [♥] Regex '\t\t\tfor i = 1\\, \\#SUITS\\[suit_map\\[j\\]\\] do\n\t\t\t\tif SUITS\\[suit_map\\[j\\]\\]\\[i\\] then\n\t\t\t\t\tlocal greyed\\, _scale = nil\\, 0\\.7\n\t\t\t\t\tif unplayed_only and not \\(\\(SUITS\\[suit_map\\[j\\]\\]\\[i\\]\\.area and SUITS\\[suit_map\\[j\\]\\]\\[i\\]\\.area == G\\.deck\\) or SUITS\\[suit_map\\[j\\]\\]\\[i\\]\\.ability\\.wheel_flipped\\) then\n\t\t\t\t\t\tgreyed = true\n\t\t\t\t\tend\n\t\t\t\t\tlocal copy = copy_card\\(SUITS\\[suit_map\\[j\\]\\]\\[i\\]\\, nil\\, _scale[^\\)\\n]*\\)\n\t\t\t\t\tcopy\\.greyed = greyed\n\t\t\t\t\tcopy\\.T\\.x = view_deck\\.T\\.x \\+ view_deck\\.T\\.w \\/ 2\n\t\t\t\t\tcopy\\.T\\.y = view_deck\\.T\\.y\n\n\t\t\t\t\tcopy:hard_set_T\\(\\)\n\t\t\t\t\tview_deck:emplace\\(copy\\)\n\t\t\t\tend\n\t\t\tend' on target '=[SMODS _ "src/overrides.lua"]' for regex patch from Cartomancer\lovely\stackable-deck-steamodded.toml resulted in no matches
INFO - [♥] Applied 15 patches to '=[SMODS _ "src/overrides.lua"]'
INFO - [♥] Applied 3 patches to '=[SMODS _ "src/game_object.lua"]'
INFO - [G] Failed to connect to the debug server 
INFO - [G] 2025-08-29 12:33:31 :: DEBUG :: DebugConsole :: Steamodded Debug Socket started ! 
INFO - [G] 2025-08-29 12:33:31 :: INFO  :: SMODS :: Steamodded v1.0.0~BETA-0711a 
INFO - [G] Order not set for config dictionary: misc_quick_restart 
INFO - [G] Order not set for config dictionary: speed_multiplier_default_value 
INFO - [G] Order not set for config dictionary: misc_save_run 
INFO - [G] Order not set for config dictionary: animation_skip_default_value 
INFO - [G] [Blueprint] Starting to load config 
INFO - [G] [Blueprint] Reading config file:  
INFO - [G] [Blueprint] return {
	["INTERNAL_debug"] = false,
	["hello"] = true,
	["brainstorm"] = true,
	["blueprint"] = true,
} 
INFO - [G] [Blueprint] Removing setting `hello` because it is not in default config 
INFO - [♥] Applied 3 patches to 'engine/save_manager.lua'
INFO - [♥] Applied 9 patches to 'engine/sound_manager.lua'
INFO - [♥] Applied 2 patches to 'engine/string_packer.lua'
INFO - [G] Loaded all Blueprint mod shaders successfully 
