INFO - [♥] Lovely 0.7.1
INFO - [♥] Game directory is at "C:\\Users\\easto\\Downloads\\Balatro.v1.0.1o\\Balatro.v1.0.1o\\game"
INFO - [♥] Writing logs to "C:\\Users\\easto\\AppData\\Roaming\\Balatro\\Mods\\lovely\\log"
INFO - [♥] Using mod directory at "C:\\Users\\easto\\AppData\\Roaming\\Balatro\\Mods"
INFO - [♥] Found .lovelyignore in 'Jen', skipping it.
WARN - [♥] Unknown key `patches.2.?.match_indent` found in patch file at "C:\\Users\\easto\\AppData\\Roaming\\Balatro\\Mods\\Cartomancer\\lovely\\stackable-deck-steamodded.toml", ignoring it
WARN - [♥] Unknown key `patches.21.?.match_indent` found in patch file at "C:\\Users\\easto\\AppData\\Roaming\\Balatro\\Mods\\Cryptid\\lovely\\code.toml", ignoring it
WARN - [♥] Unknown key `patches.18.?.overwrite` found in patch file at "C:\\Users\\easto\\AppData\\Roaming\\Balatro\\Mods\\HandyBalatro\\lovely.toml", ignoring it
WARN - [♥] Unknown key `patches.49.?.match_indent` found in patch file at "C:\\Users\\easto\\AppData\\Roaming\\Balatro\\Mods\\Talisman\\lovely.toml", ignoring it
WARN - [♥] Unknown key `patches.52.?.match_indent` found in patch file at "C:\\Users\\easto\\AppData\\Roaming\\Balatro\\Mods\\Talisman\\lovely.toml", ignoring it
INFO - [♥] Cleaning up dumps directory at "C:\\Users\\easto\\AppData\\Roaming\\Balatro\\Mods\\lovely\\dump"
INFO - [♥] Initialization complete in 122ms
INFO - [♥] Applied 1 patch to 'conf.lua'
WARN - [♥] Pattern 'G.ARGS.score_intensity.organ = G.video_organ or G.ARGS.score_intensity.required_score > 0 and math.max(math.min(0.4, 0.1*math.log(G.ARGS.score_intensity.earned_score/(G.ARGS.score_intensity.required_score+1), 5)),0.) or 0' on target 'main.lua' for pattern patch from Talisman\lovely.toml resulted in no matches
WARN - [♥] Pattern 'if type(G.GAME.current_round.current_hand.chips) ~= \'number\' or type(G.GAME.current_round.current_hand.mult) ~= \'number\' then' on target 'main.lua' for pattern patch from Talisman\lovely.toml resulted in no matches
WARN - [♥] Pattern 'assert(load(nfs.read(Saturn.PATH .. \"/core/logic/hide_played.lua\")))()' on target 'main.lua' for pattern patch from Cartomancer\lovely\saturn-compat.toml resulted in no matches
WARN - [♥] Pattern 'modded and {' on target 'main.lua' for pattern patch from Cartomancer\lovely\stackable-deck-steamodded-0.9.8.toml resulted in no matches
INFO - [♥] Applied 67 patches to 'main.lua'
INFO - [♥] Applied 2 patches to 'engine/string_packer.lua'
INFO - [♥] Applied 20 patches to 'engine/controller.lua'
INFO - [♥] Applied 21 patches to 'back.lua'
INFO - [♥] Applied 18 patches to 'tag.lua'
INFO - [♥] Applied 1 patch to 'engine/node.lua'
INFO - [♥] Applied 2 patches to 'engine/moveable.lua'
INFO - [♥] Applied 3 patches to 'engine/sprite.lua'
INFO - [♥] Applied 2 patches to 'engine/animatedsprite.lua'
WARN - [♥] Pattern 'assembled_string = assembled_string..(type(subpart) == \'string\' and subpart or args.vars[tonumber(subpart[1])] or \'ERROR\')' on target 'functions/misc_functions.lua' for pattern patch from Talisman\lovely.toml resulted in no matches
INFO - [♥] Applied 64 patches to 'functions/misc_functions.lua'
WARN - [♥] Pattern 'for i = 1, 2 do' on target 'game.lua' for pattern patch from Cryptid\lovely\stake.toml resulted in no matches
WARN - [♥] Pattern 'create_shop_card_ui(card, \'Voucher\', G.shop_vouchers)' on target 'game.lua' for pattern patch from Cryptid\lovely\stake.toml resulted in no matches
WARN - [♥] Pattern 'self.GAME.current_round.voucher = G.SETTINGS.tutorial_progress and G.SETTINGS.tutorial_progress.forced_voucher or SMODS.get_next_vouchers()' on target 'game.lua' for pattern patch from Cryptid\lovely\very_fair.toml resulted in no matches
WARN - [♥] Pattern 'self.GAME.current_round.voucher = G.SETTINGS.tutorial_progress and G.SETTINGS.tutorial_progress.forced_voucher or get_next_voucher_key()' on target 'game.lua' for pattern patch from Cryptid\lovely\Voucher.toml resulted in no matches
WARN - [♥] Pattern 'if Big:new(G.GAME.chips) >= Big:new(G.GAME.blind.chips) or G.GAME.current_round.hands_left < 1 then' on target 'game.lua' for pattern patch from NotJustYet\lovely.toml resulted in no matches
WARN - [♥] Pattern 'if to_big(G.GAME.chips) >= to_big(G.GAME.blind.chips) or G.GAME.current_round.hands_left <= 0 then' on target 'game.lua' for pattern patch from NotJustYet\lovely.toml resulted in no matches
WARN - [♥] Pattern 'if G.GAME.chips - G.GAME.blind.chips >= 0 or G.GAME.current_round.hands_left < 1 then' on target 'game.lua' for pattern patch from Talisman\lovely.toml resulted in no matches
WARN - [♥] Regex 'card\\:start_materialize\\(\\)\\n\\s+G\\.shop_vouchers\\:emplace\\(card\\)\\n\\s+end' on target 'game.lua' for regex patch from Cryptid\lovely\Voucher.toml resulted in no matches
INFO - [♥] Applied 123 patches to 'game.lua'
INFO - [♥] Applied 3 patches to 'globals.lua'
WARN - [♥] Pattern 'self.config.chosen = true' on target 'engine/ui.lua' for pattern patch from Cartomancer\lovely\vanilla-ui.toml resulted in no matches
INFO - [♥] Applied 7 patches to 'engine/ui.lua'
WARN - [♥] Pattern 'G.GAME.shop.joker_max*1.02*G.CARD_W,' on target 'functions/UI_definitions.lua' for pattern patch from Cryptid\lovely\equilibrium.toml resulted in no matches
WARN - [♥] Pattern '{n=G.UIT.T, config={text = G.GAME.hands[handname].chips, scale = 0.45, colour = G.C.UI.TEXT_LIGHT}},' on target 'functions/UI_definitions.lua' for pattern patch from Talisman\lovely.toml resulted in no matches
WARN - [♥] Pattern '{n=G.UIT.T, config={text = G.GAME.hands[handname].mult, scale = 0.45, colour = G.C.UI.TEXT_LIGHT}}' on target 'functions/UI_definitions.lua' for pattern patch from Talisman\lovely.toml resulted in no matches
WARN - [♥] Pattern 'create_option_cycle({label = localize(\'b_set_gamespeed\'),scale = 0.8, options = {0.5, 1, 2, 4}, opt_callback = \'change_gamespeed\', current_option = (G.SETTINGS.GAMESPEED == 0.5 and 1 or G.SETTINGS.GAMESPEED == 4 and 4 or G.SETTINGS.GAMESPEED + 1)}),' on target 'functions/UI_definitions.lua' for pattern patch from Nopeus\lovely.toml resulted in no matches
INFO - [♥] Applied 136 patches to 'functions/UI_definitions.lua'
WARN - [♥] Pattern 'ease_to = G.GAME.chips + math.floor(hand_chips * mult) * (e and e.antiscore and -1 or 1),' on target 'functions/state_events.lua' for pattern patch from Cryptid\lovely\blind.toml resulted in no matches
WARN - [♥] Pattern 'if reps[j] ~= 1 then' on target 'functions/state_events.lua' for pattern patch from Cryptid\lovely\misc.toml resulted in no matches
WARN - [♥] Pattern 'local effects = {[1] = {playing_card = G.hand.cards[i]:get_end_of_round_effect()}}' on target 'functions/state_events.lua' for pattern patch from Cryptid\lovely\stake.toml resulted in no matches
WARN - [♥] Pattern 'G.GAME.current_round.voucher = get_next_voucher_key()' on target 'functions/state_events.lua' for pattern patch from Cryptid\lovely\sticker.toml resulted in no matches
WARN - [♥] Pattern 'if G.GAME.round_resets.blind == G.P_BLINDS.bl_small then\n  G.GAME.round_resets.blind_states.Small = \'Defeated\' ' on target 'functions/state_events.lua' for pattern patch from MoreFluff\lovely\superboss.toml resulted in no matches
WARN - [♥] Pattern 'if G.GAME.round_resets.ante == G.GAME.win_ante and G.GAME.blind:get_type() == \'Boss\' then\n  game_won = true\n  G.GAME.won = true\nend' on target 'functions/state_events.lua' for pattern patch from MoreFluff\lovely\superboss.toml resulted in no matches
WARN - [♥] Pattern 'G.FUNCS.draw_from_hand_to_discard()\nif G.GAME.blind:get_type() == \'Boss\' then' on target 'functions/state_events.lua' for pattern patch from MoreFluff\lovely\superboss.toml resulted in no matches
WARN - [♥] Pattern 'G.GAME.current_round.voucher = get_next_voucher_key()' on target 'functions/state_events.lua' for pattern patch from Cryptid\lovely\Voucher.toml resulted in no matches
WARN - [♥] Pattern 'if effects[ii].card then' on target 'functions/state_events.lua' for pattern patch from Talisman\lovely.toml resulted in no matches
WARN - [♥] Pattern 'if effects.jokers.Xmult_mod then mult = mod_mult(mult*effects.jokers.Xmult_mod);extras.mult = true  end' on target 'functions/state_events.lua' for pattern patch from Talisman\lovely.toml resulted in no matches
WARN - [♥] Pattern 'if effect.Xmult_mod then mult = mod_mult(mult*effect.Xmult_mod);extras.mult = true  end' on target 'functions/state_events.lua' for pattern patch from Talisman\lovely.toml resulted in no matches
WARN - [♥] Pattern 'if effects[ii].message then' on target 'functions/state_events.lua' for pattern patch from Talisman\lovely.toml resulted in no matches
WARN - [♥] Pattern '--calculate the card edition effects' on target 'functions/state_events.lua' for pattern patch from Talisman\lovely.toml resulted in no matches
WARN - [♥] Pattern 'if effects[ii].edition.p_dollars_mod then' on target 'functions/state_events.lua' for pattern patch from Talisman\lovely.toml resulted in no matches
WARN - [♥] Pattern 'if edition_effects.jokers.x_mult_mod then' on target 'functions/state_events.lua' for pattern patch from Talisman\lovely.toml resulted in no matches
WARN - [♥] Pattern 'if SMODS.has_enhancement(scoring_hand[i], \'m_glass\') and not scoring_hand[i].debuff and pseudorandom(\'glass\') < G.GAME.probabilities.normal/(scoring_hand[i].ability.name == \'Glass Card\' and scoring_hand[i].ability.extra or G.P_CENTERS.m_glass.config.extra) then' on target 'functions/state_events.lua' for pattern patch from Cryptid\lovely\Probability.toml resulted in no matches
WARN - [♥] Regex '(?<indent>[\\t ]*)if destroyed then \\n' on target 'functions/state_events.lua' for regex patch from Cryptid\lovely\seal.toml resulted in no matches
INFO - [♥] Applied 89 patches to 'functions/state_events.lua'
WARN - [♥] Pattern '{n=G.UIT.T, config={text = localize(\'$\')..config.dollars, scale = 1.2*scale, colour = G.C.WHITE, shadow = true, juice = true}}' on target 'functions/common_events.lua' for pattern patch from Cryptid\lovely\code.toml resulted in no matches
WARN - [♥] Pattern 'G.shop_jokers.T.w = G.GAME.shop.joker_max*1.01*G.CARD_W' on target 'functions/common_events.lua' for pattern patch from Cryptid\lovely\equilibrium.toml resulted in no matches
WARN - [♥] Pattern 'function generate_card_ui(_c, full_UI_table, specific_vars, card_type, badges, hide_desc, main_start, main_end)' on target 'functions/common_events.lua' for pattern patch from Cryptid\lovely\lib_misc.toml resulted in no matches
WARN - [♥] Pattern 'elseif v.boss.showdown and (G.GAME.round_resets.ante)%G.GAME.win_ante == 0 and G.GAME.round_resets.ante >= 2 then' on target 'functions/common_events.lua' for pattern patch from Cryptid\lovely\stake.toml resulted in no matches
WARN - [♥] Pattern '   end\n\n    if main_end then \n        desc_nodes[#desc_nodes+1] = main_end \n    end' on target 'functions/common_events.lua' for pattern patch from MoreFluff\lovely\complexitycreep.toml resulted in no matches
WARN - [♥] Pattern 'if num_dollars > 60 then' on target 'functions/common_events.lua' for pattern patch from Talisman\lovely.toml resulted in no matches
WARN - [♥] Pattern 'func = (function() if eval_func(card) then if not first or first then card:juice_up(0.1, 0.1) end;juice_card_until(card, eval_func, nil, 0.8) end return true end)' on target 'functions/common_events.lua' for pattern patch from Talisman\lovely.toml resulted in no matches
INFO - [♥] Applied 190 patches to 'functions/common_events.lua'
WARN - [♥] Pattern 'if ((G.GAME.dollars-G.GAME.bankrupt_at) - 10 >= 0) and' on target 'functions/button_callbacks.lua' for pattern patch from Talisman\lovely.toml resulted in no matches
WARN - [♥] Pattern 'if #G.hand.highlighted <= 0 or G.GAME.blind.block_play or #G.hand.highlighted > 5 then' on target 'functions/button_callbacks.lua' for pattern patch from CardSleeves\lovely\expected_to_fail.toml resulted in no matches
INFO - [♥] Applied 82 patches to 'functions/button_callbacks.lua'
WARN - [♥] Pattern 'if G.GAME.blind and G.GAME.blind.in_blind then G.E_MANAGER:add_event(Event({ func = function() G.GAME.blind:set_blind(nil, true, nil); return true end })) end' on target 'card.lua' for pattern patch from Steamodded\lovely\calculate_card_added.toml resulted in 2 matches, wanted 1
WARN - [♥] Ignoring excess matches
WARN - [♥] Pattern 'if self.ability.name == \'Campfire\' and G.GAME.blind.boss and not (G.GAME.blind.config and G.GAME.blind.config.bonus) and self.ability.x_mult > 1 then' on target 'card.lua' for pattern patch from Cryptid\lovely\misc.toml resulted in no matches
WARN - [♥] Pattern 'if self.ability.name:find(\'Arcana\') then' on target 'card.lua' for pattern patch from Cryptid\lovely\misprint.toml resulted in no matches
WARN - [♥] Pattern 'if self.ability.name == \'The Hermit\' or self.ability.consumeable.hand_type or self.ability.name == \'Temperance\' or self.ability.name == \'Black Hole\' then' on target 'card.lua' for pattern patch from Cryptid\lovely\stake.toml resulted in no matches
WARN - [♥] Pattern 'if self.ability.queue_negative_removal then' on target 'card.lua' for pattern patch from Cryptid\lovely\sticker.toml resulted in no matches
WARN - [♥] Pattern 'if self.ability.rental then self.cost = 1 end' on target 'card.lua' for pattern patch from MoreFluff\lovely\superboss.toml resulted in no matches
WARN - [♥] Pattern 'G.GAME.current_round.voucher = nil' on target 'card.lua' for pattern patch from Cryptid\lovely\Voucher.toml resulted in no matches
WARN - [♥] Pattern 'Xmult_mod = G.P_CENTERS.v_observatory.config.extra' on target 'card.lua' for pattern patch from Incantation\lovely.toml resulted in no matches
WARN - [♥] Pattern 'if G.GAME.blind then G.E_MANAGER:add_event(Event({ func = function() G.GAME.blind:set_blind(nil, true, nil); return true end })) end' on target 'card.lua' for pattern patch from Talisman\lovely.toml resulted in no matches
WARN - [♥] Pattern 'x_mult = center.config.Xmult or 1,' on target 'card.lua' for pattern patch from Talisman\lovely.toml resulted in no matches
WARN - [♥] Pattern 'elseif self.ability.name == \'Business Card\' then loc_vars = {\'\'..(G.GAME and G.GAME.probabilities.normal or 1), self.ability.extra}' on target 'card.lua' for pattern patch from Cryptid\lovely\Probability.toml resulted in no matches
WARN - [♥] Pattern 'pseudorandom(\'business\') < G.GAME.probabilities.normal/self.ability.extra then' on target 'card.lua' for pattern patch from Cryptid\lovely\Probability.toml resulted in no matches
WARN - [♥] Pattern 'local currentBack = self.params.viewed_back and G.GAME.viewed_back or G.GAME.selected_back' on target 'card.lua' for pattern patch from Galdur\lovely.toml resulted in no matches
WARN - [♥] Regex 'self.params.viewed_back and G.GAME.viewed_back or G.GAME.selected_back' on target 'card.lua' for regex patch from CardSleeves\lovely\expected_to_fail.toml resulted in no matches
INFO - [♥] Applied 259 patches to 'card.lua'
INFO - [♥] Applied 29 patches to 'cardarea.lua'
INFO - [♥] Applied 41 patches to 'blind.lua'
INFO - [♥] Applied 2 patches to 'card_character.lua'
INFO - [♥] Applied 5 patches to 'engine/text.lua'
INFO - [♥] Applied 3 patches to '=[SMODS _ "src/utils.lua"]'
INFO - [♥] Applied 8 patches to '=[SMODS _ "src/overrides.lua"]'
INFO - [♥] Applied 2 patches to '=[SMODS _ "src/game_object.lua"]'
INFO - [G] Failed to connect to the debug server 
INFO - [G] 2025-05-03 15:11:39 :: DEBUG :: DebugConsole :: Steamodded Debug Socket started ! 
INFO - [G] [Blueprint] Starting to load config 
INFO - [G] [Blueprint] Reading config file:  
INFO - [G] [Blueprint] return {
	["INTERNAL_debug"] = false,
	["hello"] = true,
	["brainstorm"] = true,
	["blueprint"] = true,
} 
INFO - [G] [Blueprint] Removing setting `hello` because it is not in default config 
INFO - [♥] Applied 9 patches to 'engine/sound_manager.lua'
INFO - [♥] Applied 3 patches to 'engine/save_manager.lua'
INFO - [♥] Applied 2 patches to 'engine/string_packer.lua'
INFO - [G] Loaded all Blueprint mod shaders successfully 
INFO - [G] {
  [1] = table: 0x0f3695d0   {
     [1] = 0.99607843137255,
     [2] = 0.37254901960784,
     [3] = 0.33333333333333,
     [4] = 1,
   },
  [2] = table: 0x0f369620   {
     [1] = 0,
     [2] = 0.6156862745098,
     [3] = 1,
     [4] = 1,
   },
} 
INFO - [♥] Applied 4 patches to '=[SMODS _ "src/card_draw.lua"]'
INFO - [G] 2025-05-03 15:11:43 :: TRACE :: Loader :: Processing Mod file (Legacy header): Aurinko.lua 
INFO - [G] 2025-05-03 15:11:43 :: TRACE :: Loader :: Saving Mod Info: aurinko 
INFO - [G] 2025-05-03 15:11:43 :: TRACE :: Loader :: Processing Mod file (Legacy header): BetterMouseAndGamepad_v1.0.6c.lua 
INFO - [G] 2025-05-03 15:11:43 :: TRACE :: Loader :: Saving Mod Info: BetterMouseAndGamepad 
INFO - [G] 2025-05-03 15:11:43 :: TRACE :: Loader :: Processing Mod file (Legacy header): BetterMouseAndGamepad_v1.0.5d.lua 
INFO - [G] 2025-05-03 15:11:43 :: WARN  :: Loader :: Duplicate Mod ID: BetterMouseAndGamepad 
INFO - [G] 2025-05-03 15:11:43 :: WARN  :: Loader :: Duplicate Mod prefix bmag_k used by BetterMouseAndGamepad, BetterMouseAndGamepad 
INFO - [G] 2025-05-03 15:11:43 :: TRACE :: Loader :: Processing Mod file (Legacy header): mod.lua 
INFO - [G] 2025-05-03 15:11:43 :: TRACE :: Loader :: Saving Mod Info: blueprint 
INFO - [G] 2025-05-03 15:11:43 :: ERROR :: Loader :: Found invalid metadata JSON file at C:\Users\easto\AppData\Roaming\Balatro\Mods/Brainstorm/manifest.json, ignoring: [SMODS _ "src/loader.lua"]:226: id 
INFO - [G] 2025-05-03 15:11:43 :: INFO  :: DefaultLogger :: Valid JSON file found 
INFO - [G] 2025-05-03 15:11:43 :: TRACE :: Loader :: Processing Mod file (Legacy header): mod.lua 
INFO - [G] 2025-05-03 15:11:43 :: TRACE :: Loader :: Saving Mod Info: cartomancer 
INFO - [G] 2025-05-03 15:11:43 :: INFO  :: DefaultLogger :: Valid JSON file found 
INFO - [G] 2025-05-03 15:11:43 :: INFO  :: DefaultLogger :: Valid JSON file found 
INFO - [G] 2025-05-03 15:11:43 :: INFO  :: DefaultLogger :: Valid JSON file found 
INFO - [G] 2025-05-03 15:11:43 :: INFO  :: DefaultLogger :: Valid JSON file found 
INFO - [G] 2025-05-03 15:11:43 :: TRACE :: Loader :: Processing Mod file (Legacy header): steamodded.lua 
INFO - [G] 2025-05-03 15:11:43 :: WARN  :: Loader :: Duplicate Mod ID: Handy 
INFO - [G] 2025-05-03 15:11:43 :: INFO  :: DefaultLogger :: Valid JSON file found 
INFO - [G] 2025-05-03 15:11:43 :: INFO  :: DefaultLogger :: Valid JSON file found 
INFO - [G] 2025-05-03 15:11:43 :: TRACE :: Loader :: Processing Mod file (Legacy header): JenLib.lua 
INFO - [G] 2025-05-03 15:11:43 :: TRACE :: Loader :: Saving Mod Info: JenLib 
INFO - [G] 2025-05-03 15:11:43 :: INFO  :: DefaultLogger :: Valid JSON file found 
INFO - [G] 2025-05-03 15:11:43 :: TRACE :: Loader :: Processing Mod file (Legacy header): LocalPoolFix.lua 
INFO - [G] 2025-05-03 15:11:43 :: TRACE :: Loader :: Saving Mod Info: jen_localpoolfix 
INFO - [G] 2025-05-03 15:11:43 :: TRACE :: Loader :: Processing Mod file (Legacy header): MoreFluff.lua 
INFO - [G] 2025-05-03 15:11:43 :: TRACE :: Loader :: Saving Mod Info: MoreFluff 
INFO - [G] 2025-05-03 15:11:43 :: TRACE :: Loader :: Processing Mod file (Legacy header): MoreJokerPacks.lua 
INFO - [G] 2025-05-03 15:11:43 :: TRACE :: Loader :: Saving Mod Info: MoreJokerPacks 
INFO - [G] 2025-05-03 15:11:43 :: TRACE :: Loader :: Processing Mod file (Legacy header): Nopeus.lua 
INFO - [G] 2025-05-03 15:11:43 :: TRACE :: Loader :: Saving Mod Info: nopeus 
INFO - [G] 2025-05-03 15:11:43 :: TRACE :: Loader :: Processing Mod file (Legacy header): main.lua 
INFO - [G] 2025-05-03 15:11:43 :: TRACE :: Loader :: Saving Mod Info: NotJustYet 
INFO - [G] 2025-05-03 15:11:43 :: TRACE :: Loader :: Processing Mod file (Legacy header): PreorderCards.lua 
INFO - [G] 2025-05-03 15:11:43 :: TRACE :: Loader :: Saving Mod Info: preorder_cards 
INFO - [G] 2025-05-03 15:11:43 :: TRACE :: Loader :: Processing Mod file (Legacy header): main.lua 
INFO - [G] 2025-05-03 15:11:43 :: TRACE :: Loader :: Saving Mod Info: sdm0sstuff 
INFO - [G] 2025-05-03 15:11:43 :: INFO  :: DefaultLogger :: Valid JSON file found 
INFO - [G] 2025-05-03 15:11:43 :: TRACE :: Loader :: Processing Mod file (Legacy header): steamodded_metadata.lua 
INFO - [G] 2025-05-03 15:11:43 :: TRACE :: Loader :: Saving Mod Info: Talisman 
INFO - [G] 2025-05-03 15:11:43 :: TRACE :: Loader :: Processing Mod file (Legacy header): steamodded_metadata.lua 
INFO - [G] 2025-05-03 15:11:43 :: WARN  :: Loader :: Duplicate Mod ID: Talisman 
INFO - [G] 2025-05-03 15:11:43 :: WARN  :: Loader :: Duplicate Mod prefix talisman used by Talisman, Talisman 
INFO - [G] 2025-05-03 15:11:43 :: TRACE :: Loader :: Processing Mod file (Legacy header): IOSAdaptation.lua 
INFO - [G] 2025-05-03 15:11:43 :: TRACE :: Loader :: Saving Mod Info: IOSAdaptation 
INFO - [G] 2025-05-03 15:11:43 :: TRACE :: Loader :: Processing Mod file (Legacy header): UltraHand.lua 
INFO - [G] 2025-05-03 15:11:43 :: TRACE :: Loader :: Saving Mod Info: UltraHand 
INFO - [G] 2025-05-03 15:11:43 :: TRACE :: Loader :: Processing Mod file (Legacy header): multipack.lua 
INFO - [G] 2025-05-03 15:11:43 :: TRACE :: Loader :: Saving Mod Info: Multipack 
INFO - [♥] Applied 3 patches to '=[SMODS JokerDisplay "src/display_functions.lua"]'
INFO - [♥] Applied 1 patch to '=[SMODS JokerDisplay "src/config_tab.lua"]'
INFO - [G] 2025-05-03 15:11:43 :: WARN  :: Draw Step :: Detected duplicate register call on object back_sticker 
INFO - [G] 2025-05-03 15:11:43 :: INFO  :: CardSleeves :: CardSleeves v1.7.5 loaded~! 
INFO - [G] 2025-05-03 15:11:43 :: DEBUG :: DefaultLogger :: IOS Adaptation! 
INFO - [G] basepaul_card 
INFO - [G] blahaj 
INFO - [G] clownfish 
INFO - [G] expansion_pack 
INFO - [G] hollow 
INFO - [G] jester 
INFO - [G] lollipop 
INFO - [G] luckycharm 
INFO - [G] monochrome 
INFO - [G] mspaint 
INFO - [G] philosophical 
INFO - [G] simplified 
INFO - [G] spiral 
INFO - [G] treasuremap 
INFO - [G] unregisteredhypercam 
INFO - [G] dropkick 
INFO - [G] bladedance 
INFO - [G] hyperbeam 
INFO - [G] blasphemy 
INFO - [G] dramaticentrance 
INFO - [G] badlegaldefence 
INFO - [G] blunder 
INFO - [G] brilliant 
INFO - [G] broomcloset 
INFO - [G] clipart 
INFO - [G] coupon_catalogue 
INFO - [G] css 
INFO - [G] cueball 
INFO - [G] flintandsteel 
INFO - [G] gemstonejoker 
INFO - [G] globe 
INFO - [G] goldencarrot 
INFO - [G] hallofmirrors 
INFO - [G] impostor 
INFO - [G] farmmerge 
INFO - [G] junkmail 
INFO - [G] tonersoup 
INFO - [G] unpleasantcard 
INFO - [G] loadeddisk 
INFO - [G] missingjoker 
INFO - [G] paintcan 
INFO - [G] rot_cartomancer 
INFO - [G] snake 
INFO - [G] slotmachine 
INFO - [G] stylemeter 
INFO - [G] stonejokerjoker 
INFO - [G] sudoku 
INFO - [G] talljoker 
INFO - [G] teacup 
INFO - [G] tealjoker 
INFO - [G] recycling 
INFO - [G] virtual 
INFO - [G] wilddrawfour 
INFO - [G] yuckyrat 
INFO - [G] allicantdo 
INFO - [G] bloodpact 
INFO - [G] bookmove 
INFO - [G] brass 
INFO - [G] bowlingball 
INFO - [G] cba 
INFO - [G] complexitycreep 
INFO - [G] fleshprison 
INFO - [G] hugejoker 
INFO - [G] hyperjimbo 
INFO - [G] jankman 
INFO - [G] mashupalbum 
INFO - [G] pixeljoker 
INFO - [G] rainbowjoker 
INFO - [G] rosetinted 
INFO - [G] the_solo 
INFO - [G] top10 
INFO - [G] widejoker 
INFO - [G] triangle 
INFO - [G] marigold 
INFO - [G] lessfluff 
INFO - [G] colorem 
INFO - [G] shattered_prism 
INFO - [G] 2025-05-03 15:11:44 :: WARN  :: Atlas :: Detected duplicate register call on object njy_modicon 
INFO - [G] 2025-05-03 15:11:44 :: TRACE :: Loader :: Mod Cryptid was unable to load: Missing Dependencies: 1: Steamodded (>=1.0.0~BETA-0419b)

 
INFO - [G] 2025-05-03 15:11:44 :: TRACE :: Loader :: Mod jen was unable to load: Missing Dependencies: 1: Cryptid (==0.5.5a~dev2)

 
INFO - [G] 2025-05-03 15:11:44 :: INFO  :: TIMER :: [0000] Injected Language in 0.002 ms 
INFO - [G] 2025-05-03 15:11:44 :: INFO  :: TIMER :: [0000] Injected [INTERNAL] in 2.565 ms 
INFO - [G] 2025-05-03 15:11:46 :: INFO  :: TIMER :: [0045] Injected Atlas in 2002.225 ms 
INFO - [G] 2025-05-03 15:11:46 :: INFO  :: TIMER :: [0012] Injected Sound in 41.037 ms 
INFO - [G] 2025-05-03 15:11:46 :: INFO  :: TIMER :: [0008] Injected Stake in 1.618 ms 
INFO - [G] 2025-05-03 15:11:46 :: INFO  :: TIMER :: [0004] Injected Rarity in 0.152 ms 
INFO - [G] 2025-05-03 15:11:46 :: INFO  :: TIMER :: [0006] Injected ObjectType in 0.281 ms 
INFO - [G] 2025-05-03 15:11:46 :: INFO  :: TIMER :: [0286] Injected Center in 8.257 ms 
INFO - [G] 2025-05-03 15:11:46 :: INFO  :: TIMER :: [0009] Injected Undiscovered Sprite in 0.066 ms 
INFO - [G] 2025-05-03 15:11:46 :: INFO  :: TIMER :: [0018] Injected Blind in 0.189 ms 
INFO - [G] 2025-05-03 15:11:46 :: INFO  :: TIMER :: [0004] Injected Seal in 1.179 ms 
INFO - [G] 2025-05-03 15:11:46 :: INFO  :: TIMER :: [0004] Injected Suit in 1.409 ms 
INFO - [G] 2025-05-03 15:11:46 :: INFO  :: TIMER :: [0013] Injected Rank in 1.422 ms 
INFO - [G] 2025-05-03 15:11:46 :: INFO  :: TIMER :: [0028] Injected DeckSkin in 2.622 ms 
INFO - [G] 2025-05-03 15:11:46 :: INFO  :: TIMER :: [0012] Injected PokerHand in 1.021 ms 
INFO - [G] 2025-05-03 15:11:46 :: INFO  :: TIMER :: [0026] Injected Challenge in 0.155 ms 
INFO - [G] 2025-05-03 15:11:46 :: INFO  :: TIMER :: [0004] Injected Tag in 0.070 ms 
INFO - [G] 2025-05-03 15:11:46 :: INFO  :: TIMER :: [0004] Injected Sticker in 1.384 ms 
INFO - [G] 2025-05-03 15:11:46 :: INFO  :: TIMER :: [0001] Injected Shader in 114.016 ms 
INFO - [G] 2025-05-03 15:11:46 :: INFO  :: TIMER :: [0002] Injected Keybind in 0.039 ms 
INFO - [G] 2025-05-03 15:11:46 :: INFO  :: TIMER :: [0006] Injected Achievement in 0.486 ms 
INFO - [G] 2025-05-03 15:11:46 :: INFO  :: TIMER :: [0002] Injected nil in 0.221 ms 
INFO - [G] 2025-05-03 15:11:46 :: INFO  :: TIMER :: [0023] Injected Draw Step in 0.387 ms 
INFO - [G] 2025-05-03 15:11:46 :: INFO  :: TIMER :: [0000] Injected [INTERNAL] in 88.444 ms 
INFO - [G] [DebugPlus] Press [/] to toggle console and press [shift] + [/] to toggle new log previews 
