INFO - [♥] Lovely 0.7.1
INFO - [♥] Game directory is at "C:\\Users\\easto\\Downloads\\Balatro.v1.0.1o\\Balatro.v1.0.1o\\game"
INFO - [♥] Writing logs to "C:\\Users\\easto\\AppData\\Roaming\\Balatro\\Mods\\lovely\\log"
INFO - [♥] Using mod directory at "C:\\Users\\easto\\AppData\\Roaming\\Balatro\\Mods"
INFO - [♥] Cleaning up dumps directory at "C:\\Users\\easto\\AppData\\Roaming\\Balatro\\Mods\\lovely\\dump"
INFO - [♥] Initialization complete in 118ms
WARN - [♥] Pattern 'modded and {' on target 'main.lua' for pattern patch from Cartomancer\lovely\stackable-deck-steamodded-0.9.8.toml resulted in no matches
INFO - [♥] Applied 22 patches to 'main.lua'
INFO - [♥] Applied 7 patches to 'engine/controller.lua'
INFO - [♥] Applied 15 patches to 'back.lua'
INFO - [♥] Applied 7 patches to 'tag.lua'
INFO - [♥] Applied 1 patch to 'engine/moveable.lua'
INFO - [♥] Applied 2 patches to 'engine/sprite.lua'
INFO - [♥] Applied 2 patches to 'engine/animatedsprite.lua'
INFO - [♥] Applied 48 patches to 'functions/misc_functions.lua'
INFO - [♥] Applied 37 patches to 'game.lua'
INFO - [♥] Applied 1 patch to 'globals.lua'
WARN - [♥] Pattern 'self.config.chosen = true' on target 'engine/ui.lua' for pattern patch from Cartomancer\lovely\vanilla-ui.toml resulted in no matches
INFO - [♥] Applied 4 patches to 'engine/ui.lua'
INFO - [♥] Applied 93 patches to 'functions/UI_definitions.lua'
WARN - [♥] Pattern 'if effects[ii].card then' on target 'functions/state_events.lua' for pattern patch from Saturn\lovely\rem_anim.toml resulted in no matches
INFO - [♥] Applied 44 patches to 'functions/state_events.lua'
WARN - [♥] Pattern 'func = (function() if eval_func(card) then if not first or first then card:juice_up(0.1, 0.1) end;juice_card_until(card, eval_func, nil, 0.8) end return true end)' on target 'functions/common_events.lua' for pattern patch from Saturn\lovely\rem_anim.toml resulted in no matches
WARN - [♥] Pattern 'local stay_flipped = G.GAME and G.GAME.blind and G.GAME.blind:stay_flipped(to, card)' on target 'functions/common_events.lua' for pattern patch from Cartomancer\lovely\limit-deck-size.toml resulted in no matches
INFO - [♥] Applied 108 patches to 'functions/common_events.lua'
INFO - [♥] Applied 48 patches to 'functions/button_callbacks.lua'
WARN - [♥] Pattern 'if G.GAME.blind and G.GAME.blind.in_blind then G.E_MANAGER:add_event(Event({ func = function() G.GAME.blind:set_blind(nil, true, nil); return true end })) end' on target 'card.lua' for pattern patch from Steamodded\lovely\calculate_card_added.toml resulted in 2 matches, wanted 1
WARN - [♥] Ignoring excess matches
WARN - [♥] Pattern 'if G.GAME.blind then G.E_MANAGER:add_event(Event({ func = function() G.GAME.blind:set_blind(nil, true, nil); return true end })) end' on target 'card.lua' for pattern patch from Saturn\lovely\rem_anim.toml resulted in no matches
WARN - [♥] Pattern 'Xmult_mod = G.P_CENTERS.v_observatory.config.extra' on target 'card.lua' for pattern patch from Saturn\lovely\stack.toml resulted in no matches
INFO - [♥] Applied 157 patches to 'card.lua'
WARN - [♥] Pattern 'local stay_flipped = G.GAME and G.GAME.blind and G.GAME.blind:stay_flipped(self, card)' on target 'cardarea.lua' for pattern patch from Cartomancer\lovely\limit-deck-size.toml resulted in no matches
INFO - [♥] Applied 13 patches to 'cardarea.lua'
INFO - [♥] Applied 36 patches to 'blind.lua'
INFO - [♥] Applied 2 patches to 'engine/text.lua'
INFO - [♥] Applied 4 patches to '=[SMODS _ "src/overrides.lua"]'
INFO - [G] Failed to connect to the debug server
INFO - [G] 2025-03-25 16:20:41 :: DEBUG :: DebugConsole :: Steamodded Debug Socket started !
INFO - [G] [Blueprint] Starting to load config
INFO - [G] [Blueprint] Reading config file: 
INFO - [G] [Blueprint] return {
	["INTERNAL_debug"] = false,
	["hello"] = true,
}
INFO - [♥] Applied 9 patches to 'engine/sound_manager.lua'
INFO - [♥] Applied 1 patch to 'engine/save_manager.lua'
INFO - [G] Loaded all Blueprint mod shaders successfully
INFO - [G] 2025-03-25 16:20:47 :: TRACE :: Loader :: Processing Mod file (Legacy header): PreorderCards.lua
INFO - [G] 2025-03-25 16:20:47 :: TRACE :: Loader :: Saving Mod Info: preorder_cards
INFO - [G] 2025-03-25 16:20:47 :: TRACE :: Loader :: Processing Mod file (Legacy header): mod.lua
INFO - [G] 2025-03-25 16:20:47 :: TRACE :: Loader :: Saving Mod Info: blueprint
INFO - [G] 2025-03-25 16:20:47 :: ERROR :: Loader :: Found invalid metadata JSON file at C:\Users\easto\AppData\Roaming\Balatro\Mods/Brainstorm-master/Brainstorm-master/manifest.json, ignoring: [SMODS _ "src/loader.lua"]:226: id
INFO - [G] 2025-03-25 16:20:47 :: TRACE :: Loader :: Processing Mod file (Legacy header): mod.lua
INFO - [G] 2025-03-25 16:20:47 :: TRACE :: Loader :: Saving Mod Info: cartomancer
INFO - [G] 2025-03-25 16:20:47 :: ERROR :: Loader :: Found invalid metadata JSON file at C:\Users\easto\AppData\Roaming\Balatro\Mods/Saturn/.vscode/settings.json, ignoring: [lovely json "libs/json/json.lua"]:185: expected string for key at line 4 col 3
INFO - [G] 2025-03-25 16:20:47 :: INFO  :: TIMER :: [0000] Injected Language in 0.002 ms
INFO - [G] 2025-03-25 16:20:47 :: INFO  :: TIMER :: [0000] Injected [INTERNAL] in 2.734 ms
INFO - [G] 2025-03-25 16:20:48 :: INFO  :: TIMER :: [0002] Injected Atlas in 1086.645 ms
INFO - [G] 2025-03-25 16:20:48 :: INFO  :: TIMER :: [0001] Injected Sound in 0.470 ms
INFO - [G] 2025-03-25 16:20:48 :: INFO  :: TIMER :: [0008] Injected Stake in 0.478 ms
INFO - [G] 2025-03-25 16:20:48 :: INFO  :: TIMER :: [0004] Injected Rarity in 0.030 ms
INFO - [G] 2025-03-25 16:20:48 :: INFO  :: TIMER :: [0004] Injected ObjectType in 0.096 ms
INFO - [G] 2025-03-25 16:20:48 :: INFO  :: TIMER :: [0048] Injected Center in 1.715 ms
INFO - [G] 2025-03-25 16:20:48 :: INFO  :: TIMER :: [0007] Injected Undiscovered Sprite in 0.037 ms
INFO - [G] 2025-03-25 16:20:48 :: INFO  :: TIMER :: [0002] Injected Blind in 0.021 ms
INFO - [G] 2025-03-25 16:20:48 :: INFO  :: TIMER :: [0004] Injected Seal in 0.232 ms
INFO - [G] 2025-03-25 16:20:48 :: INFO  :: TIMER :: [0004] Injected Suit in 0.200 ms
INFO - [G] 2025-03-25 16:20:48 :: INFO  :: TIMER :: [0013] Injected Rank in 0.319 ms
INFO - [G] 2025-03-25 16:20:48 :: INFO  :: TIMER :: [0028] Injected DeckSkin in 0.796 ms
INFO - [G] 2025-03-25 16:20:48 :: INFO  :: TIMER :: [0012] Injected PokerHand in 0.348 ms
INFO - [G] 2025-03-25 16:20:48 :: INFO  :: TIMER :: [0020] Injected Challenge in 0.080 ms
INFO - [G] 2025-03-25 16:20:48 :: INFO  :: TIMER :: [0000] Injected Tag in 0.003 ms
INFO - [G] 2025-03-25 16:20:48 :: INFO  :: TIMER :: [0004] Injected Sticker in 0.730 ms
INFO - [G] 2025-03-25 16:20:48 :: INFO  :: TIMER :: [0000] Injected Shader in 0.003 ms
INFO - [G] 2025-03-25 16:20:48 :: INFO  :: TIMER :: [0002] Injected Keybind in 0.025 ms
INFO - [G] 2025-03-25 16:20:48 :: INFO  :: TIMER :: [0000] Injected Achievement in 0.137 ms
INFO - [G] 2025-03-25 16:20:48 :: INFO  :: TIMER :: [0002] Injected nil in 0.027 ms
INFO - [G] 2025-03-25 16:20:48 :: INFO  :: TIMER :: [0021] Injected Draw Step in 1.949 ms
INFO - [G] 2025-03-25 16:20:48 :: INFO  :: TIMER :: [0000] Injected [INTERNAL] in 3.295 ms
