INFO - [♥] Lovely 0.8.0
INFO - [♥] Game directory is at "C:\\games\\Balatro.v1.0.1o\\Balatro.v1.0.1o\\game"
INFO - [♥] Writing logs to "C:\\Users\\easto\\AppData\\Roaming\\Balatro\\Mods\\lovely\\log"
INFO - [♥] Using mod directory at "C:\\Users\\easto\\AppData\\Roaming\\Balatro\\Mods"
INFO - [♥] Found .lovelyignore in 'Aikoyori'sShenanigans', skipping it.
INFO - [♥] Found .lovelyignore in 'Cryptid-MoreMarioJokers', skipping it.
INFO - [♥] Found .lovelyignore in 'Cryptposting', skipping it.
INFO - [♥] Found .lovelyignore in 'CustomSuitOrder', skipping it.
INFO - [♥] Found .lovelyignore in 'ExtraCredit', skipping it.
INFO - [♥] Found .lovelyignore in 'Jen', skipping it.
INFO - [♥] Found .lovelyignore in 'Kino', skipping it.
INFO - [♥] Found .lovelyignore in 'Lost_Edition', skipping it.
INFO - [♥] Found .lovelyignore in 'Malverk', skipping it.
INFO - [♥] Found .lovelyignore in 'SDM_0'sStuff', skipping it.
INFO - [♥] Found .lovelyignore in 'StickyFingers', skipping it.
INFO - [♥] Found .lovelyignore in 'Trance', skipping it.
INFO - [♥] Found .lovelyignore in 'Yggdrasil', skipping it.
WARN - [♥] Unknown key `patches.1.?.match_indent` found in patch file at "C:\\Users\\easto\\AppData\\Roaming\\Balatro\\Mods\\Cartomancer\\lovely\\blinds-info.toml", ignoring it
WARN - [♥] Unknown key `patches.2.?.match_indent` found in patch file at "C:\\Users\\easto\\AppData\\Roaming\\Balatro\\Mods\\Cartomancer\\lovely\\stackable-deck-steamodded.toml", ignoring it
WARN - [♥] Unknown key `patches.4.?.match_indent` found in patch file at "C:\\Users\\easto\\AppData\\Roaming\\Balatro\\Mods\\Cartomancer\\lovely\\stackable-deck-steamodded.toml", ignoring it
WARN - [♥] Unknown key `patches.6.?.match_indent` found in patch file at "C:\\Users\\easto\\AppData\\Roaming\\Balatro\\Mods\\Cartomancer\\lovely\\stackable-deck-steamodded.toml", ignoring it
WARN - [♥] Unknown key `patches.20.?.match_indent` found in patch file at "C:\\Users\\easto\\AppData\\Roaming\\Balatro\\Mods\\Cryptid\\lovely\\code.toml", ignoring it
WARN - [♥] Unknown key `patches.1.?.match_indent` found in patch file at "C:\\Users\\easto\\AppData\\Roaming\\Balatro\\Mods\\HandyBalatro\\lovely\\controls_misc.toml", ignoring it
WARN - [♥] Unknown key `patches.1.?.overwrite` found in patch file at "C:\\Users\\easto\\AppData\\Roaming\\Balatro\\Mods\\HandyBalatro\\lovely\\controls_misc.toml", ignoring it
WARN - [♥] Unknown key `patches.0.?.overwrite` found in patch file at "C:\\Users\\easto\\AppData\\Roaming\\Balatro\\Mods\\HandyBalatro\\lovely\\controls_show_deck_preview.toml", ignoring it
WARN - [♥] Unknown key `patches.35.?.match_indent` found in patch file at "C:\\Users\\easto\\AppData\\Roaming\\Balatro\\Mods\\Talisman\\lovely.toml", ignoring it
WARN - [♥] Unknown key `patches.35.?.overwrite` found in patch file at "C:\\Users\\easto\\AppData\\Roaming\\Balatro\\Mods\\Talisman\\lovely.toml", ignoring it
WARN - [♥] Unknown key `patches.52.?.match_indent` found in patch file at "C:\\Users\\easto\\AppData\\Roaming\\Balatro\\Mods\\Talisman\\lovely.toml", ignoring it
WARN - [♥] Unknown key `patches.55.?.match_indent` found in patch file at "C:\\Users\\easto\\AppData\\Roaming\\Balatro\\Mods\\Talisman\\lovely.toml", ignoring it
INFO - [♥] Cleaning up dumps directory at "C:\\Users\\easto\\AppData\\Roaming\\Balatro\\Mods\\lovely\\dump"
INFO - [♥] Initialization complete in 575ms
INFO - [♥] Applied 1 patch to 'conf.lua'
WARN - [♥] Pattern 'G.ARGS.score_intensity.organ = G.video_organ or G.ARGS.score_intensity.required_score > 0 and math.max(math.min(0.4, 0.1*math.log(G.ARGS.score_intensity.earned_score/(G.ARGS.score_intensity.required_score+1), 5)),0.) or 0' on target 'main.lua' for pattern patch from Talisman\lovely.toml resulted in no matches
WARN - [♥] Pattern 'if type(G.GAME.current_round.current_hand.chips) ~= \'number\' or type(G.GAME.current_round.current_hand.mult) ~= \'number\' then' on target 'main.lua' for pattern patch from Talisman\lovely.toml resulted in no matches
WARN - [♥] Pattern 'assert(load(nfs.read(Saturn.PATH .. \"/core/logic/hide_played.lua\")))()' on target 'main.lua' for pattern patch from Cartomancer\lovely\saturn-compat.toml resulted in no matches
WARN - [♥] Pattern 'modded and {' on target 'main.lua' for pattern patch from Cartomancer\lovely\stackable-deck-steamodded-0.9.8.toml resulted in no matches
INFO - [♥] Applied 24 patches to 'main.lua'
INFO - [♥] Applied 2 patches to 'engine/string_packer.lua'
INFO - [♥] Applied 21 patches to 'engine/controller.lua'
INFO - [♥] Applied 15 patches to 'back.lua'
INFO - [♥] Applied 18 patches to 'tag.lua'
INFO - [♥] Applied 1 patch to 'engine/event.lua'
INFO - [♥] Applied 1 patch to 'engine/node.lua'
INFO - [♥] Applied 3 patches to 'engine/moveable.lua'
INFO - [♥] Applied 3 patches to 'engine/sprite.lua'
INFO - [♥] Applied 2 patches to 'engine/animatedsprite.lua'
WARN - [♥] Pattern 'assembled_string = assembled_string..(type(subpart) == \'string\' and subpart or args.vars[tonumber(subpart[1])] or \'ERROR\')' on target 'functions/misc_functions.lua' for pattern patch from Talisman\lovely.toml resulted in no matches
INFO - [♥] Applied 86 patches to 'functions/misc_functions.lua'
WARN - [♥] Pattern 'G.FUNCS.evaluate_play()' on target 'game.lua' for pattern patch from MoreFluff\lovely\onesliptoolate.toml resulted in no matches
WARN - [♥] Pattern 'if Big:new(G.GAME.chips) >= Big:new(G.GAME.blind.chips) or G.GAME.current_round.hands_left < 1 then' on target 'game.lua' for pattern patch from NotJustYet\lovely.toml resulted in no matches
WARN - [♥] Pattern 'if to_big(G.GAME.chips) >= to_big(G.GAME.blind.chips) or G.GAME.current_round.hands_left <= 0 then' on target 'game.lua' for pattern patch from NotJustYet\lovely.toml resulted in no matches
WARN - [♥] Pattern 'if #G.hand.cards < 1 and #G.deck.cards < 1 and #G.play.cards < 1 then' on target 'game.lua' for pattern patch from NotJustYet\lovely.toml resulted in no matches
WARN - [♥] Pattern 'if #G.hand.cards < 1 and #G.deck.cards < 1 then' on target 'game.lua' for pattern patch from NotJustYet\lovely.toml resulted in no matches
WARN - [♥] Pattern 'if G.GAME.chips - G.GAME.blind.chips >= 0 or G.GAME.current_round.hands_left < 1 then' on target 'game.lua' for pattern patch from Talisman\lovely.toml resulted in no matches
WARN - [♥] Regex 'card\\:start_materialize\\(\\)\\n\\s+G\\.shop_vouchers\\:emplace\\(card\\)\\n\\s+end' on target 'game.lua' for regex patch from Cryptid\lovely\Voucher.toml resulted in no matches
INFO - [♥] Applied 120 patches to 'game.lua'
INFO - [♥] Applied 3 patches to 'globals.lua'
WARN - [♥] Pattern 'self.config.chosen = true' on target 'engine/ui.lua' for pattern patch from Cartomancer\lovely\vanilla-ui.toml resulted in no matches
INFO - [♥] Applied 9 patches to 'engine/ui.lua'
WARN - [♥] Pattern '{n=G.UIT.T, config={text = G.GAME.hands[handname].chips, scale = 0.45, colour = G.C.UI.TEXT_LIGHT}},' on target 'functions/UI_definitions.lua' for pattern patch from Talisman\lovely.toml resulted in no matches
WARN - [♥] Pattern '{n=G.UIT.T, config={text = G.GAME.hands[handname].mult, scale = 0.45, colour = G.C.UI.TEXT_LIGHT}}' on target 'functions/UI_definitions.lua' for pattern patch from Talisman\lovely.toml resulted in no matches
INFO - [♥] Applied 160 patches to 'functions/UI_definitions.lua'
WARN - [♥] Pattern 'ease_to = G.GAME.chips + math.floor(hand_chips * mult) * (e and e.antiscore and -1 or 1),' on target 'functions/state_events.lua' for pattern patch from Cryptid\lovely\blind.toml resulted in no matches
WARN - [♥] Pattern 'if reps[j] ~= 1 then' on target 'functions/state_events.lua' for pattern patch from Cryptid\lovely\misc.toml resulted in no matches
WARN - [♥] Pattern 'if effects[ii].card then' on target 'functions/state_events.lua' for pattern patch from HandyBalatro\lovely\controls_animation_skip.toml resulted in no matches
WARN - [♥] Pattern 'if G.GAME.round_resets.blind == G.P_BLINDS.bl_small then\n  G.GAME.round_resets.blind_states.Small = \'Defeated\' ' on target 'functions/state_events.lua' for pattern patch from MoreFluff\lovely\superboss.toml resulted in no matches
WARN - [♥] Pattern 'if G.GAME.round_resets.ante == G.GAME.win_ante and G.GAME.blind:get_type() == \'Boss\' then\n  game_won = true\n  G.GAME.won = true\nend' on target 'functions/state_events.lua' for pattern patch from MoreFluff\lovely\superboss.toml resulted in no matches
WARN - [♥] Pattern 'G.FUNCS.draw_from_hand_to_discard()\nif G.GAME.blind:get_type() == \'Boss\' then' on target 'functions/state_events.lua' for pattern patch from MoreFluff\lovely\superboss.toml resulted in no matches
WARN - [♥] Pattern 'if effects[ii].card then' on target 'functions/state_events.lua' for pattern patch from Talisman\lovely.toml resulted in no matches
WARN - [♥] Pattern 'if effects.jokers.Xmult_mod then mult = mod_mult(mult*effects.jokers.Xmult_mod);extras.mult = true  end' on target 'functions/state_events.lua' for pattern patch from Talisman\lovely.toml resulted in no matches
WARN - [♥] Pattern 'if effect.Xmult_mod then mult = mod_mult(mult*effect.Xmult_mod);extras.mult = true  end' on target 'functions/state_events.lua' for pattern patch from Talisman\lovely.toml resulted in no matches
WARN - [♥] Pattern 'if effects[ii].message then' on target 'functions/state_events.lua' for pattern patch from Talisman\lovely.toml resulted in no matches
WARN - [♥] Pattern '--calculate the card edition effects' on target 'functions/state_events.lua' for pattern patch from Talisman\lovely.toml resulted in no matches
WARN - [♥] Pattern 'if effects[ii].edition.p_dollars_mod then' on target 'functions/state_events.lua' for pattern patch from Talisman\lovely.toml resulted in no matches
WARN - [♥] Pattern 'if edition_effects.jokers.x_mult_mod then' on target 'functions/state_events.lua' for pattern patch from Talisman\lovely.toml resulted in no matches
WARN - [♥] Pattern '\tfunc = (function() G.GAME.current_round.current_hand.handname = \'\';return true end)\n}))\ndelay(0.3)\n' on target 'functions/state_events.lua' for pattern patch from Talisman\lovely.toml resulted in no matches
WARN - [♥] Pattern 'if SMODS.has_enhancement(scoring_hand[i], \'m_glass\') and scoring_hand[i]:can_calculate() and pseudorandom(\'glass\') < G.GAME.probabilities.normal/(scoring_hand[i].ability.name == \'Glass Card\' and scoring_hand[i].ability.extra or G.P_CENTERS.m_glass.config.extra) then' on target 'functions/state_events.lua' for pattern patch from Cryptid\lovely\Probability.toml resulted in no matches
WARN - [♥] Regex '(?<indent>[\\t ]*)if destroyed then \\n' on target 'functions/state_events.lua' for regex patch from Cryptid\lovely\seal.toml resulted in no matches
INFO - [♥] Applied 108 patches to 'functions/state_events.lua'
WARN - [♥] Pattern 'func = (function() if eval_func(card) then if not first or first then card:juice_up(0.1, 0.1) end;juice_card_until(card, eval_func, nil, 0.8) end return true end)' on target 'functions/common_events.lua' for pattern patch from HandyBalatro\lovely\controls_animation_skip.toml resulted in no matches
WARN - [♥] Pattern 'func = (function() if eval_func(card) then if not first or first then card:juice_up(0.1, 0.1) end;juice_card_until(card, eval_func, nil, 0.8) end return true end)' on target 'functions/common_events.lua' for pattern patch from HandyBalatro\lovely\controls_animation_skip.toml resulted in no matches
WARN - [♥] Pattern '   end\n\n    if main_end then \n        desc_nodes[#desc_nodes+1] = main_end \n    end' on target 'functions/common_events.lua' for pattern patch from MoreFluff\lovely\complexitycreep.toml resulted in no matches
WARN - [♥] Pattern 'if num_dollars > 60 then' on target 'functions/common_events.lua' for pattern patch from Talisman\lovely.toml resulted in no matches
WARN - [♥] Pattern 'func = (function() card:juice_up(0.7);return true end)' on target 'functions/common_events.lua' for pattern patch from Talisman\lovely.toml resulted in no matches
WARN - [♥] Pattern 'if card then card:juice_up(0.8, 0.5) end' on target 'functions/common_events.lua' for pattern patch from Talisman\lovely.toml resulted in no matches
WARN - [♥] Pattern 'card:juice_up(0.6, 0.1)' on target 'functions/common_events.lua' for pattern patch from Talisman\lovely.toml resulted in no matches
WARN - [♥] Pattern 'func = (function() if eval_func(card) then if not first or first then card:juice_up(0.1, 0.1) end;juice_card_until(card, eval_func, nil, 0.8) end return true end)' on target 'functions/common_events.lua' for pattern patch from Talisman\lovely.toml resulted in no matches
WARN - [♥] Pattern 'func = (function() if eval_func(card) then if not first or first then card:juice_up(0.1, 0.1) end;juice_card_until(card, eval_func, nil, 0.8) end return true end)' on target 'functions/common_events.lua' for pattern patch from Talisman\lovely.toml resulted in no matches
WARN - [♥] Pattern 'if amt > 0 or amt < 0 then' on target 'functions/common_events.lua' for pattern patch from Talisman\lovely.toml resulted in no matches
WARN - [♥] Pattern 'if amt > 0 or amt < 0 then' on target 'functions/common_events.lua' for pattern patch from Talisman\lovely.toml resulted in no matches
INFO - [♥] Applied 207 patches to 'functions/common_events.lua'
WARN - [♥] Pattern 'if ((G.GAME.dollars-G.GAME.bankrupt_at) - 10 >= 0) and' on target 'functions/button_callbacks.lua' for pattern patch from Talisman\lovely.toml resulted in no matches
WARN - [♥] Pattern 'if #G.hand.highlighted <= 0 or G.GAME.blind.block_play or #G.hand.highlighted > 5 then' on target 'functions/button_callbacks.lua' for pattern patch from CardSleeves\lovely\expected_to_fail.toml resulted in no matches
INFO - [♥] Applied 95 patches to 'functions/button_callbacks.lua'
WARN - [♥] Pattern 'if self.ability.rental then self.cost = 1 end' on target 'card.lua' for pattern patch from MoreFluff\lovely\superboss.toml resulted in no matches
WARN - [♥] Pattern 'Xmult_mod = G.P_CENTERS.v_observatory.config.extra' on target 'card.lua' for pattern patch from Incantation\lovely.toml resulted in no matches
WARN - [♥] Pattern 'G.E_MANAGER:add_event(Event({func = (function() G.GAME.dollar_buffer = 0; return true end)}))' on target 'card.lua' for pattern patch from Talisman\lovely.toml resulted in no matches
WARN - [♥] Pattern 'if G.GAME.blind then G.E_MANAGER:add_event(Event({ func = function() G.GAME.blind:set_blind(nil, true, nil); return true end })) end' on target 'card.lua' for pattern patch from Talisman\lovely.toml resulted in no matches
WARN - [♥] Pattern 'x_mult = center.config.Xmult or 1,' on target 'card.lua' for pattern patch from Talisman\lovely.toml resulted in no matches
WARN - [♥] Pattern 'local currentBack = self.params.viewed_back and G.GAME.viewed_back or G.GAME.selected_back' on target 'card.lua' for pattern patch from Galdur\lovely.toml resulted in no matches
WARN - [♥] Regex 'self.params.viewed_back and G.GAME.viewed_back or G.GAME.selected_back' on target 'card.lua' for regex patch from CardSleeves\lovely\expected_to_fail.toml resulted in no matches
INFO - [♥] Applied 290 patches to 'card.lua'
INFO - [♥] Applied 34 patches to 'cardarea.lua'
INFO - [♥] Applied 46 patches to 'blind.lua'
INFO - [♥] Applied 2 patches to 'card_character.lua'
WARN - [♥] Pattern 'if self.strings[k].W > self.config.W then' on target 'engine/text.lua' for pattern patch from Talisman\lovely.toml resulted in no matches
WARN - [♥] Pattern 'local letter = self.strings[self.focused_string].letters[k]' on target 'engine/text.lua' for pattern patch from Talisman\lovely.toml resulted in no matches
INFO - [♥] Applied 6 patches to 'engine/text.lua'
WARN - [♥] Pattern 'if eff.retrigger_flag then SMODS.calculate_effect(eff, eff.card); j = j+1; _, eff = next(reps[j]) end' on target '=[SMODS _ "src/utils.lua"]' for pattern patch from Cryptid\lovely\misc.toml resulted in no matches
INFO - [♥] Applied 12 patches to '=[SMODS _ "src/utils.lua"]'
WARN - [♥] Pattern '    for _, v in ipairs(G.handlist) do\n\t\tif G.GAME.hands[v].visible then\n\t\t\ttable.insert(visible_hands, v)\n\t\tend\n\tend\n' on target '=[SMODS _ "src/overrides.lua"]' for pattern patch from Overflow\lovely\fixes.toml resulted in no matches
WARN - [♥] Pattern 'for _, v in ipairs(G.handlist) do
WARN - [♥] ' on target '=[SMODS _ "src/overrides.lua"]' for pattern patch from Overflow\lovely\fixes.toml resulted in 5 matches, wanted 4
WARN - [♥] Ignoring excess matches
WARN - [♥] Pattern 'card_limit = #SUITS[suit_map[j]],' on target '=[SMODS _ "src/overrides.lua"]' for pattern patch from Cartomancer\lovely\stackable-deck-steamodded.toml resulted in no matches
WARN - [♥] Pattern 'card_limit = #SUITS[visible_suit[j]],' on target '=[SMODS _ "src/overrides.lua"]' for pattern patch from Cartomancer\lovely\stackable-deck-steamodded.toml resulted in no matches
WARN - [♥] Regex '\t\t\tfor i = 1\\, \\#SUITS\\[suit_map\\[j\\]\\] do\n\t\t\t\tif SUITS\\[suit_map\\[j\\]\\]\\[i\\] then\n\t\t\t\t\tlocal greyed\\, _scale = nil\\, 0\\.7\n\t\t\t\t\tif unplayed_only and not \\(\\(SUITS\\[suit_map\\[j\\]\\]\\[i\\]\\.area and SUITS\\[suit_map\\[j\\]\\]\\[i\\]\\.area == G\\.deck\\) or SUITS\\[suit_map\\[j\\]\\]\\[i\\]\\.ability\\.wheel_flipped\\) then\n\t\t\t\t\t\tgreyed = true\n\t\t\t\t\tend\n\t\t\t\t\tlocal copy = copy_card\\(SUITS\\[suit_map\\[j\\]\\]\\[i\\]\\, nil\\, _scale[^\\)\\n]*\\)\n\t\t\t\t\tcopy\\.greyed = greyed\n\t\t\t\t\tcopy\\.T\\.x = view_deck\\.T\\.x \\+ view_deck\\.T\\.w \\/ 2\n\t\t\t\t\tcopy\\.T\\.y = view_deck\\.T\\.y\n\n\t\t\t\t\tcopy:hard_set_T\\(\\)\n\t\t\t\t\tview_deck:emplace\\(copy\\)\n\t\t\t\tend\n\t\t\tend' on target '=[SMODS _ "src/overrides.lua"]' for regex patch from Cartomancer\lovely\stackable-deck-steamodded.toml resulted in no matches
INFO - [♥] Applied 15 patches to '=[SMODS _ "src/overrides.lua"]'
INFO - [♥] Applied 3 patches to '=[SMODS _ "src/game_object.lua"]'
INFO - [G] Failed to connect to the debug server 
INFO - [G] 2025-08-29 19:45:59 :: DEBUG :: DebugConsole :: Steamodded Debug Socket started ! 
INFO - [G] 2025-08-29 19:45:59 :: INFO  :: SMODS :: Steamodded v1.0.0~BETA-0711a 
INFO - [G] Order not set for config dictionary: misc_quick_restart 
INFO - [G] Order not set for config dictionary: speed_multiplier_default_value 
INFO - [G] Order not set for config dictionary: misc_save_run 
INFO - [G] Order not set for config dictionary: animation_skip_default_value 
INFO - [G] [Blueprint] Starting to load config 
INFO - [G] [Blueprint] Reading config file:  
INFO - [G] [Blueprint] return {
	["INTERNAL_debug"] = false,
	["hello"] = true,
	["brainstorm"] = true,
	["blueprint"] = true,
} 
INFO - [G] [Blueprint] Removing setting `hello` because it is not in default config 
INFO - [♥] Applied 3 patches to 'engine/save_manager.lua'
INFO - [♥] Applied 9 patches to 'engine/sound_manager.lua'
INFO - [♥] Applied 2 patches to 'engine/string_packer.lua'
INFO - [G] Loaded all Blueprint mod shaders successfully 
INFO - [♥] Applied 4 patches to '=[SMODS _ "src/card_draw.lua"]'
INFO - [G] 2025-08-29 19:46:03 :: ERROR :: Loader :: Found invalid metadata JSON file at C:\Users\easto\AppData\Roaming\Balatro\Mods/Aikoyori'sShenanigans/.luarc.json, ignoring: [SMODS _ "src/loader.lua"]:226: id 
INFO - [G] 2025-08-29 19:46:03 :: ERROR :: Loader :: Found invalid metadata JSON file at C:\Users\easto\AppData\Roaming\Balatro\Mods/Aikoyori'sShenanigans/.vscode/settings.json, ignoring: [SMODS _ "src/loader.lua"]:226: id 
INFO - [G] 2025-08-29 19:46:03 :: INFO  :: Loader :: Valid JSON file found 
INFO - [G] 2025-08-29 19:46:03 :: TRACE :: Loader :: Processing Mod file (Legacy header): Aurinko.lua 
INFO - [G] 2025-08-29 19:46:03 :: TRACE :: Loader :: Saving Mod Info: aurinko 
INFO - [G] 2025-08-29 19:46:03 :: TRACE :: Loader :: Processing Mod file (Legacy header): BetterMouseAndGamepad.lua 
INFO - [G] 2025-08-29 19:46:03 :: TRACE :: Loader :: Saving Mod Info: BetterMouseAndGamepad 
INFO - [G] 2025-08-29 19:46:03 :: INFO  :: Loader :: Valid JSON file found 
INFO - [G] 2025-08-29 19:46:03 :: TRACE :: Loader :: Processing Mod file (Legacy header): steamodded_compat.lua 
INFO - [G] 2025-08-29 19:46:03 :: TRACE :: Loader :: Saving Mod Info: Brainstorm 
INFO - [G] 2025-08-29 19:46:03 :: INFO  :: Loader :: Valid JSON file found 
INFO - [G] 2025-08-29 19:46:03 :: TRACE :: Loader :: Processing Mod file (Legacy header): mod.lua 
INFO - [G] 2025-08-29 19:46:03 :: TRACE :: Loader :: Saving Mod Info: cartomancer 
INFO - [G] 2025-08-29 19:46:03 :: INFO  :: Loader :: Valid JSON file found 
INFO - [G] 2025-08-29 19:46:03 :: INFO  :: Loader :: Valid JSON file found 
INFO - [G] 2025-08-29 19:46:03 :: INFO  :: Loader :: Valid JSON file found 
INFO - [G] 2025-08-29 19:46:03 :: INFO  :: Loader :: Valid JSON file found 
INFO - [G] 2025-08-29 19:46:03 :: INFO  :: Loader :: Valid JSON file found 
INFO - [G] 2025-08-29 19:46:03 :: INFO  :: Loader :: Valid JSON file found 
INFO - [G] 2025-08-29 19:46:03 :: INFO  :: Loader :: Valid JSON file found 
INFO - [G] 2025-08-29 19:46:03 :: INFO  :: Loader :: Valid JSON file found 
INFO - [G] 2025-08-29 19:46:03 :: TRACE :: Loader :: Processing Mod file (Legacy header): steamodded.lua 
INFO - [G] 2025-08-29 19:46:03 :: WARN  :: Loader :: Duplicate Mod ID: Handy 
INFO - [G] 2025-08-29 19:46:03 :: INFO  :: Loader :: Valid JSON file found 
INFO - [G] 2025-08-29 19:46:03 :: INFO  :: Loader :: Valid JSON file found 
INFO - [G] 2025-08-29 19:46:03 :: TRACE :: Loader :: Processing Mod file (Legacy header): JenLib.lua 
INFO - [G] 2025-08-29 19:46:03 :: TRACE :: Loader :: Saving Mod Info: JenLib 
INFO - [G] 2025-08-29 19:46:03 :: INFO  :: Loader :: Valid JSON file found 
INFO - [G] 2025-08-29 19:46:03 :: INFO  :: Loader :: Valid JSON file found 
INFO - [G] 2025-08-29 19:46:03 :: TRACE :: Loader :: Processing Mod file (Legacy header): LocalPoolFix.lua 
INFO - [G] 2025-08-29 19:46:03 :: TRACE :: Loader :: Saving Mod Info: jen_localpoolfix 
INFO - [G] 2025-08-29 19:46:03 :: TRACE :: Loader :: Processing Mod file (Legacy header): Loop.lua 
INFO - [G] 2025-08-29 19:46:03 :: TRACE :: Loader :: Saving Mod Info: loop 
INFO - [G] 2025-08-29 19:46:03 :: INFO  :: Loader :: Valid JSON file found 
INFO - [G] 2025-08-29 19:46:03 :: INFO  :: Loader :: Valid JSON file found 
INFO - [G] 2025-08-29 19:46:03 :: INFO  :: Loader :: Valid JSON file found 
INFO - [G] 2025-08-29 19:46:03 :: TRACE :: Loader :: Processing Mod file (Legacy header): MoreJokerPacks.lua 
INFO - [G] 2025-08-29 19:46:03 :: TRACE :: Loader :: Saving Mod Info: MoreJokerPacks 
INFO - [G] 2025-08-29 19:46:03 :: TRACE :: Loader :: Processing Mod file (Legacy header): Nopeus.lua 
INFO - [G] 2025-08-29 19:46:03 :: TRACE :: Loader :: Saving Mod Info: nopeus 
INFO - [G] 2025-08-29 19:46:03 :: TRACE :: Loader :: Processing Mod file (Legacy header): main.lua 
INFO - [G] 2025-08-29 19:46:03 :: TRACE :: Loader :: Saving Mod Info: NotJustYet 
INFO - [G] 2025-08-29 19:46:03 :: INFO  :: Loader :: Valid JSON file found 
INFO - [G] 2025-08-29 19:46:03 :: TRACE :: Loader :: Processing Mod file (Legacy header): PreorderCards.lua 
INFO - [G] 2025-08-29 19:46:03 :: TRACE :: Loader :: Saving Mod Info: preorder_cards 
INFO - [G] 2025-08-29 19:46:03 :: INFO  :: Loader :: Valid JSON file found 
INFO - [G] 2025-08-29 19:46:03 :: INFO  :: Loader :: Valid JSON file found 
INFO - [G] 2025-08-29 19:46:03 :: ERROR :: Loader :: Found invalid metadata JSON file at C:\Users\easto\AppData\Roaming\Balatro\Mods/StickyFingers/.vscode/settings.json, ignoring: [SMODS _ "src/loader.lua"]:226: id 
INFO - [G] 2025-08-29 19:46:03 :: INFO  :: Loader :: Valid JSON file found 
INFO - [G] 2025-08-29 19:46:03 :: INFO  :: Loader :: Valid JSON file found 
INFO - [G] 2025-08-29 19:46:03 :: TRACE :: Loader :: Processing Mod file (Legacy header): steamodded_metadata.lua 
INFO - [G] 2025-08-29 19:46:03 :: TRACE :: Loader :: Saving Mod Info: Talisman 
INFO - [G] 2025-08-29 19:46:03 :: TRACE :: Loader :: Processing Mod file (Legacy header): IOSAdaptation.lua 
INFO - [G] 2025-08-29 19:46:03 :: TRACE :: Loader :: Saving Mod Info: IOSAdaptation 
INFO - [G] 2025-08-29 19:46:03 :: TRACE :: Loader :: Processing Mod file (Legacy header): UltraHand.lua 
INFO - [G] 2025-08-29 19:46:03 :: TRACE :: Loader :: Saving Mod Info: UltraHand 
INFO - [G] 2025-08-29 19:46:03 :: INFO  :: Loader :: Valid JSON file found 
INFO - [G] 2025-08-29 19:46:03 :: TRACE :: Loader :: Processing Mod file (Legacy header): Extras.lua 
INFO - [G] 2025-08-29 19:46:03 :: TRACE :: Loader :: Saving Mod Info: BalatroDarkMode 
INFO - [G] 2025-08-29 19:46:03 :: TRACE :: Loader :: Processing Mod file (Legacy header): main.lua 
INFO - [G] 2025-08-29 19:46:03 :: TRACE :: Loader :: Saving Mod Info: darktextures 
INFO - [G] 2025-08-29 19:46:03 :: TRACE :: Loader :: Processing Mod file (Legacy header): multipack.lua 
INFO - [G] 2025-08-29 19:46:03 :: TRACE :: Loader :: Saving Mod Info: Multipack 
INFO - [G] 2025-08-29 19:46:03 :: TRACE :: Loader :: Mod malverk was unable to load:  
WARN - [♥] Pattern 'if JokerDisplay.config.enabled and G.jokers and self.area == G.jokers then' on target '=[SMODS JokerDisplay "src/display_functions.lua"]' for pattern patch from MoreFluff\lovely\colour_joker_display.toml resulted in no matches
INFO - [♥] Applied 2 patches to '=[SMODS JokerDisplay "src/display_functions.lua"]'
INFO - [♥] Applied 1 patch to '=[SMODS JokerDisplay "src/config_tab.lua"]'
INFO - [G] 2025-08-29 19:46:03 :: TRACE :: Loader :: Mod YGGDRASIL was unable to load:  
INFO - [G] 2025-08-29 19:46:04 :: INFO  :: CardSleeves :: CardSleeves v1.8.0 loaded~! 
INFO - [G] 2025-08-29 19:46:04 :: TRACE :: Loader :: Mod BalatroDarkMode was unable to load:  
INFO - [G] 2025-08-29 19:46:04 :: TRACE :: Loader :: Mod CryptidMoreMarioJokers was unable to load:  
INFO - [G] 2025-08-29 19:46:04 :: DEBUG :: DefaultLogger :: IOS Adaptation! 
INFO - [G] basepaul_card 
INFO - [G] blahaj 
INFO - [G] clownfish 
INFO - [G] expansion_pack 
INFO - [G] hollow 
INFO - [G] jackofalltrades 
INFO - [G] jester 
INFO - [G] lollipop 
INFO - [G] luckycharm 
INFO - [G] mspaint 
INFO - [G] philosophical 
INFO - [G] simplified 
INFO - [G] spiral 
INFO - [G] treasuremap 
INFO - [G] unregisteredhypercam 
INFO - [G] dropkick 
INFO - [G] bladedance 
INFO - [G] hyperbeam 
INFO - [G] blasphemy 
INFO - [G] dramaticentrance 
INFO - [G] badlegaldefence 
INFO - [G] blunder 
INFO - [G] brilliant 
INFO - [G] broomcloset 
INFO - [G] clipart 
INFO - [G] coupon_catalogue 
INFO - [G] css 
INFO - [G] cueball 
INFO - [G] flintandsteel 
INFO - [G] gemstonejoker 
INFO - [G] globe 
INFO - [G] goldencarrot 
INFO - [G] hallofmirrors 
INFO - [G] impostor 
INFO - [G] farmmerge 
INFO - [G] friendinsideme 
INFO - [G] junkmail 
INFO - [G] onesliptoolate 
INFO - [G] tonersoup 
INFO - [G] unpleasantcard 
INFO - [G] lightningstrikesthrice 
INFO - [G] loadeddisk 
INFO - [G] missingjoker 
INFO - [G] paintcan 
INFO - [G] rot_cartomancer 
INFO - [G] sapling 
INFO - [G] snake 
INFO - [G] slotmachine 
INFO - [G] stylemeter 
INFO - [G] stonejokerjoker 
INFO - [G] sudoku 
INFO - [G] talljoker 
INFO - [G] teacup 
INFO - [G] tealjoker 
INFO - [G] thewayhome 
INFO - [G] recycling 
INFO - [G] virtual 
INFO - [G] wilddrawfour 
INFO - [G] yuckyrat 
INFO - [G] allicantdo 
INFO - [G] bloodpact 
INFO - [G] bookmove 
INFO - [G] brass 
INFO - [G] bowlingball 
INFO - [G] cba 
INFO - [G] complexitycreep 
INFO - [G] fleshprison 
INFO - [G] hugejoker 
INFO - [G] hyperjimbo 
INFO - [G] jankman 
INFO - [G] mashupalbum 
INFO - [G] pixeljoker 
INFO - [G] rainbowjoker 
INFO - [G] rosetinted 
INFO - [G] the_solo 
INFO - [G] top10 
INFO - [G] widejoker 
INFO - [G] triangle 
INFO - [G] marigold 
INFO - [G] lessfluff 
INFO - [G] oopsallfives 
INFO - [G] 2025-08-29 19:46:04 :: TRACE :: Loader :: Mod darktextures was unable to load: Missing Dependencies: 1: malverk

 
INFO - [G] 2025-08-29 19:46:04 :: TRACE :: Loader :: Mod sdm0sstuff was unable to load:  
INFO - [G] 2025-08-29 19:46:04 :: WARN  :: Atlas :: Detected duplicate register call on object njy_modicon 
INFO - [G] 2025-08-29 19:46:04 :: TRACE :: Loader :: Mod extracredit was unable to load:  
INFO - [G] 2025-08-29 19:46:04 :: WARN  :: Atlas :: Detected duplicate register call on object ovrf_modicon 
INFO - [G] [CRYPTID] Loading library file ascended.lua 
INFO - [G] [CRYPTID] Loading library file calculate.lua 
INFO - [G] [CRYPTID] Loading library file content.lua 
INFO - [G] [CRYPTID] Loading library file cross-mod.lua 
INFO - [G] Table:
colour: Table:
  1: 0.65490196078431
  2: 0.50980392156863
  3: 0.81960784313725
  4: 1

voucher_key: v_cry_tacclimator
localization_key: b_tarot_rate
ref_value: tarot
 
INFO - [G] Table:
colour: Table:
  1: 0.074509803921569
  2: 0.68627450980392
  3: 0.8078431372549
  4: 1

voucher_key: v_cry_pacclimator
localization_key: b_planet_rate
ref_value: planet
 
INFO - [G] [CRYPTID] Loading library file d20.lua 
INFO - [G] [CRYPTID] Loading library file event.lua 
INFO - [G] [CRYPTID] Loading library file forcetrigger.lua 
INFO - [G] [CRYPTID] Loading library file gameset.lua 
INFO - [G] [CRYPTID] Loading library file https.lua 
INFO - [G] 2025-08-29 19:46:04 :: DEBUG :: SMODS.https :: Using https module backend 
INFO - [G] [CRYPTID] Loading library file misc.lua 
INFO - [G] [CRYPTID] Loading library file misprintize.lua 
INFO - [G] [CRYPTID] Loading library file modifiers.lua 
INFO - [G] 2025-08-29 19:46:04 :: WARN  :: Sticker :: Detected duplicate register call on object perishable 
INFO - [G] 2025-08-29 19:46:04 :: WARN  :: Sticker :: Detected duplicate register call on object pinned 
INFO - [G] 2025-08-29 19:46:04 :: WARN  :: Sticker :: Detected duplicate register call on object eternal 
INFO - [G] 2025-08-29 19:46:04 :: WARN  :: Sticker :: Detected duplicate register call on object rental 
INFO - [G] [CRYPTID] Loading library file notifications.lua 
INFO - [G] [CRYPTID] Loading library file overrides.lua 
INFO - [G] [CRYPTID] Loading library file pointerlib.lua 
INFO - [G] [CRYPTID] Loading library file ui.lua 
INFO - [G] [CRYPTID] Loading file achievement.lua 
INFO - [G] [CRYPTID] Loading file blind.lua 
INFO - [G] [CRYPTID] Loading file challenge.lua 
INFO - [G] [CRYPTID] Loading file code.lua 
INFO - [G] [CRYPTID] Loading file deck.lua 
INFO - [G] [CRYPTID] Loading file enhanced.lua 
INFO - [G] [CRYPTID] Loading file epic.lua 
INFO - [G] [CRYPTID] Loading file exotic.lua 
INFO - [G] [CRYPTID] Loading file joker_display.lua 
INFO - [G] [CRYPTID] Loading file m.lua 
INFO - [G] [CRYPTID] Loading file misc.lua 
INFO - [G] [CRYPTID] Loading file misc_joker.lua 
INFO - [G] [CRYPTID] Loading file planet.lua 
INFO - [G] [CRYPTID] Loading file pointer.lua 
INFO - [G] [CRYPTID] Loading file sleeve.lua 
INFO - [G] [CRYPTID] Loading file spectral.lua 
INFO - [G] [CRYPTID] Loading file spooky.lua 
INFO - [G] [CRYPTID] Loading file stake.lua 
INFO - [G] [CRYPTID] Loading file tag.lua 
INFO - [G] [CRYPTID] Loading file test.lua 
INFO - [G] [CRYPTID] Loading file voucher.lua 
INFO - [G] [CRYPTID] Loading file colours.lua from MoreFluff 
INFO - [G] [CRYPTID] Loading file farmmergecivilisation.lua from MoreFluff 
INFO - [G] 2025-08-29 19:46:04 :: WARN  :: Atlas :: Object cry_effarcire has the same key as an existing object, not registering. 
INFO - [G] 2025-08-29 19:46:04 :: WARN  :: Atlas :: If you want to modify an existing object, use take_ownership() 
INFO - [G] 2025-08-29 19:46:04 :: TRACE :: Loader :: Mod aikoyorisshenanigans was unable to load:  
INFO - [G] 2025-08-29 19:46:04 :: TRACE :: Loader :: Mod kino was unable to load:  
INFO - [G] 2025-08-29 19:46:04 :: TRACE :: Loader :: Mod eramdam.sticky-fingers was unable to load:  
INFO - [G] 2025-08-29 19:46:04 :: TRACE :: Loader :: Mod LostEdition was unable to load:  
INFO - [G] 2025-08-29 19:46:04 :: TRACE :: Loader :: Mod SuitOrder was unable to load:  
INFO - [G] 2025-08-29 19:46:04 :: TRACE :: Loader :: Mod cryptposting was unable to load:  
INFO - [G] 2025-08-29 19:46:04 :: TRACE :: Loader :: Mod jen was unable to load: Missing Dependencies: 1: nopeus (>=2.2.5)
2: Cryptid (==0.5.5a~dev2)

 
INFO - [G] 2025-08-29 19:46:04 :: INFO  :: TIMER :: [0000] Injected Fonts in 0.010 ms 
INFO - [G] 2025-08-29 19:46:04 :: INFO  :: TIMER :: [0000] Injected Language in 0.004 ms 
INFO - [G] 2025-08-29 19:46:04 :: INFO  :: TIMER :: [0000] Injected [INTERNAL] in 3.024 ms 
INFO - [G] 2025-08-29 19:46:07 :: INFO  :: TIMER :: [0082] Injected Atlas in 3270.359 ms 
INFO - [G] 2025-08-29 19:46:07 :: INFO  :: TIMER :: [0041] Injected Sound in 194.462 ms 
INFO - [G] 2025-08-29 19:46:07 :: INFO  :: TIMER :: [0032] Injected Stake in 1.690 ms 
INFO - [G] 2025-08-29 19:46:07 :: INFO  :: TIMER :: [0009] Injected Rarity in 0.123 ms 
INFO - [G] 2025-08-29 19:46:07 :: INFO  :: TIMER :: [0011] Injected ObjectType in 0.373 ms 
INFO - [G] 2025-08-29 19:46:07 :: INFO  :: TIMER :: [0624] Injected Center in 9.275 ms 
INFO - [G] 2025-08-29 19:46:07 :: INFO  :: TIMER :: [0010] Injected Undiscovered Sprite in 0.084 ms 
INFO - [G] 2025-08-29 19:46:07 :: INFO  :: TIMER :: [0050] Injected Blind in 0.287 ms 
INFO - [G] 2025-08-29 19:46:07 :: INFO  :: TIMER :: [0006] Injected Seal in 0.537 ms 
INFO - [G] 2025-08-29 19:46:07 :: INFO  :: TIMER :: [0004] Injected Suit in 0.370 ms 
INFO - [G] 2025-08-29 19:46:07 :: INFO  :: TIMER :: [0013] Injected Rank in 0.239 ms 
INFO - [G] 2025-08-29 19:46:07 :: INFO  :: TIMER :: [0028] Injected DeckSkin in 0.493 ms 
INFO - [G] 2025-08-29 19:46:07 :: INFO  :: TIMER :: [0020] Injected PokerHand in 0.705 ms 
INFO - [G] 2025-08-29 19:46:07 :: INFO  :: TIMER :: [0032] Injected Challenge in 0.356 ms 
INFO - [G] 2025-08-29 19:46:07 :: INFO  :: TIMER :: [0034] Injected Tag in 0.405 ms 
INFO - [G] 2025-08-29 19:46:07 :: INFO  :: TIMER :: [0011] Injected Sticker in 0.434 ms 
INFO - [G] 2025-08-29 19:46:08 :: INFO  :: TIMER :: [0012] Injected Shader in 616.371 ms 
INFO - [G] 2025-08-29 19:46:08 :: INFO  :: TIMER :: [0002] Injected Keybind in 0.041 ms 
INFO - [G] 2025-08-29 19:46:08 :: INFO  :: TIMER :: [0028] Injected Achievement in 0.420 ms 
INFO - [G] 2025-08-29 19:46:08 :: INFO  :: TIMER :: [0002] Injected nil in 0.040 ms 
INFO - [G] 2025-08-29 19:46:08 :: INFO  :: TIMER :: [0026] Injected Draw Step in 0.465 ms 
INFO - [G] 2025-08-29 19:46:08 :: INFO  :: TIMER :: [0000] Injected [INTERNAL] in 58.938 ms 
INFO - [G] 2025-08-29 19:46:08 :: INFO  :: TIMER :: [0010] Injected Other in 0.046 ms 
INFO - [G] Warning: Circular dependency with set_cry_misc_joker 
INFO - [G] Warning: Circular dependency with j_cry_pizza_slice 
INFO - [G] Warning: Circular dependency with set_cry_misc_joker 
INFO - [G] Warning: Circular dependency with j_cry_pizza 
INFO - [G] [DebugPlus] Press [/] to toggle console and press [shift] + [/] to toggle new log previews 
INFO - [♥] Applied 0 patches to '=[SMODS _ "smods-https-thread.lua"]'
INFO - [G] 2025-08-29 19:46:14 :: DEBUG :: SMODS.https(1) :: Using https module backend 
INFO - [G] Failed to add X2 mult - ability: nil, extra: nil, Xmult: nil 
INFO - [G] Unseen Explosion: joker_main context detected 
INFO - [G] Total jokers: 3 
INFO - [G] This joker index: not found 
INFO - [G] This joker key: j_soda_unseen_explosion 
INFO - [G] This joker name: no name 
INFO - [G] Leftmost joker: Joker 
INFO - [G] Right joker: none 
INFO - [G] Results collected: 1 
INFO - [G] Joker 1: no key - Joker 
INFO - [G] Joker 2: no key - j_soda_unseen_explosion 
INFO - [G] Joker 3: no key - Joker Stencil 
INFO - [G] Result 1: +4 Mult 
INFO - [G] Failed to add X2 mult - ability: nil, extra: nil, Xmult: nil 
INFO - [G] Unseen Explosion: joker_main context detected 
INFO - [G] Total jokers: 3 
INFO - [G] This joker index: not found 
INFO - [G] This joker key: j_soda_unseen_explosion 
INFO - [G] This joker name: no name 
INFO - [G] Leftmost joker: Joker 
INFO - [G] Right joker: none 
INFO - [G] Results collected: 1 
INFO - [G] Joker 1: no key - Joker 
INFO - [G] Joker 2: no key - j_soda_unseen_explosion 
INFO - [G] Joker 3: no key - Joker Stencil 
INFO - [G] Result 1: +4 Mult 
INFO - [G] Failed to add X2 mult - ability: nil, extra: nil, Xmult: nil 
INFO - [G] Unseen Explosion: joker_main context detected 
INFO - [G] Total jokers: 3 
INFO - [G] This joker index: not found 
INFO - [G] This joker key: j_soda_unseen_explosion 
INFO - [G] This joker name: no name 
INFO - [G] Leftmost joker: Joker 
INFO - [G] Right joker: none 
INFO - [G] Results collected: 1 
INFO - [G] Joker 1: no key - Joker 
INFO - [G] Joker 2: no key - j_soda_unseen_explosion 
INFO - [G] Joker 3: no key - Joker Stencil 
INFO - [G] Result 1: +4 Mult 
INFO - [♥] Applied 0 patches to '=[SMODS _ "smods-https-thread.lua"]'
INFO - [G] 2025-08-29 19:47:14 :: DEBUG :: SMODS.https(2) :: Using https module backend 
INFO - [♥] Applied 0 patches to '=[SMODS _ "smods-https-thread.lua"]'
INFO - [G] 2025-08-29 19:48:17 :: DEBUG :: SMODS.https(3) :: Using https module backend 
INFO - [♥] Applied 0 patches to '=[SMODS _ "smods-https-thread.lua"]'
INFO - [G] 2025-08-29 19:49:19 :: DEBUG :: SMODS.https(4) :: Using https module backend 
